CRITICAL - 2024-10-17 07:05:39 --> Error: Class "App\Controllers\PurchaseHistoryModel" not found
in APPPATH\Controllers\HistoryController.php on line 12.
 1 SYSTEMPATH\CodeIgniter.php(943): App\Controllers\HistoryController->combinedHistory()
 2 SYSTEMPATH\CodeIgniter.php(503): CodeIgniter\CodeIgniter->runController(Object(App\Controllers\HistoryController))
 3 SYSTEMPATH\CodeIgniter.php(361): CodeIgniter\CodeIgniter->handleRequest(null, Object(Config\Cache), false)
 4 FCPATH\index.php(79): CodeIgniter\CodeIgniter->run()
 5 SYSTEMPATH\Commands\Server\rewrite.php(47): require_once('C:\\laragon\\www\\cappppp-main\\public\\index.php')
CRITICAL - 2024-10-17 07:07:31 --> ErrorException: Cannot use App\Models\RentingModel as RentingModel because the name is already in use
in APPPATH\Controllers\HistoryController.php on line 6.
 1 [internal function]: CodeIgniter\Debug\Exceptions->shutdownHandler()
CRITICAL - 2024-10-17 07:07:32 --> ErrorException: Cannot use App\Models\RentingModel as RentingModel because the name is already in use
in APPPATH\Controllers\HistoryController.php on line 6.
 1 [internal function]: CodeIgniter\Debug\Exceptions->shutdownHandler()
CRITICAL - 2024-10-17 07:07:58 --> Error: Call to undefined method App\Controllers\HistoryController::calculateRentalStatus()
in APPPATH\Controllers\HistoryController.php on line 21.
 1 SYSTEMPATH\CodeIgniter.php(943): App\Controllers\HistoryController->combinedHistory()
 2 SYSTEMPATH\CodeIgniter.php(503): CodeIgniter\CodeIgniter->runController(Object(App\Controllers\HistoryController))
 3 SYSTEMPATH\CodeIgniter.php(361): CodeIgniter\CodeIgniter->handleRequest(null, Object(Config\Cache), false)
 4 FCPATH\index.php(79): CodeIgniter\CodeIgniter->run()
 5 SYSTEMPATH\Commands\Server\rewrite.php(47): require_once('C:\\laragon\\www\\cappppp-main\\public\\index.php')
