CRITICAL - 2024-09-28 00:48:36 --> ErrorException: Undefined variable $car
in APPPATH\Controllers\CarController.php on line 78.
 1 APPPATH\Controllers\CarController.php(78): CodeIgniter\Debug\Exceptions->errorHandler(2, 'Undefined variable $car', 'C:\\laragon\\www\\cappppp\\app\\Controllers\\CarController.php', 78)
 2 SYSTEMPATH\CodeIgniter.php(943): App\Controllers\CarController->updateCar()
 3 SYSTEMPATH\CodeIgniter.php(503): CodeIgniter\CodeIgniter->runController(Object(App\Controllers\CarController))
 4 SYSTEMPATH\CodeIgniter.php(361): CodeIgniter\CodeIgniter->handleRequest(null, Object(Config\Cache), false)
 5 FCPATH\index.php(79): CodeIgniter\CodeIgniter->run()
 6 SYSTEMPATH\Commands\Server\rewrite.php(47): require_once('C:\\laragon\\www\\cappppp\\public\\index.php')
CRITICAL - 2024-09-28 00:49:03 --> ErrorException: unlink(uploads/): Is a directory
in APPPATH\Controllers\CarController.php on line 114.
 1 [internal function]: CodeIgniter\Debug\Exceptions->errorHandler(2, 'unlink(uploads/): Is a directory', 'C:\\laragon\\www\\cappppp\\app\\Controllers\\CarController.php', 114)
 2 APPPATH\Controllers\CarController.php(114): unlink('uploads/')
 3 SYSTEMPATH\CodeIgniter.php(943): App\Controllers\CarController->updateCar()
 4 SYSTEMPATH\CodeIgniter.php(503): CodeIgniter\CodeIgniter->runController(Object(App\Controllers\CarController))
 5 SYSTEMPATH\CodeIgniter.php(361): CodeIgniter\CodeIgniter->handleRequest(null, Object(Config\Cache), false)
 6 FCPATH\index.php(79): CodeIgniter\CodeIgniter->run()
 7 SYSTEMPATH\Commands\Server\rewrite.php(47): require_once('C:\\laragon\\www\\cappppp\\public\\index.php')
CRITICAL - 2024-09-28 00:50:44 --> ErrorException: unlink(uploads/): Is a directory
in APPPATH\Controllers\CarController.php on line 114.
 1 [internal function]: CodeIgniter\Debug\Exceptions->errorHandler(2, 'unlink(uploads/): Is a directory', 'C:\\laragon\\www\\cappppp\\app\\Controllers\\CarController.php', 114)
 2 APPPATH\Controllers\CarController.php(114): unlink('uploads/')
 3 SYSTEMPATH\CodeIgniter.php(943): App\Controllers\CarController->updateCar()
 4 SYSTEMPATH\CodeIgniter.php(503): CodeIgniter\CodeIgniter->runController(Object(App\Controllers\CarController))
 5 SYSTEMPATH\CodeIgniter.php(361): CodeIgniter\CodeIgniter->handleRequest(null, Object(Config\Cache), false)
 6 FCPATH\index.php(79): CodeIgniter\CodeIgniter->run()
 7 SYSTEMPATH\Commands\Server\rewrite.php(47): require_once('C:\\laragon\\www\\cappppp\\public\\index.php')
CRITICAL - 2024-09-28 00:51:45 --> ErrorException: unlink(uploads/): Is a directory
in APPPATH\Controllers\CarController.php on line 114.
 1 [internal function]: CodeIgniter\Debug\Exceptions->errorHandler(2, 'unlink(uploads/): Is a directory', 'C:\\laragon\\www\\cappppp\\app\\Controllers\\CarController.php', 114)
 2 APPPATH\Controllers\CarController.php(114): unlink('uploads/')
 3 SYSTEMPATH\CodeIgniter.php(943): App\Controllers\CarController->updateCar()
 4 SYSTEMPATH\CodeIgniter.php(503): CodeIgniter\CodeIgniter->runController(Object(App\Controllers\CarController))
 5 SYSTEMPATH\CodeIgniter.php(361): CodeIgniter\CodeIgniter->handleRequest(null, Object(Config\Cache), false)
 6 FCPATH\index.php(79): CodeIgniter\CodeIgniter->run()
 7 SYSTEMPATH\Commands\Server\rewrite.php(47): require_once('C:\\laragon\\www\\cappppp\\public\\index.php')
CRITICAL - 2024-09-28 00:54:05 --> ErrorException: unlink(uploads/): Is a directory
in APPPATH\Controllers\CarController.php on line 114.
 1 [internal function]: CodeIgniter\Debug\Exceptions->errorHandler(2, 'unlink(uploads/): Is a directory', 'C:\\laragon\\www\\cappppp\\app\\Controllers\\CarController.php', 114)
 2 APPPATH\Controllers\CarController.php(114): unlink('uploads/')
 3 SYSTEMPATH\CodeIgniter.php(943): App\Controllers\CarController->updateCar()
 4 SYSTEMPATH\CodeIgniter.php(503): CodeIgniter\CodeIgniter->runController(Object(App\Controllers\CarController))
 5 SYSTEMPATH\CodeIgniter.php(361): CodeIgniter\CodeIgniter->handleRequest(null, Object(Config\Cache), false)
 6 FCPATH\index.php(79): CodeIgniter\CodeIgniter->run()
 7 SYSTEMPATH\Commands\Server\rewrite.php(47): require_once('C:\\laragon\\www\\cappppp\\public\\index.php')
CRITICAL - 2024-09-28 02:13:47 --> CodeIgniter\View\Exceptions\ViewException: Invalid file: "image_view.php"
in SYSTEMPATH\Exceptions\FrameworkException.php on line 39.
 1 SYSTEMPATH\View\View.php(216): CodeIgniter\Exceptions\FrameworkException::forInvalidFile('image_view.php')
 2 SYSTEMPATH\Common.php(1178): CodeIgniter\View\View->render('image_view', [], true)
 3 APPPATH\Controllers\ImageUpload.php(40): view('image_view', [...])
 4 SYSTEMPATH\CodeIgniter.php(943): App\Controllers\ImageUpload->view()
 5 SYSTEMPATH\CodeIgniter.php(503): CodeIgniter\CodeIgniter->runController(Object(App\Controllers\ImageUpload))
 6 SYSTEMPATH\CodeIgniter.php(361): CodeIgniter\CodeIgniter->handleRequest(null, Object(Config\Cache), false)
 7 FCPATH\index.php(79): CodeIgniter\CodeIgniter->run()
 8 SYSTEMPATH\Commands\Server\rewrite.php(47): require_once('C:\\laragon\\www\\cappppp\\public\\index.php')
CRITICAL - 2024-09-28 02:34:26 --> Error: Call to undefined method CodeIgniter\Autoloader\Autoloader::extend()
in APPPATH\Controllers\CarController.php on line 1.
 1 SYSTEMPATH\Autoloader\Autoloader.php(311): include_once()
 2 SYSTEMPATH\Autoloader\Autoloader.php(290): CodeIgniter\Autoloader\Autoloader->includeFile('C:\\laragon\\www\\cappppp\\app\\Controllers\\CarController.php')
 3 SYSTEMPATH\Autoloader\Autoloader.php(266): CodeIgniter\Autoloader\Autoloader->loadInNamespace('App\\Controllers\\CarController')
 4 [internal function]: CodeIgniter\Autoloader\Autoloader->loadClass('App\\Controllers\\CarController')
 5 SYSTEMPATH\CodeIgniter.php(901): class_exists('\\App\\Controllers\\CarController', true)
 6 SYSTEMPATH\CodeIgniter.php(490): CodeIgniter\CodeIgniter->startController()
 7 SYSTEMPATH\CodeIgniter.php(361): CodeIgniter\CodeIgniter->handleRequest(null, Object(Config\Cache), false)
 8 FCPATH\index.php(79): CodeIgniter\CodeIgniter->run()
 9 SYSTEMPATH\Commands\Server\rewrite.php(47): require_once('C:\\laragon\\www\\cappppp\\public\\index.php')
CRITICAL - 2024-09-28 02:48:23 --> TypeError: CodeIgniter\Validation\Validation::setRules(): Argument #1 ($rules) must be of type array, CodeIgniter\HTTP\IncomingRequest given, called in C:\laragon\www\cappppp\system\Controller.php on line 198
in SYSTEMPATH\Validation\Validation.php on line 576.
 1 SYSTEMPATH\Controller.php(198): CodeIgniter\Validation\Validation->setRules(Object(CodeIgniter\HTTP\IncomingRequest), [...])
 2 SYSTEMPATH\Controller.php(152): CodeIgniter\Controller->setValidator(Object(CodeIgniter\HTTP\IncomingRequest), [...])
 3 APPPATH\Controllers\CarController.php(62): CodeIgniter\Controller->validate(Object(CodeIgniter\HTTP\IncomingRequest), [...])
 4 SYSTEMPATH\CodeIgniter.php(943): App\Controllers\CarController->update()
 5 SYSTEMPATH\CodeIgniter.php(503): CodeIgniter\CodeIgniter->runController(Object(App\Controllers\CarController))
 6 SYSTEMPATH\CodeIgniter.php(361): CodeIgniter\CodeIgniter->handleRequest(null, Object(Config\Cache), false)
 7 FCPATH\index.php(79): CodeIgniter\CodeIgniter->run()
 8 SYSTEMPATH\Commands\Server\rewrite.php(47): require_once('C:\\laragon\\www\\cappppp\\public\\index.php')
CRITICAL - 2024-09-28 02:49:44 --> TypeError: CodeIgniter\Validation\Validation::setRules(): Argument #1 ($rules) must be of type array, CodeIgniter\HTTP\IncomingRequest given, called in C:\laragon\www\cappppp\system\Controller.php on line 198
in SYSTEMPATH\Validation\Validation.php on line 576.
 1 SYSTEMPATH\Controller.php(198): CodeIgniter\Validation\Validation->setRules(Object(CodeIgniter\HTTP\IncomingRequest), [...])
 2 SYSTEMPATH\Controller.php(152): CodeIgniter\Controller->setValidator(Object(CodeIgniter\HTTP\IncomingRequest), [...])
 3 APPPATH\Controllers\CarController.php(62): CodeIgniter\Controller->validate(Object(CodeIgniter\HTTP\IncomingRequest), [...])
 4 SYSTEMPATH\CodeIgniter.php(943): App\Controllers\CarController->update()
 5 SYSTEMPATH\CodeIgniter.php(503): CodeIgniter\CodeIgniter->runController(Object(App\Controllers\CarController))
 6 SYSTEMPATH\CodeIgniter.php(361): CodeIgniter\CodeIgniter->handleRequest(null, Object(Config\Cache), false)
 7 FCPATH\index.php(79): CodeIgniter\CodeIgniter->run()
 8 SYSTEMPATH\Commands\Server\rewrite.php(47): require_once('C:\\laragon\\www\\cappppp\\public\\index.php')
CRITICAL - 2024-09-28 02:49:58 --> TypeError: CodeIgniter\Validation\Validation::setRules(): Argument #1 ($rules) must be of type array, CodeIgniter\HTTP\IncomingRequest given, called in C:\laragon\www\cappppp\system\Controller.php on line 198
in SYSTEMPATH\Validation\Validation.php on line 576.
 1 SYSTEMPATH\Controller.php(198): CodeIgniter\Validation\Validation->setRules(Object(CodeIgniter\HTTP\IncomingRequest), [...])
 2 SYSTEMPATH\Controller.php(152): CodeIgniter\Controller->setValidator(Object(CodeIgniter\HTTP\IncomingRequest), [...])
 3 APPPATH\Controllers\CarController.php(31): CodeIgniter\Controller->validate(Object(CodeIgniter\HTTP\IncomingRequest), [...])
 4 SYSTEMPATH\CodeIgniter.php(943): App\Controllers\CarController->add()
 5 SYSTEMPATH\CodeIgniter.php(503): CodeIgniter\CodeIgniter->runController(Object(App\Controllers\CarController))
 6 SYSTEMPATH\CodeIgniter.php(361): CodeIgniter\CodeIgniter->handleRequest(null, Object(Config\Cache), false)
 7 FCPATH\index.php(79): CodeIgniter\CodeIgniter->run()
 8 SYSTEMPATH\Commands\Server\rewrite.php(47): require_once('C:\\laragon\\www\\cappppp\\public\\index.php')
CRITICAL - 2024-09-28 02:53:25 --> Error: Call to undefined method CodeIgniter\Autoloader\Autoloader::extend()
in APPPATH\Controllers\CarController.php on line 1.
 1 SYSTEMPATH\Autoloader\Autoloader.php(311): include_once()
 2 SYSTEMPATH\Autoloader\Autoloader.php(290): CodeIgniter\Autoloader\Autoloader->includeFile('C:\\laragon\\www\\cappppp\\app\\Controllers\\CarController.php')
 3 SYSTEMPATH\Autoloader\Autoloader.php(266): CodeIgniter\Autoloader\Autoloader->loadInNamespace('App\\Controllers\\CarController')
 4 [internal function]: CodeIgniter\Autoloader\Autoloader->loadClass('App\\Controllers\\CarController')
 5 SYSTEMPATH\CodeIgniter.php(901): class_exists('\\App\\Controllers\\CarController', true)
 6 SYSTEMPATH\CodeIgniter.php(490): CodeIgniter\CodeIgniter->startController()
 7 SYSTEMPATH\CodeIgniter.php(361): CodeIgniter\CodeIgniter->handleRequest(null, Object(Config\Cache), false)
 8 FCPATH\index.php(79): CodeIgniter\CodeIgniter->run()
 9 SYSTEMPATH\Commands\Server\rewrite.php(47): require_once('C:\\laragon\\www\\cappppp\\public\\index.php')
CRITICAL - 2024-09-28 02:53:48 --> Error: Call to undefined method CodeIgniter\Autoloader\Autoloader::extend()
in APPPATH\Controllers\CarController.php on line 1.
 1 SYSTEMPATH\Autoloader\Autoloader.php(311): include_once()
 2 SYSTEMPATH\Autoloader\Autoloader.php(290): CodeIgniter\Autoloader\Autoloader->includeFile('C:\\laragon\\www\\cappppp\\app\\Controllers\\CarController.php')
 3 SYSTEMPATH\Autoloader\Autoloader.php(266): CodeIgniter\Autoloader\Autoloader->loadInNamespace('App\\Controllers\\CarController')
 4 [internal function]: CodeIgniter\Autoloader\Autoloader->loadClass('App\\Controllers\\CarController')
 5 SYSTEMPATH\CodeIgniter.php(901): class_exists('\\App\\Controllers\\CarController', true)
 6 SYSTEMPATH\CodeIgniter.php(490): CodeIgniter\CodeIgniter->startController()
 7 SYSTEMPATH\CodeIgniter.php(361): CodeIgniter\CodeIgniter->handleRequest(null, Object(Config\Cache), false)
 8 FCPATH\index.php(79): CodeIgniter\CodeIgniter->run()
 9 SYSTEMPATH\Commands\Server\rewrite.php(47): require_once('C:\\laragon\\www\\cappppp\\public\\index.php')
CRITICAL - 2024-09-28 02:55:50 --> Error: Call to undefined method CodeIgniter\Autoloader\Autoloader::extend()
in APPPATH\Controllers\CarController.php on line 1.
 1 SYSTEMPATH\Autoloader\Autoloader.php(311): include_once()
 2 SYSTEMPATH\Autoloader\Autoloader.php(290): CodeIgniter\Autoloader\Autoloader->includeFile('C:\\laragon\\www\\cappppp\\app\\Controllers\\CarController.php')
 3 SYSTEMPATH\Autoloader\Autoloader.php(266): CodeIgniter\Autoloader\Autoloader->loadInNamespace('App\\Controllers\\CarController')
 4 [internal function]: CodeIgniter\Autoloader\Autoloader->loadClass('App\\Controllers\\CarController')
 5 SYSTEMPATH\CodeIgniter.php(901): class_exists('\\App\\Controllers\\CarController', true)
 6 SYSTEMPATH\CodeIgniter.php(490): CodeIgniter\CodeIgniter->startController()
 7 SYSTEMPATH\CodeIgniter.php(361): CodeIgniter\CodeIgniter->handleRequest(null, Object(Config\Cache), false)
 8 FCPATH\index.php(79): CodeIgniter\CodeIgniter->run()
 9 SYSTEMPATH\Commands\Server\rewrite.php(47): require_once('C:\\laragon\\www\\cappppp\\public\\index.php')
CRITICAL - 2024-09-28 02:55:51 --> Error: Call to undefined method CodeIgniter\Autoloader\Autoloader::extend()
in APPPATH\Controllers\CarController.php on line 1.
 1 SYSTEMPATH\Autoloader\Autoloader.php(311): include_once()
 2 SYSTEMPATH\Autoloader\Autoloader.php(290): CodeIgniter\Autoloader\Autoloader->includeFile('C:\\laragon\\www\\cappppp\\app\\Controllers\\CarController.php')
 3 SYSTEMPATH\Autoloader\Autoloader.php(266): CodeIgniter\Autoloader\Autoloader->loadInNamespace('App\\Controllers\\CarController')
 4 [internal function]: CodeIgniter\Autoloader\Autoloader->loadClass('App\\Controllers\\CarController')
 5 SYSTEMPATH\CodeIgniter.php(901): class_exists('\\App\\Controllers\\CarController', true)
 6 SYSTEMPATH\CodeIgniter.php(490): CodeIgniter\CodeIgniter->startController()
 7 SYSTEMPATH\CodeIgniter.php(361): CodeIgniter\CodeIgniter->handleRequest(null, Object(Config\Cache), false)
 8 FCPATH\index.php(79): CodeIgniter\CodeIgniter->run()
 9 SYSTEMPATH\Commands\Server\rewrite.php(47): require_once('C:\\laragon\\www\\cappppp\\public\\index.php')
CRITICAL - 2024-09-28 02:55:54 --> Error: Call to undefined method CodeIgniter\Autoloader\Autoloader::extend()
in APPPATH\Controllers\CarController.php on line 1.
 1 SYSTEMPATH\Autoloader\Autoloader.php(311): include_once()
 2 SYSTEMPATH\Autoloader\Autoloader.php(290): CodeIgniter\Autoloader\Autoloader->includeFile('C:\\laragon\\www\\cappppp\\app\\Controllers\\CarController.php')
 3 SYSTEMPATH\Autoloader\Autoloader.php(266): CodeIgniter\Autoloader\Autoloader->loadInNamespace('App\\Controllers\\CarController')
 4 [internal function]: CodeIgniter\Autoloader\Autoloader->loadClass('App\\Controllers\\CarController')
 5 SYSTEMPATH\CodeIgniter.php(901): class_exists('\\App\\Controllers\\CarController', true)
 6 SYSTEMPATH\CodeIgniter.php(490): CodeIgniter\CodeIgniter->startController()
 7 SYSTEMPATH\CodeIgniter.php(361): CodeIgniter\CodeIgniter->handleRequest(null, Object(Config\Cache), false)
 8 FCPATH\index.php(79): CodeIgniter\CodeIgniter->run()
 9 SYSTEMPATH\Commands\Server\rewrite.php(47): require_once('C:\\laragon\\www\\cappppp\\public\\index.php')
CRITICAL - 2024-09-28 02:56:01 --> Error: Call to undefined method CodeIgniter\Autoloader\Autoloader::extend()
in APPPATH\Controllers\CarController.php on line 1.
 1 SYSTEMPATH\Autoloader\Autoloader.php(311): include_once()
 2 SYSTEMPATH\Autoloader\Autoloader.php(290): CodeIgniter\Autoloader\Autoloader->includeFile('C:\\laragon\\www\\cappppp\\app\\Controllers\\CarController.php')
 3 SYSTEMPATH\Autoloader\Autoloader.php(266): CodeIgniter\Autoloader\Autoloader->loadInNamespace('App\\Controllers\\CarController')
 4 [internal function]: CodeIgniter\Autoloader\Autoloader->loadClass('App\\Controllers\\CarController')
 5 SYSTEMPATH\CodeIgniter.php(901): class_exists('\\App\\Controllers\\CarController', true)
 6 SYSTEMPATH\CodeIgniter.php(490): CodeIgniter\CodeIgniter->startController()
 7 SYSTEMPATH\CodeIgniter.php(361): CodeIgniter\CodeIgniter->handleRequest(null, Object(Config\Cache), false)
 8 FCPATH\index.php(79): CodeIgniter\CodeIgniter->run()
 9 SYSTEMPATH\Commands\Server\rewrite.php(47): require_once('C:\\laragon\\www\\cappppp\\public\\index.php')
CRITICAL - 2024-09-28 02:56:02 --> Error: Call to undefined method CodeIgniter\Autoloader\Autoloader::extend()
in APPPATH\Controllers\CarController.php on line 1.
 1 SYSTEMPATH\Autoloader\Autoloader.php(311): include_once()
 2 SYSTEMPATH\Autoloader\Autoloader.php(290): CodeIgniter\Autoloader\Autoloader->includeFile('C:\\laragon\\www\\cappppp\\app\\Controllers\\CarController.php')
 3 SYSTEMPATH\Autoloader\Autoloader.php(266): CodeIgniter\Autoloader\Autoloader->loadInNamespace('App\\Controllers\\CarController')
 4 [internal function]: CodeIgniter\Autoloader\Autoloader->loadClass('App\\Controllers\\CarController')
 5 SYSTEMPATH\CodeIgniter.php(901): class_exists('\\App\\Controllers\\CarController', true)
 6 SYSTEMPATH\CodeIgniter.php(490): CodeIgniter\CodeIgniter->startController()
 7 SYSTEMPATH\CodeIgniter.php(361): CodeIgniter\CodeIgniter->handleRequest(null, Object(Config\Cache), false)
 8 FCPATH\index.php(79): CodeIgniter\CodeIgniter->run()
 9 SYSTEMPATH\Commands\Server\rewrite.php(47): require_once('C:\\laragon\\www\\cappppp\\public\\index.php')
CRITICAL - 2024-09-28 03:37:39 --> CodeIgniter\View\Exceptions\ViewException: Invalid file: "admin/car_form.php"
in SYSTEMPATH\Exceptions\FrameworkException.php on line 39.
 1 SYSTEMPATH\View\View.php(216): CodeIgniter\Exceptions\FrameworkException::forInvalidFile('admin/car_form.php')
 2 SYSTEMPATH\Common.php(1178): CodeIgniter\View\View->render('admin/car_form', [], true)
 3 APPPATH\Controllers\CarController.php(48): view('admin/car_form', [...])
 4 SYSTEMPATH\CodeIgniter.php(943): App\Controllers\CarController->edit('16')
 5 SYSTEMPATH\CodeIgniter.php(503): CodeIgniter\CodeIgniter->runController(Object(App\Controllers\CarController))
 6 SYSTEMPATH\CodeIgniter.php(361): CodeIgniter\CodeIgniter->handleRequest(null, Object(Config\Cache), false)
 7 FCPATH\index.php(79): CodeIgniter\CodeIgniter->run()
 8 SYSTEMPATH\Commands\Server\rewrite.php(47): require_once('C:\\laragon\\www\\cappppp\\public\\index.php')
CRITICAL - 2024-09-28 03:40:37 --> CodeIgniter\View\Exceptions\ViewException: Invalid file: "admin/car_form.php"
in SYSTEMPATH\Exceptions\FrameworkException.php on line 39.
 1 SYSTEMPATH\View\View.php(216): CodeIgniter\Exceptions\FrameworkException::forInvalidFile('admin/car_form.php')
 2 SYSTEMPATH\Common.php(1178): CodeIgniter\View\View->render('admin/car_form', [], true)
 3 APPPATH\Controllers\CarController.php(48): view('admin/car_form', [...])
 4 SYSTEMPATH\CodeIgniter.php(943): App\Controllers\CarController->edit('16')
 5 SYSTEMPATH\CodeIgniter.php(503): CodeIgniter\CodeIgniter->runController(Object(App\Controllers\CarController))
 6 SYSTEMPATH\CodeIgniter.php(361): CodeIgniter\CodeIgniter->handleRequest(null, Object(Config\Cache), false)
 7 FCPATH\index.php(79): CodeIgniter\CodeIgniter->run()
 8 SYSTEMPATH\Commands\Server\rewrite.php(47): require_once('C:\\laragon\\www\\cappppp\\public\\index.php')
CRITICAL - 2024-09-28 03:40:38 --> CodeIgniter\View\Exceptions\ViewException: Invalid file: "admin/car_form.php"
in SYSTEMPATH\Exceptions\FrameworkException.php on line 39.
 1 SYSTEMPATH\View\View.php(216): CodeIgniter\Exceptions\FrameworkException::forInvalidFile('admin/car_form.php')
 2 SYSTEMPATH\Common.php(1178): CodeIgniter\View\View->render('admin/car_form', [], true)
 3 APPPATH\Controllers\CarController.php(48): view('admin/car_form', [...])
 4 SYSTEMPATH\CodeIgniter.php(943): App\Controllers\CarController->edit('16')
 5 SYSTEMPATH\CodeIgniter.php(503): CodeIgniter\CodeIgniter->runController(Object(App\Controllers\CarController))
 6 SYSTEMPATH\CodeIgniter.php(361): CodeIgniter\CodeIgniter->handleRequest(null, Object(Config\Cache), false)
 7 FCPATH\index.php(79): CodeIgniter\CodeIgniter->run()
 8 SYSTEMPATH\Commands\Server\rewrite.php(47): require_once('C:\\laragon\\www\\cappppp\\public\\index.php')
CRITICAL - 2024-09-28 03:41:17 --> CodeIgniter\View\Exceptions\ViewException: Invalid file: "admin/car_form.php"
in SYSTEMPATH\Exceptions\FrameworkException.php on line 39.
 1 SYSTEMPATH\View\View.php(216): CodeIgniter\Exceptions\FrameworkException::forInvalidFile('admin/car_form.php')
 2 SYSTEMPATH\Common.php(1178): CodeIgniter\View\View->render('admin/car_form', [], true)
 3 APPPATH\Controllers\CarController.php(48): view('admin/car_form', [...])
 4 SYSTEMPATH\CodeIgniter.php(943): App\Controllers\CarController->edit('16')
 5 SYSTEMPATH\CodeIgniter.php(503): CodeIgniter\CodeIgniter->runController(Object(App\Controllers\CarController))
 6 SYSTEMPATH\CodeIgniter.php(361): CodeIgniter\CodeIgniter->handleRequest(null, Object(Config\Cache), false)
 7 FCPATH\index.php(79): CodeIgniter\CodeIgniter->run()
 8 SYSTEMPATH\Commands\Server\rewrite.php(47): require_once('C:\\laragon\\www\\cappppp\\public\\index.php')
CRITICAL - 2024-09-28 03:41:18 --> CodeIgniter\View\Exceptions\ViewException: Invalid file: "admin/car_form.php"
in SYSTEMPATH\Exceptions\FrameworkException.php on line 39.
 1 SYSTEMPATH\View\View.php(216): CodeIgniter\Exceptions\FrameworkException::forInvalidFile('admin/car_form.php')
 2 SYSTEMPATH\Common.php(1178): CodeIgniter\View\View->render('admin/car_form', [], true)
 3 APPPATH\Controllers\CarController.php(48): view('admin/car_form', [...])
 4 SYSTEMPATH\CodeIgniter.php(943): App\Controllers\CarController->edit('16')
 5 SYSTEMPATH\CodeIgniter.php(503): CodeIgniter\CodeIgniter->runController(Object(App\Controllers\CarController))
 6 SYSTEMPATH\CodeIgniter.php(361): CodeIgniter\CodeIgniter->handleRequest(null, Object(Config\Cache), false)
 7 FCPATH\index.php(79): CodeIgniter\CodeIgniter->run()
 8 SYSTEMPATH\Commands\Server\rewrite.php(47): require_once('C:\\laragon\\www\\cappppp\\public\\index.php')
CRITICAL - 2024-09-28 03:41:19 --> CodeIgniter\View\Exceptions\ViewException: Invalid file: "admin/car_form.php"
in SYSTEMPATH\Exceptions\FrameworkException.php on line 39.
 1 SYSTEMPATH\View\View.php(216): CodeIgniter\Exceptions\FrameworkException::forInvalidFile('admin/car_form.php')
 2 SYSTEMPATH\Common.php(1178): CodeIgniter\View\View->render('admin/car_form', [], true)
 3 APPPATH\Controllers\CarController.php(48): view('admin/car_form', [...])
 4 SYSTEMPATH\CodeIgniter.php(943): App\Controllers\CarController->edit('16')
 5 SYSTEMPATH\CodeIgniter.php(503): CodeIgniter\CodeIgniter->runController(Object(App\Controllers\CarController))
 6 SYSTEMPATH\CodeIgniter.php(361): CodeIgniter\CodeIgniter->handleRequest(null, Object(Config\Cache), false)
 7 FCPATH\index.php(79): CodeIgniter\CodeIgniter->run()
 8 SYSTEMPATH\Commands\Server\rewrite.php(47): require_once('C:\\laragon\\www\\cappppp\\public\\index.php')
CRITICAL - 2024-09-28 03:41:19 --> CodeIgniter\View\Exceptions\ViewException: Invalid file: "admin/car_form.php"
in SYSTEMPATH\Exceptions\FrameworkException.php on line 39.
 1 SYSTEMPATH\View\View.php(216): CodeIgniter\Exceptions\FrameworkException::forInvalidFile('admin/car_form.php')
 2 SYSTEMPATH\Common.php(1178): CodeIgniter\View\View->render('admin/car_form', [], true)
 3 APPPATH\Controllers\CarController.php(48): view('admin/car_form', [...])
 4 SYSTEMPATH\CodeIgniter.php(943): App\Controllers\CarController->edit('16')
 5 SYSTEMPATH\CodeIgniter.php(503): CodeIgniter\CodeIgniter->runController(Object(App\Controllers\CarController))
 6 SYSTEMPATH\CodeIgniter.php(361): CodeIgniter\CodeIgniter->handleRequest(null, Object(Config\Cache), false)
 7 FCPATH\index.php(79): CodeIgniter\CodeIgniter->run()
 8 SYSTEMPATH\Commands\Server\rewrite.php(47): require_once('C:\\laragon\\www\\cappppp\\public\\index.php')
CRITICAL - 2024-09-28 03:41:20 --> CodeIgniter\View\Exceptions\ViewException: Invalid file: "admin/car_form.php"
in SYSTEMPATH\Exceptions\FrameworkException.php on line 39.
 1 SYSTEMPATH\View\View.php(216): CodeIgniter\Exceptions\FrameworkException::forInvalidFile('admin/car_form.php')
 2 SYSTEMPATH\Common.php(1178): CodeIgniter\View\View->render('admin/car_form', [], true)
 3 APPPATH\Controllers\CarController.php(48): view('admin/car_form', [...])
 4 SYSTEMPATH\CodeIgniter.php(943): App\Controllers\CarController->edit('16')
 5 SYSTEMPATH\CodeIgniter.php(503): CodeIgniter\CodeIgniter->runController(Object(App\Controllers\CarController))
 6 SYSTEMPATH\CodeIgniter.php(361): CodeIgniter\CodeIgniter->handleRequest(null, Object(Config\Cache), false)
 7 FCPATH\index.php(79): CodeIgniter\CodeIgniter->run()
 8 SYSTEMPATH\Commands\Server\rewrite.php(47): require_once('C:\\laragon\\www\\cappppp\\public\\index.php')
CRITICAL - 2024-09-28 03:41:24 --> CodeIgniter\View\Exceptions\ViewException: Invalid file: "admin/car_form.php"
in SYSTEMPATH\Exceptions\FrameworkException.php on line 39.
 1 SYSTEMPATH\View\View.php(216): CodeIgniter\Exceptions\FrameworkException::forInvalidFile('admin/car_form.php')
 2 SYSTEMPATH\Common.php(1178): CodeIgniter\View\View->render('admin/car_form', [], true)
 3 APPPATH\Controllers\CarController.php(48): view('admin/car_form', [...])
 4 SYSTEMPATH\CodeIgniter.php(943): App\Controllers\CarController->edit('16')
 5 SYSTEMPATH\CodeIgniter.php(503): CodeIgniter\CodeIgniter->runController(Object(App\Controllers\CarController))
 6 SYSTEMPATH\CodeIgniter.php(361): CodeIgniter\CodeIgniter->handleRequest(null, Object(Config\Cache), false)
 7 FCPATH\index.php(79): CodeIgniter\CodeIgniter->run()
 8 SYSTEMPATH\Commands\Server\rewrite.php(47): require_once('C:\\laragon\\www\\cappppp\\public\\index.php')
CRITICAL - 2024-09-28 03:41:25 --> CodeIgniter\View\Exceptions\ViewException: Invalid file: "admin/car_form.php"
in SYSTEMPATH\Exceptions\FrameworkException.php on line 39.
 1 SYSTEMPATH\View\View.php(216): CodeIgniter\Exceptions\FrameworkException::forInvalidFile('admin/car_form.php')
 2 SYSTEMPATH\Common.php(1178): CodeIgniter\View\View->render('admin/car_form', [], true)
 3 APPPATH\Controllers\CarController.php(48): view('admin/car_form', [...])
 4 SYSTEMPATH\CodeIgniter.php(943): App\Controllers\CarController->edit('16')
 5 SYSTEMPATH\CodeIgniter.php(503): CodeIgniter\CodeIgniter->runController(Object(App\Controllers\CarController))
 6 SYSTEMPATH\CodeIgniter.php(361): CodeIgniter\CodeIgniter->handleRequest(null, Object(Config\Cache), false)
 7 FCPATH\index.php(79): CodeIgniter\CodeIgniter->run()
 8 SYSTEMPATH\Commands\Server\rewrite.php(47): require_once('C:\\laragon\\www\\cappppp\\public\\index.php')
CRITICAL - 2024-09-28 03:41:25 --> CodeIgniter\View\Exceptions\ViewException: Invalid file: "admin/car_form.php"
in SYSTEMPATH\Exceptions\FrameworkException.php on line 39.
 1 SYSTEMPATH\View\View.php(216): CodeIgniter\Exceptions\FrameworkException::forInvalidFile('admin/car_form.php')
 2 SYSTEMPATH\Common.php(1178): CodeIgniter\View\View->render('admin/car_form', [], true)
 3 APPPATH\Controllers\CarController.php(48): view('admin/car_form', [...])
 4 SYSTEMPATH\CodeIgniter.php(943): App\Controllers\CarController->edit('16')
 5 SYSTEMPATH\CodeIgniter.php(503): CodeIgniter\CodeIgniter->runController(Object(App\Controllers\CarController))
 6 SYSTEMPATH\CodeIgniter.php(361): CodeIgniter\CodeIgniter->handleRequest(null, Object(Config\Cache), false)
 7 FCPATH\index.php(79): CodeIgniter\CodeIgniter->run()
 8 SYSTEMPATH\Commands\Server\rewrite.php(47): require_once('C:\\laragon\\www\\cappppp\\public\\index.php')
CRITICAL - 2024-09-28 03:42:08 --> CodeIgniter\View\Exceptions\ViewException: Invalid file: "admin/car_form.php"
in SYSTEMPATH\Exceptions\FrameworkException.php on line 39.
 1 SYSTEMPATH\View\View.php(216): CodeIgniter\Exceptions\FrameworkException::forInvalidFile('admin/car_form.php')
 2 SYSTEMPATH\Common.php(1178): CodeIgniter\View\View->render('admin/car_form', [], true)
 3 APPPATH\Controllers\CarController.php(48): view('admin/car_form', [...])
 4 SYSTEMPATH\CodeIgniter.php(943): App\Controllers\CarController->edit('22')
 5 SYSTEMPATH\CodeIgniter.php(503): CodeIgniter\CodeIgniter->runController(Object(App\Controllers\CarController))
 6 SYSTEMPATH\CodeIgniter.php(361): CodeIgniter\CodeIgniter->handleRequest(null, Object(Config\Cache), false)
 7 FCPATH\index.php(79): CodeIgniter\CodeIgniter->run()
 8 SYSTEMPATH\Commands\Server\rewrite.php(47): require_once('C:\\laragon\\www\\cappppp\\public\\index.php')
CRITICAL - 2024-09-28 03:42:11 --> CodeIgniter\View\Exceptions\ViewException: Invalid file: "admin/car_form.php"
in SYSTEMPATH\Exceptions\FrameworkException.php on line 39.
 1 SYSTEMPATH\View\View.php(216): CodeIgniter\Exceptions\FrameworkException::forInvalidFile('admin/car_form.php')
 2 SYSTEMPATH\Common.php(1178): CodeIgniter\View\View->render('admin/car_form', [], true)
 3 APPPATH\Controllers\CarController.php(48): view('admin/car_form', [...])
 4 SYSTEMPATH\CodeIgniter.php(943): App\Controllers\CarController->edit('21')
 5 SYSTEMPATH\CodeIgniter.php(503): CodeIgniter\CodeIgniter->runController(Object(App\Controllers\CarController))
 6 SYSTEMPATH\CodeIgniter.php(361): CodeIgniter\CodeIgniter->handleRequest(null, Object(Config\Cache), false)
 7 FCPATH\index.php(79): CodeIgniter\CodeIgniter->run()
 8 SYSTEMPATH\Commands\Server\rewrite.php(47): require_once('C:\\laragon\\www\\cappppp\\public\\index.php')
CRITICAL - 2024-09-28 03:42:12 --> CodeIgniter\View\Exceptions\ViewException: Invalid file: "admin/car_form.php"
in SYSTEMPATH\Exceptions\FrameworkException.php on line 39.
 1 SYSTEMPATH\View\View.php(216): CodeIgniter\Exceptions\FrameworkException::forInvalidFile('admin/car_form.php')
 2 SYSTEMPATH\Common.php(1178): CodeIgniter\View\View->render('admin/car_form', [], true)
 3 APPPATH\Controllers\CarController.php(48): view('admin/car_form', [...])
 4 SYSTEMPATH\CodeIgniter.php(943): App\Controllers\CarController->edit('21')
 5 SYSTEMPATH\CodeIgniter.php(503): CodeIgniter\CodeIgniter->runController(Object(App\Controllers\CarController))
 6 SYSTEMPATH\CodeIgniter.php(361): CodeIgniter\CodeIgniter->handleRequest(null, Object(Config\Cache), false)
 7 FCPATH\index.php(79): CodeIgniter\CodeIgniter->run()
 8 SYSTEMPATH\Commands\Server\rewrite.php(47): require_once('C:\\laragon\\www\\cappppp\\public\\index.php')
CRITICAL - 2024-09-28 03:55:38 --> ErrorException: Undefined variable $users
in APPPATH\Views\admin\car_management.php on line 126.
 1 APPPATH\Views\admin\car_management.php(126): CodeIgniter\Debug\Exceptions->errorHandler(2, 'Undefined variable $users', 'C:\\laragon\\www\\cappppp\\app\\Views\\admin\\car_management.php', 126)
 2 SYSTEMPATH\View\View.php(228): include('C:\\laragon\\www\\cappppp\\app\\Views\\admin\\car_management.php')
 3 SYSTEMPATH\View\View.php(231): CodeIgniter\View\View->CodeIgniter\View\{closure}()
 4 SYSTEMPATH\Common.php(1178): CodeIgniter\View\View->render('admin/car_management', [], true)
 5 APPPATH\Controllers\CarController.php(26): view('admin/car_management', [...])
 6 SYSTEMPATH\CodeIgniter.php(943): App\Controllers\CarController->indexs()
 7 SYSTEMPATH\CodeIgniter.php(503): CodeIgniter\CodeIgniter->runController(Object(App\Controllers\CarController))
 8 SYSTEMPATH\CodeIgniter.php(361): CodeIgniter\CodeIgniter->handleRequest(null, Object(Config\Cache), false)
 9 FCPATH\index.php(79): CodeIgniter\CodeIgniter->run()
10 SYSTEMPATH\Commands\Server\rewrite.php(47): require_once('C:\\laragon\\www\\cappppp\\public\\index.php')
CRITICAL - 2024-09-28 06:32:02 --> CodeIgniter\Validation\Exceptions\ValidationException: "valid_time" is not a valid rule.
in SYSTEMPATH\Validation\Validation.php on line 336.
 1 SYSTEMPATH\Validation\Validation.php(336): CodeIgniter\Validation\Exceptions\ValidationException::forRuleNotFound('valid_time')
 2 SYSTEMPATH\Validation\Validation.php(200): CodeIgniter\Validation\Validation->processRules('StartTime', 'StartTime', '07:50', [...], [...])
 3 SYSTEMPATH\BaseModel.php(1534): CodeIgniter\Validation\Validation->run([...], null, null)
 4 SYSTEMPATH\BaseModel.php(771): CodeIgniter\BaseModel->validate([...])
 5 SYSTEMPATH\Model.php(749): CodeIgniter\BaseModel->insert([...], true)
 6 APPPATH\Controllers\Rental.php(47): CodeIgniter\Model->insert([...])
 7 SYSTEMPATH\CodeIgniter.php(943): App\Controllers\Rental->submit()
 8 SYSTEMPATH\CodeIgniter.php(503): CodeIgniter\CodeIgniter->runController(Object(App\Controllers\Rental))
 9 SYSTEMPATH\CodeIgniter.php(361): CodeIgniter\CodeIgniter->handleRequest(null, Object(Config\Cache), false)
10 FCPATH\index.php(79): CodeIgniter\CodeIgniter->run()
11 SYSTEMPATH\Commands\Server\rewrite.php(47): require_once('C:\\laragon\\www\\cappppp\\public\\index.php')
CRITICAL - 2024-09-28 06:44:14 --> CodeIgniter\Validation\Exceptions\ValidationException: "valid_time" is not a valid rule.
in SYSTEMPATH\Validation\Validation.php on line 336.
 1 SYSTEMPATH\Validation\Validation.php(336): CodeIgniter\Validation\Exceptions\ValidationException::forRuleNotFound('valid_time')
 2 SYSTEMPATH\Validation\Validation.php(200): CodeIgniter\Validation\Validation->processRules('start_time', 'start_time', '07:50', [...], [...])
 3 SYSTEMPATH\Controller.php(154): CodeIgniter\Validation\Validation->run()
 4 APPPATH\Controllers\Rental.php(49): CodeIgniter\Controller->validate([...])
 5 SYSTEMPATH\CodeIgniter.php(943): App\Controllers\Rental->submit()
 6 SYSTEMPATH\CodeIgniter.php(503): CodeIgniter\CodeIgniter->runController(Object(App\Controllers\Rental))
 7 SYSTEMPATH\CodeIgniter.php(361): CodeIgniter\CodeIgniter->handleRequest(null, Object(Config\Cache), false)
 8 FCPATH\index.php(79): CodeIgniter\CodeIgniter->run()
 9 SYSTEMPATH\Commands\Server\rewrite.php(47): require_once('C:\\laragon\\www\\cappppp\\public\\index.php')
CRITICAL - 2024-09-28 06:45:16 --> CodeIgniter\Validation\Exceptions\ValidationException: "valid_time" is not a valid rule.
in SYSTEMPATH\Validation\Validation.php on line 336.
 1 SYSTEMPATH\Validation\Validation.php(336): CodeIgniter\Validation\Exceptions\ValidationException::forRuleNotFound('valid_time')
 2 SYSTEMPATH\Validation\Validation.php(200): CodeIgniter\Validation\Validation->processRules('StartTime', 'StartTime', '00:00', [...], [...])
 3 SYSTEMPATH\BaseModel.php(1534): CodeIgniter\Validation\Validation->run([...], null, null)
 4 SYSTEMPATH\BaseModel.php(771): CodeIgniter\BaseModel->validate([...])
 5 SYSTEMPATH\Model.php(749): CodeIgniter\BaseModel->insert([...], true)
 6 APPPATH\Controllers\Rental.php(47): CodeIgniter\Model->insert([...])
 7 SYSTEMPATH\CodeIgniter.php(943): App\Controllers\Rental->submit()
 8 SYSTEMPATH\CodeIgniter.php(503): CodeIgniter\CodeIgniter->runController(Object(App\Controllers\Rental))
 9 SYSTEMPATH\CodeIgniter.php(361): CodeIgniter\CodeIgniter->handleRequest(null, Object(Config\Cache), false)
10 FCPATH\index.php(79): CodeIgniter\CodeIgniter->run()
11 SYSTEMPATH\Commands\Server\rewrite.php(47): require_once('C:\\laragon\\www\\cappppp\\public\\index.php')
CRITICAL - 2024-09-28 06:47:00 --> CodeIgniter\Validation\Exceptions\ValidationException: "valid_time" is not a valid rule.
in SYSTEMPATH\Validation\Validation.php on line 336.
 1 SYSTEMPATH\Validation\Validation.php(336): CodeIgniter\Validation\Exceptions\ValidationException::forRuleNotFound('valid_time')
 2 SYSTEMPATH\Validation\Validation.php(200): CodeIgniter\Validation\Validation->processRules('StartTime', 'StartTime', '00:00', [...], [...])
 3 SYSTEMPATH\BaseModel.php(1534): CodeIgniter\Validation\Validation->run([...], null, null)
 4 SYSTEMPATH\BaseModel.php(771): CodeIgniter\BaseModel->validate([...])
 5 SYSTEMPATH\Model.php(749): CodeIgniter\BaseModel->insert([...], true)
 6 APPPATH\Controllers\Rental.php(47): CodeIgniter\Model->insert([...])
 7 SYSTEMPATH\CodeIgniter.php(943): App\Controllers\Rental->submit()
 8 SYSTEMPATH\CodeIgniter.php(503): CodeIgniter\CodeIgniter->runController(Object(App\Controllers\Rental))
 9 SYSTEMPATH\CodeIgniter.php(361): CodeIgniter\CodeIgniter->handleRequest(null, Object(Config\Cache), false)
10 FCPATH\index.php(79): CodeIgniter\CodeIgniter->run()
11 SYSTEMPATH\Commands\Server\rewrite.php(47): require_once('C:\\laragon\\www\\cappppp\\public\\index.php')
CRITICAL - 2024-09-28 15:20:42 --> ErrorException: Undefined array key "image"
in APPPATH\Views\admin\car_management.php on line 233.
 1 APPPATH\Views\admin\car_management.php(233): CodeIgniter\Debug\Exceptions->errorHandler(2, 'Undefined array key "image"', 'C:\\laragon\\www\\cappppp\\app\\Views\\admin\\car_management.php', 233)
 2 SYSTEMPATH\View\View.php(228): include('C:\\laragon\\www\\cappppp\\app\\Views\\admin\\car_management.php')
 3 SYSTEMPATH\View\View.php(231): CodeIgniter\View\View->CodeIgniter\View\{closure}()
 4 SYSTEMPATH\Common.php(1178): CodeIgniter\View\View->render('admin/car_management', [], true)
 5 APPPATH\Controllers\CarController.php(26): view('admin/car_management', [...])
 6 SYSTEMPATH\CodeIgniter.php(943): App\Controllers\CarController->indexs()
 7 SYSTEMPATH\CodeIgniter.php(503): CodeIgniter\CodeIgniter->runController(Object(App\Controllers\CarController))
 8 SYSTEMPATH\CodeIgniter.php(361): CodeIgniter\CodeIgniter->handleRequest(null, Object(Config\Cache), false)
 9 FCPATH\index.php(79): CodeIgniter\CodeIgniter->run()
10 SYSTEMPATH\Commands\Server\rewrite.php(47): require_once('C:\\laragon\\www\\cappppp\\public\\index.php')
CRITICAL - 2024-09-28 16:48:24 --> ErrorException: Undefined property: App\Controllers\CarController::$ProductModel
in APPPATH\Controllers\CarController.php on line 19.
 1 APPPATH\Controllers\CarController.php(19): CodeIgniter\Debug\Exceptions->errorHandler(2, 'Undefined property: App\\Controllers\\CarController::$ProductModel', 'C:\\laragon\\www\\cappppp\\app\\Controllers\\CarController.php', 19)
 2 SYSTEMPATH\CodeIgniter.php(943): App\Controllers\CarController->index()
 3 SYSTEMPATH\CodeIgniter.php(503): CodeIgniter\CodeIgniter->runController(Object(App\Controllers\CarController))
 4 SYSTEMPATH\CodeIgniter.php(361): CodeIgniter\CodeIgniter->handleRequest(null, Object(Config\Cache), false)
 5 FCPATH\index.php(79): CodeIgniter\CodeIgniter->run()
 6 SYSTEMPATH\Commands\Server\rewrite.php(47): require_once('C:\\laragon\\www\\cappppp\\public\\index.php')
CRITICAL - 2024-09-28 16:48:26 --> ErrorException: Undefined property: App\Controllers\CarController::$ProductModel
in APPPATH\Controllers\CarController.php on line 19.
 1 APPPATH\Controllers\CarController.php(19): CodeIgniter\Debug\Exceptions->errorHandler(2, 'Undefined property: App\\Controllers\\CarController::$ProductModel', 'C:\\laragon\\www\\cappppp\\app\\Controllers\\CarController.php', 19)
 2 SYSTEMPATH\CodeIgniter.php(943): App\Controllers\CarController->index()
 3 SYSTEMPATH\CodeIgniter.php(503): CodeIgniter\CodeIgniter->runController(Object(App\Controllers\CarController))
 4 SYSTEMPATH\CodeIgniter.php(361): CodeIgniter\CodeIgniter->handleRequest(null, Object(Config\Cache), false)
 5 FCPATH\index.php(79): CodeIgniter\CodeIgniter->run()
 6 SYSTEMPATH\Commands\Server\rewrite.php(47): require_once('C:\\laragon\\www\\cappppp\\public\\index.php')
CRITICAL - 2024-09-28 16:49:46 --> ErrorException: Undefined property: App\Controllers\CarController::$ProductModel
in APPPATH\Controllers\CarController.php on line 20.
 1 APPPATH\Controllers\CarController.php(20): CodeIgniter\Debug\Exceptions->errorHandler(2, 'Undefined property: App\\Controllers\\CarController::$ProductModel', 'C:\\laragon\\www\\cappppp\\app\\Controllers\\CarController.php', 20)
 2 SYSTEMPATH\CodeIgniter.php(943): App\Controllers\CarController->index()
 3 SYSTEMPATH\CodeIgniter.php(503): CodeIgniter\CodeIgniter->runController(Object(App\Controllers\CarController))
 4 SYSTEMPATH\CodeIgniter.php(361): CodeIgniter\CodeIgniter->handleRequest(null, Object(Config\Cache), false)
 5 FCPATH\index.php(79): CodeIgniter\CodeIgniter->run()
 6 SYSTEMPATH\Commands\Server\rewrite.php(47): require_once('C:\\laragon\\www\\cappppp\\public\\index.php')
CRITICAL - 2024-09-28 16:49:47 --> ErrorException: Undefined property: App\Controllers\CarController::$ProductModel
in APPPATH\Controllers\CarController.php on line 20.
 1 APPPATH\Controllers\CarController.php(20): CodeIgniter\Debug\Exceptions->errorHandler(2, 'Undefined property: App\\Controllers\\CarController::$ProductModel', 'C:\\laragon\\www\\cappppp\\app\\Controllers\\CarController.php', 20)
 2 SYSTEMPATH\CodeIgniter.php(943): App\Controllers\CarController->index()
 3 SYSTEMPATH\CodeIgniter.php(503): CodeIgniter\CodeIgniter->runController(Object(App\Controllers\CarController))
 4 SYSTEMPATH\CodeIgniter.php(361): CodeIgniter\CodeIgniter->handleRequest(null, Object(Config\Cache), false)
 5 FCPATH\index.php(79): CodeIgniter\CodeIgniter->run()
 6 SYSTEMPATH\Commands\Server\rewrite.php(47): require_once('C:\\laragon\\www\\cappppp\\public\\index.php')
CRITICAL - 2024-09-28 16:49:53 --> ErrorException: Undefined property: App\Controllers\CarController::$ProductModel
in APPPATH\Controllers\CarController.php on line 20.
 1 APPPATH\Controllers\CarController.php(20): CodeIgniter\Debug\Exceptions->errorHandler(2, 'Undefined property: App\\Controllers\\CarController::$ProductModel', 'C:\\laragon\\www\\cappppp\\app\\Controllers\\CarController.php', 20)
 2 SYSTEMPATH\CodeIgniter.php(943): App\Controllers\CarController->index()
 3 SYSTEMPATH\CodeIgniter.php(503): CodeIgniter\CodeIgniter->runController(Object(App\Controllers\CarController))
 4 SYSTEMPATH\CodeIgniter.php(361): CodeIgniter\CodeIgniter->handleRequest(null, Object(Config\Cache), false)
 5 FCPATH\index.php(79): CodeIgniter\CodeIgniter->run()
 6 SYSTEMPATH\Commands\Server\rewrite.php(47): require_once('C:\\laragon\\www\\cappppp\\public\\index.php')
CRITICAL - 2024-09-28 16:49:54 --> ErrorException: Undefined property: App\Controllers\CarController::$ProductModel
in APPPATH\Controllers\CarController.php on line 20.
 1 APPPATH\Controllers\CarController.php(20): CodeIgniter\Debug\Exceptions->errorHandler(2, 'Undefined property: App\\Controllers\\CarController::$ProductModel', 'C:\\laragon\\www\\cappppp\\app\\Controllers\\CarController.php', 20)
 2 SYSTEMPATH\CodeIgniter.php(943): App\Controllers\CarController->index()
 3 SYSTEMPATH\CodeIgniter.php(503): CodeIgniter\CodeIgniter->runController(Object(App\Controllers\CarController))
 4 SYSTEMPATH\CodeIgniter.php(361): CodeIgniter\CodeIgniter->handleRequest(null, Object(Config\Cache), false)
 5 FCPATH\index.php(79): CodeIgniter\CodeIgniter->run()
 6 SYSTEMPATH\Commands\Server\rewrite.php(47): require_once('C:\\laragon\\www\\cappppp\\public\\index.php')
CRITICAL - 2024-09-28 16:51:38 --> ErrorException: Undefined array key "Image"
in APPPATH\Views\user\cars.php on line 221.
 1 APPPATH\Views\user\cars.php(221): CodeIgniter\Debug\Exceptions->errorHandler(2, 'Undefined array key "Image"', 'C:\\laragon\\www\\cappppp\\app\\Views\\user\\cars.php', 221)
 2 SYSTEMPATH\View\View.php(228): include('C:\\laragon\\www\\cappppp\\app\\Views\\user\\cars.php')
 3 SYSTEMPATH\View\View.php(231): CodeIgniter\View\View->CodeIgniter\View\{closure}()
 4 SYSTEMPATH\Common.php(1178): CodeIgniter\View\View->render('user/cars', [], true)
 5 APPPATH\Controllers\CarController.php(21): view('user/cars', [...])
 6 SYSTEMPATH\CodeIgniter.php(943): App\Controllers\CarController->index()
 7 SYSTEMPATH\CodeIgniter.php(503): CodeIgniter\CodeIgniter->runController(Object(App\Controllers\CarController))
 8 SYSTEMPATH\CodeIgniter.php(361): CodeIgniter\CodeIgniter->handleRequest(null, Object(Config\Cache), false)
 9 FCPATH\index.php(79): CodeIgniter\CodeIgniter->run()
10 SYSTEMPATH\Commands\Server\rewrite.php(47): require_once('C:\\laragon\\www\\cappppp\\public\\index.php')
CRITICAL - 2024-09-28 16:52:12 --> ErrorException: Undefined array key "Model"
in APPPATH\Views\user\cars.php on line 221.
 1 APPPATH\Views\user\cars.php(221): CodeIgniter\Debug\Exceptions->errorHandler(2, 'Undefined array key "Model"', 'C:\\laragon\\www\\cappppp\\app\\Views\\user\\cars.php', 221)
 2 SYSTEMPATH\View\View.php(228): include('C:\\laragon\\www\\cappppp\\app\\Views\\user\\cars.php')
 3 SYSTEMPATH\View\View.php(231): CodeIgniter\View\View->CodeIgniter\View\{closure}()
 4 SYSTEMPATH\Common.php(1178): CodeIgniter\View\View->render('user/cars', [], true)
 5 APPPATH\Controllers\CarController.php(21): view('user/cars', [...])
 6 SYSTEMPATH\CodeIgniter.php(943): App\Controllers\CarController->index()
 7 SYSTEMPATH\CodeIgniter.php(503): CodeIgniter\CodeIgniter->runController(Object(App\Controllers\CarController))
 8 SYSTEMPATH\CodeIgniter.php(361): CodeIgniter\CodeIgniter->handleRequest(null, Object(Config\Cache), false)
 9 FCPATH\index.php(79): CodeIgniter\CodeIgniter->run()
10 SYSTEMPATH\Commands\Server\rewrite.php(47): require_once('C:\\laragon\\www\\cappppp\\public\\index.php')
CRITICAL - 2024-09-28 16:58:48 --> ErrorException: Undefined variable $products
in APPPATH\Views\user\cars.php on line 218.
 1 APPPATH\Views\user\cars.php(218): CodeIgniter\Debug\Exceptions->errorHandler(2, 'Undefined variable $products', 'C:\\laragon\\www\\cappppp\\app\\Views\\user\\cars.php', 218)
 2 SYSTEMPATH\View\View.php(228): include('C:\\laragon\\www\\cappppp\\app\\Views\\user\\cars.php')
 3 SYSTEMPATH\View\View.php(231): CodeIgniter\View\View->CodeIgniter\View\{closure}()
 4 SYSTEMPATH\Common.php(1178): CodeIgniter\View\View->render('user/cars', [], true)
 5 APPPATH\Controllers\CarController.php(21): view('user/cars', [...])
 6 SYSTEMPATH\CodeIgniter.php(943): App\Controllers\CarController->index()
 7 SYSTEMPATH\CodeIgniter.php(503): CodeIgniter\CodeIgniter->runController(Object(App\Controllers\CarController))
 8 SYSTEMPATH\CodeIgniter.php(361): CodeIgniter\CodeIgniter->handleRequest(null, Object(Config\Cache), false)
 9 FCPATH\index.php(79): CodeIgniter\CodeIgniter->run()
10 SYSTEMPATH\Commands\Server\rewrite.php(47): require_once('C:\\laragon\\www\\cappppp\\public\\index.php')
CRITICAL - 2024-09-28 17:00:18 --> ErrorException: Undefined variable $cars
in APPPATH\Controllers\CarController.php on line 21.
 1 APPPATH\Controllers\CarController.php(21): CodeIgniter\Debug\Exceptions->errorHandler(2, 'Undefined variable $cars', 'C:\\laragon\\www\\cappppp\\app\\Controllers\\CarController.php', 21)
 2 SYSTEMPATH\CodeIgniter.php(943): App\Controllers\CarController->index()
 3 SYSTEMPATH\CodeIgniter.php(503): CodeIgniter\CodeIgniter->runController(Object(App\Controllers\CarController))
 4 SYSTEMPATH\CodeIgniter.php(361): CodeIgniter\CodeIgniter->handleRequest(null, Object(Config\Cache), false)
 5 FCPATH\index.php(79): CodeIgniter\CodeIgniter->run()
 6 SYSTEMPATH\Commands\Server\rewrite.php(47): require_once('C:\\laragon\\www\\cappppp\\public\\index.php')
CRITICAL - 2024-09-28 17:01:57 --> ErrorException: Undefined variable $products
in APPPATH\Views\user\cars.php on line 218.
 1 APPPATH\Views\user\cars.php(218): CodeIgniter\Debug\Exceptions->errorHandler(2, 'Undefined variable $products', 'C:\\laragon\\www\\cappppp\\app\\Views\\user\\cars.php', 218)
 2 SYSTEMPATH\View\View.php(228): include('C:\\laragon\\www\\cappppp\\app\\Views\\user\\cars.php')
 3 SYSTEMPATH\View\View.php(231): CodeIgniter\View\View->CodeIgniter\View\{closure}()
 4 SYSTEMPATH\Common.php(1178): CodeIgniter\View\View->render('user/cars', [], true)
 5 APPPATH\Controllers\CarController.php(21): view('user/cars', [...])
 6 SYSTEMPATH\CodeIgniter.php(943): App\Controllers\CarController->index()
 7 SYSTEMPATH\CodeIgniter.php(503): CodeIgniter\CodeIgniter->runController(Object(App\Controllers\CarController))
 8 SYSTEMPATH\CodeIgniter.php(361): CodeIgniter\CodeIgniter->handleRequest(null, Object(Config\Cache), false)
 9 FCPATH\index.php(79): CodeIgniter\CodeIgniter->run()
10 SYSTEMPATH\Commands\Server\rewrite.php(47): require_once('C:\\laragon\\www\\cappppp\\public\\index.php')
CRITICAL - 2024-09-28 17:02:12 --> ErrorException: Undefined variable $product
in APPPATH\Controllers\CarController.php on line 21.
 1 APPPATH\Controllers\CarController.php(21): CodeIgniter\Debug\Exceptions->errorHandler(2, 'Undefined variable $product', 'C:\\laragon\\www\\cappppp\\app\\Controllers\\CarController.php', 21)
 2 SYSTEMPATH\CodeIgniter.php(943): App\Controllers\CarController->index()
 3 SYSTEMPATH\CodeIgniter.php(503): CodeIgniter\CodeIgniter->runController(Object(App\Controllers\CarController))
 4 SYSTEMPATH\CodeIgniter.php(361): CodeIgniter\CodeIgniter->handleRequest(null, Object(Config\Cache), false)
 5 FCPATH\index.php(79): CodeIgniter\CodeIgniter->run()
 6 SYSTEMPATH\Commands\Server\rewrite.php(47): require_once('C:\\laragon\\www\\cappppp\\public\\index.php')
CRITICAL - 2024-09-28 17:02:28 --> ErrorException: Undefined variable $products
in APPPATH\Views\user\cars.php on line 218.
 1 APPPATH\Views\user\cars.php(218): CodeIgniter\Debug\Exceptions->errorHandler(2, 'Undefined variable $products', 'C:\\laragon\\www\\cappppp\\app\\Views\\user\\cars.php', 218)
 2 SYSTEMPATH\View\View.php(228): include('C:\\laragon\\www\\cappppp\\app\\Views\\user\\cars.php')
 3 SYSTEMPATH\View\View.php(231): CodeIgniter\View\View->CodeIgniter\View\{closure}()
 4 SYSTEMPATH\Common.php(1178): CodeIgniter\View\View->render('user/cars', [], true)
 5 APPPATH\Controllers\CarController.php(21): view('user/cars', [...])
 6 SYSTEMPATH\CodeIgniter.php(943): App\Controllers\CarController->index()
 7 SYSTEMPATH\CodeIgniter.php(503): CodeIgniter\CodeIgniter->runController(Object(App\Controllers\CarController))
 8 SYSTEMPATH\CodeIgniter.php(361): CodeIgniter\CodeIgniter->handleRequest(null, Object(Config\Cache), false)
 9 FCPATH\index.php(79): CodeIgniter\CodeIgniter->run()
10 SYSTEMPATH\Commands\Server\rewrite.php(47): require_once('C:\\laragon\\www\\cappppp\\public\\index.php')
CRITICAL - 2024-09-28 17:04:08 --> Error: Class "App\Controllers\ProductModel" not found
in APPPATH\Controllers\CarController.php on line 13.
 1 SYSTEMPATH\CodeIgniter.php(915): App\Controllers\CarController->__construct()
 2 SYSTEMPATH\CodeIgniter.php(494): CodeIgniter\CodeIgniter->createController()
 3 SYSTEMPATH\CodeIgniter.php(361): CodeIgniter\CodeIgniter->handleRequest(null, Object(Config\Cache), false)
 4 FCPATH\index.php(79): CodeIgniter\CodeIgniter->run()
 5 SYSTEMPATH\Commands\Server\rewrite.php(47): require_once('C:\\laragon\\www\\cappppp\\public\\index.php')
CRITICAL - 2024-09-28 17:04:16 --> ErrorException: Undefined variable $products
in APPPATH\Views\user\cars.php on line 218.
 1 APPPATH\Views\user\cars.php(218): CodeIgniter\Debug\Exceptions->errorHandler(2, 'Undefined variable $products', 'C:\\laragon\\www\\cappppp\\app\\Views\\user\\cars.php', 218)
 2 SYSTEMPATH\View\View.php(228): include('C:\\laragon\\www\\cappppp\\app\\Views\\user\\cars.php')
 3 SYSTEMPATH\View\View.php(231): CodeIgniter\View\View->CodeIgniter\View\{closure}()
 4 SYSTEMPATH\Common.php(1178): CodeIgniter\View\View->render('user/cars', [], true)
 5 APPPATH\Controllers\CarController.php(20): view('user/cars', [...])
 6 SYSTEMPATH\CodeIgniter.php(943): App\Controllers\CarController->index()
 7 SYSTEMPATH\CodeIgniter.php(503): CodeIgniter\CodeIgniter->runController(Object(App\Controllers\CarController))
 8 SYSTEMPATH\CodeIgniter.php(361): CodeIgniter\CodeIgniter->handleRequest(null, Object(Config\Cache), false)
 9 FCPATH\index.php(79): CodeIgniter\CodeIgniter->run()
10 SYSTEMPATH\Commands\Server\rewrite.php(47): require_once('C:\\laragon\\www\\cappppp\\public\\index.php')
CRITICAL - 2024-09-28 17:04:38 --> ErrorException: Undefined array key "image"
in APPPATH\Views\user\cars.php on line 221.
 1 APPPATH\Views\user\cars.php(221): CodeIgniter\Debug\Exceptions->errorHandler(2, 'Undefined array key "image"', 'C:\\laragon\\www\\cappppp\\app\\Views\\user\\cars.php', 221)
 2 SYSTEMPATH\View\View.php(228): include('C:\\laragon\\www\\cappppp\\app\\Views\\user\\cars.php')
 3 SYSTEMPATH\View\View.php(231): CodeIgniter\View\View->CodeIgniter\View\{closure}()
 4 SYSTEMPATH\Common.php(1178): CodeIgniter\View\View->render('user/cars', [], true)
 5 APPPATH\Controllers\CarController.php(20): view('user/cars', [...])
 6 SYSTEMPATH\CodeIgniter.php(943): App\Controllers\CarController->index()
 7 SYSTEMPATH\CodeIgniter.php(503): CodeIgniter\CodeIgniter->runController(Object(App\Controllers\CarController))
 8 SYSTEMPATH\CodeIgniter.php(361): CodeIgniter\CodeIgniter->handleRequest(null, Object(Config\Cache), false)
 9 FCPATH\index.php(79): CodeIgniter\CodeIgniter->run()
10 SYSTEMPATH\Commands\Server\rewrite.php(47): require_once('C:\\laragon\\www\\cappppp\\public\\index.php')
CRITICAL - 2024-09-28 17:36:31 --> CodeIgniter\HTTP\Exceptions\BadRequestException: The URI you submitted has disallowed characters: "download (1).jfif"
in SYSTEMPATH\Router\Router.php on line 704.
 1 SYSTEMPATH\Router\Router.php(195): CodeIgniter\Router\Router->checkDisallowedChars('uploads/download (1).jfif')
 2 SYSTEMPATH\CodeIgniter.php(825): CodeIgniter\Router\Router->handle('uploads/download (1).jfif')
 3 SYSTEMPATH\CodeIgniter.php(450): CodeIgniter\CodeIgniter->tryToRouteIt(Object(CodeIgniter\Router\RouteCollection))
 4 SYSTEMPATH\CodeIgniter.php(361): CodeIgniter\CodeIgniter->handleRequest(null, Object(Config\Cache), false)
 5 FCPATH\index.php(79): CodeIgniter\CodeIgniter->run()
 6 SYSTEMPATH\Commands\Server\rewrite.php(47): require_once('C:\\laragon\\www\\cappppp\\public\\index.php')
CRITICAL - 2024-09-28 17:37:13 --> CodeIgniter\HTTP\Exceptions\BadRequestException: The URI you submitted has disallowed characters: "download (1).jfif"
in SYSTEMPATH\Router\Router.php on line 704.
 1 SYSTEMPATH\Router\Router.php(195): CodeIgniter\Router\Router->checkDisallowedChars('uploads/download (1).jfif')
 2 SYSTEMPATH\CodeIgniter.php(825): CodeIgniter\Router\Router->handle('uploads/download (1).jfif')
 3 SYSTEMPATH\CodeIgniter.php(450): CodeIgniter\CodeIgniter->tryToRouteIt(Object(CodeIgniter\Router\RouteCollection))
 4 SYSTEMPATH\CodeIgniter.php(361): CodeIgniter\CodeIgniter->handleRequest(null, Object(Config\Cache), false)
 5 FCPATH\index.php(79): CodeIgniter\CodeIgniter->run()
 6 SYSTEMPATH\Commands\Server\rewrite.php(47): require_once('C:\\laragon\\www\\cappppp\\public\\index.php')
ERROR - 2024-09-28 18:05:52 --> mysqli_sql_exception: Column 'name' cannot be null in C:\laragon\www\cappppp\system\Database\MySQLi\Connection.php:306
Stack trace:
#0 C:\laragon\www\cappppp\system\Database\MySQLi\Connection.php(306): mysqli->query('INSERT INTO `pa...', 0)
#1 C:\laragon\www\cappppp\system\Database\BaseConnection.php(693): CodeIgniter\Database\MySQLi\Connection->execute('INSERT INTO `pa...')
#2 C:\laragon\www\cappppp\system\Database\BaseConnection.php(607): CodeIgniter\Database\BaseConnection->simpleQuery('INSERT INTO `pa...')
#3 C:\laragon\www\cappppp\system\Database\BaseBuilder.php(2307): CodeIgniter\Database\BaseConnection->query('INSERT INTO `pa...', Array, false)
#4 C:\laragon\www\cappppp\system\Model.php(327): CodeIgniter\Database\BaseBuilder->insert()
#5 C:\laragon\www\cappppp\system\BaseModel.php(802): CodeIgniter\Model->doInsert(Array)
#6 C:\laragon\www\cappppp\system\Model.php(749): CodeIgniter\BaseModel->insert(Array, true)
#7 C:\laragon\www\cappppp\app\Controllers\PaymentController.php(20): CodeIgniter\Model->insert(Array)
#8 C:\laragon\www\cappppp\system\CodeIgniter.php(943): App\Controllers\PaymentController->submit()
#9 C:\laragon\www\cappppp\system\CodeIgniter.php(503): CodeIgniter\CodeIgniter->runController(Object(App\Controllers\PaymentController))
#10 C:\laragon\www\cappppp\system\CodeIgniter.php(361): CodeIgniter\CodeIgniter->handleRequest(NULL, Object(Config\Cache), false)
#11 C:\laragon\www\cappppp\public\index.php(79): CodeIgniter\CodeIgniter->run()
#12 C:\laragon\www\cappppp\system\Commands\Server\rewrite.php(47): require_once('C:\\laragon\\www\\...')
#13 {main}
CRITICAL - 2024-09-28 18:05:52 --> CodeIgniter\Database\Exceptions\DatabaseException: Column 'name' cannot be null
in SYSTEMPATH\Database\BaseConnection.php on line 647.
 1 SYSTEMPATH\Database\BaseBuilder.php(2307): CodeIgniter\Database\BaseConnection->query('INSERT INTO `payments` (`card_number`, `name`, `address`, `payment_method`) VALUES (:card_number:, :name:, :address:, :payment_method:)', [...], false)
 2 SYSTEMPATH\Model.php(327): CodeIgniter\Database\BaseBuilder->insert()
 3 SYSTEMPATH\BaseModel.php(802): CodeIgniter\Model->doInsert([...])
 4 SYSTEMPATH\Model.php(749): CodeIgniter\BaseModel->insert([...], true)
 5 APPPATH\Controllers\PaymentController.php(20): CodeIgniter\Model->insert([...])
 6 SYSTEMPATH\CodeIgniter.php(943): App\Controllers\PaymentController->submit()
 7 SYSTEMPATH\CodeIgniter.php(503): CodeIgniter\CodeIgniter->runController(Object(App\Controllers\PaymentController))
 8 SYSTEMPATH\CodeIgniter.php(361): CodeIgniter\CodeIgniter->handleRequest(null, Object(Config\Cache), false)
 9 FCPATH\index.php(79): CodeIgniter\CodeIgniter->run()
10 SYSTEMPATH\Commands\Server\rewrite.php(47): require_once('C:\\laragon\\www\\cappppp\\public\\index.php')
CRITICAL - 2024-09-28 18:05:52 --> [Caused by] CodeIgniter\Database\Exceptions\DatabaseException: Column 'name' cannot be null
in SYSTEMPATH\Database\MySQLi\Connection.php on line 311.
 1 SYSTEMPATH\Database\BaseConnection.php(693): CodeIgniter\Database\MySQLi\Connection->execute('INSERT INTO `payments` (`card_number`, `name`, `address`, `payment_method`) VALUES (\'123214\', NULL, NULL, NULL)')
 2 SYSTEMPATH\Database\BaseConnection.php(607): CodeIgniter\Database\BaseConnection->simpleQuery('INSERT INTO `payments` (`card_number`, `name`, `address`, `payment_method`) VALUES (\'123214\', NULL, NULL, NULL)')
 3 SYSTEMPATH\Database\BaseBuilder.php(2307): CodeIgniter\Database\BaseConnection->query('INSERT INTO `payments` (`card_number`, `name`, `address`, `payment_method`) VALUES (:card_number:, :name:, :address:, :payment_method:)', [...], false)
 4 SYSTEMPATH\Model.php(327): CodeIgniter\Database\BaseBuilder->insert()
 5 SYSTEMPATH\BaseModel.php(802): CodeIgniter\Model->doInsert([...])
 6 SYSTEMPATH\Model.php(749): CodeIgniter\BaseModel->insert([...], true)
 7 APPPATH\Controllers\PaymentController.php(20): CodeIgniter\Model->insert([...])
 8 SYSTEMPATH\CodeIgniter.php(943): App\Controllers\PaymentController->submit()
 9 SYSTEMPATH\CodeIgniter.php(503): CodeIgniter\CodeIgniter->runController(Object(App\Controllers\PaymentController))
10 SYSTEMPATH\CodeIgniter.php(361): CodeIgniter\CodeIgniter->handleRequest(null, Object(Config\Cache), false)
11 FCPATH\index.php(79): CodeIgniter\CodeIgniter->run()
12 SYSTEMPATH\Commands\Server\rewrite.php(47): require_once('C:\\laragon\\www\\cappppp\\public\\index.php')
CRITICAL - 2024-09-28 18:05:52 --> [Caused by] mysqli_sql_exception: Column 'name' cannot be null
in SYSTEMPATH\Database\MySQLi\Connection.php on line 306.
 1 SYSTEMPATH\Database\MySQLi\Connection.php(306): mysqli->query('INSERT INTO `payments` (`card_number`, `name`, `address`, `payment_method`) VALUES (\'123214\', NULL, NULL, NULL)', 0)
 2 SYSTEMPATH\Database\BaseConnection.php(693): CodeIgniter\Database\MySQLi\Connection->execute('INSERT INTO `payments` (`card_number`, `name`, `address`, `payment_method`) VALUES (\'123214\', NULL, NULL, NULL)')
 3 SYSTEMPATH\Database\BaseConnection.php(607): CodeIgniter\Database\BaseConnection->simpleQuery('INSERT INTO `payments` (`card_number`, `name`, `address`, `payment_method`) VALUES (\'123214\', NULL, NULL, NULL)')
 4 SYSTEMPATH\Database\BaseBuilder.php(2307): CodeIgniter\Database\BaseConnection->query('INSERT INTO `payments` (`card_number`, `name`, `address`, `payment_method`) VALUES (:card_number:, :name:, :address:, :payment_method:)', [...], false)
 5 SYSTEMPATH\Model.php(327): CodeIgniter\Database\BaseBuilder->insert()
 6 SYSTEMPATH\BaseModel.php(802): CodeIgniter\Model->doInsert([...])
 7 SYSTEMPATH\Model.php(749): CodeIgniter\BaseModel->insert([...], true)
 8 APPPATH\Controllers\PaymentController.php(20): CodeIgniter\Model->insert([...])
 9 SYSTEMPATH\CodeIgniter.php(943): App\Controllers\PaymentController->submit()
10 SYSTEMPATH\CodeIgniter.php(503): CodeIgniter\CodeIgniter->runController(Object(App\Controllers\PaymentController))
11 SYSTEMPATH\CodeIgniter.php(361): CodeIgniter\CodeIgniter->handleRequest(null, Object(Config\Cache), false)
12 FCPATH\index.php(79): CodeIgniter\CodeIgniter->run()
13 SYSTEMPATH\Commands\Server\rewrite.php(47): require_once('C:\\laragon\\www\\cappppp\\public\\index.php')
CRITICAL - 2024-09-28 18:27:37 --> ErrorException: Undefined array key "image"
in APPPATH\Views\user\cars.php on line 221.
 1 APPPATH\Views\user\cars.php(221): CodeIgniter\Debug\Exceptions->errorHandler(2, 'Undefined array key "image"', 'C:\\laragon\\www\\cappppp\\app\\Views\\user\\cars.php', 221)
 2 SYSTEMPATH\View\View.php(228): include('C:\\laragon\\www\\cappppp\\app\\Views\\user\\cars.php')
 3 SYSTEMPATH\View\View.php(231): CodeIgniter\View\View->CodeIgniter\View\{closure}()
 4 SYSTEMPATH\Common.php(1178): CodeIgniter\View\View->render('user/cars', [], true)
 5 APPPATH\Controllers\CarController.php(20): view('user/cars', [...])
 6 SYSTEMPATH\CodeIgniter.php(943): App\Controllers\CarController->index()
 7 SYSTEMPATH\CodeIgniter.php(503): CodeIgniter\CodeIgniter->runController(Object(App\Controllers\CarController))
 8 SYSTEMPATH\CodeIgniter.php(361): CodeIgniter\CodeIgniter->handleRequest(null, Object(Config\Cache), false)
 9 FCPATH\index.php(79): CodeIgniter\CodeIgniter->run()
10 SYSTEMPATH\Commands\Server\rewrite.php(47): require_once('C:\\laragon\\www\\cappppp\\public\\index.php')
CRITICAL - 2024-09-28 18:48:28 --> ErrorException: Undefined array key "image"
in APPPATH\Views\user\cars.php on line 221.
 1 APPPATH\Views\user\cars.php(221): CodeIgniter\Debug\Exceptions->errorHandler(2, 'Undefined array key "image"', 'C:\\laragon\\www\\cappppp\\app\\Views\\user\\cars.php', 221)
 2 SYSTEMPATH\View\View.php(228): include('C:\\laragon\\www\\cappppp\\app\\Views\\user\\cars.php')
 3 SYSTEMPATH\View\View.php(231): CodeIgniter\View\View->CodeIgniter\View\{closure}()
 4 SYSTEMPATH\Common.php(1178): CodeIgniter\View\View->render('user/cars', [], true)
 5 APPPATH\Controllers\CarController.php(20): view('user/cars', [...])
 6 SYSTEMPATH\CodeIgniter.php(943): App\Controllers\CarController->index()
 7 SYSTEMPATH\CodeIgniter.php(503): CodeIgniter\CodeIgniter->runController(Object(App\Controllers\CarController))
 8 SYSTEMPATH\CodeIgniter.php(361): CodeIgniter\CodeIgniter->handleRequest(null, Object(Config\Cache), false)
 9 FCPATH\index.php(79): CodeIgniter\CodeIgniter->run()
10 SYSTEMPATH\Commands\Server\rewrite.php(47): require_once('C:\\laragon\\www\\cappppp\\public\\index.php')
CRITICAL - 2024-09-28 18:48:46 --> ErrorException: Undefined array key "image"
in APPPATH\Views\user\cars.php on line 221.
 1 APPPATH\Views\user\cars.php(221): CodeIgniter\Debug\Exceptions->errorHandler(2, 'Undefined array key "image"', 'C:\\laragon\\www\\cappppp\\app\\Views\\user\\cars.php', 221)
 2 SYSTEMPATH\View\View.php(228): include('C:\\laragon\\www\\cappppp\\app\\Views\\user\\cars.php')
 3 SYSTEMPATH\View\View.php(231): CodeIgniter\View\View->CodeIgniter\View\{closure}()
 4 SYSTEMPATH\Common.php(1178): CodeIgniter\View\View->render('user/cars', [], true)
 5 APPPATH\Controllers\CarController.php(20): view('user/cars', [...])
 6 SYSTEMPATH\CodeIgniter.php(943): App\Controllers\CarController->index()
 7 SYSTEMPATH\CodeIgniter.php(503): CodeIgniter\CodeIgniter->runController(Object(App\Controllers\CarController))
 8 SYSTEMPATH\CodeIgniter.php(361): CodeIgniter\CodeIgniter->handleRequest(null, Object(Config\Cache), false)
 9 FCPATH\index.php(79): CodeIgniter\CodeIgniter->run()
10 SYSTEMPATH\Commands\Server\rewrite.php(47): require_once('C:\\laragon\\www\\cappppp\\public\\index.php')
CRITICAL - 2024-09-28 18:49:19 --> ErrorException: Undefined array key "image"
in APPPATH\Views\user\cars.php on line 221.
 1 APPPATH\Views\user\cars.php(221): CodeIgniter\Debug\Exceptions->errorHandler(2, 'Undefined array key "image"', 'C:\\laragon\\www\\cappppp\\app\\Views\\user\\cars.php', 221)
 2 SYSTEMPATH\View\View.php(228): include('C:\\laragon\\www\\cappppp\\app\\Views\\user\\cars.php')
 3 SYSTEMPATH\View\View.php(231): CodeIgniter\View\View->CodeIgniter\View\{closure}()
 4 SYSTEMPATH\Common.php(1178): CodeIgniter\View\View->render('user/cars', [], true)
 5 APPPATH\Controllers\CarController.php(20): view('user/cars', [...])
 6 SYSTEMPATH\CodeIgniter.php(943): App\Controllers\CarController->index()
 7 SYSTEMPATH\CodeIgniter.php(503): CodeIgniter\CodeIgniter->runController(Object(App\Controllers\CarController))
 8 SYSTEMPATH\CodeIgniter.php(361): CodeIgniter\CodeIgniter->handleRequest(null, Object(Config\Cache), false)
 9 FCPATH\index.php(79): CodeIgniter\CodeIgniter->run()
10 SYSTEMPATH\Commands\Server\rewrite.php(47): require_once('C:\\laragon\\www\\cappppp\\public\\index.php')
CRITICAL - 2024-09-28 18:51:55 --> ErrorException: Undefined array key "image"
in APPPATH\Views\user\cars.php on line 221.
 1 APPPATH\Views\user\cars.php(221): CodeIgniter\Debug\Exceptions->errorHandler(2, 'Undefined array key "image"', 'C:\\laragon\\www\\cappppp\\app\\Views\\user\\cars.php', 221)
 2 SYSTEMPATH\View\View.php(228): include('C:\\laragon\\www\\cappppp\\app\\Views\\user\\cars.php')
 3 SYSTEMPATH\View\View.php(231): CodeIgniter\View\View->CodeIgniter\View\{closure}()
 4 SYSTEMPATH\Common.php(1178): CodeIgniter\View\View->render('user/cars', [], true)
 5 APPPATH\Controllers\CarController.php(20): view('user/cars', [...])
 6 SYSTEMPATH\CodeIgniter.php(943): App\Controllers\CarController->index()
 7 SYSTEMPATH\CodeIgniter.php(503): CodeIgniter\CodeIgniter->runController(Object(App\Controllers\CarController))
 8 SYSTEMPATH\CodeIgniter.php(361): CodeIgniter\CodeIgniter->handleRequest(null, Object(Config\Cache), false)
 9 FCPATH\index.php(79): CodeIgniter\CodeIgniter->run()
10 SYSTEMPATH\Commands\Server\rewrite.php(47): require_once('C:\\laragon\\www\\cappppp\\public\\index.php')
CRITICAL - 2024-09-28 18:58:37 --> ErrorException: Undefined array key "image"
in APPPATH\Views\user\cars.php on line 221.
 1 APPPATH\Views\user\cars.php(221): CodeIgniter\Debug\Exceptions->errorHandler(2, 'Undefined array key "image"', 'C:\\laragon\\www\\cappppp\\app\\Views\\user\\cars.php', 221)
 2 SYSTEMPATH\View\View.php(228): include('C:\\laragon\\www\\cappppp\\app\\Views\\user\\cars.php')
 3 SYSTEMPATH\View\View.php(231): CodeIgniter\View\View->CodeIgniter\View\{closure}()
 4 SYSTEMPATH\Common.php(1178): CodeIgniter\View\View->render('user/cars', [], true)
 5 APPPATH\Controllers\CarController.php(20): view('user/cars', [...])
 6 SYSTEMPATH\CodeIgniter.php(943): App\Controllers\CarController->index()
 7 SYSTEMPATH\CodeIgniter.php(503): CodeIgniter\CodeIgniter->runController(Object(App\Controllers\CarController))
 8 SYSTEMPATH\CodeIgniter.php(361): CodeIgniter\CodeIgniter->handleRequest(null, Object(Config\Cache), false)
 9 FCPATH\index.php(79): CodeIgniter\CodeIgniter->run()
10 SYSTEMPATH\Commands\Server\rewrite.php(47): require_once('C:\\laragon\\www\\cappppp\\public\\index.php')
CRITICAL - 2024-09-28 20:07:50 --> ErrorException: Undefined array key "image"
in APPPATH\Views\user\cars.php on line 221.
 1 APPPATH\Views\user\cars.php(221): CodeIgniter\Debug\Exceptions->errorHandler(2, 'Undefined array key "image"', 'C:\\laragon\\www\\cappppp\\app\\Views\\user\\cars.php', 221)
 2 SYSTEMPATH\View\View.php(228): include('C:\\laragon\\www\\cappppp\\app\\Views\\user\\cars.php')
 3 SYSTEMPATH\View\View.php(231): CodeIgniter\View\View->CodeIgniter\View\{closure}()
 4 SYSTEMPATH\Common.php(1178): CodeIgniter\View\View->render('user/cars', [], true)
 5 APPPATH\Controllers\CarController.php(20): view('user/cars', [...])
 6 SYSTEMPATH\CodeIgniter.php(943): App\Controllers\CarController->index()
 7 SYSTEMPATH\CodeIgniter.php(503): CodeIgniter\CodeIgniter->runController(Object(App\Controllers\CarController))
 8 SYSTEMPATH\CodeIgniter.php(361): CodeIgniter\CodeIgniter->handleRequest(null, Object(Config\Cache), false)
 9 FCPATH\index.php(79): CodeIgniter\CodeIgniter->run()
10 SYSTEMPATH\Commands\Server\rewrite.php(47): require_once('C:\\laragon\\www\\cappppp\\public\\index.php')
CRITICAL - 2024-09-28 20:09:58 --> ErrorException: Undefined array key "image"
in APPPATH\Views\user\cars.php on line 221.
 1 APPPATH\Views\user\cars.php(221): CodeIgniter\Debug\Exceptions->errorHandler(2, 'Undefined array key "image"', 'C:\\laragon\\www\\cappppp\\app\\Views\\user\\cars.php', 221)
 2 SYSTEMPATH\View\View.php(228): include('C:\\laragon\\www\\cappppp\\app\\Views\\user\\cars.php')
 3 SYSTEMPATH\View\View.php(231): CodeIgniter\View\View->CodeIgniter\View\{closure}()
 4 SYSTEMPATH\Common.php(1178): CodeIgniter\View\View->render('user/cars', [], true)
 5 APPPATH\Controllers\CarController.php(20): view('user/cars', [...])
 6 SYSTEMPATH\CodeIgniter.php(943): App\Controllers\CarController->index()
 7 SYSTEMPATH\CodeIgniter.php(503): CodeIgniter\CodeIgniter->runController(Object(App\Controllers\CarController))
 8 SYSTEMPATH\CodeIgniter.php(361): CodeIgniter\CodeIgniter->handleRequest(null, Object(Config\Cache), false)
 9 FCPATH\index.php(79): CodeIgniter\CodeIgniter->run()
10 SYSTEMPATH\Commands\Server\rewrite.php(47): require_once('C:\\laragon\\www\\cappppp\\public\\index.php')
