CRITICAL - 2024-11-02 00:15:04 --> ErrorException: Undefined array key "car_model"
in APPPATH\Views\admin\rental_management.php on line 379.
 1 APPPATH\Views\admin\rental_management.php(379): CodeIgniter\Debug\Exceptions->errorHandler(2, 'Undefined array key "car_model"', 'C:\\laragon\\www\\Final_Capstone\\app\\Views\\admin\\rental_management.php', 379)
 2 [internal function]: CodeIgniter\View\View->{closure}([...])
 3 APPPATH\Views\admin\rental_management.php(382): array_map(Object(Closure), [...])
 4 SYSTEMPATH\View\View.php(228): include('C:\\laragon\\www\\Final_Capstone\\app\\Views\\admin\\rental_management.php')
 5 SYSTEMPATH\View\View.php(231): CodeIgniter\View\View->CodeIgniter\View\{closure}()
 6 SYSTEMPATH\Common.php(1178): CodeIgniter\View\View->render('admin/rental_management', [], true)
 7 APPPATH\Controllers\Rental.php(130): view('admin/rental_management', [...])
 8 SYSTEMPATH\CodeIgniter.php(943): App\Controllers\Rental->adminIndex()
 9 SYSTEMPATH\CodeIgniter.php(503): CodeIgniter\CodeIgniter->runController(Object(App\Controllers\Rental))
10 SYSTEMPATH\CodeIgniter.php(361): CodeIgniter\CodeIgniter->handleRequest(null, Object(Config\Cache), false)
11 FCPATH\index.php(79): CodeIgniter\CodeIgniter->run()
12 SYSTEMPATH\Commands\Server\rewrite.php(47): require_once('C:\\laragon\\www\\Final_Capstone\\public\\index.php')
CRITICAL - 2024-11-02 00:21:50 --> ErrorException: Undefined array key "car_model"
in APPPATH\Views\admin\rental_management.php on line 379.
 1 APPPATH\Views\admin\rental_management.php(379): CodeIgniter\Debug\Exceptions->errorHandler(2, 'Undefined array key "car_model"', 'C:\\laragon\\www\\Final_Capstone\\app\\Views\\admin\\rental_management.php', 379)
 2 [internal function]: CodeIgniter\View\View->{closure}([...])
 3 APPPATH\Views\admin\rental_management.php(382): array_map(Object(Closure), [...])
 4 SYSTEMPATH\View\View.php(228): include('C:\\laragon\\www\\Final_Capstone\\app\\Views\\admin\\rental_management.php')
 5 SYSTEMPATH\View\View.php(231): CodeIgniter\View\View->CodeIgniter\View\{closure}()
 6 SYSTEMPATH\Common.php(1178): CodeIgniter\View\View->render('admin/rental_management', [], true)
 7 APPPATH\Controllers\Rental.php(130): view('admin/rental_management', [...])
 8 SYSTEMPATH\CodeIgniter.php(943): App\Controllers\Rental->adminIndex()
 9 SYSTEMPATH\CodeIgniter.php(503): CodeIgniter\CodeIgniter->runController(Object(App\Controllers\Rental))
10 SYSTEMPATH\CodeIgniter.php(361): CodeIgniter\CodeIgniter->handleRequest(null, Object(Config\Cache), false)
11 FCPATH\index.php(79): CodeIgniter\CodeIgniter->run()
12 SYSTEMPATH\Commands\Server\rewrite.php(47): require_once('C:\\laragon\\www\\Final_Capstone\\public\\index.php')
CRITICAL - 2024-11-02 00:29:43 --> ErrorException: Undefined variable $car
in APPPATH\Views\user\renting.php on line 278.
 1 APPPATH\Views\user\renting.php(278): CodeIgniter\Debug\Exceptions->errorHandler(2, 'Undefined variable $car', 'C:\\laragon\\www\\Final_Capstone\\app\\Views\\user\\renting.php', 278)
 2 SYSTEMPATH\View\View.php(228): include('C:\\laragon\\www\\Final_Capstone\\app\\Views\\user\\renting.php')
 3 SYSTEMPATH\View\View.php(231): CodeIgniter\View\View->CodeIgniter\View\{closure}()
 4 SYSTEMPATH\Common.php(1178): CodeIgniter\View\View->render('user/renting', [], true)
 5 APPPATH\Controllers\HomeController.php(37): view('user/renting')
 6 SYSTEMPATH\CodeIgniter.php(943): App\Controllers\HomeController->rent()
 7 SYSTEMPATH\CodeIgniter.php(503): CodeIgniter\CodeIgniter->runController(Object(App\Controllers\HomeController))
 8 SYSTEMPATH\CodeIgniter.php(361): CodeIgniter\CodeIgniter->handleRequest(null, Object(Config\Cache), false)
 9 FCPATH\index.php(79): CodeIgniter\CodeIgniter->run()
10 SYSTEMPATH\Commands\Server\rewrite.php(47): require_once('C:\\laragon\\www\\Final_Capstone\\public\\index.php')
CRITICAL - 2024-11-02 01:30:22 --> ErrorException: Undefined array key "color"
in APPPATH\Views\admin\rental_management.php on line 370.
 1 APPPATH\Views\admin\rental_management.php(370): CodeIgniter\Debug\Exceptions->errorHandler(2, 'Undefined array key "color"', 'C:\\laragon\\www\\Final_Capstone\\app\\Views\\admin\\rental_management.php', 370)
 2 [internal function]: CodeIgniter\View\View->{closure}([...])
 3 APPPATH\Views\admin\rental_management.php(379): array_map(Object(Closure), [...])
 4 SYSTEMPATH\View\View.php(228): include('C:\\laragon\\www\\Final_Capstone\\app\\Views\\admin\\rental_management.php')
 5 SYSTEMPATH\View\View.php(231): CodeIgniter\View\View->CodeIgniter\View\{closure}()
 6 SYSTEMPATH\Common.php(1178): CodeIgniter\View\View->render('admin/rental_management', [], true)
 7 APPPATH\Controllers\Rental.php(131): view('admin/rental_management', [...])
 8 SYSTEMPATH\CodeIgniter.php(943): App\Controllers\Rental->adminIndex()
 9 SYSTEMPATH\CodeIgniter.php(503): CodeIgniter\CodeIgniter->runController(Object(App\Controllers\Rental))
10 SYSTEMPATH\CodeIgniter.php(361): CodeIgniter\CodeIgniter->handleRequest(null, Object(Config\Cache), false)
11 FCPATH\index.php(79): CodeIgniter\CodeIgniter->run()
12 SYSTEMPATH\Commands\Server\rewrite.php(47): require_once('C:\\laragon\\www\\Final_Capstone\\public\\index.php')
CRITICAL - 2024-11-02 01:33:25 --> ErrorException: Undefined array key "carModel"
in APPPATH\Views\admin\rental_management.php on line 376.
 1 APPPATH\Views\admin\rental_management.php(376): CodeIgniter\Debug\Exceptions->errorHandler(2, 'Undefined array key "carModel"', 'C:\\laragon\\www\\Final_Capstone\\app\\Views\\admin\\rental_management.php', 376)
 2 [internal function]: CodeIgniter\View\View->{closure}([...])
 3 APPPATH\Views\admin\rental_management.php(380): array_map(Object(Closure), [...])
 4 SYSTEMPATH\View\View.php(228): include('C:\\laragon\\www\\Final_Capstone\\app\\Views\\admin\\rental_management.php')
 5 SYSTEMPATH\View\View.php(231): CodeIgniter\View\View->CodeIgniter\View\{closure}()
 6 SYSTEMPATH\Common.php(1178): CodeIgniter\View\View->render('admin/rental_management', [], true)
 7 APPPATH\Controllers\Rental.php(131): view('admin/rental_management', [...])
 8 SYSTEMPATH\CodeIgniter.php(943): App\Controllers\Rental->adminIndex()
 9 SYSTEMPATH\CodeIgniter.php(503): CodeIgniter\CodeIgniter->runController(Object(App\Controllers\Rental))
10 SYSTEMPATH\CodeIgniter.php(361): CodeIgniter\CodeIgniter->handleRequest(null, Object(Config\Cache), false)
11 FCPATH\index.php(79): CodeIgniter\CodeIgniter->run()
12 SYSTEMPATH\Commands\Server\rewrite.php(47): require_once('C:\\laragon\\www\\Final_Capstone\\public\\index.php')
CRITICAL - 2024-11-02 01:33:48 --> ErrorException: Undefined variable $product
in APPPATH\Views\admin\rental_management.php on line 376.
 1 APPPATH\Views\admin\rental_management.php(376): CodeIgniter\Debug\Exceptions->errorHandler(2, 'Undefined variable $product', 'C:\\laragon\\www\\Final_Capstone\\app\\Views\\admin\\rental_management.php', 376)
 2 [internal function]: CodeIgniter\View\View->{closure}([...])
 3 APPPATH\Views\admin\rental_management.php(380): array_map(Object(Closure), [...])
 4 SYSTEMPATH\View\View.php(228): include('C:\\laragon\\www\\Final_Capstone\\app\\Views\\admin\\rental_management.php')
 5 SYSTEMPATH\View\View.php(231): CodeIgniter\View\View->CodeIgniter\View\{closure}()
 6 SYSTEMPATH\Common.php(1178): CodeIgniter\View\View->render('admin/rental_management', [], true)
 7 APPPATH\Controllers\Rental.php(131): view('admin/rental_management', [...])
 8 SYSTEMPATH\CodeIgniter.php(943): App\Controllers\Rental->adminIndex()
 9 SYSTEMPATH\CodeIgniter.php(503): CodeIgniter\CodeIgniter->runController(Object(App\Controllers\Rental))
10 SYSTEMPATH\CodeIgniter.php(361): CodeIgniter\CodeIgniter->handleRequest(null, Object(Config\Cache), false)
11 FCPATH\index.php(79): CodeIgniter\CodeIgniter->run()
12 SYSTEMPATH\Commands\Server\rewrite.php(47): require_once('C:\\laragon\\www\\Final_Capstone\\public\\index.php')
CRITICAL - 2024-11-02 01:33:50 --> ErrorException: Undefined variable $product
in APPPATH\Views\admin\rental_management.php on line 376.
 1 APPPATH\Views\admin\rental_management.php(376): CodeIgniter\Debug\Exceptions->errorHandler(2, 'Undefined variable $product', 'C:\\laragon\\www\\Final_Capstone\\app\\Views\\admin\\rental_management.php', 376)
 2 [internal function]: CodeIgniter\View\View->{closure}([...])
 3 APPPATH\Views\admin\rental_management.php(380): array_map(Object(Closure), [...])
 4 SYSTEMPATH\View\View.php(228): include('C:\\laragon\\www\\Final_Capstone\\app\\Views\\admin\\rental_management.php')
 5 SYSTEMPATH\View\View.php(231): CodeIgniter\View\View->CodeIgniter\View\{closure}()
 6 SYSTEMPATH\Common.php(1178): CodeIgniter\View\View->render('admin/rental_management', [], true)
 7 APPPATH\Controllers\Rental.php(131): view('admin/rental_management', [...])
 8 SYSTEMPATH\CodeIgniter.php(943): App\Controllers\Rental->adminIndex()
 9 SYSTEMPATH\CodeIgniter.php(503): CodeIgniter\CodeIgniter->runController(Object(App\Controllers\Rental))
10 SYSTEMPATH\CodeIgniter.php(361): CodeIgniter\CodeIgniter->handleRequest(null, Object(Config\Cache), false)
11 FCPATH\index.php(79): CodeIgniter\CodeIgniter->run()
12 SYSTEMPATH\Commands\Server\rewrite.php(47): require_once('C:\\laragon\\www\\Final_Capstone\\public\\index.php')
CRITICAL - 2024-11-02 01:34:10 --> ErrorException: Undefined array key "carModel"
in APPPATH\Views\admin\rental_management.php on line 376.
 1 APPPATH\Views\admin\rental_management.php(376): CodeIgniter\Debug\Exceptions->errorHandler(2, 'Undefined array key "carModel"', 'C:\\laragon\\www\\Final_Capstone\\app\\Views\\admin\\rental_management.php', 376)
 2 [internal function]: CodeIgniter\View\View->{closure}([...])
 3 APPPATH\Views\admin\rental_management.php(380): array_map(Object(Closure), [...])
 4 SYSTEMPATH\View\View.php(228): include('C:\\laragon\\www\\Final_Capstone\\app\\Views\\admin\\rental_management.php')
 5 SYSTEMPATH\View\View.php(231): CodeIgniter\View\View->CodeIgniter\View\{closure}()
 6 SYSTEMPATH\Common.php(1178): CodeIgniter\View\View->render('admin/rental_management', [], true)
 7 APPPATH\Controllers\Rental.php(131): view('admin/rental_management', [...])
 8 SYSTEMPATH\CodeIgniter.php(943): App\Controllers\Rental->adminIndex()
 9 SYSTEMPATH\CodeIgniter.php(503): CodeIgniter\CodeIgniter->runController(Object(App\Controllers\Rental))
10 SYSTEMPATH\CodeIgniter.php(361): CodeIgniter\CodeIgniter->handleRequest(null, Object(Config\Cache), false)
11 FCPATH\index.php(79): CodeIgniter\CodeIgniter->run()
12 SYSTEMPATH\Commands\Server\rewrite.php(47): require_once('C:\\laragon\\www\\Final_Capstone\\public\\index.php')
CRITICAL - 2024-11-02 01:37:51 --> ErrorException: Undefined array key "carModel"
in APPPATH\Views\admin\rental_management.php on line 376.
 1 APPPATH\Views\admin\rental_management.php(376): CodeIgniter\Debug\Exceptions->errorHandler(2, 'Undefined array key "carModel"', 'C:\\laragon\\www\\Final_Capstone\\app\\Views\\admin\\rental_management.php', 376)
 2 [internal function]: CodeIgniter\View\View->{closure}([...])
 3 APPPATH\Views\admin\rental_management.php(380): array_map(Object(Closure), [...])
 4 SYSTEMPATH\View\View.php(228): include('C:\\laragon\\www\\Final_Capstone\\app\\Views\\admin\\rental_management.php')
 5 SYSTEMPATH\View\View.php(231): CodeIgniter\View\View->CodeIgniter\View\{closure}()
 6 SYSTEMPATH\Common.php(1178): CodeIgniter\View\View->render('admin/rental_management', [], true)
 7 APPPATH\Controllers\Rental.php(131): view('admin/rental_management', [...])
 8 SYSTEMPATH\CodeIgniter.php(943): App\Controllers\Rental->adminIndex()
 9 SYSTEMPATH\CodeIgniter.php(503): CodeIgniter\CodeIgniter->runController(Object(App\Controllers\Rental))
10 SYSTEMPATH\CodeIgniter.php(361): CodeIgniter\CodeIgniter->handleRequest(null, Object(Config\Cache), false)
11 FCPATH\index.php(79): CodeIgniter\CodeIgniter->run()
12 SYSTEMPATH\Commands\Server\rewrite.php(47): require_once('C:\\laragon\\www\\Final_Capstone\\public\\index.php')
CRITICAL - 2024-11-02 01:39:58 --> ParseError: syntax error, unexpected token ","
in APPPATH\Views\admin\rental_management.php on line 376.
 1 SYSTEMPATH\View\View.php(231): CodeIgniter\View\View->CodeIgniter\View\{closure}()
 2 SYSTEMPATH\Common.php(1178): CodeIgniter\View\View->render('admin/rental_management', [], true)
 3 APPPATH\Controllers\Rental.php(131): view('admin/rental_management', [...])
 4 SYSTEMPATH\CodeIgniter.php(943): App\Controllers\Rental->adminIndex()
 5 SYSTEMPATH\CodeIgniter.php(503): CodeIgniter\CodeIgniter->runController(Object(App\Controllers\Rental))
 6 SYSTEMPATH\CodeIgniter.php(361): CodeIgniter\CodeIgniter->handleRequest(null, Object(Config\Cache), false)
 7 FCPATH\index.php(79): CodeIgniter\CodeIgniter->run()
 8 SYSTEMPATH\Commands\Server\rewrite.php(47): require_once('C:\\laragon\\www\\Final_Capstone\\public\\index.php')
CRITICAL - 2024-11-02 01:51:05 --> ErrorException: Undefined array key "CarModel"
in APPPATH\Views\admin\rental_management.php on line 376.
 1 APPPATH\Views\admin\rental_management.php(376): CodeIgniter\Debug\Exceptions->errorHandler(2, 'Undefined array key "CarModel"', 'C:\\laragon\\www\\Final_Capstone\\app\\Views\\admin\\rental_management.php', 376)
 2 [internal function]: CodeIgniter\View\View->{closure}([...])
 3 APPPATH\Views\admin\rental_management.php(379): array_map(Object(Closure), [...])
 4 SYSTEMPATH\View\View.php(228): include('C:\\laragon\\www\\Final_Capstone\\app\\Views\\admin\\rental_management.php')
 5 SYSTEMPATH\View\View.php(231): CodeIgniter\View\View->CodeIgniter\View\{closure}()
 6 SYSTEMPATH\Common.php(1178): CodeIgniter\View\View->render('admin/rental_management', [], true)
 7 APPPATH\Controllers\Rental.php(131): view('admin/rental_management', [...])
 8 SYSTEMPATH\CodeIgniter.php(943): App\Controllers\Rental->adminIndex()
 9 SYSTEMPATH\CodeIgniter.php(503): CodeIgniter\CodeIgniter->runController(Object(App\Controllers\Rental))
10 SYSTEMPATH\CodeIgniter.php(361): CodeIgniter\CodeIgniter->handleRequest(null, Object(Config\Cache), false)
11 FCPATH\index.php(79): CodeIgniter\CodeIgniter->run()
12 SYSTEMPATH\Commands\Server\rewrite.php(47): require_once('C:\\laragon\\www\\Final_Capstone\\public\\index.php')
CRITICAL - 2024-11-02 01:53:52 --> ErrorException: Undefined array key "CarModel"
in APPPATH\Views\admin\rental_management.php on line 376.
 1 APPPATH\Views\admin\rental_management.php(376): CodeIgniter\Debug\Exceptions->errorHandler(2, 'Undefined array key "CarModel"', 'C:\\laragon\\www\\Final_Capstone\\app\\Views\\admin\\rental_management.php', 376)
 2 [internal function]: CodeIgniter\View\View->{closure}([...])
 3 APPPATH\Views\admin\rental_management.php(379): array_map(Object(Closure), [...])
 4 SYSTEMPATH\View\View.php(228): include('C:\\laragon\\www\\Final_Capstone\\app\\Views\\admin\\rental_management.php')
 5 SYSTEMPATH\View\View.php(231): CodeIgniter\View\View->CodeIgniter\View\{closure}()
 6 SYSTEMPATH\Common.php(1178): CodeIgniter\View\View->render('admin/rental_management', [], true)
 7 APPPATH\Controllers\Rental.php(131): view('admin/rental_management', [...])
 8 SYSTEMPATH\CodeIgniter.php(943): App\Controllers\Rental->adminIndex()
 9 SYSTEMPATH\CodeIgniter.php(503): CodeIgniter\CodeIgniter->runController(Object(App\Controllers\Rental))
10 SYSTEMPATH\CodeIgniter.php(361): CodeIgniter\CodeIgniter->handleRequest(null, Object(Config\Cache), false)
11 FCPATH\index.php(79): CodeIgniter\CodeIgniter->run()
12 SYSTEMPATH\Commands\Server\rewrite.php(47): require_once('C:\\laragon\\www\\Final_Capstone\\public\\index.php')
CRITICAL - 2024-11-02 01:53:54 --> ErrorException: Undefined array key "CarModel"
in APPPATH\Views\admin\rental_management.php on line 376.
 1 APPPATH\Views\admin\rental_management.php(376): CodeIgniter\Debug\Exceptions->errorHandler(2, 'Undefined array key "CarModel"', 'C:\\laragon\\www\\Final_Capstone\\app\\Views\\admin\\rental_management.php', 376)
 2 [internal function]: CodeIgniter\View\View->{closure}([...])
 3 APPPATH\Views\admin\rental_management.php(379): array_map(Object(Closure), [...])
 4 SYSTEMPATH\View\View.php(228): include('C:\\laragon\\www\\Final_Capstone\\app\\Views\\admin\\rental_management.php')
 5 SYSTEMPATH\View\View.php(231): CodeIgniter\View\View->CodeIgniter\View\{closure}()
 6 SYSTEMPATH\Common.php(1178): CodeIgniter\View\View->render('admin/rental_management', [], true)
 7 APPPATH\Controllers\Rental.php(131): view('admin/rental_management', [...])
 8 SYSTEMPATH\CodeIgniter.php(943): App\Controllers\Rental->adminIndex()
 9 SYSTEMPATH\CodeIgniter.php(503): CodeIgniter\CodeIgniter->runController(Object(App\Controllers\Rental))
10 SYSTEMPATH\CodeIgniter.php(361): CodeIgniter\CodeIgniter->handleRequest(null, Object(Config\Cache), false)
11 FCPATH\index.php(79): CodeIgniter\CodeIgniter->run()
12 SYSTEMPATH\Commands\Server\rewrite.php(47): require_once('C:\\laragon\\www\\Final_Capstone\\public\\index.php')
CRITICAL - 2024-11-02 03:17:54 --> ErrorException: Undefined variable $rental
in APPPATH\Views\admin\rental_management.php on line 356.
 1 APPPATH\Views\admin\rental_management.php(356): CodeIgniter\Debug\Exceptions->errorHandler(2, 'Undefined variable $rental', 'C:\\laragon\\www\\Final_Capstone\\app\\Views\\admin\\rental_management.php', 356)
 2 SYSTEMPATH\View\View.php(228): include('C:\\laragon\\www\\Final_Capstone\\app\\Views\\admin\\rental_management.php')
 3 SYSTEMPATH\View\View.php(231): CodeIgniter\View\View->CodeIgniter\View\{closure}()
 4 SYSTEMPATH\Common.php(1178): CodeIgniter\View\View->render('admin/rental_management', [], true)
 5 APPPATH\Controllers\Rental.php(131): view('admin/rental_management', [...])
 6 SYSTEMPATH\CodeIgniter.php(943): App\Controllers\Rental->adminIndex()
 7 SYSTEMPATH\CodeIgniter.php(503): CodeIgniter\CodeIgniter->runController(Object(App\Controllers\Rental))
 8 SYSTEMPATH\CodeIgniter.php(361): CodeIgniter\CodeIgniter->handleRequest(null, Object(Config\Cache), false)
 9 FCPATH\index.php(79): CodeIgniter\CodeIgniter->run()
10 SYSTEMPATH\Commands\Server\rewrite.php(47): require_once('C:\\laragon\\www\\Final_Capstone\\public\\index.php')
CRITICAL - 2024-11-02 03:21:04 --> ErrorException: Undefined array key "ApprovalStatus"
in APPPATH\Views\admin\rental_management.php on line 389.
 1 APPPATH\Views\admin\rental_management.php(389): CodeIgniter\Debug\Exceptions->errorHandler(2, 'Undefined array key "ApprovalStatus"', 'C:\\laragon\\www\\Final_Capstone\\app\\Views\\admin\\rental_management.php', 389)
 2 [internal function]: CodeIgniter\View\View->{closure}([...])
 3 APPPATH\Views\admin\rental_management.php(392): array_map(Object(Closure), [...])
 4 SYSTEMPATH\View\View.php(228): include('C:\\laragon\\www\\Final_Capstone\\app\\Views\\admin\\rental_management.php')
 5 SYSTEMPATH\View\View.php(231): CodeIgniter\View\View->CodeIgniter\View\{closure}()
 6 SYSTEMPATH\Common.php(1178): CodeIgniter\View\View->render('admin/rental_management', [], true)
 7 APPPATH\Controllers\Rental.php(131): view('admin/rental_management', [...])
 8 SYSTEMPATH\CodeIgniter.php(943): App\Controllers\Rental->adminIndex()
 9 SYSTEMPATH\CodeIgniter.php(503): CodeIgniter\CodeIgniter->runController(Object(App\Controllers\Rental))
10 SYSTEMPATH\CodeIgniter.php(361): CodeIgniter\CodeIgniter->handleRequest(null, Object(Config\Cache), false)
11 FCPATH\index.php(79): CodeIgniter\CodeIgniter->run()
12 SYSTEMPATH\Commands\Server\rewrite.php(47): require_once('C:\\laragon\\www\\Final_Capstone\\public\\index.php')
CRITICAL - 2024-11-02 03:54:37 --> ArgumentCountError: Too few arguments to function App\Models\RentingModel::getRentalsWithUserAndProductInfo(), 0 passed in C:\laragon\www\Final_Capstone\app\Controllers\HistoryController.php on line 21 and exactly 1 expected
in APPPATH\Models\RentingModel.php on line 34.
 1 APPPATH\Controllers\HistoryController.php(21): App\Models\RentingModel->getRentalsWithUserAndProductInfo()
 2 SYSTEMPATH\CodeIgniter.php(943): App\Controllers\HistoryController->combinedHistory()
 3 SYSTEMPATH\CodeIgniter.php(503): CodeIgniter\CodeIgniter->runController(Object(App\Controllers\HistoryController))
 4 SYSTEMPATH\CodeIgniter.php(361): CodeIgniter\CodeIgniter->handleRequest(null, Object(Config\Cache), false)
 5 FCPATH\index.php(79): CodeIgniter\CodeIgniter->run()
 6 SYSTEMPATH\Commands\Server\rewrite.php(47): require_once('C:\\laragon\\www\\Final_Capstone\\public\\index.php')
CRITICAL - 2024-11-02 03:55:32 --> ErrorException: Undefined array key "Name"
in APPPATH\Views\combined_history.php on line 123.
 1 APPPATH\Views\combined_history.php(123): CodeIgniter\Debug\Exceptions->errorHandler(2, 'Undefined array key "Name"', 'C:\\laragon\\www\\Final_Capstone\\app\\Views\\combined_history.php', 123)
 2 SYSTEMPATH\View\View.php(228): include('C:\\laragon\\www\\Final_Capstone\\app\\Views\\combined_history.php')
 3 SYSTEMPATH\View\View.php(231): CodeIgniter\View\View->CodeIgniter\View\{closure}()
 4 SYSTEMPATH\Common.php(1178): CodeIgniter\View\View->render('combined_history', [], true)
 5 APPPATH\Controllers\HistoryController.php(34): view('combined_history', [...])
 6 SYSTEMPATH\CodeIgniter.php(943): App\Controllers\HistoryController->combinedHistory()
 7 SYSTEMPATH\CodeIgniter.php(503): CodeIgniter\CodeIgniter->runController(Object(App\Controllers\HistoryController))
 8 SYSTEMPATH\CodeIgniter.php(361): CodeIgniter\CodeIgniter->handleRequest(null, Object(Config\Cache), false)
 9 FCPATH\index.php(79): CodeIgniter\CodeIgniter->run()
10 SYSTEMPATH\Commands\Server\rewrite.php(47): require_once('C:\\laragon\\www\\Final_Capstone\\public\\index.php')
CRITICAL - 2024-11-02 03:56:08 --> ErrorException: Undefined array key "name"
in APPPATH\Views\combined_history.php on line 123.
 1 APPPATH\Views\combined_history.php(123): CodeIgniter\Debug\Exceptions->errorHandler(2, 'Undefined array key "name"', 'C:\\laragon\\www\\Final_Capstone\\app\\Views\\combined_history.php', 123)
 2 SYSTEMPATH\View\View.php(228): include('C:\\laragon\\www\\Final_Capstone\\app\\Views\\combined_history.php')
 3 SYSTEMPATH\View\View.php(231): CodeIgniter\View\View->CodeIgniter\View\{closure}()
 4 SYSTEMPATH\Common.php(1178): CodeIgniter\View\View->render('combined_history', [], true)
 5 APPPATH\Controllers\HistoryController.php(34): view('combined_history', [...])
 6 SYSTEMPATH\CodeIgniter.php(943): App\Controllers\HistoryController->combinedHistory()
 7 SYSTEMPATH\CodeIgniter.php(503): CodeIgniter\CodeIgniter->runController(Object(App\Controllers\HistoryController))
 8 SYSTEMPATH\CodeIgniter.php(361): CodeIgniter\CodeIgniter->handleRequest(null, Object(Config\Cache), false)
 9 FCPATH\index.php(79): CodeIgniter\CodeIgniter->run()
10 SYSTEMPATH\Commands\Server\rewrite.php(47): require_once('C:\\laragon\\www\\Final_Capstone\\public\\index.php')
CRITICAL - 2024-11-02 03:56:10 --> ErrorException: Undefined array key "name"
in APPPATH\Views\combined_history.php on line 123.
 1 APPPATH\Views\combined_history.php(123): CodeIgniter\Debug\Exceptions->errorHandler(2, 'Undefined array key "name"', 'C:\\laragon\\www\\Final_Capstone\\app\\Views\\combined_history.php', 123)
 2 SYSTEMPATH\View\View.php(228): include('C:\\laragon\\www\\Final_Capstone\\app\\Views\\combined_history.php')
 3 SYSTEMPATH\View\View.php(231): CodeIgniter\View\View->CodeIgniter\View\{closure}()
 4 SYSTEMPATH\Common.php(1178): CodeIgniter\View\View->render('combined_history', [], true)
 5 APPPATH\Controllers\HistoryController.php(34): view('combined_history', [...])
 6 SYSTEMPATH\CodeIgniter.php(943): App\Controllers\HistoryController->combinedHistory()
 7 SYSTEMPATH\CodeIgniter.php(503): CodeIgniter\CodeIgniter->runController(Object(App\Controllers\HistoryController))
 8 SYSTEMPATH\CodeIgniter.php(361): CodeIgniter\CodeIgniter->handleRequest(null, Object(Config\Cache), false)
 9 FCPATH\index.php(79): CodeIgniter\CodeIgniter->run()
10 SYSTEMPATH\Commands\Server\rewrite.php(47): require_once('C:\\laragon\\www\\Final_Capstone\\public\\index.php')
ERROR - 2024-11-02 05:15:29 --> Validation failed: {"start_date":"The start_date field is required.","end_date":"The end_date field is required.","start_time":"The start_time field is required.","end_time":"The end_time field is required."}
CRITICAL - 2024-11-02 05:15:59 --> ErrorException: Undefined variable $car
in APPPATH\Views\user\renting.php on line 278.
 1 APPPATH\Views\user\renting.php(278): CodeIgniter\Debug\Exceptions->errorHandler(2, 'Undefined variable $car', 'C:\\laragon\\www\\Final_Capstone\\app\\Views\\user\\renting.php', 278)
 2 SYSTEMPATH\View\View.php(228): include('C:\\laragon\\www\\Final_Capstone\\app\\Views\\user\\renting.php')
 3 SYSTEMPATH\View\View.php(231): CodeIgniter\View\View->CodeIgniter\View\{closure}()
 4 SYSTEMPATH\Common.php(1178): CodeIgniter\View\View->render('user/renting', [], true)
 5 APPPATH\Controllers\HomeController.php(37): view('user/renting')
 6 SYSTEMPATH\CodeIgniter.php(943): App\Controllers\HomeController->rent()
 7 SYSTEMPATH\CodeIgniter.php(503): CodeIgniter\CodeIgniter->runController(Object(App\Controllers\HomeController))
 8 SYSTEMPATH\CodeIgniter.php(361): CodeIgniter\CodeIgniter->handleRequest(null, Object(Config\Cache), false)
 9 FCPATH\index.php(79): CodeIgniter\CodeIgniter->run()
10 SYSTEMPATH\Commands\Server\rewrite.php(47): require_once('C:\\laragon\\www\\Final_Capstone\\public\\index.php')
ERROR - 2024-11-02 05:18:32 --> Validation failed: {"name":"The name field is required."}
CRITICAL - 2024-11-02 06:01:45 --> ErrorException: Undefined variable $car
in APPPATH\Views\user\renting.php on line 278.
 1 APPPATH\Views\user\renting.php(278): CodeIgniter\Debug\Exceptions->errorHandler(2, 'Undefined variable $car', 'C:\\laragon\\www\\Final_Capstone\\app\\Views\\user\\renting.php', 278)
 2 SYSTEMPATH\View\View.php(228): include('C:\\laragon\\www\\Final_Capstone\\app\\Views\\user\\renting.php')
 3 SYSTEMPATH\View\View.php(231): CodeIgniter\View\View->CodeIgniter\View\{closure}()
 4 SYSTEMPATH\Common.php(1178): CodeIgniter\View\View->render('user/renting', [], true)
 5 APPPATH\Controllers\HomeController.php(37): view('user/renting')
 6 SYSTEMPATH\CodeIgniter.php(943): App\Controllers\HomeController->rent()
 7 SYSTEMPATH\CodeIgniter.php(503): CodeIgniter\CodeIgniter->runController(Object(App\Controllers\HomeController))
 8 SYSTEMPATH\CodeIgniter.php(361): CodeIgniter\CodeIgniter->handleRequest(null, Object(Config\Cache), false)
 9 FCPATH\index.php(79): CodeIgniter\CodeIgniter->run()
10 SYSTEMPATH\Commands\Server\rewrite.php(47): require_once('C:\\laragon\\www\\Final_Capstone\\public\\index.php')
CRITICAL - 2024-11-02 07:48:32 --> ErrorException: Undefined array key "ApprovalStatus"
in APPPATH\Views\admin\rental_management.php on line 378.
 1 APPPATH\Views\admin\rental_management.php(378): CodeIgniter\Debug\Exceptions->errorHandler(2, 'Undefined array key "ApprovalStatus"', 'C:\\laragon\\www\\Final_Capstone\\app\\Views\\admin\\rental_management.php', 378)
 2 [internal function]: CodeIgniter\View\View->{closure}([...])
 3 APPPATH\Views\admin\rental_management.php(381): array_map(Object(Closure), [...])
 4 SYSTEMPATH\View\View.php(228): include('C:\\laragon\\www\\Final_Capstone\\app\\Views\\admin\\rental_management.php')
 5 SYSTEMPATH\View\View.php(231): CodeIgniter\View\View->CodeIgniter\View\{closure}()
 6 SYSTEMPATH\Common.php(1178): CodeIgniter\View\View->render('admin/rental_management', [], true)
 7 APPPATH\Controllers\Rental.php(130): view('admin/rental_management', [...])
 8 SYSTEMPATH\CodeIgniter.php(943): App\Controllers\Rental->adminIndex()
 9 SYSTEMPATH\CodeIgniter.php(503): CodeIgniter\CodeIgniter->runController(Object(App\Controllers\Rental))
10 SYSTEMPATH\CodeIgniter.php(361): CodeIgniter\CodeIgniter->handleRequest(null, Object(Config\Cache), false)
11 FCPATH\index.php(79): CodeIgniter\CodeIgniter->run()
12 SYSTEMPATH\Commands\Server\rewrite.php(47): require_once('C:\\laragon\\www\\Final_Capstone\\public\\index.php')
CRITICAL - 2024-11-02 07:48:42 --> ErrorException: Undefined array key "ApprovalStatus"
in APPPATH\Views\admin\rental_management.php on line 378.
 1 APPPATH\Views\admin\rental_management.php(378): CodeIgniter\Debug\Exceptions->errorHandler(2, 'Undefined array key "ApprovalStatus"', 'C:\\laragon\\www\\Final_Capstone\\app\\Views\\admin\\rental_management.php', 378)
 2 [internal function]: CodeIgniter\View\View->{closure}([...])
 3 APPPATH\Views\admin\rental_management.php(381): array_map(Object(Closure), [...])
 4 SYSTEMPATH\View\View.php(228): include('C:\\laragon\\www\\Final_Capstone\\app\\Views\\admin\\rental_management.php')
 5 SYSTEMPATH\View\View.php(231): CodeIgniter\View\View->CodeIgniter\View\{closure}()
 6 SYSTEMPATH\Common.php(1178): CodeIgniter\View\View->render('admin/rental_management', [], true)
 7 APPPATH\Controllers\Rental.php(130): view('admin/rental_management', [...])
 8 SYSTEMPATH\CodeIgniter.php(943): App\Controllers\Rental->adminIndex()
 9 SYSTEMPATH\CodeIgniter.php(503): CodeIgniter\CodeIgniter->runController(Object(App\Controllers\Rental))
10 SYSTEMPATH\CodeIgniter.php(361): CodeIgniter\CodeIgniter->handleRequest(null, Object(Config\Cache), false)
11 FCPATH\index.php(79): CodeIgniter\CodeIgniter->run()
12 SYSTEMPATH\Commands\Server\rewrite.php(47): require_once('C:\\laragon\\www\\Final_Capstone\\public\\index.php')
CRITICAL - 2024-11-02 07:51:36 --> ErrorException: Undefined array key "id"
in APPPATH\Views\combined_history.php on line 133.
 1 APPPATH\Views\combined_history.php(133): CodeIgniter\Debug\Exceptions->errorHandler(2, 'Undefined array key "id"', 'C:\\laragon\\www\\Final_Capstone\\app\\Views\\combined_history.php', 133)
 2 SYSTEMPATH\View\View.php(228): include('C:\\laragon\\www\\Final_Capstone\\app\\Views\\combined_history.php')
 3 SYSTEMPATH\View\View.php(231): CodeIgniter\View\View->CodeIgniter\View\{closure}()
 4 SYSTEMPATH\Common.php(1178): CodeIgniter\View\View->render('combined_history', [], true)
 5 APPPATH\Controllers\HistoryController.php(34): view('combined_history', [...])
 6 SYSTEMPATH\CodeIgniter.php(943): App\Controllers\HistoryController->combinedHistory()
 7 SYSTEMPATH\CodeIgniter.php(503): CodeIgniter\CodeIgniter->runController(Object(App\Controllers\HistoryController))
 8 SYSTEMPATH\CodeIgniter.php(361): CodeIgniter\CodeIgniter->handleRequest(null, Object(Config\Cache), false)
 9 FCPATH\index.php(79): CodeIgniter\CodeIgniter->run()
10 SYSTEMPATH\Commands\Server\rewrite.php(47): require_once('C:\\laragon\\www\\Final_Capstone\\public\\index.php')
CRITICAL - 2024-11-02 11:45:05 --> ErrorException: Undefined variable $car
in APPPATH\Views\user\renting.php on line 278.
 1 APPPATH\Views\user\renting.php(278): CodeIgniter\Debug\Exceptions->errorHandler(2, 'Undefined variable $car', 'C:\\laragon\\www\\Final_Capstone\\app\\Views\\user\\renting.php', 278)
 2 SYSTEMPATH\View\View.php(228): include('C:\\laragon\\www\\Final_Capstone\\app\\Views\\user\\renting.php')
 3 SYSTEMPATH\View\View.php(231): CodeIgniter\View\View->CodeIgniter\View\{closure}()
 4 SYSTEMPATH\Common.php(1178): CodeIgniter\View\View->render('user/renting', [], true)
 5 APPPATH\Controllers\HomeController.php(37): view('user/renting')
 6 SYSTEMPATH\CodeIgniter.php(943): App\Controllers\HomeController->rent()
 7 SYSTEMPATH\CodeIgniter.php(503): CodeIgniter\CodeIgniter->runController(Object(App\Controllers\HomeController))
 8 SYSTEMPATH\CodeIgniter.php(361): CodeIgniter\CodeIgniter->handleRequest(null, Object(Config\Cache), false)
 9 FCPATH\index.php(79): CodeIgniter\CodeIgniter->run()
10 SYSTEMPATH\Commands\Server\rewrite.php(47): require_once('C:\\laragon\\www\\Final_Capstone\\public\\index.php')
ERROR - 2024-11-02 11:49:04 --> Rental submission attempted without user_id in session
CRITICAL - 2024-11-02 13:15:10 --> ErrorException: Undefined variable $car
in APPPATH\Views\user\renting.php on line 278.
 1 APPPATH\Views\user\renting.php(278): CodeIgniter\Debug\Exceptions->errorHandler(2, 'Undefined variable $car', 'C:\\laragon\\www\\Final_Capstone\\app\\Views\\user\\renting.php', 278)
 2 SYSTEMPATH\View\View.php(228): include('C:\\laragon\\www\\Final_Capstone\\app\\Views\\user\\renting.php')
 3 SYSTEMPATH\View\View.php(231): CodeIgniter\View\View->CodeIgniter\View\{closure}()
 4 SYSTEMPATH\Common.php(1178): CodeIgniter\View\View->render('user/renting', [], true)
 5 APPPATH\Controllers\HomeController.php(37): view('user/renting')
 6 SYSTEMPATH\CodeIgniter.php(943): App\Controllers\HomeController->rent()
 7 SYSTEMPATH\CodeIgniter.php(503): CodeIgniter\CodeIgniter->runController(Object(App\Controllers\HomeController))
 8 SYSTEMPATH\CodeIgniter.php(361): CodeIgniter\CodeIgniter->handleRequest(null, Object(Config\Cache), false)
 9 FCPATH\index.php(79): CodeIgniter\CodeIgniter->run()
10 SYSTEMPATH\Commands\Server\rewrite.php(47): require_once('C:\\laragon\\www\\Final_Capstone\\public\\index.php')
CRITICAL - 2024-11-02 14:45:26 --> ErrorException: Undefined variable $car
in APPPATH\Views\user\renting.php on line 278.
 1 APPPATH\Views\user\renting.php(278): CodeIgniter\Debug\Exceptions->errorHandler(2, 'Undefined variable $car', 'C:\\laragon\\www\\Final_Capstone\\app\\Views\\user\\renting.php', 278)
 2 SYSTEMPATH\View\View.php(228): include('C:\\laragon\\www\\Final_Capstone\\app\\Views\\user\\renting.php')
 3 SYSTEMPATH\View\View.php(231): CodeIgniter\View\View->CodeIgniter\View\{closure}()
 4 SYSTEMPATH\Common.php(1178): CodeIgniter\View\View->render('user/renting', [], true)
 5 APPPATH\Controllers\HomeController.php(37): view('user/renting')
 6 SYSTEMPATH\CodeIgniter.php(943): App\Controllers\HomeController->rent()
 7 SYSTEMPATH\CodeIgniter.php(503): CodeIgniter\CodeIgniter->runController(Object(App\Controllers\HomeController))
 8 SYSTEMPATH\CodeIgniter.php(361): CodeIgniter\CodeIgniter->handleRequest(null, Object(Config\Cache), false)
 9 FCPATH\index.php(79): CodeIgniter\CodeIgniter->run()
10 SYSTEMPATH\Commands\Server\rewrite.php(47): require_once('C:\\laragon\\www\\Final_Capstone\\public\\index.php')
CRITICAL - 2024-11-02 15:39:48 --> ErrorException: Undefined array key "latitude"
in APPPATH\Views\admin\rental_management.php on line 424.
 1 APPPATH\Views\admin\rental_management.php(424): CodeIgniter\Debug\Exceptions->errorHandler(2, 'Undefined array key "latitude"', 'C:\\laragon\\www\\Final_Capstone\\app\\Views\\admin\\rental_management.php', 424)
 2 [internal function]: CodeIgniter\View\View->{closure}([...])
 3 APPPATH\Views\admin\rental_management.php(432): array_map(Object(Closure), [...])
 4 SYSTEMPATH\View\View.php(228): include('C:\\laragon\\www\\Final_Capstone\\app\\Views\\admin\\rental_management.php')
 5 SYSTEMPATH\View\View.php(231): CodeIgniter\View\View->CodeIgniter\View\{closure}()
 6 SYSTEMPATH\Common.php(1178): CodeIgniter\View\View->render('admin/rental_management', [], true)
 7 APPPATH\Controllers\Rental.php(130): view('admin/rental_management', [...])
 8 SYSTEMPATH\CodeIgniter.php(943): App\Controllers\Rental->adminIndex()
 9 SYSTEMPATH\CodeIgniter.php(503): CodeIgniter\CodeIgniter->runController(Object(App\Controllers\Rental))
10 SYSTEMPATH\CodeIgniter.php(361): CodeIgniter\CodeIgniter->handleRequest(null, Object(Config\Cache), false)
11 FCPATH\index.php(79): CodeIgniter\CodeIgniter->run()
12 SYSTEMPATH\Commands\Server\rewrite.php(47): require_once('C:\\laragon\\www\\Final_Capstone\\public\\index.php')
CRITICAL - 2024-11-02 16:48:09 --> Error: Class "App\Controllers\PurchasingModel" not found
in APPPATH\Controllers\HistoryController.php on line 20.
 1 SYSTEMPATH\CodeIgniter.php(943): App\Controllers\HistoryController->combinedHistory()
 2 SYSTEMPATH\CodeIgniter.php(503): CodeIgniter\CodeIgniter->runController(Object(App\Controllers\HistoryController))
 3 SYSTEMPATH\CodeIgniter.php(361): CodeIgniter\CodeIgniter->handleRequest(null, Object(Config\Cache), false)
 4 FCPATH\index.php(79): CodeIgniter\CodeIgniter->run()
 5 SYSTEMPATH\Commands\Server\rewrite.php(47): require_once('C:\\laragon\\www\\Final_Capstone\\public\\index.php')
CRITICAL - 2024-11-02 16:49:17 --> ErrorException: Undefined array key "id"
in APPPATH\Views\combined_history.php on line 131.
 1 APPPATH\Views\combined_history.php(131): CodeIgniter\Debug\Exceptions->errorHandler(2, 'Undefined array key "id"', 'C:\\laragon\\www\\Final_Capstone\\app\\Views\\combined_history.php', 131)
 2 SYSTEMPATH\View\View.php(228): include('C:\\laragon\\www\\Final_Capstone\\app\\Views\\combined_history.php')
 3 SYSTEMPATH\View\View.php(231): CodeIgniter\View\View->CodeIgniter\View\{closure}()
 4 SYSTEMPATH\Common.php(1178): CodeIgniter\View\View->render('combined_history', [], true)
 5 APPPATH\Controllers\HistoryController.php(37): view('combined_history', [...])
 6 SYSTEMPATH\CodeIgniter.php(943): App\Controllers\HistoryController->combinedHistory()
 7 SYSTEMPATH\CodeIgniter.php(503): CodeIgniter\CodeIgniter->runController(Object(App\Controllers\HistoryController))
 8 SYSTEMPATH\CodeIgniter.php(361): CodeIgniter\CodeIgniter->handleRequest(null, Object(Config\Cache), false)
 9 FCPATH\index.php(79): CodeIgniter\CodeIgniter->run()
10 SYSTEMPATH\Commands\Server\rewrite.php(47): require_once('C:\\laragon\\www\\Final_Capstone\\public\\index.php')
CRITICAL - 2024-11-02 23:17:34 --> Error: Class "App\Controllers\ProductModel" not found
in APPPATH\Controllers\Rental.php on line 48.
 1 SYSTEMPATH\CodeIgniter.php(943): App\Controllers\Rental->submit()
 2 SYSTEMPATH\CodeIgniter.php(503): CodeIgniter\CodeIgniter->runController(Object(App\Controllers\Rental))
 3 SYSTEMPATH\CodeIgniter.php(361): CodeIgniter\CodeIgniter->handleRequest(null, Object(Config\Cache), false)
 4 FCPATH\index.php(79): CodeIgniter\CodeIgniter->run()
 5 SYSTEMPATH\Commands\Server\rewrite.php(47): require_once('C:\\laragon\\www\\Final_Capstone\\public\\index.php')
CRITICAL - 2024-11-02 23:17:44 --> Error: Class "App\Controllers\ProductModel" not found
in APPPATH\Controllers\Rental.php on line 48.
 1 SYSTEMPATH\CodeIgniter.php(943): App\Controllers\Rental->submit()
 2 SYSTEMPATH\CodeIgniter.php(503): CodeIgniter\CodeIgniter->runController(Object(App\Controllers\Rental))
 3 SYSTEMPATH\CodeIgniter.php(361): CodeIgniter\CodeIgniter->handleRequest(null, Object(Config\Cache), false)
 4 FCPATH\index.php(79): CodeIgniter\CodeIgniter->run()
 5 SYSTEMPATH\Commands\Server\rewrite.php(47): require_once('C:\\laragon\\www\\Final_Capstone\\public\\index.php')
CRITICAL - 2024-11-02 23:18:00 --> Error: Class "App\Controllers\ProductModel" not found
in APPPATH\Controllers\Rental.php on line 48.
 1 SYSTEMPATH\CodeIgniter.php(943): App\Controllers\Rental->submit()
 2 SYSTEMPATH\CodeIgniter.php(503): CodeIgniter\CodeIgniter->runController(Object(App\Controllers\Rental))
 3 SYSTEMPATH\CodeIgniter.php(361): CodeIgniter\CodeIgniter->handleRequest(null, Object(Config\Cache), false)
 4 FCPATH\index.php(79): CodeIgniter\CodeIgniter->run()
 5 SYSTEMPATH\Commands\Server\rewrite.php(47): require_once('C:\\laragon\\www\\Final_Capstone\\public\\index.php')
CRITICAL - 2024-11-02 23:18:52 --> Error: Class "App\Controllers\ProductModel" not found
in APPPATH\Controllers\Rental.php on line 48.
 1 SYSTEMPATH\CodeIgniter.php(943): App\Controllers\Rental->submit()
 2 SYSTEMPATH\CodeIgniter.php(503): CodeIgniter\CodeIgniter->runController(Object(App\Controllers\Rental))
 3 SYSTEMPATH\CodeIgniter.php(361): CodeIgniter\CodeIgniter->handleRequest(null, Object(Config\Cache), false)
 4 FCPATH\index.php(79): CodeIgniter\CodeIgniter->run()
 5 SYSTEMPATH\Commands\Server\rewrite.php(47): require_once('C:\\laragon\\www\\Final_Capstone\\public\\index.php')
CRITICAL - 2024-11-02 23:20:38 --> ParseError: syntax error, unexpected token "public"
in APPPATH\Controllers\Rental.php on line 115.
 1 SYSTEMPATH\Autoloader\Autoloader.php(290): CodeIgniter\Autoloader\Autoloader->includeFile('C:\\laragon\\www\\Final_Capstone\\app\\Controllers\\Rental.php')
 2 SYSTEMPATH\Autoloader\Autoloader.php(266): CodeIgniter\Autoloader\Autoloader->loadInNamespace('App\\Controllers\\Rental')
 3 [internal function]: CodeIgniter\Autoloader\Autoloader->loadClass('App\\Controllers\\Rental')
 4 SYSTEMPATH\CodeIgniter.php(901): class_exists('\\App\\Controllers\\Rental', true)
 5 SYSTEMPATH\CodeIgniter.php(490): CodeIgniter\CodeIgniter->startController()
 6 SYSTEMPATH\CodeIgniter.php(361): CodeIgniter\CodeIgniter->handleRequest(null, Object(Config\Cache), false)
 7 FCPATH\index.php(79): CodeIgniter\CodeIgniter->run()
 8 SYSTEMPATH\Commands\Server\rewrite.php(47): require_once('C:\\laragon\\www\\Final_Capstone\\public\\index.php')
CRITICAL - 2024-11-02 23:21:39 --> Error: Class "App\Controllers\ProductModel" not found
in APPPATH\Controllers\Rental.php on line 48.
 1 SYSTEMPATH\CodeIgniter.php(943): App\Controllers\Rental->submit()
 2 SYSTEMPATH\CodeIgniter.php(503): CodeIgniter\CodeIgniter->runController(Object(App\Controllers\Rental))
 3 SYSTEMPATH\CodeIgniter.php(361): CodeIgniter\CodeIgniter->handleRequest(null, Object(Config\Cache), false)
 4 FCPATH\index.php(79): CodeIgniter\CodeIgniter->run()
 5 SYSTEMPATH\Commands\Server\rewrite.php(47): require_once('C:\\laragon\\www\\Final_Capstone\\public\\index.php')
CRITICAL - 2024-11-02 23:22:34 --> Error: Class "App\Controllers\ProductModel" not found
in APPPATH\Controllers\Rental.php on line 48.
 1 SYSTEMPATH\CodeIgniter.php(943): App\Controllers\Rental->submit()
 2 SYSTEMPATH\CodeIgniter.php(503): CodeIgniter\CodeIgniter->runController(Object(App\Controllers\Rental))
 3 SYSTEMPATH\CodeIgniter.php(361): CodeIgniter\CodeIgniter->handleRequest(null, Object(Config\Cache), false)
 4 FCPATH\index.php(79): CodeIgniter\CodeIgniter->run()
 5 SYSTEMPATH\Commands\Server\rewrite.php(47): require_once('C:\\laragon\\www\\Final_Capstone\\public\\index.php')
CRITICAL - 2024-11-02 23:23:24 --> Error: Class "App\Controllers\ProductModel" not found
in APPPATH\Controllers\Rental.php on line 48.
 1 SYSTEMPATH\CodeIgniter.php(943): App\Controllers\Rental->submit()
 2 SYSTEMPATH\CodeIgniter.php(503): CodeIgniter\CodeIgniter->runController(Object(App\Controllers\Rental))
 3 SYSTEMPATH\CodeIgniter.php(361): CodeIgniter\CodeIgniter->handleRequest(null, Object(Config\Cache), false)
 4 FCPATH\index.php(79): CodeIgniter\CodeIgniter->run()
 5 SYSTEMPATH\Commands\Server\rewrite.php(47): require_once('C:\\laragon\\www\\Final_Capstone\\public\\index.php')
CRITICAL - 2024-11-02 23:31:00 --> ErrorException: Undefined array key "status"
in APPPATH\Views\user\car_list.php on line 471.
 1 APPPATH\Views\user\car_list.php(471): CodeIgniter\Debug\Exceptions->errorHandler(2, 'Undefined array key "status"', 'C:\\laragon\\www\\Final_Capstone\\app\\Views\\user\\car_list.php', 471)
 2 SYSTEMPATH\View\View.php(228): include('C:\\laragon\\www\\Final_Capstone\\app\\Views\\user\\car_list.php')
 3 SYSTEMPATH\View\View.php(231): CodeIgniter\View\View->CodeIgniter\View\{closure}()
 4 SYSTEMPATH\Common.php(1178): CodeIgniter\View\View->render('user/car_list', [], true)
 5 APPPATH\Controllers\ProductController.php(23): view('user/car_list', [...])
 6 SYSTEMPATH\CodeIgniter.php(943): App\Controllers\ProductController->indexs()
 7 SYSTEMPATH\CodeIgniter.php(503): CodeIgniter\CodeIgniter->runController(Object(App\Controllers\ProductController))
 8 SYSTEMPATH\CodeIgniter.php(361): CodeIgniter\CodeIgniter->handleRequest(null, Object(Config\Cache), false)
 9 FCPATH\index.php(79): CodeIgniter\CodeIgniter->run()
10 SYSTEMPATH\Commands\Server\rewrite.php(47): require_once('C:\\laragon\\www\\Final_Capstone\\public\\index.php')
CRITICAL - 2024-11-02 23:37:17 --> ErrorException: Undefined array key "Status"
in APPPATH\Views\user\car_list.php on line 471.
 1 APPPATH\Views\user\car_list.php(471): CodeIgniter\Debug\Exceptions->errorHandler(2, 'Undefined array key "Status"', 'C:\\laragon\\www\\Final_Capstone\\app\\Views\\user\\car_list.php', 471)
 2 SYSTEMPATH\View\View.php(228): include('C:\\laragon\\www\\Final_Capstone\\app\\Views\\user\\car_list.php')
 3 SYSTEMPATH\View\View.php(231): CodeIgniter\View\View->CodeIgniter\View\{closure}()
 4 SYSTEMPATH\Common.php(1178): CodeIgniter\View\View->render('user/car_list', [], true)
 5 APPPATH\Controllers\ProductController.php(23): view('user/car_list', [...])
 6 SYSTEMPATH\CodeIgniter.php(943): App\Controllers\ProductController->indexs()
 7 SYSTEMPATH\CodeIgniter.php(503): CodeIgniter\CodeIgniter->runController(Object(App\Controllers\ProductController))
 8 SYSTEMPATH\CodeIgniter.php(361): CodeIgniter\CodeIgniter->handleRequest(null, Object(Config\Cache), false)
 9 FCPATH\index.php(79): CodeIgniter\CodeIgniter->run()
10 SYSTEMPATH\Commands\Server\rewrite.php(47): require_once('C:\\laragon\\www\\Final_Capstone\\public\\index.php')
CRITICAL - 2024-11-02 23:38:01 --> ErrorException: Undefined array key "status"
in APPPATH\Views\user\car_list.php on line 471.
 1 APPPATH\Views\user\car_list.php(471): CodeIgniter\Debug\Exceptions->errorHandler(2, 'Undefined array key "status"', 'C:\\laragon\\www\\Final_Capstone\\app\\Views\\user\\car_list.php', 471)
 2 SYSTEMPATH\View\View.php(228): include('C:\\laragon\\www\\Final_Capstone\\app\\Views\\user\\car_list.php')
 3 SYSTEMPATH\View\View.php(231): CodeIgniter\View\View->CodeIgniter\View\{closure}()
 4 SYSTEMPATH\Common.php(1178): CodeIgniter\View\View->render('user/car_list', [], true)
 5 APPPATH\Controllers\ProductController.php(23): view('user/car_list', [...])
 6 SYSTEMPATH\CodeIgniter.php(943): App\Controllers\ProductController->indexs()
 7 SYSTEMPATH\CodeIgniter.php(503): CodeIgniter\CodeIgniter->runController(Object(App\Controllers\ProductController))
 8 SYSTEMPATH\CodeIgniter.php(361): CodeIgniter\CodeIgniter->handleRequest(null, Object(Config\Cache), false)
 9 FCPATH\index.php(79): CodeIgniter\CodeIgniter->run()
10 SYSTEMPATH\Commands\Server\rewrite.php(47): require_once('C:\\laragon\\www\\Final_Capstone\\public\\index.php')
