CRITICAL - 2024-09-21 00:08:34 --> ErrorException: Undefined array key "CarID"
in APPPATH\Views\admin\rental_management.php on line 117.
 1 APPPATH\Views\admin\rental_management.php(117): CodeIgniter\Debug\Exceptions->errorHandler(2, 'Undefined array key "CarID"', 'C:\\laragon\\www\\Backup\\app\\Views\\admin\\rental_management.php', 117)
 2 SYSTEMPATH\View\View.php(228): include('C:\\laragon\\www\\Backup\\app\\Views\\admin\\rental_management.php')
 3 SYSTEMPATH\View\View.php(231): CodeIgniter\View\View->CodeIgniter\View\{closure}()
 4 SYSTEMPATH\Common.php(1178): CodeIgniter\View\View->render('admin/rental_management', [], true)
 5 APPPATH\Controllers\Rental.php(53): view('admin/rental_management', [...])
 6 SYSTEMPATH\CodeIgniter.php(943): App\Controllers\Rental->adminIndex()
 7 SYSTEMPATH\CodeIgniter.php(503): CodeIgniter\CodeIgniter->runController(Object(App\Controllers\Rental))
 8 SYSTEMPATH\CodeIgniter.php(361): CodeIgniter\CodeIgniter->handleRequest(null, Object(Config\Cache), false)
 9 FCPATH\index.php(79): CodeIgniter\CodeIgniter->run()
10 SYSTEMPATH\Commands\Server\rewrite.php(47): require_once('C:\\laragon\\www\\Backup\\public\\index.php')
CRITICAL - 2024-09-21 01:57:44 --> ErrorException: Undefined array key "status"
in APPPATH\Views\admin\rental_management.php on line 59.
 1 APPPATH\Views\admin\rental_management.php(59): CodeIgniter\Debug\Exceptions->errorHandler(2, 'Undefined array key "status"', 'C:\\laragon\\www\\Backup\\app\\Views\\admin\\rental_management.php', 59)
 2 SYSTEMPATH\View\View.php(228): include('C:\\laragon\\www\\Backup\\app\\Views\\admin\\rental_management.php')
 3 SYSTEMPATH\View\View.php(231): CodeIgniter\View\View->CodeIgniter\View\{closure}()
 4 SYSTEMPATH\Common.php(1178): CodeIgniter\View\View->render('admin/rental_management', [], true)
 5 APPPATH\Controllers\Rental.php(53): view('admin/rental_management', [...])
 6 SYSTEMPATH\CodeIgniter.php(943): App\Controllers\Rental->adminIndex()
 7 SYSTEMPATH\CodeIgniter.php(503): CodeIgniter\CodeIgniter->runController(Object(App\Controllers\Rental))
 8 SYSTEMPATH\CodeIgniter.php(361): CodeIgniter\CodeIgniter->handleRequest(null, Object(Config\Cache), false)
 9 FCPATH\index.php(79): CodeIgniter\CodeIgniter->run()
10 SYSTEMPATH\Commands\Server\rewrite.php(47): require_once('C:\\laragon\\www\\Backup\\public\\index.php')
CRITICAL - 2024-09-21 02:16:51 --> ErrorException: Undefined array key "Status"
in APPPATH\Views\admin\rental_management.php on line 118.
 1 APPPATH\Views\admin\rental_management.php(118): CodeIgniter\Debug\Exceptions->errorHandler(2, 'Undefined array key "Status"', 'C:\\laragon\\www\\Backup\\app\\Views\\admin\\rental_management.php', 118)
 2 [internal function]: CodeIgniter\View\View->{closure}([...])
 3 APPPATH\Views\admin\rental_management.php(126): array_map(Object(Closure), [...])
 4 SYSTEMPATH\View\View.php(228): include('C:\\laragon\\www\\Backup\\app\\Views\\admin\\rental_management.php')
 5 SYSTEMPATH\View\View.php(231): CodeIgniter\View\View->CodeIgniter\View\{closure}()
 6 SYSTEMPATH\Common.php(1178): CodeIgniter\View\View->render('admin/rental_management', [], true)
 7 APPPATH\Controllers\Rental.php(58): view('admin/rental_management', [...])
 8 SYSTEMPATH\CodeIgniter.php(943): App\Controllers\Rental->adminIndex()
 9 SYSTEMPATH\CodeIgniter.php(503): CodeIgniter\CodeIgniter->runController(Object(App\Controllers\Rental))
10 SYSTEMPATH\CodeIgniter.php(361): CodeIgniter\CodeIgniter->handleRequest(null, Object(Config\Cache), false)
11 FCPATH\index.php(79): CodeIgniter\CodeIgniter->run()
12 SYSTEMPATH\Commands\Server\rewrite.php(47): require_once('C:\\laragon\\www\\Backup\\public\\index.php')
CRITICAL - 2024-09-21 03:37:59 --> RuntimeException: View themes, no current section.
in SYSTEMPATH\View\View.php on line 425.
 1 APPPATH\Views\admin\rental_management.php(111): CodeIgniter\View\View->endSection()
 2 SYSTEMPATH\View\View.php(228): include('C:\\laragon\\www\\Backup\\app\\Views\\admin\\rental_management.php')
 3 SYSTEMPATH\View\View.php(231): CodeIgniter\View\View->CodeIgniter\View\{closure}()
 4 SYSTEMPATH\Common.php(1178): CodeIgniter\View\View->render('admin/rental_management', [], true)
 5 APPPATH\Controllers\Rental.php(58): view('admin/rental_management', [...])
 6 SYSTEMPATH\CodeIgniter.php(943): App\Controllers\Rental->adminIndex()
 7 SYSTEMPATH\CodeIgniter.php(503): CodeIgniter\CodeIgniter->runController(Object(App\Controllers\Rental))
 8 SYSTEMPATH\CodeIgniter.php(361): CodeIgniter\CodeIgniter->handleRequest(null, Object(Config\Cache), false)
 9 FCPATH\index.php(79): CodeIgniter\CodeIgniter->run()
10 SYSTEMPATH\Commands\Server\rewrite.php(47): require_once('C:\\laragon\\www\\Backup\\public\\index.php')
CRITICAL - 2024-09-21 03:38:27 --> RuntimeException: View themes, no current section.
in SYSTEMPATH\View\View.php on line 425.
 1 APPPATH\Views\admin\rental_management.php(116): CodeIgniter\View\View->endSection()
 2 SYSTEMPATH\View\View.php(228): include('C:\\laragon\\www\\Backup\\app\\Views\\admin\\rental_management.php')
 3 SYSTEMPATH\View\View.php(231): CodeIgniter\View\View->CodeIgniter\View\{closure}()
 4 SYSTEMPATH\Common.php(1178): CodeIgniter\View\View->render('admin/rental_management', [], true)
 5 APPPATH\Controllers\Rental.php(58): view('admin/rental_management', [...])
 6 SYSTEMPATH\CodeIgniter.php(943): App\Controllers\Rental->adminIndex()
 7 SYSTEMPATH\CodeIgniter.php(503): CodeIgniter\CodeIgniter->runController(Object(App\Controllers\Rental))
 8 SYSTEMPATH\CodeIgniter.php(361): CodeIgniter\CodeIgniter->handleRequest(null, Object(Config\Cache), false)
 9 FCPATH\index.php(79): CodeIgniter\CodeIgniter->run()
10 SYSTEMPATH\Commands\Server\rewrite.php(47): require_once('C:\\laragon\\www\\Backup\\public\\index.php')
CRITICAL - 2024-09-21 03:38:30 --> RuntimeException: View themes, no current section.
in SYSTEMPATH\View\View.php on line 425.
 1 APPPATH\Views\admin\rental_management.php(116): CodeIgniter\View\View->endSection()
 2 SYSTEMPATH\View\View.php(228): include('C:\\laragon\\www\\Backup\\app\\Views\\admin\\rental_management.php')
 3 SYSTEMPATH\View\View.php(231): CodeIgniter\View\View->CodeIgniter\View\{closure}()
 4 SYSTEMPATH\Common.php(1178): CodeIgniter\View\View->render('admin/rental_management', [], true)
 5 APPPATH\Controllers\Rental.php(58): view('admin/rental_management', [...])
 6 SYSTEMPATH\CodeIgniter.php(943): App\Controllers\Rental->adminIndex()
 7 SYSTEMPATH\CodeIgniter.php(503): CodeIgniter\CodeIgniter->runController(Object(App\Controllers\Rental))
 8 SYSTEMPATH\CodeIgniter.php(361): CodeIgniter\CodeIgniter->handleRequest(null, Object(Config\Cache), false)
 9 FCPATH\index.php(79): CodeIgniter\CodeIgniter->run()
10 SYSTEMPATH\Commands\Server\rewrite.php(47): require_once('C:\\laragon\\www\\Backup\\public\\index.php')
CRITICAL - 2024-09-21 03:40:12 --> ErrorException: Undefined array key "CarID"
in APPPATH\Views\admin\rental_management.php on line 95.
 1 APPPATH\Views\admin\rental_management.php(95): CodeIgniter\Debug\Exceptions->errorHandler(2, 'Undefined array key "CarID"', 'C:\\laragon\\www\\Backup\\app\\Views\\admin\\rental_management.php', 95)
 2 SYSTEMPATH\View\View.php(228): include('C:\\laragon\\www\\Backup\\app\\Views\\admin\\rental_management.php')
 3 SYSTEMPATH\View\View.php(231): CodeIgniter\View\View->CodeIgniter\View\{closure}()
 4 SYSTEMPATH\Common.php(1178): CodeIgniter\View\View->render('admin/rental_management', [], true)
 5 APPPATH\Controllers\Rental.php(58): view('admin/rental_management', [...])
 6 SYSTEMPATH\CodeIgniter.php(943): App\Controllers\Rental->adminIndex()
 7 SYSTEMPATH\CodeIgniter.php(503): CodeIgniter\CodeIgniter->runController(Object(App\Controllers\Rental))
 8 SYSTEMPATH\CodeIgniter.php(361): CodeIgniter\CodeIgniter->handleRequest(null, Object(Config\Cache), false)
 9 FCPATH\index.php(79): CodeIgniter\CodeIgniter->run()
10 SYSTEMPATH\Commands\Server\rewrite.php(47): require_once('C:\\laragon\\www\\Backup\\public\\index.php')
CRITICAL - 2024-09-21 03:46:30 --> Error: Call to undefined method App\Controllers\Rental::getRentalStatus()
in APPPATH\Controllers\Rental.php on line 55.
 1 SYSTEMPATH\CodeIgniter.php(943): App\Controllers\Rental->adminIndex()
 2 SYSTEMPATH\CodeIgniter.php(503): CodeIgniter\CodeIgniter->runController(Object(App\Controllers\Rental))
 3 SYSTEMPATH\CodeIgniter.php(361): CodeIgniter\CodeIgniter->handleRequest(null, Object(Config\Cache), false)
 4 FCPATH\index.php(79): CodeIgniter\CodeIgniter->run()
 5 SYSTEMPATH\Commands\Server\rewrite.php(47): require_once('C:\\laragon\\www\\Backup\\public\\index.php')
CRITICAL - 2024-09-21 04:57:44 --> RuntimeException: View themes, no current section.
in SYSTEMPATH\View\View.php on line 425.
 1 APPPATH\Views\admin\calendar.php(32): CodeIgniter\View\View->endSection()
 2 SYSTEMPATH\View\View.php(228): include('C:\\laragon\\www\\Backup\\app\\Views\\admin\\calendar.php')
 3 SYSTEMPATH\View\View.php(231): CodeIgniter\View\View->CodeIgniter\View\{closure}()
 4 SYSTEMPATH\Common.php(1178): CodeIgniter\View\View->render('admin/calendar', [], true)
 5 APPPATH\Controllers\Admin.php(179): view('admin/calendar')
 6 SYSTEMPATH\CodeIgniter.php(943): App\Controllers\Admin->calendar()
 7 SYSTEMPATH\CodeIgniter.php(503): CodeIgniter\CodeIgniter->runController(Object(App\Controllers\Admin))
 8 SYSTEMPATH\CodeIgniter.php(361): CodeIgniter\CodeIgniter->handleRequest(null, Object(Config\Cache), false)
 9 FCPATH\index.php(79): CodeIgniter\CodeIgniter->run()
10 SYSTEMPATH\Commands\Server\rewrite.php(47): require_once('C:\\laragon\\www\\Backup\\public\\index.php')
CRITICAL - 2024-09-21 06:43:43 --> ErrorException: Undefined array key "Status"
in APPPATH\Views\admin\rental_management.php on line 229.
 1 APPPATH\Views\admin\rental_management.php(229): CodeIgniter\Debug\Exceptions->errorHandler(2, 'Undefined array key "Status"', 'C:\\laragon\\www\\Backup\\app\\Views\\admin\\rental_management.php', 229)
 2 SYSTEMPATH\View\View.php(228): include('C:\\laragon\\www\\Backup\\app\\Views\\admin\\rental_management.php')
 3 SYSTEMPATH\View\View.php(231): CodeIgniter\View\View->CodeIgniter\View\{closure}()
 4 SYSTEMPATH\Common.php(1178): CodeIgniter\View\View->render('admin/rental_management', [], true)
 5 APPPATH\Controllers\Rental.php(53): view('admin/rental_management', [...])
 6 SYSTEMPATH\CodeIgniter.php(943): App\Controllers\Rental->adminIndex()
 7 SYSTEMPATH\CodeIgniter.php(503): CodeIgniter\CodeIgniter->runController(Object(App\Controllers\Rental))
 8 SYSTEMPATH\CodeIgniter.php(361): CodeIgniter\CodeIgniter->handleRequest(null, Object(Config\Cache), false)
 9 FCPATH\index.php(79): CodeIgniter\CodeIgniter->run()
10 SYSTEMPATH\Commands\Server\rewrite.php(47): require_once('C:\\laragon\\www\\Backup\\public\\index.php')
CRITICAL - 2024-09-21 06:48:09 --> ErrorException: Undefined array key "Status"
in APPPATH\Views\admin\rental_management.php on line 229.
 1 APPPATH\Views\admin\rental_management.php(229): CodeIgniter\Debug\Exceptions->errorHandler(2, 'Undefined array key "Status"', 'C:\\laragon\\www\\Backup\\app\\Views\\admin\\rental_management.php', 229)
 2 SYSTEMPATH\View\View.php(228): include('C:\\laragon\\www\\Backup\\app\\Views\\admin\\rental_management.php')
 3 SYSTEMPATH\View\View.php(231): CodeIgniter\View\View->CodeIgniter\View\{closure}()
 4 SYSTEMPATH\Common.php(1178): CodeIgniter\View\View->render('admin/rental_management', [], true)
 5 APPPATH\Controllers\Rental.php(53): view('admin/rental_management', [...])
 6 SYSTEMPATH\CodeIgniter.php(943): App\Controllers\Rental->adminIndex()
 7 SYSTEMPATH\CodeIgniter.php(503): CodeIgniter\CodeIgniter->runController(Object(App\Controllers\Rental))
 8 SYSTEMPATH\CodeIgniter.php(361): CodeIgniter\CodeIgniter->handleRequest(null, Object(Config\Cache), false)
 9 FCPATH\index.php(79): CodeIgniter\CodeIgniter->run()
10 SYSTEMPATH\Commands\Server\rewrite.php(47): require_once('C:\\laragon\\www\\Backup\\public\\index.php')
CRITICAL - 2024-09-21 06:49:45 --> ErrorException: Undefined array key "Status"
in APPPATH\Views\admin\rental_management.php on line 229.
 1 APPPATH\Views\admin\rental_management.php(229): CodeIgniter\Debug\Exceptions->errorHandler(2, 'Undefined array key "Status"', 'C:\\laragon\\www\\Backup\\app\\Views\\admin\\rental_management.php', 229)
 2 SYSTEMPATH\View\View.php(228): include('C:\\laragon\\www\\Backup\\app\\Views\\admin\\rental_management.php')
 3 SYSTEMPATH\View\View.php(231): CodeIgniter\View\View->CodeIgniter\View\{closure}()
 4 SYSTEMPATH\Common.php(1178): CodeIgniter\View\View->render('admin/rental_management', [], true)
 5 APPPATH\Controllers\Rental.php(53): view('admin/rental_management', [...])
 6 SYSTEMPATH\CodeIgniter.php(943): App\Controllers\Rental->adminIndex()
 7 SYSTEMPATH\CodeIgniter.php(503): CodeIgniter\CodeIgniter->runController(Object(App\Controllers\Rental))
 8 SYSTEMPATH\CodeIgniter.php(361): CodeIgniter\CodeIgniter->handleRequest(null, Object(Config\Cache), false)
 9 FCPATH\index.php(79): CodeIgniter\CodeIgniter->run()
10 SYSTEMPATH\Commands\Server\rewrite.php(47): require_once('C:\\laragon\\www\\Backup\\public\\index.php')
CRITICAL - 2024-09-21 06:49:49 --> ErrorException: Undefined array key "Status"
in APPPATH\Views\admin\rental_management.php on line 229.
 1 APPPATH\Views\admin\rental_management.php(229): CodeIgniter\Debug\Exceptions->errorHandler(2, 'Undefined array key "Status"', 'C:\\laragon\\www\\Backup\\app\\Views\\admin\\rental_management.php', 229)
 2 SYSTEMPATH\View\View.php(228): include('C:\\laragon\\www\\Backup\\app\\Views\\admin\\rental_management.php')
 3 SYSTEMPATH\View\View.php(231): CodeIgniter\View\View->CodeIgniter\View\{closure}()
 4 SYSTEMPATH\Common.php(1178): CodeIgniter\View\View->render('admin/rental_management', [], true)
 5 APPPATH\Controllers\Rental.php(53): view('admin/rental_management', [...])
 6 SYSTEMPATH\CodeIgniter.php(943): App\Controllers\Rental->adminIndex()
 7 SYSTEMPATH\CodeIgniter.php(503): CodeIgniter\CodeIgniter->runController(Object(App\Controllers\Rental))
 8 SYSTEMPATH\CodeIgniter.php(361): CodeIgniter\CodeIgniter->handleRequest(null, Object(Config\Cache), false)
 9 FCPATH\index.php(79): CodeIgniter\CodeIgniter->run()
10 SYSTEMPATH\Commands\Server\rewrite.php(47): require_once('C:\\laragon\\www\\Backup\\public\\index.php')
CRITICAL - 2024-09-21 06:55:58 --> ParseError: Unmatched '}'
in APPPATH\Controllers\Rental.php on line 96.
 1 SYSTEMPATH\Autoloader\Autoloader.php(290): CodeIgniter\Autoloader\Autoloader->includeFile('C:\\laragon\\www\\Backup\\app\\Controllers\\Rental.php')
 2 SYSTEMPATH\Autoloader\Autoloader.php(266): CodeIgniter\Autoloader\Autoloader->loadInNamespace('App\\Controllers\\Rental')
 3 [internal function]: CodeIgniter\Autoloader\Autoloader->loadClass('App\\Controllers\\Rental')
 4 SYSTEMPATH\CodeIgniter.php(901): class_exists('\\App\\Controllers\\Rental', true)
 5 SYSTEMPATH\CodeIgniter.php(490): CodeIgniter\CodeIgniter->startController()
 6 SYSTEMPATH\CodeIgniter.php(361): CodeIgniter\CodeIgniter->handleRequest(null, Object(Config\Cache), false)
 7 FCPATH\index.php(79): CodeIgniter\CodeIgniter->run()
 8 SYSTEMPATH\Commands\Server\rewrite.php(47): require_once('C:\\laragon\\www\\Backup\\public\\index.php')
CRITICAL - 2024-09-21 07:11:08 --> Error: Call to undefined method CodeIgniter\View\View::getRentalColor()
in APPPATH\Views\admin\rental_management.php on line 232.
 1 SYSTEMPATH\View\View.php(228): include()
 2 SYSTEMPATH\View\View.php(231): CodeIgniter\View\View->CodeIgniter\View\{closure}()
 3 SYSTEMPATH\Common.php(1178): CodeIgniter\View\View->render('admin/rental_management', [], true)
 4 APPPATH\Controllers\Rental.php(53): view('admin/rental_management', [...])
 5 SYSTEMPATH\CodeIgniter.php(943): App\Controllers\Rental->adminIndex()
 6 SYSTEMPATH\CodeIgniter.php(503): CodeIgniter\CodeIgniter->runController(Object(App\Controllers\Rental))
 7 SYSTEMPATH\CodeIgniter.php(361): CodeIgniter\CodeIgniter->handleRequest(null, Object(Config\Cache), false)
 8 FCPATH\index.php(79): CodeIgniter\CodeIgniter->run()
 9 SYSTEMPATH\Commands\Server\rewrite.php(47): require_once('C:\\laragon\\www\\Backup\\public\\index.php')
CRITICAL - 2024-09-21 07:12:48 --> Error: Call to undefined method CodeIgniter\View\View::getRentalColor()
in APPPATH\Views\admin\rental_management.php on line 232.
 1 SYSTEMPATH\View\View.php(228): include()
 2 SYSTEMPATH\View\View.php(231): CodeIgniter\View\View->CodeIgniter\View\{closure}()
 3 SYSTEMPATH\Common.php(1178): CodeIgniter\View\View->render('admin/rental_management', [], true)
 4 APPPATH\Controllers\Rental.php(58): view('admin/rental_management', [...])
 5 SYSTEMPATH\CodeIgniter.php(943): App\Controllers\Rental->adminIndex()
 6 SYSTEMPATH\CodeIgniter.php(503): CodeIgniter\CodeIgniter->runController(Object(App\Controllers\Rental))
 7 SYSTEMPATH\CodeIgniter.php(361): CodeIgniter\CodeIgniter->handleRequest(null, Object(Config\Cache), false)
 8 FCPATH\index.php(79): CodeIgniter\CodeIgniter->run()
 9 SYSTEMPATH\Commands\Server\rewrite.php(47): require_once('C:\\laragon\\www\\Backup\\public\\index.php')
CRITICAL - 2024-09-21 07:14:18 --> Error: Call to undefined method CodeIgniter\View\View::getRentalColor()
in APPPATH\Views\admin\rental_management.php on line 232.
 1 SYSTEMPATH\View\View.php(228): include()
 2 SYSTEMPATH\View\View.php(231): CodeIgniter\View\View->CodeIgniter\View\{closure}()
 3 SYSTEMPATH\Common.php(1178): CodeIgniter\View\View->render('admin/rental_management', [], true)
 4 APPPATH\Controllers\Rental.php(58): view('admin/rental_management', [...])
 5 SYSTEMPATH\CodeIgniter.php(943): App\Controllers\Rental->adminIndex()
 6 SYSTEMPATH\CodeIgniter.php(503): CodeIgniter\CodeIgniter->runController(Object(App\Controllers\Rental))
 7 SYSTEMPATH\CodeIgniter.php(361): CodeIgniter\CodeIgniter->handleRequest(null, Object(Config\Cache), false)
 8 FCPATH\index.php(79): CodeIgniter\CodeIgniter->run()
 9 SYSTEMPATH\Commands\Server\rewrite.php(47): require_once('C:\\laragon\\www\\Backup\\public\\index.php')
CRITICAL - 2024-09-21 07:14:28 --> Error: Call to undefined method CodeIgniter\View\View::getRentalColor()
in APPPATH\Views\admin\rental_management.php on line 232.
 1 SYSTEMPATH\View\View.php(228): include()
 2 SYSTEMPATH\View\View.php(231): CodeIgniter\View\View->CodeIgniter\View\{closure}()
 3 SYSTEMPATH\Common.php(1178): CodeIgniter\View\View->render('admin/rental_management', [], true)
 4 APPPATH\Controllers\Rental.php(58): view('admin/rental_management', [...])
 5 SYSTEMPATH\CodeIgniter.php(943): App\Controllers\Rental->adminIndex()
 6 SYSTEMPATH\CodeIgniter.php(503): CodeIgniter\CodeIgniter->runController(Object(App\Controllers\Rental))
 7 SYSTEMPATH\CodeIgniter.php(361): CodeIgniter\CodeIgniter->handleRequest(null, Object(Config\Cache), false)
 8 FCPATH\index.php(79): CodeIgniter\CodeIgniter->run()
 9 SYSTEMPATH\Commands\Server\rewrite.php(47): require_once('C:\\laragon\\www\\Backup\\public\\index.php')
CRITICAL - 2024-09-21 07:15:29 --> Error: Call to undefined method CodeIgniter\View\View::getRentalColor()
in APPPATH\Views\admin\rental_management.php on line 229.
 1 SYSTEMPATH\View\View.php(228): include()
 2 SYSTEMPATH\View\View.php(231): CodeIgniter\View\View->CodeIgniter\View\{closure}()
 3 SYSTEMPATH\Common.php(1178): CodeIgniter\View\View->render('admin/rental_management', [], true)
 4 APPPATH\Controllers\Rental.php(58): view('admin/rental_management', [...])
 5 SYSTEMPATH\CodeIgniter.php(943): App\Controllers\Rental->adminIndex()
 6 SYSTEMPATH\CodeIgniter.php(503): CodeIgniter\CodeIgniter->runController(Object(App\Controllers\Rental))
 7 SYSTEMPATH\CodeIgniter.php(361): CodeIgniter\CodeIgniter->handleRequest(null, Object(Config\Cache), false)
 8 FCPATH\index.php(79): CodeIgniter\CodeIgniter->run()
 9 SYSTEMPATH\Commands\Server\rewrite.php(47): require_once('C:\\laragon\\www\\Backup\\public\\index.php')
CRITICAL - 2024-09-21 07:16:12 --> Error: Call to undefined method App\Controllers\Rental::getRentalColor()
in APPPATH\Controllers\Rental.php on line 55.
 1 SYSTEMPATH\CodeIgniter.php(943): App\Controllers\Rental->adminIndex()
 2 SYSTEMPATH\CodeIgniter.php(503): CodeIgniter\CodeIgniter->runController(Object(App\Controllers\Rental))
 3 SYSTEMPATH\CodeIgniter.php(361): CodeIgniter\CodeIgniter->handleRequest(null, Object(Config\Cache), false)
 4 FCPATH\index.php(79): CodeIgniter\CodeIgniter->run()
 5 SYSTEMPATH\Commands\Server\rewrite.php(47): require_once('C:\\laragon\\www\\Backup\\public\\index.php')
CRITICAL - 2024-09-21 07:16:49 --> Error: Call to undefined method CodeIgniter\View\View::getRentalColor()
in APPPATH\Views\admin\rental_management.php on line 232.
 1 SYSTEMPATH\View\View.php(228): include()
 2 SYSTEMPATH\View\View.php(231): CodeIgniter\View\View->CodeIgniter\View\{closure}()
 3 SYSTEMPATH\Common.php(1178): CodeIgniter\View\View->render('admin/rental_management', [], true)
 4 APPPATH\Controllers\Rental.php(53): view('admin/rental_management', [...])
 5 SYSTEMPATH\CodeIgniter.php(943): App\Controllers\Rental->adminIndex()
 6 SYSTEMPATH\CodeIgniter.php(503): CodeIgniter\CodeIgniter->runController(Object(App\Controllers\Rental))
 7 SYSTEMPATH\CodeIgniter.php(361): CodeIgniter\CodeIgniter->handleRequest(null, Object(Config\Cache), false)
 8 FCPATH\index.php(79): CodeIgniter\CodeIgniter->run()
 9 SYSTEMPATH\Commands\Server\rewrite.php(47): require_once('C:\\laragon\\www\\Backup\\public\\index.php')
CRITICAL - 2024-09-21 07:16:55 --> Error: Call to undefined method CodeIgniter\View\View::getRentalColor()
in APPPATH\Views\admin\rental_management.php on line 232.
 1 SYSTEMPATH\View\View.php(228): include()
 2 SYSTEMPATH\View\View.php(231): CodeIgniter\View\View->CodeIgniter\View\{closure}()
 3 SYSTEMPATH\Common.php(1178): CodeIgniter\View\View->render('admin/rental_management', [], true)
 4 APPPATH\Controllers\Rental.php(53): view('admin/rental_management', [...])
 5 SYSTEMPATH\CodeIgniter.php(943): App\Controllers\Rental->adminIndex()
 6 SYSTEMPATH\CodeIgniter.php(503): CodeIgniter\CodeIgniter->runController(Object(App\Controllers\Rental))
 7 SYSTEMPATH\CodeIgniter.php(361): CodeIgniter\CodeIgniter->handleRequest(null, Object(Config\Cache), false)
 8 FCPATH\index.php(79): CodeIgniter\CodeIgniter->run()
 9 SYSTEMPATH\Commands\Server\rewrite.php(47): require_once('C:\\laragon\\www\\Backup\\public\\index.php')
