CRITICAL - 2024-11-03 00:44:40 --> ErrorException: Undefined variable $rental
in APPPATH\Views\admin\rental_management.php on line 366.
 1 APPPATH\Views\admin\rental_management.php(366): CodeIgniter\Debug\Exceptions->errorHandler(2, 'Undefined variable $rental', 'C:\\laragon\\www\\Final_Capstone\\app\\Views\\admin\\rental_management.php', 366)
 2 SYSTEMPATH\View\View.php(228): include('C:\\laragon\\www\\Final_Capstone\\app\\Views\\admin\\rental_management.php')
 3 SYSTEMPATH\View\View.php(231): CodeIgniter\View\View->CodeIgniter\View\{closure}()
 4 SYSTEMPATH\Common.php(1178): CodeIgniter\View\View->render('admin/rental_management', [], true)
 5 APPPATH\Controllers\Rental.php(170): view('admin/rental_management', [...])
 6 SYSTEMPATH\CodeIgniter.php(943): App\Controllers\Rental->adminIndex()
 7 SYSTEMPATH\CodeIgniter.php(503): CodeIgniter\CodeIgniter->runController(Object(App\Controllers\Rental))
 8 SYSTEMPATH\CodeIgniter.php(361): CodeIgniter\CodeIgniter->handleRequest(null, Object(Config\Cache), false)
 9 FCPATH\index.php(79): CodeIgniter\CodeIgniter->run()
10 SYSTEMPATH\Commands\Server\rewrite.php(47): require_once('C:\\laragon\\www\\Final_Capstone\\public\\index.php')
CRITICAL - 2024-11-03 00:46:29 --> ErrorException: Undefined variable $rental
in APPPATH\Views\admin\rental_management.php on line 366.
 1 APPPATH\Views\admin\rental_management.php(366): CodeIgniter\Debug\Exceptions->errorHandler(2, 'Undefined variable $rental', 'C:\\laragon\\www\\Final_Capstone\\app\\Views\\admin\\rental_management.php', 366)
 2 SYSTEMPATH\View\View.php(228): include('C:\\laragon\\www\\Final_Capstone\\app\\Views\\admin\\rental_management.php')
 3 SYSTEMPATH\View\View.php(231): CodeIgniter\View\View->CodeIgniter\View\{closure}()
 4 SYSTEMPATH\Common.php(1178): CodeIgniter\View\View->render('admin/rental_management', [], true)
 5 APPPATH\Controllers\Rental.php(170): view('admin/rental_management', [...])
 6 SYSTEMPATH\CodeIgniter.php(943): App\Controllers\Rental->adminIndex()
 7 SYSTEMPATH\CodeIgniter.php(503): CodeIgniter\CodeIgniter->runController(Object(App\Controllers\Rental))
 8 SYSTEMPATH\CodeIgniter.php(361): CodeIgniter\CodeIgniter->handleRequest(null, Object(Config\Cache), false)
 9 FCPATH\index.php(79): CodeIgniter\CodeIgniter->run()
10 SYSTEMPATH\Commands\Server\rewrite.php(47): require_once('C:\\laragon\\www\\Final_Capstone\\public\\index.php')
CRITICAL - 2024-11-03 02:29:33 --> ErrorException: Undefined array key "approval_status"
in APPPATH\Views\combined_history.php on line 185.
 1 APPPATH\Views\combined_history.php(185): CodeIgniter\Debug\Exceptions->errorHandler(2, 'Undefined array key "approval_status"', 'C:\\laragon\\www\\Final_Capstone\\app\\Views\\combined_history.php', 185)
 2 SYSTEMPATH\View\View.php(228): include('C:\\laragon\\www\\Final_Capstone\\app\\Views\\combined_history.php')
 3 SYSTEMPATH\View\View.php(231): CodeIgniter\View\View->CodeIgniter\View\{closure}()
 4 SYSTEMPATH\Common.php(1178): CodeIgniter\View\View->render('combined_history', [], true)
 5 APPPATH\Controllers\HistoryController.php(37): view('combined_history', [...])
 6 SYSTEMPATH\CodeIgniter.php(943): App\Controllers\HistoryController->combinedHistory()
 7 SYSTEMPATH\CodeIgniter.php(503): CodeIgniter\CodeIgniter->runController(Object(App\Controllers\HistoryController))
 8 SYSTEMPATH\CodeIgniter.php(361): CodeIgniter\CodeIgniter->handleRequest(null, Object(Config\Cache), false)
 9 FCPATH\index.php(79): CodeIgniter\CodeIgniter->run()
10 SYSTEMPATH\Commands\Server\rewrite.php(47): require_once('C:\\laragon\\www\\Final_Capstone\\public\\index.php')
CRITICAL - 2024-11-03 02:33:54 --> Error: Class "App\Controllers\ProductModel" not found
in APPPATH\Controllers\Rental.php on line 67.
 1 SYSTEMPATH\CodeIgniter.php(943): App\Controllers\Rental->submit()
 2 SYSTEMPATH\CodeIgniter.php(503): CodeIgniter\CodeIgniter->runController(Object(App\Controllers\Rental))
 3 SYSTEMPATH\CodeIgniter.php(361): CodeIgniter\CodeIgniter->handleRequest(null, Object(Config\Cache), false)
 4 FCPATH\index.php(79): CodeIgniter\CodeIgniter->run()
 5 SYSTEMPATH\Commands\Server\rewrite.php(47): require_once('C:\\laragon\\www\\Final_Capstone\\public\\index.php')
CRITICAL - 2024-11-03 02:34:06 --> Error: Class "App\Controllers\ProductModel" not found
in APPPATH\Controllers\Rental.php on line 67.
 1 SYSTEMPATH\CodeIgniter.php(943): App\Controllers\Rental->submit()
 2 SYSTEMPATH\CodeIgniter.php(503): CodeIgniter\CodeIgniter->runController(Object(App\Controllers\Rental))
 3 SYSTEMPATH\CodeIgniter.php(361): CodeIgniter\CodeIgniter->handleRequest(null, Object(Config\Cache), false)
 4 FCPATH\index.php(79): CodeIgniter\CodeIgniter->run()
 5 SYSTEMPATH\Commands\Server\rewrite.php(47): require_once('C:\\laragon\\www\\Final_Capstone\\public\\index.php')
CRITICAL - 2024-11-03 02:34:09 --> Error: Class "App\Controllers\ProductModel" not found
in APPPATH\Controllers\Rental.php on line 67.
 1 SYSTEMPATH\CodeIgniter.php(943): App\Controllers\Rental->submit()
 2 SYSTEMPATH\CodeIgniter.php(503): CodeIgniter\CodeIgniter->runController(Object(App\Controllers\Rental))
 3 SYSTEMPATH\CodeIgniter.php(361): CodeIgniter\CodeIgniter->handleRequest(null, Object(Config\Cache), false)
 4 FCPATH\index.php(79): CodeIgniter\CodeIgniter->run()
 5 SYSTEMPATH\Commands\Server\rewrite.php(47): require_once('C:\\laragon\\www\\Final_Capstone\\public\\index.php')
CRITICAL - 2024-11-03 02:36:58 --> ErrorException: Undefined array key "user_name"
in APPPATH\Views\admin\rental_management.php on line 435.
 1 APPPATH\Views\admin\rental_management.php(435): CodeIgniter\Debug\Exceptions->errorHandler(2, 'Undefined array key "user_name"', 'C:\\laragon\\www\\Final_Capstone\\app\\Views\\admin\\rental_management.php', 435)
 2 [internal function]: CodeIgniter\View\View->{closure}([...])
 3 APPPATH\Views\admin\rental_management.php(451): array_map(Object(Closure), [...])
 4 SYSTEMPATH\View\View.php(228): include('C:\\laragon\\www\\Final_Capstone\\app\\Views\\admin\\rental_management.php')
 5 SYSTEMPATH\View\View.php(231): CodeIgniter\View\View->CodeIgniter\View\{closure}()
 6 SYSTEMPATH\Common.php(1178): CodeIgniter\View\View->render('admin/rental_management', [], true)
 7 APPPATH\Controllers\Rental.php(146): view('admin/rental_management', [...])
 8 SYSTEMPATH\CodeIgniter.php(943): App\Controllers\Rental->adminIndex()
 9 SYSTEMPATH\CodeIgniter.php(503): CodeIgniter\CodeIgniter->runController(Object(App\Controllers\Rental))
10 SYSTEMPATH\CodeIgniter.php(361): CodeIgniter\CodeIgniter->handleRequest(null, Object(Config\Cache), false)
11 FCPATH\index.php(79): CodeIgniter\CodeIgniter->run()
12 SYSTEMPATH\Commands\Server\rewrite.php(47): require_once('C:\\laragon\\www\\Final_Capstone\\public\\index.php')
CRITICAL - 2024-11-03 02:41:27 --> CodeIgniter\View\Exceptions\ViewException: Invalid file: "admin/rental_management.php"
in SYSTEMPATH\Exceptions\FrameworkException.php on line 39.
 1 SYSTEMPATH\View\View.php(216): CodeIgniter\Exceptions\FrameworkException::forInvalidFile('admin/rental_management.php')
 2 SYSTEMPATH\Common.php(1178): CodeIgniter\View\View->render('admin/rental_management', [], true)
 3 APPPATH\Controllers\Rental.php(146): view('admin/rental_management', [...])
 4 SYSTEMPATH\CodeIgniter.php(943): App\Controllers\Rental->adminIndex()
 5 SYSTEMPATH\CodeIgniter.php(503): CodeIgniter\CodeIgniter->runController(Object(App\Controllers\Rental))
 6 SYSTEMPATH\CodeIgniter.php(361): CodeIgniter\CodeIgniter->handleRequest(null, Object(Config\Cache), false)
 7 FCPATH\index.php(79): CodeIgniter\CodeIgniter->run()
 8 SYSTEMPATH\Commands\Server\rewrite.php(47): require_once('C:\\laragon\\www\\Final_Capstone\\public\\index.php')
CRITICAL - 2024-11-03 03:08:29 --> ErrorException: Undefined variable $rental
in APPPATH\Views\combined_history.php on line 223.
 1 APPPATH\Views\combined_history.php(223): CodeIgniter\Debug\Exceptions->errorHandler(2, 'Undefined variable $rental', 'C:\\laragon\\www\\Final_Capstone\\app\\Views\\combined_history.php', 223)
 2 SYSTEMPATH\View\View.php(228): include('C:\\laragon\\www\\Final_Capstone\\app\\Views\\combined_history.php')
 3 SYSTEMPATH\View\View.php(231): CodeIgniter\View\View->CodeIgniter\View\{closure}()
 4 SYSTEMPATH\Common.php(1178): CodeIgniter\View\View->render('combined_history', [], true)
 5 APPPATH\Controllers\HistoryController.php(39): view('combined_history', [...])
 6 SYSTEMPATH\CodeIgniter.php(943): App\Controllers\HistoryController->combinedHistory()
 7 SYSTEMPATH\CodeIgniter.php(503): CodeIgniter\CodeIgniter->runController(Object(App\Controllers\HistoryController))
 8 SYSTEMPATH\CodeIgniter.php(361): CodeIgniter\CodeIgniter->handleRequest(null, Object(Config\Cache), false)
 9 FCPATH\index.php(79): CodeIgniter\CodeIgniter->run()
10 SYSTEMPATH\Commands\Server\rewrite.php(47): require_once('C:\\laragon\\www\\Final_Capstone\\public\\index.php')
CRITICAL - 2024-11-03 03:53:58 --> Error: Class "App\Controllers\RentalModel" not found
in APPPATH\Controllers\Rental.php on line 312.
 1 SYSTEMPATH\CodeIgniter.php(943): App\Controllers\Rental->updateApprovalStatus('39', 'approved')
 2 SYSTEMPATH\CodeIgniter.php(503): CodeIgniter\CodeIgniter->runController(Object(App\Controllers\Rental))
 3 SYSTEMPATH\CodeIgniter.php(361): CodeIgniter\CodeIgniter->handleRequest(null, Object(Config\Cache), false)
 4 FCPATH\index.php(79): CodeIgniter\CodeIgniter->run()
 5 SYSTEMPATH\Commands\Server\rewrite.php(47): require_once('C:\\laragon\\www\\Final_Capstone\\public\\index.php')
CRITICAL - 2024-11-03 03:54:56 --> Error: Class "App\Controllers\RentalModel" not found
in APPPATH\Controllers\Rental.php on line 318.
 1 SYSTEMPATH\CodeIgniter.php(943): App\Controllers\Rental->updateApprovalStatus('39', 'declined')
 2 SYSTEMPATH\CodeIgniter.php(503): CodeIgniter\CodeIgniter->runController(Object(App\Controllers\Rental))
 3 SYSTEMPATH\CodeIgniter.php(361): CodeIgniter\CodeIgniter->handleRequest(null, Object(Config\Cache), false)
 4 FCPATH\index.php(79): CodeIgniter\CodeIgniter->run()
 5 SYSTEMPATH\Commands\Server\rewrite.php(47): require_once('C:\\laragon\\www\\Final_Capstone\\public\\index.php')
CRITICAL - 2024-11-03 04:57:27 --> ErrorException: Undefined array key "id"
in APPPATH\Views\combined_history.php on line 228.
 1 APPPATH\Views\combined_history.php(228): CodeIgniter\Debug\Exceptions->errorHandler(2, 'Undefined array key "id"', 'C:\\laragon\\www\\Final_Capstone\\app\\Views\\combined_history.php', 228)
 2 SYSTEMPATH\View\View.php(228): include('C:\\laragon\\www\\Final_Capstone\\app\\Views\\combined_history.php')
 3 SYSTEMPATH\View\View.php(231): CodeIgniter\View\View->CodeIgniter\View\{closure}()
 4 SYSTEMPATH\Common.php(1178): CodeIgniter\View\View->render('combined_history', [], true)
 5 APPPATH\Controllers\HistoryController.php(39): view('combined_history', [...])
 6 SYSTEMPATH\CodeIgniter.php(943): App\Controllers\HistoryController->combinedHistory()
 7 SYSTEMPATH\CodeIgniter.php(503): CodeIgniter\CodeIgniter->runController(Object(App\Controllers\HistoryController))
 8 SYSTEMPATH\CodeIgniter.php(361): CodeIgniter\CodeIgniter->handleRequest(null, Object(Config\Cache), false)
 9 FCPATH\index.php(79): CodeIgniter\CodeIgniter->run()
10 SYSTEMPATH\Commands\Server\rewrite.php(47): require_once('C:\\laragon\\www\\Final_Capstone\\public\\index.php')
CRITICAL - 2024-11-03 04:59:31 --> BadMethodCallException: Call to undefined method App\Models\RentingModel::getRentalById
in SYSTEMPATH\Model.php on line 879.
 1 APPPATH\Controllers\Rental.php(345): CodeIgniter\Model->__call('getRentalById', [...])
 2 SYSTEMPATH\CodeIgniter.php(943): App\Controllers\Rental->returnees('39')
 3 SYSTEMPATH\CodeIgniter.php(503): CodeIgniter\CodeIgniter->runController(Object(App\Controllers\Rental))
 4 SYSTEMPATH\CodeIgniter.php(361): CodeIgniter\CodeIgniter->handleRequest(null, Object(Config\Cache), false)
 5 FCPATH\index.php(79): CodeIgniter\CodeIgniter->run()
 6 SYSTEMPATH\Commands\Server\rewrite.php(47): require_once('C:\\laragon\\www\\Final_Capstone\\public\\index.php')
CRITICAL - 2024-11-03 05:00:48 --> ErrorException: Undefined array key "user_name"
in APPPATH\Views\returnees.php on line 40.
 1 APPPATH\Views\returnees.php(40): CodeIgniter\Debug\Exceptions->errorHandler(2, 'Undefined array key "user_name"', 'C:\\laragon\\www\\Final_Capstone\\app\\Views\\returnees.php', 40)
 2 SYSTEMPATH\View\View.php(228): include('C:\\laragon\\www\\Final_Capstone\\app\\Views\\returnees.php')
 3 SYSTEMPATH\View\View.php(231): CodeIgniter\View\View->CodeIgniter\View\{closure}()
 4 SYSTEMPATH\Common.php(1178): CodeIgniter\View\View->render('returnees', [], true)
 5 APPPATH\Controllers\Rental.php(377): view('returnees', [...])
 6 SYSTEMPATH\CodeIgniter.php(943): App\Controllers\Rental->returnees('39')
 7 SYSTEMPATH\CodeIgniter.php(503): CodeIgniter\CodeIgniter->runController(Object(App\Controllers\Rental))
 8 SYSTEMPATH\CodeIgniter.php(361): CodeIgniter\CodeIgniter->handleRequest(null, Object(Config\Cache), false)
 9 FCPATH\index.php(79): CodeIgniter\CodeIgniter->run()
10 SYSTEMPATH\Commands\Server\rewrite.php(47): require_once('C:\\laragon\\www\\Final_Capstone\\public\\index.php')
CRITICAL - 2024-11-03 05:15:47 --> CodeIgniter\View\Exceptions\ViewException: Invalid file: "admin/returnees_list.php"
in SYSTEMPATH\Exceptions\FrameworkException.php on line 39.
 1 SYSTEMPATH\View\View.php(216): CodeIgniter\Exceptions\FrameworkException::forInvalidFile('admin/returnees_list.php')
 2 SYSTEMPATH\Common.php(1178): CodeIgniter\View\View->render('admin/returnees_list', [], true)
 3 APPPATH\Controllers\Rental.php(389): view('admin/returnees_list', [...])
 4 SYSTEMPATH\CodeIgniter.php(943): App\Controllers\Rental->returneesList()
 5 SYSTEMPATH\CodeIgniter.php(503): CodeIgniter\CodeIgniter->runController(Object(App\Controllers\Rental))
 6 SYSTEMPATH\CodeIgniter.php(361): CodeIgniter\CodeIgniter->handleRequest(null, Object(Config\Cache), false)
 7 FCPATH\index.php(79): CodeIgniter\CodeIgniter->run()
 8 SYSTEMPATH\Commands\Server\rewrite.php(47): require_once('C:\\laragon\\www\\Final_Capstone\\public\\index.php')
CRITICAL - 2024-11-03 05:27:29 --> CodeIgniter\View\Exceptions\ViewException: Invalid file: "admin/returnee_list.php"
in SYSTEMPATH\Exceptions\FrameworkException.php on line 39.
 1 SYSTEMPATH\View\View.php(216): CodeIgniter\Exceptions\FrameworkException::forInvalidFile('admin/returnee_list.php')
 2 SYSTEMPATH\Common.php(1178): CodeIgniter\View\View->render('admin/returnee_list', [], true)
 3 APPPATH\Controllers\Rental.php(386): view('admin/returnee_list', [...])
 4 SYSTEMPATH\CodeIgniter.php(943): App\Controllers\Rental->adminReturnees()
 5 SYSTEMPATH\CodeIgniter.php(503): CodeIgniter\CodeIgniter->runController(Object(App\Controllers\Rental))
 6 SYSTEMPATH\CodeIgniter.php(361): CodeIgniter\CodeIgniter->handleRequest(null, Object(Config\Cache), false)
 7 FCPATH\index.php(79): CodeIgniter\CodeIgniter->run()
 8 SYSTEMPATH\Commands\Server\rewrite.php(47): require_once('C:\\laragon\\www\\Final_Capstone\\public\\index.php')
CRITICAL - 2024-11-03 12:02:27 --> ErrorException: Undefined array key "RentalID"
in APPPATH\Views\combined_history.php on line 229.
 1 APPPATH\Views\combined_history.php(229): CodeIgniter\Debug\Exceptions->errorHandler(2, 'Undefined array key "RentalID"', 'C:\\laragon\\www\\Final_Capstone\\app\\Views\\combined_history.php', 229)
 2 SYSTEMPATH\View\View.php(228): include('C:\\laragon\\www\\Final_Capstone\\app\\Views\\combined_history.php')
 3 SYSTEMPATH\View\View.php(231): CodeIgniter\View\View->CodeIgniter\View\{closure}()
 4 SYSTEMPATH\Common.php(1178): CodeIgniter\View\View->render('combined_history', [], true)
 5 APPPATH\Controllers\HistoryController.php(39): view('combined_history', [...])
 6 SYSTEMPATH\CodeIgniter.php(943): App\Controllers\HistoryController->combinedHistory()
 7 SYSTEMPATH\CodeIgniter.php(503): CodeIgniter\CodeIgniter->runController(Object(App\Controllers\HistoryController))
 8 SYSTEMPATH\CodeIgniter.php(361): CodeIgniter\CodeIgniter->handleRequest(null, Object(Config\Cache), false)
 9 FCPATH\index.php(79): CodeIgniter\CodeIgniter->run()
10 SYSTEMPATH\Commands\Server\rewrite.php(47): require_once('C:\\laragon\\www\\Final_Capstone\\public\\index.php')
CRITICAL - 2024-11-03 14:08:06 --> ErrorException: Undefined property: App\Controllers\Rental::$rentalModel
in APPPATH\Controllers\Rental.php on line 395.
 1 APPPATH\Controllers\Rental.php(395): CodeIgniter\Debug\Exceptions->errorHandler(2, 'Undefined property: App\\Controllers\\Rental::$rentalModel', 'C:\\laragon\\www\\Final_Capstone\\app\\Controllers\\Rental.php', 395)
 2 SYSTEMPATH\CodeIgniter.php(943): App\Controllers\Rental->markAsReturned('39')
 3 SYSTEMPATH\CodeIgniter.php(503): CodeIgniter\CodeIgniter->runController(Object(App\Controllers\Rental))
 4 SYSTEMPATH\CodeIgniter.php(361): CodeIgniter\CodeIgniter->handleRequest(null, Object(Config\Cache), false)
 5 FCPATH\index.php(79): CodeIgniter\CodeIgniter->run()
 6 SYSTEMPATH\Commands\Server\rewrite.php(47): require_once('C:\\laragon\\www\\Final_Capstone\\public\\index.php')
CRITICAL - 2024-11-03 14:11:27 --> CodeIgniter\View\Exceptions\ViewException: Invalid file: "rental/returnees.php"
in SYSTEMPATH\Exceptions\FrameworkException.php on line 39.
 1 SYSTEMPATH\View\View.php(216): CodeIgniter\Exceptions\FrameworkException::forInvalidFile('rental/returnees.php')
 2 SYSTEMPATH\Common.php(1178): CodeIgniter\View\View->render('rental/returnees', [], true)
 3 APPPATH\Controllers\Rental.php(411): view('rental/returnees', [...])
 4 SYSTEMPATH\CodeIgniter.php(943): App\Controllers\Rental->viewReturnees()
 5 SYSTEMPATH\CodeIgniter.php(503): CodeIgniter\CodeIgniter->runController(Object(App\Controllers\Rental))
 6 SYSTEMPATH\CodeIgniter.php(361): CodeIgniter\CodeIgniter->handleRequest(null, Object(Config\Cache), false)
 7 FCPATH\index.php(79): CodeIgniter\CodeIgniter->run()
 8 SYSTEMPATH\Commands\Server\rewrite.php(47): require_once('C:\\laragon\\www\\Final_Capstone\\public\\index.php')
CRITICAL - 2024-11-03 14:11:38 --> ErrorException: Undefined array key "user_name"
in APPPATH\Views\returnees.php on line 41.
 1 APPPATH\Views\returnees.php(41): CodeIgniter\Debug\Exceptions->errorHandler(2, 'Undefined array key "user_name"', 'C:\\laragon\\www\\Final_Capstone\\app\\Views\\returnees.php', 41)
 2 SYSTEMPATH\View\View.php(228): include('C:\\laragon\\www\\Final_Capstone\\app\\Views\\returnees.php')
 3 SYSTEMPATH\View\View.php(231): CodeIgniter\View\View->CodeIgniter\View\{closure}()
 4 SYSTEMPATH\Common.php(1178): CodeIgniter\View\View->render('returnees', [], true)
 5 APPPATH\Controllers\Rental.php(411): view('returnees', [...])
 6 SYSTEMPATH\CodeIgniter.php(943): App\Controllers\Rental->viewReturnees()
 7 SYSTEMPATH\CodeIgniter.php(503): CodeIgniter\CodeIgniter->runController(Object(App\Controllers\Rental))
 8 SYSTEMPATH\CodeIgniter.php(361): CodeIgniter\CodeIgniter->handleRequest(null, Object(Config\Cache), false)
 9 FCPATH\index.php(79): CodeIgniter\CodeIgniter->run()
10 SYSTEMPATH\Commands\Server\rewrite.php(47): require_once('C:\\laragon\\www\\Final_Capstone\\public\\index.php')
CRITICAL - 2024-11-03 14:17:19 --> ErrorException: Undefined variable $rental
in APPPATH\Views\returnees.php on line 41.
 1 APPPATH\Views\returnees.php(41): CodeIgniter\Debug\Exceptions->errorHandler(2, 'Undefined variable $rental', 'C:\\laragon\\www\\Final_Capstone\\app\\Views\\returnees.php', 41)
 2 SYSTEMPATH\View\View.php(228): include('C:\\laragon\\www\\Final_Capstone\\app\\Views\\returnees.php')
 3 SYSTEMPATH\View\View.php(231): CodeIgniter\View\View->CodeIgniter\View\{closure}()
 4 SYSTEMPATH\Common.php(1178): CodeIgniter\View\View->render('returnees', [], true)
 5 APPPATH\Controllers\Rental.php(411): view('returnees', [...])
 6 SYSTEMPATH\CodeIgniter.php(943): App\Controllers\Rental->viewReturnees()
 7 SYSTEMPATH\CodeIgniter.php(503): CodeIgniter\CodeIgniter->runController(Object(App\Controllers\Rental))
 8 SYSTEMPATH\CodeIgniter.php(361): CodeIgniter\CodeIgniter->handleRequest(null, Object(Config\Cache), false)
 9 FCPATH\index.php(79): CodeIgniter\CodeIgniter->run()
10 SYSTEMPATH\Commands\Server\rewrite.php(47): require_once('C:\\laragon\\www\\Final_Capstone\\public\\index.php')
CRITICAL - 2024-11-03 14:19:39 --> ErrorException: Undefined variable $rental
in APPPATH\Views\returnees.php on line 41.
 1 APPPATH\Views\returnees.php(41): CodeIgniter\Debug\Exceptions->errorHandler(2, 'Undefined variable $rental', 'C:\\laragon\\www\\Final_Capstone\\app\\Views\\returnees.php', 41)
 2 SYSTEMPATH\View\View.php(228): include('C:\\laragon\\www\\Final_Capstone\\app\\Views\\returnees.php')
 3 SYSTEMPATH\View\View.php(231): CodeIgniter\View\View->CodeIgniter\View\{closure}()
 4 SYSTEMPATH\Common.php(1178): CodeIgniter\View\View->render('returnees', [], true)
 5 APPPATH\Controllers\Rental.php(411): view('returnees', [...])
 6 SYSTEMPATH\CodeIgniter.php(943): App\Controllers\Rental->viewReturnees()
 7 SYSTEMPATH\CodeIgniter.php(503): CodeIgniter\CodeIgniter->runController(Object(App\Controllers\Rental))
 8 SYSTEMPATH\CodeIgniter.php(361): CodeIgniter\CodeIgniter->handleRequest(null, Object(Config\Cache), false)
 9 FCPATH\index.php(79): CodeIgniter\CodeIgniter->run()
10 SYSTEMPATH\Commands\Server\rewrite.php(47): require_once('C:\\laragon\\www\\Final_Capstone\\public\\index.php')
CRITICAL - 2024-11-03 14:52:17 --> ErrorException: Undefined array key "user_name"
in APPPATH\Views\admin\rental_management.php on line 34.
 1 APPPATH\Views\admin\rental_management.php(34): CodeIgniter\Debug\Exceptions->errorHandler(2, 'Undefined array key "user_name"', 'C:\\laragon\\www\\Final_Capstone\\app\\Views\\admin\\rental_management.php', 34)
 2 SYSTEMPATH\View\View.php(228): include('C:\\laragon\\www\\Final_Capstone\\app\\Views\\admin\\rental_management.php')
 3 SYSTEMPATH\View\View.php(231): CodeIgniter\View\View->CodeIgniter\View\{closure}()
 4 SYSTEMPATH\Common.php(1178): CodeIgniter\View\View->render('admin/rental_management', [], true)
 5 APPPATH\Controllers\Rental.php(146): view('admin/rental_management', [...])
 6 SYSTEMPATH\CodeIgniter.php(943): App\Controllers\Rental->adminIndex()
 7 SYSTEMPATH\CodeIgniter.php(503): CodeIgniter\CodeIgniter->runController(Object(App\Controllers\Rental))
 8 SYSTEMPATH\CodeIgniter.php(361): CodeIgniter\CodeIgniter->handleRequest(null, Object(Config\Cache), false)
 9 FCPATH\index.php(79): CodeIgniter\CodeIgniter->run()
10 SYSTEMPATH\Commands\Server\rewrite.php(47): require_once('C:\\laragon\\www\\Final_Capstone\\public\\index.php')
CRITICAL - 2024-11-03 14:59:11 --> ErrorException: Undefined array key "user_name"
in APPPATH\Views\admin\rental_management.php on line 367.
 1 APPPATH\Views\admin\rental_management.php(367): CodeIgniter\Debug\Exceptions->errorHandler(2, 'Undefined array key "user_name"', 'C:\\laragon\\www\\Final_Capstone\\app\\Views\\admin\\rental_management.php', 367)
 2 [internal function]: CodeIgniter\View\View->{closure}([...])
 3 APPPATH\Views\admin\rental_management.php(381): array_map(Object(Closure), [...])
 4 SYSTEMPATH\View\View.php(228): include('C:\\laragon\\www\\Final_Capstone\\app\\Views\\admin\\rental_management.php')
 5 SYSTEMPATH\View\View.php(231): CodeIgniter\View\View->CodeIgniter\View\{closure}()
 6 SYSTEMPATH\Common.php(1178): CodeIgniter\View\View->render('admin/rental_management', [], true)
 7 APPPATH\Controllers\Rental.php(146): view('admin/rental_management', [...])
 8 SYSTEMPATH\CodeIgniter.php(943): App\Controllers\Rental->adminIndex()
 9 SYSTEMPATH\CodeIgniter.php(503): CodeIgniter\CodeIgniter->runController(Object(App\Controllers\Rental))
10 SYSTEMPATH\CodeIgniter.php(361): CodeIgniter\CodeIgniter->handleRequest(null, Object(Config\Cache), false)
11 FCPATH\index.php(79): CodeIgniter\CodeIgniter->run()
12 SYSTEMPATH\Commands\Server\rewrite.php(47): require_once('C:\\laragon\\www\\Final_Capstone\\public\\index.php')
CRITICAL - 2024-11-03 15:15:34 --> ErrorException: Undefined array key "user_name"
in APPPATH\Views\admin\rental_management.php on line 367.
 1 APPPATH\Views\admin\rental_management.php(367): CodeIgniter\Debug\Exceptions->errorHandler(2, 'Undefined array key "user_name"', 'C:\\laragon\\www\\Final_Capstone\\app\\Views\\admin\\rental_management.php', 367)
 2 [internal function]: CodeIgniter\View\View->{closure}([...])
 3 APPPATH\Views\admin\rental_management.php(381): array_map(Object(Closure), [...])
 4 SYSTEMPATH\View\View.php(228): include('C:\\laragon\\www\\Final_Capstone\\app\\Views\\admin\\rental_management.php')
 5 SYSTEMPATH\View\View.php(231): CodeIgniter\View\View->CodeIgniter\View\{closure}()
 6 SYSTEMPATH\Common.php(1178): CodeIgniter\View\View->render('admin/rental_management', [], true)
 7 APPPATH\Controllers\Rental.php(146): view('admin/rental_management', [...])
 8 SYSTEMPATH\CodeIgniter.php(943): App\Controllers\Rental->adminIndex()
 9 SYSTEMPATH\CodeIgniter.php(503): CodeIgniter\CodeIgniter->runController(Object(App\Controllers\Rental))
10 SYSTEMPATH\CodeIgniter.php(361): CodeIgniter\CodeIgniter->handleRequest(null, Object(Config\Cache), false)
11 FCPATH\index.php(79): CodeIgniter\CodeIgniter->run()
12 SYSTEMPATH\Commands\Server\rewrite.php(47): require_once('C:\\laragon\\www\\Final_Capstone\\public\\index.php')
CRITICAL - 2024-11-03 23:17:18 --> ParseError: syntax error, unexpected token "endif"
in APPPATH\Views\purchase_history.php on line 251.
 1 SYSTEMPATH\View\View.php(231): CodeIgniter\View\View->CodeIgniter\View\{closure}()
 2 SYSTEMPATH\Common.php(1178): CodeIgniter\View\View->render('purchase_history', [], true)
 3 APPPATH\Controllers\ProductController.php(145): view('purchase_history', [...])
 4 SYSTEMPATH\CodeIgniter.php(943): App\Controllers\ProductController->History()
 5 SYSTEMPATH\CodeIgniter.php(503): CodeIgniter\CodeIgniter->runController(Object(App\Controllers\ProductController))
 6 SYSTEMPATH\CodeIgniter.php(361): CodeIgniter\CodeIgniter->handleRequest(null, Object(Config\Cache), false)
 7 FCPATH\index.php(79): CodeIgniter\CodeIgniter->run()
 8 SYSTEMPATH\Commands\Server\rewrite.php(47): require_once('C:\\laragon\\www\\Final_Capstone\\public\\index.php')
