CRITICAL - 2024-09-17 04:13:02 --> ErrorException: Undefined property: App\Controllers\Admin::$userModel
in APPPATH\Controllers\Admin.php on line 134.
 1 APPPATH\Controllers\Admin.php(134): CodeIgniter\Debug\Exceptions->errorHandler(2, 'Undefined property: App\\Controllers\\Admin::$userModel', 'C:\\laragon\\www\\CAPSTONENAMIN\\app\\Controllers\\Admin.php', 134)
 2 SYSTEMPATH\CodeIgniter.php(943): App\Controllers\Admin->update('24')
 3 SYSTEMPATH\CodeIgniter.php(503): CodeIgniter\CodeIgniter->runController(Object(App\Controllers\Admin))
 4 SYSTEMPATH\CodeIgniter.php(361): CodeIgniter\CodeIgniter->handleRequest(null, Object(Config\Cache), false)
 5 FCPATH\index.php(79): CodeIgniter\CodeIgniter->run()
 6 SYSTEMPATH\Commands\Server\rewrite.php(47): require_once('C:\\laragon\\www\\CAPSTONENAMIN\\public\\index.php')
CRITICAL - 2024-09-17 05:16:53 --> CodeIgniter\Database\Exceptions\DataException: There is no primary key defined when trying to make insert.
in SYSTEMPATH\Model.php on line 291.
 1 SYSTEMPATH\Model.php(291): CodeIgniter\Database\Exceptions\DataException::forEmptyPrimaryKey('insert')
 2 SYSTEMPATH\BaseModel.php(802): CodeIgniter\Model->doInsert([...])
 3 SYSTEMPATH\Model.php(749): CodeIgniter\BaseModel->insert([...], true)
 4 APPPATH\Controllers\CarController.php(55): CodeIgniter\Model->insert([...])
 5 SYSTEMPATH\CodeIgniter.php(943): App\Controllers\CarController->addCar()
 6 SYSTEMPATH\CodeIgniter.php(503): CodeIgniter\CodeIgniter->runController(Object(App\Controllers\CarController))
 7 SYSTEMPATH\CodeIgniter.php(361): CodeIgniter\CodeIgniter->handleRequest(null, Object(Config\Cache), false)
 8 FCPATH\index.php(79): CodeIgniter\CodeIgniter->run()
 9 SYSTEMPATH\Commands\Server\rewrite.php(47): require_once('C:\\laragon\\www\\CAPSTONENAMIN\\public\\index.php')
CRITICAL - 2024-09-17 05:16:54 --> CodeIgniter\Database\Exceptions\DataException: There is no primary key defined when trying to make insert.
in SYSTEMPATH\Model.php on line 291.
 1 SYSTEMPATH\Model.php(291): CodeIgniter\Database\Exceptions\DataException::forEmptyPrimaryKey('insert')
 2 SYSTEMPATH\BaseModel.php(802): CodeIgniter\Model->doInsert([...])
 3 SYSTEMPATH\Model.php(749): CodeIgniter\BaseModel->insert([...], true)
 4 APPPATH\Controllers\CarController.php(55): CodeIgniter\Model->insert([...])
 5 SYSTEMPATH\CodeIgniter.php(943): App\Controllers\CarController->addCar()
 6 SYSTEMPATH\CodeIgniter.php(503): CodeIgniter\CodeIgniter->runController(Object(App\Controllers\CarController))
 7 SYSTEMPATH\CodeIgniter.php(361): CodeIgniter\CodeIgniter->handleRequest(null, Object(Config\Cache), false)
 8 FCPATH\index.php(79): CodeIgniter\CodeIgniter->run()
 9 SYSTEMPATH\Commands\Server\rewrite.php(47): require_once('C:\\laragon\\www\\CAPSTONENAMIN\\public\\index.php')
CRITICAL - 2024-09-17 05:23:22 --> CodeIgniter\Database\Exceptions\DataException: There is no primary key defined when trying to make insert.
in SYSTEMPATH\Model.php on line 291.
 1 SYSTEMPATH\Model.php(291): CodeIgniter\Database\Exceptions\DataException::forEmptyPrimaryKey('insert')
 2 SYSTEMPATH\BaseModel.php(802): CodeIgniter\Model->doInsert([...])
 3 SYSTEMPATH\Model.php(749): CodeIgniter\BaseModel->insert([...], true)
 4 APPPATH\Controllers\CarController.php(55): CodeIgniter\Model->insert([...])
 5 SYSTEMPATH\CodeIgniter.php(943): App\Controllers\CarController->addCar()
 6 SYSTEMPATH\CodeIgniter.php(503): CodeIgniter\CodeIgniter->runController(Object(App\Controllers\CarController))
 7 SYSTEMPATH\CodeIgniter.php(361): CodeIgniter\CodeIgniter->handleRequest(null, Object(Config\Cache), false)
 8 FCPATH\index.php(79): CodeIgniter\CodeIgniter->run()
 9 SYSTEMPATH\Commands\Server\rewrite.php(47): require_once('C:\\laragon\\www\\CAPSTONENAMIN\\public\\index.php')
CRITICAL - 2024-09-17 05:25:05 --> CodeIgniter\Database\Exceptions\DataException: There is no primary key defined when trying to make insert.
in SYSTEMPATH\Model.php on line 291.
 1 SYSTEMPATH\Model.php(291): CodeIgniter\Database\Exceptions\DataException::forEmptyPrimaryKey('insert')
 2 SYSTEMPATH\BaseModel.php(802): CodeIgniter\Model->doInsert([...])
 3 SYSTEMPATH\Model.php(749): CodeIgniter\BaseModel->insert([...], true)
 4 APPPATH\Controllers\CarController.php(55): CodeIgniter\Model->insert([...])
 5 SYSTEMPATH\CodeIgniter.php(943): App\Controllers\CarController->addCar()
 6 SYSTEMPATH\CodeIgniter.php(503): CodeIgniter\CodeIgniter->runController(Object(App\Controllers\CarController))
 7 SYSTEMPATH\CodeIgniter.php(361): CodeIgniter\CodeIgniter->handleRequest(null, Object(Config\Cache), false)
 8 FCPATH\index.php(79): CodeIgniter\CodeIgniter->run()
 9 SYSTEMPATH\Commands\Server\rewrite.php(47): require_once('C:\\laragon\\www\\CAPSTONENAMIN\\public\\index.php')
CRITICAL - 2024-09-17 05:34:31 --> CodeIgniter\Database\Exceptions\DataException: There is no primary key defined when trying to make insert.
in SYSTEMPATH\Model.php on line 291.
 1 SYSTEMPATH\Model.php(291): CodeIgniter\Database\Exceptions\DataException::forEmptyPrimaryKey('insert')
 2 SYSTEMPATH\BaseModel.php(802): CodeIgniter\Model->doInsert([...])
 3 SYSTEMPATH\Model.php(749): CodeIgniter\BaseModel->insert([...], true)
 4 APPPATH\Controllers\CarController.php(55): CodeIgniter\Model->insert([...])
 5 SYSTEMPATH\CodeIgniter.php(943): App\Controllers\CarController->addCar()
 6 SYSTEMPATH\CodeIgniter.php(503): CodeIgniter\CodeIgniter->runController(Object(App\Controllers\CarController))
 7 SYSTEMPATH\CodeIgniter.php(361): CodeIgniter\CodeIgniter->handleRequest(null, Object(Config\Cache), false)
 8 FCPATH\index.php(79): CodeIgniter\CodeIgniter->run()
 9 SYSTEMPATH\Commands\Server\rewrite.php(47): require_once('C:\\laragon\\www\\CAPSTONENAMIN\\public\\index.php')
CRITICAL - 2024-09-17 05:35:27 --> CodeIgniter\Database\Exceptions\DataException: There is no primary key defined when trying to make insert.
in SYSTEMPATH\Model.php on line 291.
 1 SYSTEMPATH\Model.php(291): CodeIgniter\Database\Exceptions\DataException::forEmptyPrimaryKey('insert')
 2 SYSTEMPATH\BaseModel.php(802): CodeIgniter\Model->doInsert([...])
 3 SYSTEMPATH\Model.php(749): CodeIgniter\BaseModel->insert([...], true)
 4 APPPATH\Controllers\CarController.php(55): CodeIgniter\Model->insert([...])
 5 SYSTEMPATH\CodeIgniter.php(943): App\Controllers\CarController->addCar()
 6 SYSTEMPATH\CodeIgniter.php(503): CodeIgniter\CodeIgniter->runController(Object(App\Controllers\CarController))
 7 SYSTEMPATH\CodeIgniter.php(361): CodeIgniter\CodeIgniter->handleRequest(null, Object(Config\Cache), false)
 8 FCPATH\index.php(79): CodeIgniter\CodeIgniter->run()
 9 SYSTEMPATH\Commands\Server\rewrite.php(47): require_once('C:\\laragon\\www\\CAPSTONENAMIN\\public\\index.php')
CRITICAL - 2024-09-17 05:38:22 --> CodeIgniter\Database\Exceptions\DataException: There is no primary key defined when trying to make insert.
in SYSTEMPATH\Model.php on line 291.
 1 SYSTEMPATH\Model.php(291): CodeIgniter\Database\Exceptions\DataException::forEmptyPrimaryKey('insert')
 2 SYSTEMPATH\BaseModel.php(802): CodeIgniter\Model->doInsert([...])
 3 SYSTEMPATH\Model.php(749): CodeIgniter\BaseModel->insert([...], true)
 4 APPPATH\Controllers\CarController.php(55): CodeIgniter\Model->insert([...])
 5 SYSTEMPATH\CodeIgniter.php(943): App\Controllers\CarController->addCar()
 6 SYSTEMPATH\CodeIgniter.php(503): CodeIgniter\CodeIgniter->runController(Object(App\Controllers\CarController))
 7 SYSTEMPATH\CodeIgniter.php(361): CodeIgniter\CodeIgniter->handleRequest(null, Object(Config\Cache), false)
 8 FCPATH\index.php(79): CodeIgniter\CodeIgniter->run()
 9 SYSTEMPATH\Commands\Server\rewrite.php(47): require_once('C:\\laragon\\www\\CAPSTONENAMIN\\public\\index.php')
CRITICAL - 2024-09-17 05:39:18 --> CodeIgniter\Database\Exceptions\DataException: There is no primary key defined when trying to make insert.
in SYSTEMPATH\Model.php on line 291.
 1 SYSTEMPATH\Model.php(291): CodeIgniter\Database\Exceptions\DataException::forEmptyPrimaryKey('insert')
 2 SYSTEMPATH\BaseModel.php(802): CodeIgniter\Model->doInsert([...])
 3 SYSTEMPATH\Model.php(749): CodeIgniter\BaseModel->insert([...], true)
 4 APPPATH\Controllers\CarController.php(55): CodeIgniter\Model->insert([...])
 5 SYSTEMPATH\CodeIgniter.php(943): App\Controllers\CarController->addCar()
 6 SYSTEMPATH\CodeIgniter.php(503): CodeIgniter\CodeIgniter->runController(Object(App\Controllers\CarController))
 7 SYSTEMPATH\CodeIgniter.php(361): CodeIgniter\CodeIgniter->handleRequest(null, Object(Config\Cache), false)
 8 FCPATH\index.php(79): CodeIgniter\CodeIgniter->run()
 9 SYSTEMPATH\Commands\Server\rewrite.php(47): require_once('C:\\laragon\\www\\CAPSTONENAMIN\\public\\index.php')
CRITICAL - 2024-09-17 05:42:35 --> ParseError: syntax error, unexpected token "public", expecting "," or ";"
in APPPATH\Controllers\Admin.php on line 14.
 1 SYSTEMPATH\Autoloader\Autoloader.php(290): CodeIgniter\Autoloader\Autoloader->includeFile('C:\\laragon\\www\\CAPSTONENAMIN\\app\\Controllers\\Admin.php')
 2 SYSTEMPATH\Autoloader\Autoloader.php(266): CodeIgniter\Autoloader\Autoloader->loadInNamespace('App\\Controllers\\Admin')
 3 [internal function]: CodeIgniter\Autoloader\Autoloader->loadClass('App\\Controllers\\Admin')
 4 SYSTEMPATH\CodeIgniter.php(901): class_exists('\\App\\Controllers\\Admin', true)
 5 SYSTEMPATH\CodeIgniter.php(490): CodeIgniter\CodeIgniter->startController()
 6 SYSTEMPATH\CodeIgniter.php(361): CodeIgniter\CodeIgniter->handleRequest(null, Object(Config\Cache), false)
 7 FCPATH\index.php(79): CodeIgniter\CodeIgniter->run()
 8 SYSTEMPATH\Commands\Server\rewrite.php(47): require_once('C:\\laragon\\www\\CAPSTONENAMIN\\public\\index.php')
CRITICAL - 2024-09-17 05:44:07 --> CodeIgniter\Database\Exceptions\DataException: There is no primary key defined when trying to make insert.
in SYSTEMPATH\Model.php on line 291.
 1 SYSTEMPATH\Model.php(291): CodeIgniter\Database\Exceptions\DataException::forEmptyPrimaryKey('insert')
 2 SYSTEMPATH\BaseModel.php(802): CodeIgniter\Model->doInsert([...])
 3 SYSTEMPATH\Model.php(749): CodeIgniter\BaseModel->insert([...], true)
 4 APPPATH\Controllers\CarController.php(55): CodeIgniter\Model->insert([...])
 5 SYSTEMPATH\CodeIgniter.php(943): App\Controllers\CarController->addCar()
 6 SYSTEMPATH\CodeIgniter.php(503): CodeIgniter\CodeIgniter->runController(Object(App\Controllers\CarController))
 7 SYSTEMPATH\CodeIgniter.php(361): CodeIgniter\CodeIgniter->handleRequest(null, Object(Config\Cache), false)
 8 FCPATH\index.php(79): CodeIgniter\CodeIgniter->run()
 9 SYSTEMPATH\Commands\Server\rewrite.php(47): require_once('C:\\laragon\\www\\CAPSTONENAMIN\\public\\index.php')
CRITICAL - 2024-09-17 05:49:15 --> CodeIgniter\Database\Exceptions\DataException: There is no primary key defined when trying to make insert.
in SYSTEMPATH\Model.php on line 291.
 1 SYSTEMPATH\Model.php(291): CodeIgniter\Database\Exceptions\DataException::forEmptyPrimaryKey('insert')
 2 SYSTEMPATH\BaseModel.php(802): CodeIgniter\Model->doInsert([...])
 3 SYSTEMPATH\Model.php(749): CodeIgniter\BaseModel->insert([...], true)
 4 APPPATH\Controllers\CarController.php(55): CodeIgniter\Model->insert([...])
 5 SYSTEMPATH\CodeIgniter.php(943): App\Controllers\CarController->addCar()
 6 SYSTEMPATH\CodeIgniter.php(503): CodeIgniter\CodeIgniter->runController(Object(App\Controllers\CarController))
 7 SYSTEMPATH\CodeIgniter.php(361): CodeIgniter\CodeIgniter->handleRequest(null, Object(Config\Cache), false)
 8 FCPATH\index.php(79): CodeIgniter\CodeIgniter->run()
 9 SYSTEMPATH\Commands\Server\rewrite.php(47): require_once('C:\\laragon\\www\\CAPSTONENAMIN\\public\\index.php')
CRITICAL - 2024-09-17 07:20:15 --> CodeIgniter\View\Exceptions\ViewException: Invalid file: "car_view.php"
in SYSTEMPATH\Exceptions\FrameworkException.php on line 39.
 1 SYSTEMPATH\View\View.php(216): CodeIgniter\Exceptions\FrameworkException::forInvalidFile('car_view.php')
 2 SYSTEMPATH\Common.php(1178): CodeIgniter\View\View->render('car_view', [], true)
 3 APPPATH\Controllers\CarController.php(19): view('car_view', [...])
 4 SYSTEMPATH\CodeIgniter.php(943): App\Controllers\CarController->index()
 5 SYSTEMPATH\CodeIgniter.php(503): CodeIgniter\CodeIgniter->runController(Object(App\Controllers\CarController))
 6 SYSTEMPATH\CodeIgniter.php(361): CodeIgniter\CodeIgniter->handleRequest(null, Object(Config\Cache), false)
 7 FCPATH\index.php(79): CodeIgniter\CodeIgniter->run()
 8 SYSTEMPATH\Commands\Server\rewrite.php(47): require_once('C:\\laragon\\www\\CAPSTONENAMIN\\public\\index.php')
CRITICAL - 2024-09-17 07:41:30 --> ErrorException: Undefined variable $cars
in APPPATH\Views\admin\car_management.php on line 223.
 1 APPPATH\Views\admin\car_management.php(223): CodeIgniter\Debug\Exceptions->errorHandler(2, 'Undefined variable $cars', 'C:\\laragon\\www\\CAPSTONENAMIN\\app\\Views\\admin\\car_management.php', 223)
 2 SYSTEMPATH\View\View.php(228): include('C:\\laragon\\www\\CAPSTONENAMIN\\app\\Views\\admin\\car_management.php')
 3 SYSTEMPATH\View\View.php(231): CodeIgniter\View\View->CodeIgniter\View\{closure}()
 4 SYSTEMPATH\Common.php(1178): CodeIgniter\View\View->render('admin/car_management', [], true)
 5 APPPATH\Controllers\CarController.php(25): view('admin/car_management')
 6 SYSTEMPATH\CodeIgniter.php(943): App\Controllers\CarController->carma()
 7 SYSTEMPATH\CodeIgniter.php(503): CodeIgniter\CodeIgniter->runController(Object(App\Controllers\CarController))
 8 SYSTEMPATH\CodeIgniter.php(361): CodeIgniter\CodeIgniter->handleRequest(null, Object(Config\Cache), false)
 9 FCPATH\index.php(79): CodeIgniter\CodeIgniter->run()
10 SYSTEMPATH\Commands\Server\rewrite.php(47): require_once('C:\\laragon\\www\\CAPSTONENAMIN\\public\\index.php')
CRITICAL - 2024-09-17 07:44:10 --> ErrorException: Undefined variable $cars
in APPPATH\Views\admin\car_management.php on line 223.
 1 APPPATH\Views\admin\car_management.php(223): CodeIgniter\Debug\Exceptions->errorHandler(2, 'Undefined variable $cars', 'C:\\laragon\\www\\CAPSTONENAMIN\\app\\Views\\admin\\car_management.php', 223)
 2 SYSTEMPATH\View\View.php(228): include('C:\\laragon\\www\\CAPSTONENAMIN\\app\\Views\\admin\\car_management.php')
 3 SYSTEMPATH\View\View.php(231): CodeIgniter\View\View->CodeIgniter\View\{closure}()
 4 SYSTEMPATH\Common.php(1178): CodeIgniter\View\View->render('admin/car_management', [], true)
 5 APPPATH\Controllers\CarController.php(25): view('admin/car_management')
 6 SYSTEMPATH\CodeIgniter.php(943): App\Controllers\CarController->carma()
 7 SYSTEMPATH\CodeIgniter.php(503): CodeIgniter\CodeIgniter->runController(Object(App\Controllers\CarController))
 8 SYSTEMPATH\CodeIgniter.php(361): CodeIgniter\CodeIgniter->handleRequest(null, Object(Config\Cache), false)
 9 FCPATH\index.php(79): CodeIgniter\CodeIgniter->run()
10 SYSTEMPATH\Commands\Server\rewrite.php(47): require_once('C:\\laragon\\www\\CAPSTONENAMIN\\public\\index.php')
CRITICAL - 2024-09-17 07:44:59 --> ErrorException: Undefined variable $cars
in APPPATH\Views\admin\car_management.php on line 223.
 1 APPPATH\Views\admin\car_management.php(223): CodeIgniter\Debug\Exceptions->errorHandler(2, 'Undefined variable $cars', 'C:\\laragon\\www\\CAPSTONENAMIN\\app\\Views\\admin\\car_management.php', 223)
 2 SYSTEMPATH\View\View.php(228): include('C:\\laragon\\www\\CAPSTONENAMIN\\app\\Views\\admin\\car_management.php')
 3 SYSTEMPATH\View\View.php(231): CodeIgniter\View\View->CodeIgniter\View\{closure}()
 4 SYSTEMPATH\Common.php(1178): CodeIgniter\View\View->render('admin/car_management', [], true)
 5 APPPATH\Controllers\CarController.php(25): view('admin/car_management')
 6 SYSTEMPATH\CodeIgniter.php(943): App\Controllers\CarController->carma()
 7 SYSTEMPATH\CodeIgniter.php(503): CodeIgniter\CodeIgniter->runController(Object(App\Controllers\CarController))
 8 SYSTEMPATH\CodeIgniter.php(361): CodeIgniter\CodeIgniter->handleRequest(null, Object(Config\Cache), false)
 9 FCPATH\index.php(79): CodeIgniter\CodeIgniter->run()
10 SYSTEMPATH\Commands\Server\rewrite.php(47): require_once('C:\\laragon\\www\\CAPSTONENAMIN\\public\\index.php')
CRITICAL - 2024-09-17 09:03:52 --> CodeIgniter\Security\Exceptions\SecurityException: The action you requested is not allowed.
in SYSTEMPATH\Security\Security.php on line 300.
 1 SYSTEMPATH\Security\Security.php(300): CodeIgniter\Security\Exceptions\SecurityException::forDisallowedAction()
 2 SYSTEMPATH\Filters\CSRF.php(56): CodeIgniter\Security\Security->verify(Object(CodeIgniter\HTTP\IncomingRequest))
 3 SYSTEMPATH\Filters\Filters.php(184): CodeIgniter\Filters\CSRF->before(Object(CodeIgniter\HTTP\IncomingRequest), null)
 4 SYSTEMPATH\CodeIgniter.php(475): CodeIgniter\Filters\Filters->run('admin/update/15', 'before')
 5 SYSTEMPATH\CodeIgniter.php(361): CodeIgniter\CodeIgniter->handleRequest(null, Object(Config\Cache), false)
 6 FCPATH\index.php(79): CodeIgniter\CodeIgniter->run()
 7 SYSTEMPATH\Commands\Server\rewrite.php(47): require_once('C:\\laragon\\www\\CAPSTONENAMIN\\public\\index.php')
CRITICAL - 2024-09-17 11:37:16 --> CodeIgniter\Security\Exceptions\SecurityException: The action you requested is not allowed.
in SYSTEMPATH\Security\Security.php on line 300.
 1 SYSTEMPATH\Security\Security.php(300): CodeIgniter\Security\Exceptions\SecurityException::forDisallowedAction()
 2 SYSTEMPATH\Filters\CSRF.php(56): CodeIgniter\Security\Security->verify(Object(CodeIgniter\HTTP\IncomingRequest))
 3 SYSTEMPATH\Filters\Filters.php(184): CodeIgniter\Filters\CSRF->before(Object(CodeIgniter\HTTP\IncomingRequest), null)
 4 SYSTEMPATH\CodeIgniter.php(475): CodeIgniter\Filters\Filters->run('SigninController/loginAuth', 'before')
 5 SYSTEMPATH\CodeIgniter.php(361): CodeIgniter\CodeIgniter->handleRequest(null, Object(Config\Cache), false)
 6 FCPATH\index.php(79): CodeIgniter\CodeIgniter->run()
 7 SYSTEMPATH\Commands\Server\rewrite.php(47): require_once('C:\\laragon\\www\\CAPSTONENAMIN\\public\\index.php')
CRITICAL - 2024-09-17 11:37:41 --> CodeIgniter\Security\Exceptions\SecurityException: The action you requested is not allowed.
in SYSTEMPATH\Security\Security.php on line 300.
 1 SYSTEMPATH\Security\Security.php(300): CodeIgniter\Security\Exceptions\SecurityException::forDisallowedAction()
 2 SYSTEMPATH\Filters\CSRF.php(56): CodeIgniter\Security\Security->verify(Object(CodeIgniter\HTTP\IncomingRequest))
 3 SYSTEMPATH\Filters\Filters.php(184): CodeIgniter\Filters\CSRF->before(Object(CodeIgniter\HTTP\IncomingRequest), null)
 4 SYSTEMPATH\CodeIgniter.php(475): CodeIgniter\Filters\Filters->run('SigninController/loginAuth', 'before')
 5 SYSTEMPATH\CodeIgniter.php(361): CodeIgniter\CodeIgniter->handleRequest(null, Object(Config\Cache), false)
 6 FCPATH\index.php(79): CodeIgniter\CodeIgniter->run()
 7 SYSTEMPATH\Commands\Server\rewrite.php(47): require_once('C:\\laragon\\www\\CAPSTONENAMIN\\public\\index.php')
CRITICAL - 2024-09-17 11:38:25 --> CodeIgniter\Security\Exceptions\SecurityException: The action you requested is not allowed.
in SYSTEMPATH\Security\Security.php on line 300.
 1 SYSTEMPATH\Security\Security.php(300): CodeIgniter\Security\Exceptions\SecurityException::forDisallowedAction()
 2 SYSTEMPATH\Filters\CSRF.php(56): CodeIgniter\Security\Security->verify(Object(CodeIgniter\HTTP\IncomingRequest))
 3 SYSTEMPATH\Filters\Filters.php(184): CodeIgniter\Filters\CSRF->before(Object(CodeIgniter\HTTP\IncomingRequest), null)
 4 SYSTEMPATH\CodeIgniter.php(475): CodeIgniter\Filters\Filters->run('SignupController/store', 'before')
 5 SYSTEMPATH\CodeIgniter.php(361): CodeIgniter\CodeIgniter->handleRequest(null, Object(Config\Cache), false)
 6 FCPATH\index.php(79): CodeIgniter\CodeIgniter->run()
 7 SYSTEMPATH\Commands\Server\rewrite.php(47): require_once('C:\\laragon\\www\\CAPSTONENAMIN\\public\\index.php')
CRITICAL - 2024-09-17 11:40:44 --> CodeIgniter\Security\Exceptions\SecurityException: The action you requested is not allowed.
in SYSTEMPATH\Security\Security.php on line 300.
 1 SYSTEMPATH\Security\Security.php(300): CodeIgniter\Security\Exceptions\SecurityException::forDisallowedAction()
 2 SYSTEMPATH\Filters\CSRF.php(56): CodeIgniter\Security\Security->verify(Object(CodeIgniter\HTTP\IncomingRequest))
 3 SYSTEMPATH\Filters\Filters.php(184): CodeIgniter\Filters\CSRF->before(Object(CodeIgniter\HTTP\IncomingRequest), null)
 4 SYSTEMPATH\CodeIgniter.php(475): CodeIgniter\Filters\Filters->run('SignupController/store', 'before')
 5 SYSTEMPATH\CodeIgniter.php(361): CodeIgniter\CodeIgniter->handleRequest(null, Object(Config\Cache), false)
 6 FCPATH\index.php(79): CodeIgniter\CodeIgniter->run()
 7 SYSTEMPATH\Commands\Server\rewrite.php(47): require_once('C:\\laragon\\www\\CAPSTONENAMIN\\public\\index.php')
CRITICAL - 2024-09-17 12:07:47 --> ErrorException: Undefined variable $user_name
in APPPATH\Views\user\renting.php on line 108.
 1 APPPATH\Views\user\renting.php(108): CodeIgniter\Debug\Exceptions->errorHandler(2, 'Undefined variable $user_name', 'C:\\laragon\\www\\CAPSTONENAMIN\\app\\Views\\user\\renting.php', 108)
 2 SYSTEMPATH\View\View.php(228): include('C:\\laragon\\www\\CAPSTONENAMIN\\app\\Views\\user\\renting.php')
 3 SYSTEMPATH\View\View.php(231): CodeIgniter\View\View->CodeIgniter\View\{closure}()
 4 SYSTEMPATH\Common.php(1178): CodeIgniter\View\View->render('user/renting', [], true)
 5 APPPATH\Controllers\HomeController.php(29): view('user/renting')
 6 SYSTEMPATH\CodeIgniter.php(943): App\Controllers\HomeController->rent()
 7 SYSTEMPATH\CodeIgniter.php(503): CodeIgniter\CodeIgniter->runController(Object(App\Controllers\HomeController))
 8 SYSTEMPATH\CodeIgniter.php(361): CodeIgniter\CodeIgniter->handleRequest(null, Object(Config\Cache), false)
 9 FCPATH\index.php(79): CodeIgniter\CodeIgniter->run()
10 SYSTEMPATH\Commands\Server\rewrite.php(47): require_once('C:\\laragon\\www\\CAPSTONENAMIN\\public\\index.php')
