CRITICAL - 2024-09-29 01:11:51 --> ErrorException: Undefined array key "image"
in APPPATH\Views\user\cars.php on line 221.
 1 APPPATH\Views\user\cars.php(221): CodeIgniter\Debug\Exceptions->errorHandler(2, 'Undefined array key "image"', 'C:\\laragon\\www\\cappppp\\app\\Views\\user\\cars.php', 221)
 2 SYSTEMPATH\View\View.php(228): include('C:\\laragon\\www\\cappppp\\app\\Views\\user\\cars.php')
 3 SYSTEMPATH\View\View.php(231): CodeIgniter\View\View->CodeIgniter\View\{closure}()
 4 SYSTEMPATH\Common.php(1178): CodeIgniter\View\View->render('user/cars', [], true)
 5 APPPATH\Controllers\CarController.php(20): view('user/cars', [...])
 6 SYSTEMPATH\CodeIgniter.php(943): App\Controllers\CarController->index()
 7 SYSTEMPATH\CodeIgniter.php(503): CodeIgniter\CodeIgniter->runController(Object(App\Controllers\CarController))
 8 SYSTEMPATH\CodeIgniter.php(361): CodeIgniter\CodeIgniter->handleRequest(null, Object(Config\Cache), false)
 9 FCPATH\index.php(79): CodeIgniter\CodeIgniter->run()
10 SYSTEMPATH\Commands\Server\rewrite.php(47): require_once('C:\\laragon\\www\\cappppp\\public\\index.php')
CRITICAL - 2024-09-29 01:13:49 --> ErrorException: Undefined array key "image"
in APPPATH\Views\user\cars.php on line 221.
 1 APPPATH\Views\user\cars.php(221): CodeIgniter\Debug\Exceptions->errorHandler(2, 'Undefined array key "image"', 'C:\\laragon\\www\\cappppp\\app\\Views\\user\\cars.php', 221)
 2 SYSTEMPATH\View\View.php(228): include('C:\\laragon\\www\\cappppp\\app\\Views\\user\\cars.php')
 3 SYSTEMPATH\View\View.php(231): CodeIgniter\View\View->CodeIgniter\View\{closure}()
 4 SYSTEMPATH\Common.php(1178): CodeIgniter\View\View->render('user/cars', [], true)
 5 APPPATH\Controllers\CarController.php(20): view('user/cars', [...])
 6 SYSTEMPATH\CodeIgniter.php(943): App\Controllers\CarController->index()
 7 SYSTEMPATH\CodeIgniter.php(503): CodeIgniter\CodeIgniter->runController(Object(App\Controllers\CarController))
 8 SYSTEMPATH\CodeIgniter.php(361): CodeIgniter\CodeIgniter->handleRequest(null, Object(Config\Cache), false)
 9 FCPATH\index.php(79): CodeIgniter\CodeIgniter->run()
10 SYSTEMPATH\Commands\Server\rewrite.php(47): require_once('C:\\laragon\\www\\cappppp\\public\\index.php')
CRITICAL - 2024-09-29 01:14:50 --> ErrorException: Undefined array key "image"
in APPPATH\Views\user\cars.php on line 221.
 1 APPPATH\Views\user\cars.php(221): CodeIgniter\Debug\Exceptions->errorHandler(2, 'Undefined array key "image"', 'C:\\laragon\\www\\cappppp\\app\\Views\\user\\cars.php', 221)
 2 SYSTEMPATH\View\View.php(228): include('C:\\laragon\\www\\cappppp\\app\\Views\\user\\cars.php')
 3 SYSTEMPATH\View\View.php(231): CodeIgniter\View\View->CodeIgniter\View\{closure}()
 4 SYSTEMPATH\Common.php(1178): CodeIgniter\View\View->render('user/cars', [], true)
 5 APPPATH\Controllers\CarController.php(20): view('user/cars', [...])
 6 SYSTEMPATH\CodeIgniter.php(943): App\Controllers\CarController->index()
 7 SYSTEMPATH\CodeIgniter.php(503): CodeIgniter\CodeIgniter->runController(Object(App\Controllers\CarController))
 8 SYSTEMPATH\CodeIgniter.php(361): CodeIgniter\CodeIgniter->handleRequest(null, Object(Config\Cache), false)
 9 FCPATH\index.php(79): CodeIgniter\CodeIgniter->run()
10 SYSTEMPATH\Commands\Server\rewrite.php(47): require_once('C:\\laragon\\www\\cappppp\\public\\index.php')
CRITICAL - 2024-09-29 01:40:38 --> ErrorException: Undefined array key "image"
in APPPATH\Views\user\cars.php on line 221.
 1 APPPATH\Views\user\cars.php(221): CodeIgniter\Debug\Exceptions->errorHandler(2, 'Undefined array key "image"', 'C:\\laragon\\www\\cappppp\\app\\Views\\user\\cars.php', 221)
 2 SYSTEMPATH\View\View.php(228): include('C:\\laragon\\www\\cappppp\\app\\Views\\user\\cars.php')
 3 SYSTEMPATH\View\View.php(231): CodeIgniter\View\View->CodeIgniter\View\{closure}()
 4 SYSTEMPATH\Common.php(1178): CodeIgniter\View\View->render('user/cars', [], true)
 5 APPPATH\Controllers\CarController.php(20): view('user/cars', [...])
 6 SYSTEMPATH\CodeIgniter.php(943): App\Controllers\CarController->index()
 7 SYSTEMPATH\CodeIgniter.php(503): CodeIgniter\CodeIgniter->runController(Object(App\Controllers\CarController))
 8 SYSTEMPATH\CodeIgniter.php(361): CodeIgniter\CodeIgniter->handleRequest(null, Object(Config\Cache), false)
 9 FCPATH\index.php(79): CodeIgniter\CodeIgniter->run()
10 SYSTEMPATH\Commands\Server\rewrite.php(47): require_once('C:\\laragon\\www\\cappppp\\public\\index.php')
CRITICAL - 2024-09-29 02:31:24 --> ErrorException: Undefined variable $userCount
in APPPATH\Views\layouts\dashboard.php on line 44.
 1 APPPATH\Views\layouts\dashboard.php(44): CodeIgniter\Debug\Exceptions->errorHandler(2, 'Undefined variable $userCount', 'C:\\laragon\\www\\cappppp\\app\\Views\\layouts\\dashboard.php', 44)
 2 SYSTEMPATH\View\View.php(228): include('C:\\laragon\\www\\cappppp\\app\\Views\\layouts\\dashboard.php')
 3 SYSTEMPATH\View\View.php(231): CodeIgniter\View\View->CodeIgniter\View\{closure}()
 4 SYSTEMPATH\Common.php(1178): CodeIgniter\View\View->render('layouts/dashboard', [], true)
 5 APPPATH\Controllers\Admin.php(178): view('layouts/dashboard', [...])
 6 SYSTEMPATH\CodeIgniter.php(943): App\Controllers\Admin->design()
 7 SYSTEMPATH\CodeIgniter.php(503): CodeIgniter\CodeIgniter->runController(Object(App\Controllers\Admin))
 8 SYSTEMPATH\CodeIgniter.php(361): CodeIgniter\CodeIgniter->handleRequest(null, Object(Config\Cache), false)
 9 FCPATH\index.php(79): CodeIgniter\CodeIgniter->run()
10 SYSTEMPATH\Commands\Server\rewrite.php(47): require_once('C:\\laragon\\www\\cappppp\\public\\index.php')
CRITICAL - 2024-09-29 02:35:36 --> ErrorException: Undefined array key "image"
in APPPATH\Views\user\cars.php on line 221.
 1 APPPATH\Views\user\cars.php(221): CodeIgniter\Debug\Exceptions->errorHandler(2, 'Undefined array key "image"', 'C:\\laragon\\www\\cappppp\\app\\Views\\user\\cars.php', 221)
 2 SYSTEMPATH\View\View.php(228): include('C:\\laragon\\www\\cappppp\\app\\Views\\user\\cars.php')
 3 SYSTEMPATH\View\View.php(231): CodeIgniter\View\View->CodeIgniter\View\{closure}()
 4 SYSTEMPATH\Common.php(1178): CodeIgniter\View\View->render('user/cars', [], true)
 5 APPPATH\Controllers\CarController.php(20): view('user/cars', [...])
 6 SYSTEMPATH\CodeIgniter.php(943): App\Controllers\CarController->index()
 7 SYSTEMPATH\CodeIgniter.php(503): CodeIgniter\CodeIgniter->runController(Object(App\Controllers\CarController))
 8 SYSTEMPATH\CodeIgniter.php(361): CodeIgniter\CodeIgniter->handleRequest(null, Object(Config\Cache), false)
 9 FCPATH\index.php(79): CodeIgniter\CodeIgniter->run()
10 SYSTEMPATH\Commands\Server\rewrite.php(47): require_once('C:\\laragon\\www\\cappppp\\public\\index.php')
CRITICAL - 2024-09-29 02:41:29 --> ErrorException: Undefined variable $CarCount
in APPPATH\Views\layouts\dashboard.php on line 52.
 1 APPPATH\Views\layouts\dashboard.php(52): CodeIgniter\Debug\Exceptions->errorHandler(2, 'Undefined variable $CarCount', 'C:\\laragon\\www\\cappppp\\app\\Views\\layouts\\dashboard.php', 52)
 2 SYSTEMPATH\View\View.php(228): include('C:\\laragon\\www\\cappppp\\app\\Views\\layouts\\dashboard.php')
 3 SYSTEMPATH\View\View.php(231): CodeIgniter\View\View->CodeIgniter\View\{closure}()
 4 SYSTEMPATH\Common.php(1178): CodeIgniter\View\View->render('layouts/dashboard', [], true)
 5 APPPATH\Controllers\Admin.php(178): view('layouts/dashboard', [...])
 6 SYSTEMPATH\CodeIgniter.php(943): App\Controllers\Admin->design()
 7 SYSTEMPATH\CodeIgniter.php(503): CodeIgniter\CodeIgniter->runController(Object(App\Controllers\Admin))
 8 SYSTEMPATH\CodeIgniter.php(361): CodeIgniter\CodeIgniter->handleRequest(null, Object(Config\Cache), false)
 9 FCPATH\index.php(79): CodeIgniter\CodeIgniter->run()
10 SYSTEMPATH\Commands\Server\rewrite.php(47): require_once('C:\\laragon\\www\\cappppp\\public\\index.php')
CRITICAL - 2024-09-29 02:41:39 --> ErrorException: Undefined variable $carCount
in APPPATH\Views\layouts\dashboard.php on line 52.
 1 APPPATH\Views\layouts\dashboard.php(52): CodeIgniter\Debug\Exceptions->errorHandler(2, 'Undefined variable $carCount', 'C:\\laragon\\www\\cappppp\\app\\Views\\layouts\\dashboard.php', 52)
 2 SYSTEMPATH\View\View.php(228): include('C:\\laragon\\www\\cappppp\\app\\Views\\layouts\\dashboard.php')
 3 SYSTEMPATH\View\View.php(231): CodeIgniter\View\View->CodeIgniter\View\{closure}()
 4 SYSTEMPATH\Common.php(1178): CodeIgniter\View\View->render('layouts/dashboard', [], true)
 5 APPPATH\Controllers\Admin.php(178): view('layouts/dashboard', [...])
 6 SYSTEMPATH\CodeIgniter.php(943): App\Controllers\Admin->design()
 7 SYSTEMPATH\CodeIgniter.php(503): CodeIgniter\CodeIgniter->runController(Object(App\Controllers\Admin))
 8 SYSTEMPATH\CodeIgniter.php(361): CodeIgniter\CodeIgniter->handleRequest(null, Object(Config\Cache), false)
 9 FCPATH\index.php(79): CodeIgniter\CodeIgniter->run()
10 SYSTEMPATH\Commands\Server\rewrite.php(47): require_once('C:\\laragon\\www\\cappppp\\public\\index.php')
CRITICAL - 2024-09-29 02:43:08 --> ErrorException: Undefined variable $carCount
in APPPATH\Views\layouts\dashboard.php on line 52.
 1 APPPATH\Views\layouts\dashboard.php(52): CodeIgniter\Debug\Exceptions->errorHandler(2, 'Undefined variable $carCount', 'C:\\laragon\\www\\cappppp\\app\\Views\\layouts\\dashboard.php', 52)
 2 SYSTEMPATH\View\View.php(228): include('C:\\laragon\\www\\cappppp\\app\\Views\\layouts\\dashboard.php')
 3 SYSTEMPATH\View\View.php(231): CodeIgniter\View\View->CodeIgniter\View\{closure}()
 4 SYSTEMPATH\Common.php(1178): CodeIgniter\View\View->render('layouts/dashboard', [], true)
 5 APPPATH\Controllers\Admin.php(178): view('layouts/dashboard', [...])
 6 SYSTEMPATH\CodeIgniter.php(943): App\Controllers\Admin->design()
 7 SYSTEMPATH\CodeIgniter.php(503): CodeIgniter\CodeIgniter->runController(Object(App\Controllers\Admin))
 8 SYSTEMPATH\CodeIgniter.php(361): CodeIgniter\CodeIgniter->handleRequest(null, Object(Config\Cache), false)
 9 FCPATH\index.php(79): CodeIgniter\CodeIgniter->run()
10 SYSTEMPATH\Commands\Server\rewrite.php(47): require_once('C:\\laragon\\www\\cappppp\\public\\index.php')
CRITICAL - 2024-09-29 02:45:24 --> ErrorException: Undefined variable $carCount
in APPPATH\Views\layouts\dashboard.php on line 52.
 1 APPPATH\Views\layouts\dashboard.php(52): CodeIgniter\Debug\Exceptions->errorHandler(2, 'Undefined variable $carCount', 'C:\\laragon\\www\\cappppp\\app\\Views\\layouts\\dashboard.php', 52)
 2 SYSTEMPATH\View\View.php(228): include('C:\\laragon\\www\\cappppp\\app\\Views\\layouts\\dashboard.php')
 3 SYSTEMPATH\View\View.php(231): CodeIgniter\View\View->CodeIgniter\View\{closure}()
 4 SYSTEMPATH\Common.php(1178): CodeIgniter\View\View->render('layouts/dashboard', [], true)
 5 APPPATH\Controllers\Admin.php(178): view('layouts/dashboard', [...])
 6 SYSTEMPATH\CodeIgniter.php(943): App\Controllers\Admin->design()
 7 SYSTEMPATH\CodeIgniter.php(503): CodeIgniter\CodeIgniter->runController(Object(App\Controllers\Admin))
 8 SYSTEMPATH\CodeIgniter.php(361): CodeIgniter\CodeIgniter->handleRequest(null, Object(Config\Cache), false)
 9 FCPATH\index.php(79): CodeIgniter\CodeIgniter->run()
10 SYSTEMPATH\Commands\Server\rewrite.php(47): require_once('C:\\laragon\\www\\cappppp\\public\\index.php')
CRITICAL - 2024-09-29 02:45:26 --> ErrorException: Undefined variable $carCount
in APPPATH\Views\layouts\dashboard.php on line 52.
 1 APPPATH\Views\layouts\dashboard.php(52): CodeIgniter\Debug\Exceptions->errorHandler(2, 'Undefined variable $carCount', 'C:\\laragon\\www\\cappppp\\app\\Views\\layouts\\dashboard.php', 52)
 2 SYSTEMPATH\View\View.php(228): include('C:\\laragon\\www\\cappppp\\app\\Views\\layouts\\dashboard.php')
 3 SYSTEMPATH\View\View.php(231): CodeIgniter\View\View->CodeIgniter\View\{closure}()
 4 SYSTEMPATH\Common.php(1178): CodeIgniter\View\View->render('layouts/dashboard', [], true)
 5 APPPATH\Controllers\Admin.php(178): view('layouts/dashboard', [...])
 6 SYSTEMPATH\CodeIgniter.php(943): App\Controllers\Admin->design()
 7 SYSTEMPATH\CodeIgniter.php(503): CodeIgniter\CodeIgniter->runController(Object(App\Controllers\Admin))
 8 SYSTEMPATH\CodeIgniter.php(361): CodeIgniter\CodeIgniter->handleRequest(null, Object(Config\Cache), false)
 9 FCPATH\index.php(79): CodeIgniter\CodeIgniter->run()
10 SYSTEMPATH\Commands\Server\rewrite.php(47): require_once('C:\\laragon\\www\\cappppp\\public\\index.php')
CRITICAL - 2024-09-29 02:45:45 --> ErrorException: Undefined variable $carCount
in APPPATH\Views\layouts\dashboard.php on line 52.
 1 APPPATH\Views\layouts\dashboard.php(52): CodeIgniter\Debug\Exceptions->errorHandler(2, 'Undefined variable $carCount', 'C:\\laragon\\www\\cappppp\\app\\Views\\layouts\\dashboard.php', 52)
 2 SYSTEMPATH\View\View.php(228): include('C:\\laragon\\www\\cappppp\\app\\Views\\layouts\\dashboard.php')
 3 SYSTEMPATH\View\View.php(231): CodeIgniter\View\View->CodeIgniter\View\{closure}()
 4 SYSTEMPATH\Common.php(1178): CodeIgniter\View\View->render('layouts/dashboard', [], true)
 5 APPPATH\Controllers\Admin.php(178): view('layouts/dashboard', [...])
 6 SYSTEMPATH\CodeIgniter.php(943): App\Controllers\Admin->design()
 7 SYSTEMPATH\CodeIgniter.php(503): CodeIgniter\CodeIgniter->runController(Object(App\Controllers\Admin))
 8 SYSTEMPATH\CodeIgniter.php(361): CodeIgniter\CodeIgniter->handleRequest(null, Object(Config\Cache), false)
 9 FCPATH\index.php(79): CodeIgniter\CodeIgniter->run()
10 SYSTEMPATH\Commands\Server\rewrite.php(47): require_once('C:\\laragon\\www\\cappppp\\public\\index.php')
CRITICAL - 2024-09-29 02:49:45 --> ErrorException: Undefined variable $carCount
in APPPATH\Views\layouts\dashboard.php on line 52.
 1 APPPATH\Views\layouts\dashboard.php(52): CodeIgniter\Debug\Exceptions->errorHandler(2, 'Undefined variable $carCount', 'C:\\laragon\\www\\cappppp\\app\\Views\\layouts\\dashboard.php', 52)
 2 SYSTEMPATH\View\View.php(228): include('C:\\laragon\\www\\cappppp\\app\\Views\\layouts\\dashboard.php')
 3 SYSTEMPATH\View\View.php(231): CodeIgniter\View\View->CodeIgniter\View\{closure}()
 4 SYSTEMPATH\Common.php(1178): CodeIgniter\View\View->render('layouts/dashboard', [], true)
 5 APPPATH\Controllers\Admin.php(178): view('layouts/dashboard', [...])
 6 SYSTEMPATH\CodeIgniter.php(943): App\Controllers\Admin->design()
 7 SYSTEMPATH\CodeIgniter.php(503): CodeIgniter\CodeIgniter->runController(Object(App\Controllers\Admin))
 8 SYSTEMPATH\CodeIgniter.php(361): CodeIgniter\CodeIgniter->handleRequest(null, Object(Config\Cache), false)
 9 FCPATH\index.php(79): CodeIgniter\CodeIgniter->run()
10 SYSTEMPATH\Commands\Server\rewrite.php(47): require_once('C:\\laragon\\www\\cappppp\\public\\index.php')
CRITICAL - 2024-09-29 02:49:46 --> ErrorException: Undefined variable $carCount
in APPPATH\Views\layouts\dashboard.php on line 52.
 1 APPPATH\Views\layouts\dashboard.php(52): CodeIgniter\Debug\Exceptions->errorHandler(2, 'Undefined variable $carCount', 'C:\\laragon\\www\\cappppp\\app\\Views\\layouts\\dashboard.php', 52)
 2 SYSTEMPATH\View\View.php(228): include('C:\\laragon\\www\\cappppp\\app\\Views\\layouts\\dashboard.php')
 3 SYSTEMPATH\View\View.php(231): CodeIgniter\View\View->CodeIgniter\View\{closure}()
 4 SYSTEMPATH\Common.php(1178): CodeIgniter\View\View->render('layouts/dashboard', [], true)
 5 APPPATH\Controllers\Admin.php(178): view('layouts/dashboard', [...])
 6 SYSTEMPATH\CodeIgniter.php(943): App\Controllers\Admin->design()
 7 SYSTEMPATH\CodeIgniter.php(503): CodeIgniter\CodeIgniter->runController(Object(App\Controllers\Admin))
 8 SYSTEMPATH\CodeIgniter.php(361): CodeIgniter\CodeIgniter->handleRequest(null, Object(Config\Cache), false)
 9 FCPATH\index.php(79): CodeIgniter\CodeIgniter->run()
10 SYSTEMPATH\Commands\Server\rewrite.php(47): require_once('C:\\laragon\\www\\cappppp\\public\\index.php')
CRITICAL - 2024-09-29 02:51:26 --> ErrorException: Undefined variable $carCount
in APPPATH\Views\layouts\dashboard.php on line 52.
 1 APPPATH\Views\layouts\dashboard.php(52): CodeIgniter\Debug\Exceptions->errorHandler(2, 'Undefined variable $carCount', 'C:\\laragon\\www\\cappppp\\app\\Views\\layouts\\dashboard.php', 52)
 2 SYSTEMPATH\View\View.php(228): include('C:\\laragon\\www\\cappppp\\app\\Views\\layouts\\dashboard.php')
 3 SYSTEMPATH\View\View.php(231): CodeIgniter\View\View->CodeIgniter\View\{closure}()
 4 SYSTEMPATH\Common.php(1178): CodeIgniter\View\View->render('layouts/dashboard', [], true)
 5 APPPATH\Controllers\Admin.php(178): view('layouts/dashboard', [...])
 6 SYSTEMPATH\CodeIgniter.php(943): App\Controllers\Admin->design()
 7 SYSTEMPATH\CodeIgniter.php(503): CodeIgniter\CodeIgniter->runController(Object(App\Controllers\Admin))
 8 SYSTEMPATH\CodeIgniter.php(361): CodeIgniter\CodeIgniter->handleRequest(null, Object(Config\Cache), false)
 9 FCPATH\index.php(79): CodeIgniter\CodeIgniter->run()
10 SYSTEMPATH\Commands\Server\rewrite.php(47): require_once('C:\\laragon\\www\\cappppp\\public\\index.php')
CRITICAL - 2024-09-29 02:54:37 --> ErrorException: Undefined array key "image"
in APPPATH\Views\user\cars.php on line 221.
 1 APPPATH\Views\user\cars.php(221): CodeIgniter\Debug\Exceptions->errorHandler(2, 'Undefined array key "image"', 'C:\\laragon\\www\\cappppp\\app\\Views\\user\\cars.php', 221)
 2 SYSTEMPATH\View\View.php(228): include('C:\\laragon\\www\\cappppp\\app\\Views\\user\\cars.php')
 3 SYSTEMPATH\View\View.php(231): CodeIgniter\View\View->CodeIgniter\View\{closure}()
 4 SYSTEMPATH\Common.php(1178): CodeIgniter\View\View->render('user/cars', [], true)
 5 APPPATH\Controllers\CarController.php(20): view('user/cars', [...])
 6 SYSTEMPATH\CodeIgniter.php(943): App\Controllers\CarController->index()
 7 SYSTEMPATH\CodeIgniter.php(503): CodeIgniter\CodeIgniter->runController(Object(App\Controllers\CarController))
 8 SYSTEMPATH\CodeIgniter.php(361): CodeIgniter\CodeIgniter->handleRequest(null, Object(Config\Cache), false)
 9 FCPATH\index.php(79): CodeIgniter\CodeIgniter->run()
10 SYSTEMPATH\Commands\Server\rewrite.php(47): require_once('C:\\laragon\\www\\cappppp\\public\\index.php')
CRITICAL - 2024-09-29 03:00:26 --> ErrorException: Undefined variable $carCount
in APPPATH\Views\layouts\dashboard.php on line 52.
 1 APPPATH\Views\layouts\dashboard.php(52): CodeIgniter\Debug\Exceptions->errorHandler(2, 'Undefined variable $carCount', 'C:\\laragon\\www\\cappppp\\app\\Views\\layouts\\dashboard.php', 52)
 2 SYSTEMPATH\View\View.php(228): include('C:\\laragon\\www\\cappppp\\app\\Views\\layouts\\dashboard.php')
 3 SYSTEMPATH\View\View.php(231): CodeIgniter\View\View->CodeIgniter\View\{closure}()
 4 SYSTEMPATH\Common.php(1178): CodeIgniter\View\View->render('layouts/dashboard', [], true)
 5 APPPATH\Controllers\Admin.php(181): view('layouts/dashboard', [...])
 6 SYSTEMPATH\CodeIgniter.php(943): App\Controllers\Admin->design()
 7 SYSTEMPATH\CodeIgniter.php(503): CodeIgniter\CodeIgniter->runController(Object(App\Controllers\Admin))
 8 SYSTEMPATH\CodeIgniter.php(361): CodeIgniter\CodeIgniter->handleRequest(null, Object(Config\Cache), false)
 9 FCPATH\index.php(79): CodeIgniter\CodeIgniter->run()
10 SYSTEMPATH\Commands\Server\rewrite.php(47): require_once('C:\\laragon\\www\\cappppp\\public\\index.php')
CRITICAL - 2024-09-29 03:03:50 --> Error: Class "App\Controllers\ProductModel" not found
in APPPATH\Controllers\Admin.php on line 17.
 1 SYSTEMPATH\CodeIgniter.php(915): App\Controllers\Admin->__construct()
 2 SYSTEMPATH\CodeIgniter.php(494): CodeIgniter\CodeIgniter->createController()
 3 SYSTEMPATH\CodeIgniter.php(361): CodeIgniter\CodeIgniter->handleRequest(null, Object(Config\Cache), false)
 4 FCPATH\index.php(79): CodeIgniter\CodeIgniter->run()
 5 SYSTEMPATH\Commands\Server\rewrite.php(47): require_once('C:\\laragon\\www\\cappppp\\public\\index.php')
CRITICAL - 2024-09-29 03:04:43 --> Error: Class "App\Controllers\ProductModel" not found
in APPPATH\Controllers\Admin.php on line 18.
 1 SYSTEMPATH\CodeIgniter.php(915): App\Controllers\Admin->__construct()
 2 SYSTEMPATH\CodeIgniter.php(494): CodeIgniter\CodeIgniter->createController()
 3 SYSTEMPATH\CodeIgniter.php(361): CodeIgniter\CodeIgniter->handleRequest(null, Object(Config\Cache), false)
 4 FCPATH\index.php(79): CodeIgniter\CodeIgniter->run()
 5 SYSTEMPATH\Commands\Server\rewrite.php(47): require_once('C:\\laragon\\www\\cappppp\\public\\index.php')
CRITICAL - 2024-09-29 03:04:49 --> Error: Class "App\Controllers\ProductModel" not found
in APPPATH\Controllers\Admin.php on line 18.
 1 SYSTEMPATH\CodeIgniter.php(915): App\Controllers\Admin->__construct()
 2 SYSTEMPATH\CodeIgniter.php(494): CodeIgniter\CodeIgniter->createController()
 3 SYSTEMPATH\CodeIgniter.php(361): CodeIgniter\CodeIgniter->handleRequest(null, Object(Config\Cache), false)
 4 FCPATH\index.php(79): CodeIgniter\CodeIgniter->run()
 5 SYSTEMPATH\Commands\Server\rewrite.php(47): require_once('C:\\laragon\\www\\cappppp\\public\\index.php')
CRITICAL - 2024-09-29 03:12:17 --> ErrorException: Undefined property: App\Controllers\Admin::$carModel
in APPPATH\Controllers\Admin.php on line 29.
 1 APPPATH\Controllers\Admin.php(29): CodeIgniter\Debug\Exceptions->errorHandler(2, 'Undefined property: App\\Controllers\\Admin::$carModel', 'C:\\laragon\\www\\cappppp\\app\\Controllers\\Admin.php', 29)
 2 SYSTEMPATH\CodeIgniter.php(943): App\Controllers\Admin->index()
 3 SYSTEMPATH\CodeIgniter.php(503): CodeIgniter\CodeIgniter->runController(Object(App\Controllers\Admin))
 4 SYSTEMPATH\CodeIgniter.php(361): CodeIgniter\CodeIgniter->handleRequest(null, Object(Config\Cache), false)
 5 FCPATH\index.php(79): CodeIgniter\CodeIgniter->run()
 6 SYSTEMPATH\Commands\Server\rewrite.php(47): require_once('C:\\laragon\\www\\cappppp\\public\\index.php')
CRITICAL - 2024-09-29 03:12:27 --> ErrorException: Undefined property: App\Controllers\Admin::$carModel
in APPPATH\Controllers\Admin.php on line 29.
 1 APPPATH\Controllers\Admin.php(29): CodeIgniter\Debug\Exceptions->errorHandler(2, 'Undefined property: App\\Controllers\\Admin::$carModel', 'C:\\laragon\\www\\cappppp\\app\\Controllers\\Admin.php', 29)
 2 SYSTEMPATH\CodeIgniter.php(943): App\Controllers\Admin->index()
 3 SYSTEMPATH\CodeIgniter.php(503): CodeIgniter\CodeIgniter->runController(Object(App\Controllers\Admin))
 4 SYSTEMPATH\CodeIgniter.php(361): CodeIgniter\CodeIgniter->handleRequest(null, Object(Config\Cache), false)
 5 FCPATH\index.php(79): CodeIgniter\CodeIgniter->run()
 6 SYSTEMPATH\Commands\Server\rewrite.php(47): require_once('C:\\laragon\\www\\cappppp\\public\\index.php')
CRITICAL - 2024-09-29 03:13:17 --> ErrorException: Undefined property: App\Controllers\Admin::$prosuctModel
in APPPATH\Controllers\Admin.php on line 29.
 1 APPPATH\Controllers\Admin.php(29): CodeIgniter\Debug\Exceptions->errorHandler(2, 'Undefined property: App\\Controllers\\Admin::$prosuctModel', 'C:\\laragon\\www\\cappppp\\app\\Controllers\\Admin.php', 29)
 2 SYSTEMPATH\CodeIgniter.php(943): App\Controllers\Admin->index()
 3 SYSTEMPATH\CodeIgniter.php(503): CodeIgniter\CodeIgniter->runController(Object(App\Controllers\Admin))
 4 SYSTEMPATH\CodeIgniter.php(361): CodeIgniter\CodeIgniter->handleRequest(null, Object(Config\Cache), false)
 5 FCPATH\index.php(79): CodeIgniter\CodeIgniter->run()
 6 SYSTEMPATH\Commands\Server\rewrite.php(47): require_once('C:\\laragon\\www\\cappppp\\public\\index.php')
CRITICAL - 2024-09-29 03:28:59 --> CodeIgniter\View\Exceptions\ViewException: Invalid file: "analytics/index.php"
in SYSTEMPATH\Exceptions\FrameworkException.php on line 39.
 1 SYSTEMPATH\View\View.php(216): CodeIgniter\Exceptions\FrameworkException::forInvalidFile('analytics/index.php')
 2 SYSTEMPATH\Common.php(1178): CodeIgniter\View\View->render('analytics/index', [], true)
 3 APPPATH\Controllers\Analytics.php(23): view('analytics/index', [...])
 4 SYSTEMPATH\CodeIgniter.php(943): App\Controllers\Analytics->index()
 5 SYSTEMPATH\CodeIgniter.php(503): CodeIgniter\CodeIgniter->runController(Object(App\Controllers\Analytics))
 6 SYSTEMPATH\CodeIgniter.php(361): CodeIgniter\CodeIgniter->handleRequest(null, Object(Config\Cache), false)
 7 FCPATH\index.php(79): CodeIgniter\CodeIgniter->run()
 8 SYSTEMPATH\Commands\Server\rewrite.php(47): require_once('C:\\laragon\\www\\cappppp\\public\\index.php')
CRITICAL - 2024-09-29 04:03:17 --> Error: Call to undefined function set_value()
in APPPATH\Views\signup.php on line 237.
 1 SYSTEMPATH\View\View.php(228): include()
 2 SYSTEMPATH\View\View.php(231): CodeIgniter\View\View->CodeIgniter\View\{closure}()
 3 SYSTEMPATH\Common.php(1178): CodeIgniter\View\View->render('signup', [], true)
 4 APPPATH\Controllers\SignupController.php(85): view('signup')
 5 SYSTEMPATH\CodeIgniter.php(943): App\Controllers\SignupController->hello()
 6 SYSTEMPATH\CodeIgniter.php(503): CodeIgniter\CodeIgniter->runController(Object(App\Controllers\SignupController))
 7 SYSTEMPATH\CodeIgniter.php(361): CodeIgniter\CodeIgniter->handleRequest(null, Object(Config\Cache), false)
 8 FCPATH\index.php(79): CodeIgniter\CodeIgniter->run()
 9 SYSTEMPATH\Commands\Server\rewrite.php(47): require_once('C:\\laragon\\www\\cappppp\\public\\index.php')
CRITICAL - 2024-09-29 04:03:53 --> Error: Call to undefined function set_value()
in APPPATH\Views\signup.php on line 237.
 1 SYSTEMPATH\View\View.php(228): include()
 2 SYSTEMPATH\View\View.php(231): CodeIgniter\View\View->CodeIgniter\View\{closure}()
 3 SYSTEMPATH\Common.php(1178): CodeIgniter\View\View->render('signup', [], true)
 4 APPPATH\Controllers\SignupController.php(85): view('signup')
 5 SYSTEMPATH\CodeIgniter.php(943): App\Controllers\SignupController->hello()
 6 SYSTEMPATH\CodeIgniter.php(503): CodeIgniter\CodeIgniter->runController(Object(App\Controllers\SignupController))
 7 SYSTEMPATH\CodeIgniter.php(361): CodeIgniter\CodeIgniter->handleRequest(null, Object(Config\Cache), false)
 8 FCPATH\index.php(79): CodeIgniter\CodeIgniter->run()
 9 SYSTEMPATH\Commands\Server\rewrite.php(47): require_once('C:\\laragon\\www\\cappppp\\public\\index.php')
CRITICAL - 2024-09-29 05:55:59 --> CodeIgniter\View\Exceptions\ViewException: Invalid file: "signin.php"
in SYSTEMPATH\Exceptions\FrameworkException.php on line 39.
 1 SYSTEMPATH\View\View.php(216): CodeIgniter\Exceptions\FrameworkException::forInvalidFile('signin.php')
 2 SYSTEMPATH\Common.php(1178): CodeIgniter\View\View->render('signin', [], true)
 3 APPPATH\Controllers\SigninController.php(13): view('signin')
 4 SYSTEMPATH\CodeIgniter.php(943): App\Controllers\SigninController->index()
 5 SYSTEMPATH\CodeIgniter.php(503): CodeIgniter\CodeIgniter->runController(Object(App\Controllers\SigninController))
 6 SYSTEMPATH\CodeIgniter.php(361): CodeIgniter\CodeIgniter->handleRequest(null, Object(Config\Cache), false)
 7 FCPATH\index.php(79): CodeIgniter\CodeIgniter->run()
 8 SYSTEMPATH\Commands\Server\rewrite.php(47): require_once('C:\\laragon\\www\\cappppp\\public\\index.php')
CRITICAL - 2024-09-29 05:56:17 --> CodeIgniter\View\Exceptions\ViewException: Invalid file: "signin.php"
in SYSTEMPATH\Exceptions\FrameworkException.php on line 39.
 1 SYSTEMPATH\View\View.php(216): CodeIgniter\Exceptions\FrameworkException::forInvalidFile('signin.php')
 2 SYSTEMPATH\Common.php(1178): CodeIgniter\View\View->render('signin', [], true)
 3 APPPATH\Controllers\SigninController.php(13): view('signin')
 4 SYSTEMPATH\CodeIgniter.php(943): App\Controllers\SigninController->index()
 5 SYSTEMPATH\CodeIgniter.php(503): CodeIgniter\CodeIgniter->runController(Object(App\Controllers\SigninController))
 6 SYSTEMPATH\CodeIgniter.php(361): CodeIgniter\CodeIgniter->handleRequest(null, Object(Config\Cache), false)
 7 FCPATH\index.php(79): CodeIgniter\CodeIgniter->run()
 8 SYSTEMPATH\Commands\Server\rewrite.php(47): require_once('C:\\laragon\\www\\cappppp\\public\\index.php')
CRITICAL - 2024-09-29 05:57:03 --> CodeIgniter\View\Exceptions\ViewException: Invalid file: "signin.php"
in SYSTEMPATH\Exceptions\FrameworkException.php on line 39.
 1 SYSTEMPATH\View\View.php(216): CodeIgniter\Exceptions\FrameworkException::forInvalidFile('signin.php')
 2 SYSTEMPATH\Common.php(1178): CodeIgniter\View\View->render('signin', [], true)
 3 APPPATH\Controllers\SigninController.php(13): view('signin')
 4 SYSTEMPATH\CodeIgniter.php(943): App\Controllers\SigninController->index()
 5 SYSTEMPATH\CodeIgniter.php(503): CodeIgniter\CodeIgniter->runController(Object(App\Controllers\SigninController))
 6 SYSTEMPATH\CodeIgniter.php(361): CodeIgniter\CodeIgniter->handleRequest(null, Object(Config\Cache), false)
 7 FCPATH\index.php(79): CodeIgniter\CodeIgniter->run()
 8 SYSTEMPATH\Commands\Server\rewrite.php(47): require_once('C:\\laragon\\www\\cappppp\\public\\index.php')
CRITICAL - 2024-09-29 05:57:51 --> CodeIgniter\View\Exceptions\ViewException: Invalid file: "signin.php"
in SYSTEMPATH\Exceptions\FrameworkException.php on line 39.
 1 SYSTEMPATH\View\View.php(216): CodeIgniter\Exceptions\FrameworkException::forInvalidFile('signin.php')
 2 SYSTEMPATH\Common.php(1178): CodeIgniter\View\View->render('signin', [], true)
 3 APPPATH\Controllers\SigninController.php(13): view('signin')
 4 SYSTEMPATH\CodeIgniter.php(943): App\Controllers\SigninController->index()
 5 SYSTEMPATH\CodeIgniter.php(503): CodeIgniter\CodeIgniter->runController(Object(App\Controllers\SigninController))
 6 SYSTEMPATH\CodeIgniter.php(361): CodeIgniter\CodeIgniter->handleRequest(null, Object(Config\Cache), false)
 7 FCPATH\index.php(79): CodeIgniter\CodeIgniter->run()
 8 SYSTEMPATH\Commands\Server\rewrite.php(47): require_once('C:\\laragon\\www\\cappppp\\public\\index.php')
CRITICAL - 2024-09-29 06:05:35 --> CodeIgniter\View\Exceptions\ViewException: Invalid file: "signin.php"
in SYSTEMPATH\Exceptions\FrameworkException.php on line 39.
 1 SYSTEMPATH\View\View.php(216): CodeIgniter\Exceptions\FrameworkException::forInvalidFile('signin.php')
 2 SYSTEMPATH\Common.php(1178): CodeIgniter\View\View->render('signin', [], true)
 3 APPPATH\Controllers\SigninController.php(13): view('signin')
 4 SYSTEMPATH\CodeIgniter.php(943): App\Controllers\SigninController->index()
 5 SYSTEMPATH\CodeIgniter.php(503): CodeIgniter\CodeIgniter->runController(Object(App\Controllers\SigninController))
 6 SYSTEMPATH\CodeIgniter.php(361): CodeIgniter\CodeIgniter->handleRequest(null, Object(Config\Cache), false)
 7 FCPATH\index.php(79): CodeIgniter\CodeIgniter->run()
 8 SYSTEMPATH\Commands\Server\rewrite.php(47): require_once('C:\\laragon\\www\\cappppp\\public\\index.php')
CRITICAL - 2024-09-29 06:05:53 --> CodeIgniter\View\Exceptions\ViewException: Invalid file: "signin.php"
in SYSTEMPATH\Exceptions\FrameworkException.php on line 39.
 1 SYSTEMPATH\View\View.php(216): CodeIgniter\Exceptions\FrameworkException::forInvalidFile('signin.php')
 2 SYSTEMPATH\Common.php(1178): CodeIgniter\View\View->render('signin', [], true)
 3 APPPATH\Controllers\SigninController.php(13): view('signin')
 4 SYSTEMPATH\CodeIgniter.php(943): App\Controllers\SigninController->index()
 5 SYSTEMPATH\CodeIgniter.php(503): CodeIgniter\CodeIgniter->runController(Object(App\Controllers\SigninController))
 6 SYSTEMPATH\CodeIgniter.php(361): CodeIgniter\CodeIgniter->handleRequest(null, Object(Config\Cache), false)
 7 FCPATH\index.php(79): CodeIgniter\CodeIgniter->run()
 8 SYSTEMPATH\Commands\Server\rewrite.php(47): require_once('C:\\laragon\\www\\cappppp\\public\\index.php')
CRITICAL - 2024-09-29 06:12:32 --> CodeIgniter\View\Exceptions\ViewException: Invalid file: "signin.php"
in SYSTEMPATH\Exceptions\FrameworkException.php on line 39.
 1 SYSTEMPATH\View\View.php(216): CodeIgniter\Exceptions\FrameworkException::forInvalidFile('signin.php')
 2 SYSTEMPATH\Common.php(1178): CodeIgniter\View\View->render('signin', [], true)
 3 APPPATH\Controllers\SigninController.php(13): view('signin')
 4 SYSTEMPATH\CodeIgniter.php(943): App\Controllers\SigninController->index()
 5 SYSTEMPATH\CodeIgniter.php(503): CodeIgniter\CodeIgniter->runController(Object(App\Controllers\SigninController))
 6 SYSTEMPATH\CodeIgniter.php(361): CodeIgniter\CodeIgniter->handleRequest(null, Object(Config\Cache), false)
 7 FCPATH\index.php(79): CodeIgniter\CodeIgniter->run()
 8 SYSTEMPATH\Commands\Server\rewrite.php(47): require_once('C:\\laragon\\www\\cappppp\\public\\index.php')
CRITICAL - 2024-09-29 06:14:09 --> CodeIgniter\View\Exceptions\ViewException: Invalid file: "signin.php"
in SYSTEMPATH\Exceptions\FrameworkException.php on line 39.
 1 SYSTEMPATH\View\View.php(216): CodeIgniter\Exceptions\FrameworkException::forInvalidFile('signin.php')
 2 SYSTEMPATH\Common.php(1178): CodeIgniter\View\View->render('signin', [], true)
 3 APPPATH\Controllers\SigninController.php(13): view('signin')
 4 SYSTEMPATH\CodeIgniter.php(943): App\Controllers\SigninController->index()
 5 SYSTEMPATH\CodeIgniter.php(503): CodeIgniter\CodeIgniter->runController(Object(App\Controllers\SigninController))
 6 SYSTEMPATH\CodeIgniter.php(361): CodeIgniter\CodeIgniter->handleRequest(null, Object(Config\Cache), false)
 7 FCPATH\index.php(79): CodeIgniter\CodeIgniter->run()
 8 SYSTEMPATH\Commands\Server\rewrite.php(47): require_once('C:\\laragon\\www\\cappppp\\public\\index.php')
CRITICAL - 2024-09-29 06:14:38 --> CodeIgniter\View\Exceptions\ViewException: Invalid file: "signin.php"
in SYSTEMPATH\Exceptions\FrameworkException.php on line 39.
 1 SYSTEMPATH\View\View.php(216): CodeIgniter\Exceptions\FrameworkException::forInvalidFile('signin.php')
 2 SYSTEMPATH\Common.php(1178): CodeIgniter\View\View->render('signin', [], true)
 3 APPPATH\Controllers\SigninController.php(13): view('signin')
 4 SYSTEMPATH\CodeIgniter.php(943): App\Controllers\SigninController->index()
 5 SYSTEMPATH\CodeIgniter.php(503): CodeIgniter\CodeIgniter->runController(Object(App\Controllers\SigninController))
 6 SYSTEMPATH\CodeIgniter.php(361): CodeIgniter\CodeIgniter->handleRequest(null, Object(Config\Cache), false)
 7 FCPATH\index.php(79): CodeIgniter\CodeIgniter->run()
 8 SYSTEMPATH\Commands\Server\rewrite.php(47): require_once('C:\\laragon\\www\\cappppp\\public\\index.php')
CRITICAL - 2024-09-29 06:14:44 --> CodeIgniter\View\Exceptions\ViewException: Invalid file: "signin.php"
in SYSTEMPATH\Exceptions\FrameworkException.php on line 39.
 1 SYSTEMPATH\View\View.php(216): CodeIgniter\Exceptions\FrameworkException::forInvalidFile('signin.php')
 2 SYSTEMPATH\Common.php(1178): CodeIgniter\View\View->render('signin', [], true)
 3 APPPATH\Controllers\SigninController.php(13): view('signin')
 4 SYSTEMPATH\CodeIgniter.php(943): App\Controllers\SigninController->index()
 5 SYSTEMPATH\CodeIgniter.php(503): CodeIgniter\CodeIgniter->runController(Object(App\Controllers\SigninController))
 6 SYSTEMPATH\CodeIgniter.php(361): CodeIgniter\CodeIgniter->handleRequest(null, Object(Config\Cache), false)
 7 FCPATH\index.php(79): CodeIgniter\CodeIgniter->run()
 8 SYSTEMPATH\Commands\Server\rewrite.php(47): require_once('C:\\laragon\\www\\cappppp\\public\\index.php')
CRITICAL - 2024-09-29 06:16:47 --> CodeIgniter\View\Exceptions\ViewException: Invalid file: "signin.php"
in SYSTEMPATH\Exceptions\FrameworkException.php on line 39.
 1 SYSTEMPATH\View\View.php(216): CodeIgniter\Exceptions\FrameworkException::forInvalidFile('signin.php')
 2 SYSTEMPATH\Common.php(1178): CodeIgniter\View\View->render('signin', [], true)
 3 APPPATH\Controllers\SigninController.php(13): view('signin')
 4 SYSTEMPATH\CodeIgniter.php(943): App\Controllers\SigninController->index()
 5 SYSTEMPATH\CodeIgniter.php(503): CodeIgniter\CodeIgniter->runController(Object(App\Controllers\SigninController))
 6 SYSTEMPATH\CodeIgniter.php(361): CodeIgniter\CodeIgniter->handleRequest(null, Object(Config\Cache), false)
 7 FCPATH\index.php(79): CodeIgniter\CodeIgniter->run()
 8 SYSTEMPATH\Commands\Server\rewrite.php(47): require_once('C:\\laragon\\www\\cappppp\\public\\index.php')
CRITICAL - 2024-09-29 06:16:53 --> CodeIgniter\View\Exceptions\ViewException: Invalid file: "signin.php"
in SYSTEMPATH\Exceptions\FrameworkException.php on line 39.
 1 SYSTEMPATH\View\View.php(216): CodeIgniter\Exceptions\FrameworkException::forInvalidFile('signin.php')
 2 SYSTEMPATH\Common.php(1178): CodeIgniter\View\View->render('signin', [], true)
 3 APPPATH\Controllers\SigninController.php(13): view('signin')
 4 SYSTEMPATH\CodeIgniter.php(943): App\Controllers\SigninController->index()
 5 SYSTEMPATH\CodeIgniter.php(503): CodeIgniter\CodeIgniter->runController(Object(App\Controllers\SigninController))
 6 SYSTEMPATH\CodeIgniter.php(361): CodeIgniter\CodeIgniter->handleRequest(null, Object(Config\Cache), false)
 7 FCPATH\index.php(79): CodeIgniter\CodeIgniter->run()
 8 SYSTEMPATH\Commands\Server\rewrite.php(47): require_once('C:\\laragon\\www\\cappppp\\public\\index.php')
CRITICAL - 2024-09-29 06:16:55 --> CodeIgniter\View\Exceptions\ViewException: Invalid file: "signin.php"
in SYSTEMPATH\Exceptions\FrameworkException.php on line 39.
 1 SYSTEMPATH\View\View.php(216): CodeIgniter\Exceptions\FrameworkException::forInvalidFile('signin.php')
 2 SYSTEMPATH\Common.php(1178): CodeIgniter\View\View->render('signin', [], true)
 3 APPPATH\Controllers\SigninController.php(13): view('signin')
 4 SYSTEMPATH\CodeIgniter.php(943): App\Controllers\SigninController->index()
 5 SYSTEMPATH\CodeIgniter.php(503): CodeIgniter\CodeIgniter->runController(Object(App\Controllers\SigninController))
 6 SYSTEMPATH\CodeIgniter.php(361): CodeIgniter\CodeIgniter->handleRequest(null, Object(Config\Cache), false)
 7 FCPATH\index.php(79): CodeIgniter\CodeIgniter->run()
 8 SYSTEMPATH\Commands\Server\rewrite.php(47): require_once('C:\\laragon\\www\\cappppp\\public\\index.php')
CRITICAL - 2024-09-29 06:29:26 --> CodeIgniter\View\Exceptions\ViewException: Invalid file: "signin.php"
in SYSTEMPATH\Exceptions\FrameworkException.php on line 39.
 1 SYSTEMPATH\View\View.php(216): CodeIgniter\Exceptions\FrameworkException::forInvalidFile('signin.php')
 2 SYSTEMPATH\Common.php(1178): CodeIgniter\View\View->render('signin', [], true)
 3 APPPATH\Controllers\SigninController.php(13): view('signin')
 4 SYSTEMPATH\CodeIgniter.php(943): App\Controllers\SigninController->index()
 5 SYSTEMPATH\CodeIgniter.php(503): CodeIgniter\CodeIgniter->runController(Object(App\Controllers\SigninController))
 6 SYSTEMPATH\CodeIgniter.php(361): CodeIgniter\CodeIgniter->handleRequest(null, Object(Config\Cache), false)
 7 FCPATH\index.php(79): CodeIgniter\CodeIgniter->run()
 8 SYSTEMPATH\Commands\Server\rewrite.php(47): require_once('C:\\laragon\\www\\cappppp\\public\\index.php')
CRITICAL - 2024-09-29 06:29:32 --> CodeIgniter\View\Exceptions\ViewException: Invalid file: "signin.php"
in SYSTEMPATH\Exceptions\FrameworkException.php on line 39.
 1 SYSTEMPATH\View\View.php(216): CodeIgniter\Exceptions\FrameworkException::forInvalidFile('signin.php')
 2 SYSTEMPATH\Common.php(1178): CodeIgniter\View\View->render('signin', [], true)
 3 APPPATH\Controllers\SigninController.php(13): view('signin')
 4 SYSTEMPATH\CodeIgniter.php(943): App\Controllers\SigninController->index()
 5 SYSTEMPATH\CodeIgniter.php(503): CodeIgniter\CodeIgniter->runController(Object(App\Controllers\SigninController))
 6 SYSTEMPATH\CodeIgniter.php(361): CodeIgniter\CodeIgniter->handleRequest(null, Object(Config\Cache), false)
 7 FCPATH\index.php(79): CodeIgniter\CodeIgniter->run()
 8 SYSTEMPATH\Commands\Server\rewrite.php(47): require_once('C:\\laragon\\www\\cappppp\\public\\index.php')
CRITICAL - 2024-09-29 06:29:38 --> CodeIgniter\View\Exceptions\ViewException: Invalid file: "signin.php"
in SYSTEMPATH\Exceptions\FrameworkException.php on line 39.
 1 SYSTEMPATH\View\View.php(216): CodeIgniter\Exceptions\FrameworkException::forInvalidFile('signin.php')
 2 SYSTEMPATH\Common.php(1178): CodeIgniter\View\View->render('signin', [], true)
 3 APPPATH\Controllers\SigninController.php(13): view('signin')
 4 SYSTEMPATH\CodeIgniter.php(943): App\Controllers\SigninController->index()
 5 SYSTEMPATH\CodeIgniter.php(503): CodeIgniter\CodeIgniter->runController(Object(App\Controllers\SigninController))
 6 SYSTEMPATH\CodeIgniter.php(361): CodeIgniter\CodeIgniter->handleRequest(null, Object(Config\Cache), false)
 7 FCPATH\index.php(79): CodeIgniter\CodeIgniter->run()
 8 SYSTEMPATH\Commands\Server\rewrite.php(47): require_once('C:\\laragon\\www\\cappppp\\public\\index.php')
CRITICAL - 2024-09-29 06:30:05 --> CodeIgniter\View\Exceptions\ViewException: Invalid file: "signin.php"
in SYSTEMPATH\Exceptions\FrameworkException.php on line 39.
 1 SYSTEMPATH\View\View.php(216): CodeIgniter\Exceptions\FrameworkException::forInvalidFile('signin.php')
 2 SYSTEMPATH\Common.php(1178): CodeIgniter\View\View->render('signin', [], true)
 3 APPPATH\Controllers\SigninController.php(13): view('signin')
 4 SYSTEMPATH\CodeIgniter.php(943): App\Controllers\SigninController->index()
 5 SYSTEMPATH\CodeIgniter.php(503): CodeIgniter\CodeIgniter->runController(Object(App\Controllers\SigninController))
 6 SYSTEMPATH\CodeIgniter.php(361): CodeIgniter\CodeIgniter->handleRequest(null, Object(Config\Cache), false)
 7 FCPATH\index.php(79): CodeIgniter\CodeIgniter->run()
 8 SYSTEMPATH\Commands\Server\rewrite.php(47): require_once('C:\\laragon\\www\\cappppp\\public\\index.php')
CRITICAL - 2024-09-29 06:30:30 --> CodeIgniter\View\Exceptions\ViewException: Invalid file: "signin.php"
in SYSTEMPATH\Exceptions\FrameworkException.php on line 39.
 1 SYSTEMPATH\View\View.php(216): CodeIgniter\Exceptions\FrameworkException::forInvalidFile('signin.php')
 2 SYSTEMPATH\Common.php(1178): CodeIgniter\View\View->render('signin', [], true)
 3 APPPATH\Controllers\SigninController.php(13): view('signin')
 4 SYSTEMPATH\CodeIgniter.php(943): App\Controllers\SigninController->index()
 5 SYSTEMPATH\CodeIgniter.php(503): CodeIgniter\CodeIgniter->runController(Object(App\Controllers\SigninController))
 6 SYSTEMPATH\CodeIgniter.php(361): CodeIgniter\CodeIgniter->handleRequest(null, Object(Config\Cache), false)
 7 FCPATH\index.php(79): CodeIgniter\CodeIgniter->run()
 8 SYSTEMPATH\Commands\Server\rewrite.php(47): require_once('C:\\laragon\\www\\cappppp\\public\\index.php')
CRITICAL - 2024-09-29 07:16:41 --> CodeIgniter\View\Exceptions\ViewException: Invalid file: "signin.php"
in SYSTEMPATH\Exceptions\FrameworkException.php on line 39.
 1 SYSTEMPATH\View\View.php(216): CodeIgniter\Exceptions\FrameworkException::forInvalidFile('signin.php')
 2 SYSTEMPATH\Common.php(1178): CodeIgniter\View\View->render('signin', [], true)
 3 APPPATH\Controllers\SigninController.php(13): view('signin')
 4 SYSTEMPATH\CodeIgniter.php(943): App\Controllers\SigninController->index()
 5 SYSTEMPATH\CodeIgniter.php(503): CodeIgniter\CodeIgniter->runController(Object(App\Controllers\SigninController))
 6 SYSTEMPATH\CodeIgniter.php(361): CodeIgniter\CodeIgniter->handleRequest(null, Object(Config\Cache), false)
 7 FCPATH\index.php(79): CodeIgniter\CodeIgniter->run()
 8 SYSTEMPATH\Commands\Server\rewrite.php(47): require_once('C:\\laragon\\www\\cappppp\\public\\index.php')
CRITICAL - 2024-09-29 07:17:03 --> CodeIgniter\View\Exceptions\ViewException: Invalid file: "signin.php"
in SYSTEMPATH\Exceptions\FrameworkException.php on line 39.
 1 SYSTEMPATH\View\View.php(216): CodeIgniter\Exceptions\FrameworkException::forInvalidFile('signin.php')
 2 SYSTEMPATH\Common.php(1178): CodeIgniter\View\View->render('signin', [], true)
 3 APPPATH\Controllers\SigninController.php(13): view('signin')
 4 SYSTEMPATH\CodeIgniter.php(943): App\Controllers\SigninController->index()
 5 SYSTEMPATH\CodeIgniter.php(503): CodeIgniter\CodeIgniter->runController(Object(App\Controllers\SigninController))
 6 SYSTEMPATH\CodeIgniter.php(361): CodeIgniter\CodeIgniter->handleRequest(null, Object(Config\Cache), false)
 7 FCPATH\index.php(79): CodeIgniter\CodeIgniter->run()
 8 SYSTEMPATH\Commands\Server\rewrite.php(47): require_once('C:\\laragon\\www\\cappppp\\public\\index.php')
CRITICAL - 2024-09-29 07:17:22 --> CodeIgniter\View\Exceptions\ViewException: Invalid file: "signin.php"
in SYSTEMPATH\Exceptions\FrameworkException.php on line 39.
 1 SYSTEMPATH\View\View.php(216): CodeIgniter\Exceptions\FrameworkException::forInvalidFile('signin.php')
 2 SYSTEMPATH\Common.php(1178): CodeIgniter\View\View->render('signin', [], true)
 3 APPPATH\Controllers\SigninController.php(13): view('signin')
 4 SYSTEMPATH\CodeIgniter.php(943): App\Controllers\SigninController->index()
 5 SYSTEMPATH\CodeIgniter.php(503): CodeIgniter\CodeIgniter->runController(Object(App\Controllers\SigninController))
 6 SYSTEMPATH\CodeIgniter.php(361): CodeIgniter\CodeIgniter->handleRequest(null, Object(Config\Cache), false)
 7 FCPATH\index.php(79): CodeIgniter\CodeIgniter->run()
 8 SYSTEMPATH\Commands\Server\rewrite.php(47): require_once('C:\\laragon\\www\\cappppp\\public\\index.php')
CRITICAL - 2024-09-29 07:17:27 --> CodeIgniter\View\Exceptions\ViewException: Invalid file: "signin.php"
in SYSTEMPATH\Exceptions\FrameworkException.php on line 39.
 1 SYSTEMPATH\View\View.php(216): CodeIgniter\Exceptions\FrameworkException::forInvalidFile('signin.php')
 2 SYSTEMPATH\Common.php(1178): CodeIgniter\View\View->render('signin', [], true)
 3 APPPATH\Controllers\SigninController.php(13): view('signin')
 4 SYSTEMPATH\CodeIgniter.php(943): App\Controllers\SigninController->index()
 5 SYSTEMPATH\CodeIgniter.php(503): CodeIgniter\CodeIgniter->runController(Object(App\Controllers\SigninController))
 6 SYSTEMPATH\CodeIgniter.php(361): CodeIgniter\CodeIgniter->handleRequest(null, Object(Config\Cache), false)
 7 FCPATH\index.php(79): CodeIgniter\CodeIgniter->run()
 8 SYSTEMPATH\Commands\Server\rewrite.php(47): require_once('C:\\laragon\\www\\cappppp\\public\\index.php')
CRITICAL - 2024-09-29 07:17:29 --> CodeIgniter\View\Exceptions\ViewException: Invalid file: "signin.php"
in SYSTEMPATH\Exceptions\FrameworkException.php on line 39.
 1 SYSTEMPATH\View\View.php(216): CodeIgniter\Exceptions\FrameworkException::forInvalidFile('signin.php')
 2 SYSTEMPATH\Common.php(1178): CodeIgniter\View\View->render('signin', [], true)
 3 APPPATH\Controllers\SigninController.php(13): view('signin')
 4 SYSTEMPATH\CodeIgniter.php(943): App\Controllers\SigninController->index()
 5 SYSTEMPATH\CodeIgniter.php(503): CodeIgniter\CodeIgniter->runController(Object(App\Controllers\SigninController))
 6 SYSTEMPATH\CodeIgniter.php(361): CodeIgniter\CodeIgniter->handleRequest(null, Object(Config\Cache), false)
 7 FCPATH\index.php(79): CodeIgniter\CodeIgniter->run()
 8 SYSTEMPATH\Commands\Server\rewrite.php(47): require_once('C:\\laragon\\www\\cappppp\\public\\index.php')
CRITICAL - 2024-09-29 07:26:59 --> CodeIgniter\View\Exceptions\ViewException: Invalid file: "signin.php"
in SYSTEMPATH\Exceptions\FrameworkException.php on line 39.
 1 SYSTEMPATH\View\View.php(216): CodeIgniter\Exceptions\FrameworkException::forInvalidFile('signin.php')
 2 SYSTEMPATH\Common.php(1178): CodeIgniter\View\View->render('signin', [], true)
 3 APPPATH\Controllers\SigninController.php(13): view('signin')
 4 SYSTEMPATH\CodeIgniter.php(943): App\Controllers\SigninController->index()
 5 SYSTEMPATH\CodeIgniter.php(503): CodeIgniter\CodeIgniter->runController(Object(App\Controllers\SigninController))
 6 SYSTEMPATH\CodeIgniter.php(361): CodeIgniter\CodeIgniter->handleRequest(null, Object(Config\Cache), false)
 7 FCPATH\index.php(79): CodeIgniter\CodeIgniter->run()
 8 SYSTEMPATH\Commands\Server\rewrite.php(47): require_once('C:\\laragon\\www\\cappppp\\public\\index.php')
CRITICAL - 2024-09-29 13:18:26 --> ErrorException: Undefined array key "car_model"
in APPPATH\Views\admin\payment_management.php on line 238.
 1 APPPATH\Views\admin\payment_management.php(238): CodeIgniter\Debug\Exceptions->errorHandler(2, 'Undefined array key "car_model"', 'C:\\laragon\\www\\cappppp\\app\\Views\\admin\\payment_management.php', 238)
 2 SYSTEMPATH\View\View.php(228): include('C:\\laragon\\www\\cappppp\\app\\Views\\admin\\payment_management.php')
 3 SYSTEMPATH\View\View.php(231): CodeIgniter\View\View->CodeIgniter\View\{closure}()
 4 SYSTEMPATH\Common.php(1178): CodeIgniter\View\View->render('admin/payment_management', [], true)
 5 APPPATH\Controllers\PaymentController.php(45): view('admin/payment_management', [...])
 6 SYSTEMPATH\CodeIgniter.php(943): App\Controllers\PaymentController->checkout()
 7 SYSTEMPATH\CodeIgniter.php(503): CodeIgniter\CodeIgniter->runController(Object(App\Controllers\PaymentController))
 8 SYSTEMPATH\CodeIgniter.php(361): CodeIgniter\CodeIgniter->handleRequest(null, Object(Config\Cache), false)
 9 FCPATH\index.php(79): CodeIgniter\CodeIgniter->run()
10 SYSTEMPATH\Commands\Server\rewrite.php(47): require_once('C:\\laragon\\www\\cappppp\\public\\index.php')
CRITICAL - 2024-09-29 13:24:22 --> ErrorException: Undefined array key "car_model"
in APPPATH\Views\admin\payment_management.php on line 238.
 1 APPPATH\Views\admin\payment_management.php(238): CodeIgniter\Debug\Exceptions->errorHandler(2, 'Undefined array key "car_model"', 'C:\\laragon\\www\\cappppp\\app\\Views\\admin\\payment_management.php', 238)
 2 SYSTEMPATH\View\View.php(228): include('C:\\laragon\\www\\cappppp\\app\\Views\\admin\\payment_management.php')
 3 SYSTEMPATH\View\View.php(231): CodeIgniter\View\View->CodeIgniter\View\{closure}()
 4 SYSTEMPATH\Common.php(1178): CodeIgniter\View\View->render('admin/payment_management', [], true)
 5 APPPATH\Controllers\PaymentController.php(45): view('admin/payment_management', [...])
 6 SYSTEMPATH\CodeIgniter.php(943): App\Controllers\PaymentController->checkout()
 7 SYSTEMPATH\CodeIgniter.php(503): CodeIgniter\CodeIgniter->runController(Object(App\Controllers\PaymentController))
 8 SYSTEMPATH\CodeIgniter.php(361): CodeIgniter\CodeIgniter->handleRequest(null, Object(Config\Cache), false)
 9 FCPATH\index.php(79): CodeIgniter\CodeIgniter->run()
10 SYSTEMPATH\Commands\Server\rewrite.php(47): require_once('C:\\laragon\\www\\cappppp\\public\\index.php')
CRITICAL - 2024-09-29 13:24:24 --> ErrorException: Undefined array key "car_model"
in APPPATH\Views\admin\payment_management.php on line 238.
 1 APPPATH\Views\admin\payment_management.php(238): CodeIgniter\Debug\Exceptions->errorHandler(2, 'Undefined array key "car_model"', 'C:\\laragon\\www\\cappppp\\app\\Views\\admin\\payment_management.php', 238)
 2 SYSTEMPATH\View\View.php(228): include('C:\\laragon\\www\\cappppp\\app\\Views\\admin\\payment_management.php')
 3 SYSTEMPATH\View\View.php(231): CodeIgniter\View\View->CodeIgniter\View\{closure}()
 4 SYSTEMPATH\Common.php(1178): CodeIgniter\View\View->render('admin/payment_management', [], true)
 5 APPPATH\Controllers\PaymentController.php(45): view('admin/payment_management', [...])
 6 SYSTEMPATH\CodeIgniter.php(943): App\Controllers\PaymentController->checkout()
 7 SYSTEMPATH\CodeIgniter.php(503): CodeIgniter\CodeIgniter->runController(Object(App\Controllers\PaymentController))
 8 SYSTEMPATH\CodeIgniter.php(361): CodeIgniter\CodeIgniter->handleRequest(null, Object(Config\Cache), false)
 9 FCPATH\index.php(79): CodeIgniter\CodeIgniter->run()
10 SYSTEMPATH\Commands\Server\rewrite.php(47): require_once('C:\\laragon\\www\\cappppp\\public\\index.php')
CRITICAL - 2024-09-29 13:27:00 --> ErrorException: Undefined array key "car_model"
in APPPATH\Views\admin\payment_management.php on line 238.
 1 APPPATH\Views\admin\payment_management.php(238): CodeIgniter\Debug\Exceptions->errorHandler(2, 'Undefined array key "car_model"', 'C:\\laragon\\www\\cappppp\\app\\Views\\admin\\payment_management.php', 238)
 2 SYSTEMPATH\View\View.php(228): include('C:\\laragon\\www\\cappppp\\app\\Views\\admin\\payment_management.php')
 3 SYSTEMPATH\View\View.php(231): CodeIgniter\View\View->CodeIgniter\View\{closure}()
 4 SYSTEMPATH\Common.php(1178): CodeIgniter\View\View->render('admin/payment_management', [], true)
 5 APPPATH\Controllers\PaymentController.php(45): view('admin/payment_management', [...])
 6 SYSTEMPATH\CodeIgniter.php(943): App\Controllers\PaymentController->checkout()
 7 SYSTEMPATH\CodeIgniter.php(503): CodeIgniter\CodeIgniter->runController(Object(App\Controllers\PaymentController))
 8 SYSTEMPATH\CodeIgniter.php(361): CodeIgniter\CodeIgniter->handleRequest(null, Object(Config\Cache), false)
 9 FCPATH\index.php(79): CodeIgniter\CodeIgniter->run()
10 SYSTEMPATH\Commands\Server\rewrite.php(47): require_once('C:\\laragon\\www\\cappppp\\public\\index.php')
CRITICAL - 2024-09-29 13:28:02 --> ErrorException: Undefined array key "car_model"
in APPPATH\Views\admin\payment_management.php on line 238.
 1 APPPATH\Views\admin\payment_management.php(238): CodeIgniter\Debug\Exceptions->errorHandler(2, 'Undefined array key "car_model"', 'C:\\laragon\\www\\cappppp\\app\\Views\\admin\\payment_management.php', 238)
 2 SYSTEMPATH\View\View.php(228): include('C:\\laragon\\www\\cappppp\\app\\Views\\admin\\payment_management.php')
 3 SYSTEMPATH\View\View.php(231): CodeIgniter\View\View->CodeIgniter\View\{closure}()
 4 SYSTEMPATH\Common.php(1178): CodeIgniter\View\View->render('admin/payment_management', [], true)
 5 APPPATH\Controllers\PaymentController.php(45): view('admin/payment_management', [...])
 6 SYSTEMPATH\CodeIgniter.php(943): App\Controllers\PaymentController->checkout()
 7 SYSTEMPATH\CodeIgniter.php(503): CodeIgniter\CodeIgniter->runController(Object(App\Controllers\PaymentController))
 8 SYSTEMPATH\CodeIgniter.php(361): CodeIgniter\CodeIgniter->handleRequest(null, Object(Config\Cache), false)
 9 FCPATH\index.php(79): CodeIgniter\CodeIgniter->run()
10 SYSTEMPATH\Commands\Server\rewrite.php(47): require_once('C:\\laragon\\www\\cappppp\\public\\index.php')
CRITICAL - 2024-09-29 13:53:31 --> ErrorException: Undefined array key "price"
in APPPATH\Controllers\PaymentController.php on line 28.
 1 APPPATH\Controllers\PaymentController.php(28): CodeIgniter\Debug\Exceptions->errorHandler(2, 'Undefined array key "price"', 'C:\\laragon\\www\\cappppp\\app\\Controllers\\PaymentController.php', 28)
 2 SYSTEMPATH\CodeIgniter.php(943): App\Controllers\PaymentController->submit()
 3 SYSTEMPATH\CodeIgniter.php(503): CodeIgniter\CodeIgniter->runController(Object(App\Controllers\PaymentController))
 4 SYSTEMPATH\CodeIgniter.php(361): CodeIgniter\CodeIgniter->handleRequest(null, Object(Config\Cache), false)
 5 FCPATH\index.php(79): CodeIgniter\CodeIgniter->run()
 6 SYSTEMPATH\Commands\Server\rewrite.php(47): require_once('C:\\laragon\\www\\cappppp\\public\\index.php')
CRITICAL - 2024-09-29 13:57:21 --> ErrorException: Undefined array key "fuelType"
in APPPATH\Views\user\car_list.php on line 220.
 1 APPPATH\Views\user\car_list.php(220): CodeIgniter\Debug\Exceptions->errorHandler(2, 'Undefined array key "fuelType"', 'C:\\laragon\\www\\cappppp\\app\\Views\\user\\car_list.php', 220)
 2 SYSTEMPATH\View\View.php(228): include('C:\\laragon\\www\\cappppp\\app\\Views\\user\\car_list.php')
 3 SYSTEMPATH\View\View.php(231): CodeIgniter\View\View->CodeIgniter\View\{closure}()
 4 SYSTEMPATH\Common.php(1178): CodeIgniter\View\View->render('user/car_list', [], true)
 5 APPPATH\Controllers\ProductController.php(20): view('user/car_list', [...])
 6 SYSTEMPATH\CodeIgniter.php(943): App\Controllers\ProductController->indexs()
 7 SYSTEMPATH\CodeIgniter.php(503): CodeIgniter\CodeIgniter->runController(Object(App\Controllers\ProductController))
 8 SYSTEMPATH\CodeIgniter.php(361): CodeIgniter\CodeIgniter->handleRequest(null, Object(Config\Cache), false)
 9 FCPATH\index.php(79): CodeIgniter\CodeIgniter->run()
10 SYSTEMPATH\Commands\Server\rewrite.php(47): require_once('C:\\laragon\\www\\cappppp\\public\\index.php')
CRITICAL - 2024-09-29 13:57:29 --> ErrorException: Undefined array key "fuelType"
in APPPATH\Views\user\car_list.php on line 220.
 1 APPPATH\Views\user\car_list.php(220): CodeIgniter\Debug\Exceptions->errorHandler(2, 'Undefined array key "fuelType"', 'C:\\laragon\\www\\cappppp\\app\\Views\\user\\car_list.php', 220)
 2 SYSTEMPATH\View\View.php(228): include('C:\\laragon\\www\\cappppp\\app\\Views\\user\\car_list.php')
 3 SYSTEMPATH\View\View.php(231): CodeIgniter\View\View->CodeIgniter\View\{closure}()
 4 SYSTEMPATH\Common.php(1178): CodeIgniter\View\View->render('user/car_list', [], true)
 5 APPPATH\Controllers\ProductController.php(20): view('user/car_list', [...])
 6 SYSTEMPATH\CodeIgniter.php(943): App\Controllers\ProductController->indexs()
 7 SYSTEMPATH\CodeIgniter.php(503): CodeIgniter\CodeIgniter->runController(Object(App\Controllers\ProductController))
 8 SYSTEMPATH\CodeIgniter.php(361): CodeIgniter\CodeIgniter->handleRequest(null, Object(Config\Cache), false)
 9 FCPATH\index.php(79): CodeIgniter\CodeIgniter->run()
10 SYSTEMPATH\Commands\Server\rewrite.php(47): require_once('C:\\laragon\\www\\cappppp\\public\\index.php')
CRITICAL - 2024-09-29 14:00:06 --> ErrorException: Undefined array key "car_model"
in APPPATH\Views\admin\payment_management.php on line 238.
 1 APPPATH\Views\admin\payment_management.php(238): CodeIgniter\Debug\Exceptions->errorHandler(2, 'Undefined array key "car_model"', 'C:\\laragon\\www\\cappppp\\app\\Views\\admin\\payment_management.php', 238)
 2 SYSTEMPATH\View\View.php(228): include('C:\\laragon\\www\\cappppp\\app\\Views\\admin\\payment_management.php')
 3 SYSTEMPATH\View\View.php(231): CodeIgniter\View\View->CodeIgniter\View\{closure}()
 4 SYSTEMPATH\Common.php(1178): CodeIgniter\View\View->render('admin/payment_management', [], true)
 5 APPPATH\Controllers\PaymentController.php(43): view('admin/payment_management', [...])
 6 SYSTEMPATH\CodeIgniter.php(943): App\Controllers\PaymentController->checkout()
 7 SYSTEMPATH\CodeIgniter.php(503): CodeIgniter\CodeIgniter->runController(Object(App\Controllers\PaymentController))
 8 SYSTEMPATH\CodeIgniter.php(361): CodeIgniter\CodeIgniter->handleRequest(null, Object(Config\Cache), false)
 9 FCPATH\index.php(79): CodeIgniter\CodeIgniter->run()
10 SYSTEMPATH\Commands\Server\rewrite.php(47): require_once('C:\\laragon\\www\\cappppp\\public\\index.php')
CRITICAL - 2024-09-29 14:00:08 --> ErrorException: Undefined array key "car_model"
in APPPATH\Views\admin\payment_management.php on line 238.
 1 APPPATH\Views\admin\payment_management.php(238): CodeIgniter\Debug\Exceptions->errorHandler(2, 'Undefined array key "car_model"', 'C:\\laragon\\www\\cappppp\\app\\Views\\admin\\payment_management.php', 238)
 2 SYSTEMPATH\View\View.php(228): include('C:\\laragon\\www\\cappppp\\app\\Views\\admin\\payment_management.php')
 3 SYSTEMPATH\View\View.php(231): CodeIgniter\View\View->CodeIgniter\View\{closure}()
 4 SYSTEMPATH\Common.php(1178): CodeIgniter\View\View->render('admin/payment_management', [], true)
 5 APPPATH\Controllers\PaymentController.php(43): view('admin/payment_management', [...])
 6 SYSTEMPATH\CodeIgniter.php(943): App\Controllers\PaymentController->checkout()
 7 SYSTEMPATH\CodeIgniter.php(503): CodeIgniter\CodeIgniter->runController(Object(App\Controllers\PaymentController))
 8 SYSTEMPATH\CodeIgniter.php(361): CodeIgniter\CodeIgniter->handleRequest(null, Object(Config\Cache), false)
 9 FCPATH\index.php(79): CodeIgniter\CodeIgniter->run()
10 SYSTEMPATH\Commands\Server\rewrite.php(47): require_once('C:\\laragon\\www\\cappppp\\public\\index.php')
CRITICAL - 2024-09-29 14:03:14 --> ErrorException: Undefined array key "car_model"
in APPPATH\Views\admin\payment_management.php on line 238.
 1 APPPATH\Views\admin\payment_management.php(238): CodeIgniter\Debug\Exceptions->errorHandler(2, 'Undefined array key "car_model"', 'C:\\laragon\\www\\cappppp\\app\\Views\\admin\\payment_management.php', 238)
 2 SYSTEMPATH\View\View.php(228): include('C:\\laragon\\www\\cappppp\\app\\Views\\admin\\payment_management.php')
 3 SYSTEMPATH\View\View.php(231): CodeIgniter\View\View->CodeIgniter\View\{closure}()
 4 SYSTEMPATH\Common.php(1178): CodeIgniter\View\View->render('admin/payment_management', [], true)
 5 APPPATH\Controllers\PaymentController.php(43): view('admin/payment_management', [...])
 6 SYSTEMPATH\CodeIgniter.php(943): App\Controllers\PaymentController->checkout()
 7 SYSTEMPATH\CodeIgniter.php(503): CodeIgniter\CodeIgniter->runController(Object(App\Controllers\PaymentController))
 8 SYSTEMPATH\CodeIgniter.php(361): CodeIgniter\CodeIgniter->handleRequest(null, Object(Config\Cache), false)
 9 FCPATH\index.php(79): CodeIgniter\CodeIgniter->run()
10 SYSTEMPATH\Commands\Server\rewrite.php(47): require_once('C:\\laragon\\www\\cappppp\\public\\index.php')
CRITICAL - 2024-09-29 14:03:26 --> ErrorException: Array to string conversion
in APPPATH\Views\admin\payment_management.php on line 207.
 1 APPPATH\Views\admin\payment_management.php(207): CodeIgniter\Debug\Exceptions->errorHandler(2, 'Array to string conversion', 'C:\\laragon\\www\\cappppp\\app\\Views\\admin\\payment_management.php', 207)
 2 SYSTEMPATH\View\View.php(228): include('C:\\laragon\\www\\cappppp\\app\\Views\\admin\\payment_management.php')
 3 SYSTEMPATH\View\View.php(231): CodeIgniter\View\View->CodeIgniter\View\{closure}()
 4 SYSTEMPATH\Common.php(1178): CodeIgniter\View\View->render('admin/payment_management', [], true)
 5 APPPATH\Controllers\PaymentController.php(43): view('admin/payment_management', [...])
 6 SYSTEMPATH\CodeIgniter.php(943): App\Controllers\PaymentController->checkout()
 7 SYSTEMPATH\CodeIgniter.php(503): CodeIgniter\CodeIgniter->runController(Object(App\Controllers\PaymentController))
 8 SYSTEMPATH\CodeIgniter.php(361): CodeIgniter\CodeIgniter->handleRequest(null, Object(Config\Cache), false)
 9 FCPATH\index.php(79): CodeIgniter\CodeIgniter->run()
10 SYSTEMPATH\Commands\Server\rewrite.php(47): require_once('C:\\laragon\\www\\cappppp\\public\\index.php')
CRITICAL - 2024-09-29 14:04:55 --> CodeIgniter\View\Exceptions\ViewException: Invalid file: "signin.php"
in SYSTEMPATH\Exceptions\FrameworkException.php on line 39.
 1 SYSTEMPATH\View\View.php(216): CodeIgniter\Exceptions\FrameworkException::forInvalidFile('signin.php')
 2 SYSTEMPATH\Common.php(1178): CodeIgniter\View\View->render('signin', [], true)
 3 APPPATH\Controllers\SigninController.php(13): view('signin')
 4 SYSTEMPATH\CodeIgniter.php(943): App\Controllers\SigninController->index()
 5 SYSTEMPATH\CodeIgniter.php(503): CodeIgniter\CodeIgniter->runController(Object(App\Controllers\SigninController))
 6 SYSTEMPATH\CodeIgniter.php(361): CodeIgniter\CodeIgniter->handleRequest(null, Object(Config\Cache), false)
 7 FCPATH\index.php(79): CodeIgniter\CodeIgniter->run()
 8 SYSTEMPATH\Commands\Server\rewrite.php(47): require_once('C:\\laragon\\www\\cappppp\\public\\index.php')
CRITICAL - 2024-09-29 14:06:48 --> ErrorException: Undefined variable $carCount
in APPPATH\Views\layouts\dashboard.php on line 52.
 1 APPPATH\Views\layouts\dashboard.php(52): CodeIgniter\Debug\Exceptions->errorHandler(2, 'Undefined variable $carCount', 'C:\\laragon\\www\\cappppp\\app\\Views\\layouts\\dashboard.php', 52)
 2 SYSTEMPATH\View\View.php(228): include('C:\\laragon\\www\\cappppp\\app\\Views\\layouts\\dashboard.php')
 3 SYSTEMPATH\View\View.php(231): CodeIgniter\View\View->CodeIgniter\View\{closure}()
 4 SYSTEMPATH\Common.php(1178): CodeIgniter\View\View->render('layouts/dashboard', [], true)
 5 APPPATH\Controllers\Admin.php(39): view('layouts/dashboard', [...])
 6 SYSTEMPATH\CodeIgniter.php(943): App\Controllers\Admin->search()
 7 SYSTEMPATH\CodeIgniter.php(503): CodeIgniter\CodeIgniter->runController(Object(App\Controllers\Admin))
 8 SYSTEMPATH\CodeIgniter.php(361): CodeIgniter\CodeIgniter->handleRequest(null, Object(Config\Cache), false)
 9 FCPATH\index.php(79): CodeIgniter\CodeIgniter->run()
10 SYSTEMPATH\Commands\Server\rewrite.php(47): require_once('C:\\laragon\\www\\cappppp\\public\\index.php')
CRITICAL - 2024-09-29 14:51:00 --> ErrorException: Array to string conversion
in APPPATH\Views\admin\payment_management.php on line 207.
 1 APPPATH\Views\admin\payment_management.php(207): CodeIgniter\Debug\Exceptions->errorHandler(2, 'Array to string conversion', 'C:\\laragon\\www\\cappppp\\app\\Views\\admin\\payment_management.php', 207)
 2 SYSTEMPATH\View\View.php(228): include('C:\\laragon\\www\\cappppp\\app\\Views\\admin\\payment_management.php')
 3 SYSTEMPATH\View\View.php(231): CodeIgniter\View\View->CodeIgniter\View\{closure}()
 4 SYSTEMPATH\Common.php(1178): CodeIgniter\View\View->render('admin/payment_management', [], true)
 5 APPPATH\Controllers\PaymentController.php(48): view('admin/payment_management', [...])
 6 SYSTEMPATH\CodeIgniter.php(943): App\Controllers\PaymentController->checkout()
 7 SYSTEMPATH\CodeIgniter.php(503): CodeIgniter\CodeIgniter->runController(Object(App\Controllers\PaymentController))
 8 SYSTEMPATH\CodeIgniter.php(361): CodeIgniter\CodeIgniter->handleRequest(null, Object(Config\Cache), false)
 9 FCPATH\index.php(79): CodeIgniter\CodeIgniter->run()
10 SYSTEMPATH\Commands\Server\rewrite.php(47): require_once('C:\\laragon\\www\\cappppp\\public\\index.php')
CRITICAL - 2024-09-29 15:36:00 --> CodeIgniter\View\Exceptions\ViewException: Invalid file: "signin.php"
in SYSTEMPATH\Exceptions\FrameworkException.php on line 39.
 1 SYSTEMPATH\View\View.php(216): CodeIgniter\Exceptions\FrameworkException::forInvalidFile('signin.php')
 2 SYSTEMPATH\Common.php(1178): CodeIgniter\View\View->render('signin', [], true)
 3 APPPATH\Controllers\SigninController.php(13): view('signin')
 4 SYSTEMPATH\CodeIgniter.php(943): App\Controllers\SigninController->index()
 5 SYSTEMPATH\CodeIgniter.php(503): CodeIgniter\CodeIgniter->runController(Object(App\Controllers\SigninController))
 6 SYSTEMPATH\CodeIgniter.php(361): CodeIgniter\CodeIgniter->handleRequest(null, Object(Config\Cache), false)
 7 FCPATH\index.php(79): CodeIgniter\CodeIgniter->run()
 8 SYSTEMPATH\Commands\Server\rewrite.php(47): require_once('C:\\laragon\\www\\cappppp\\public\\index.php')
CRITICAL - 2024-09-29 15:56:09 --> BadMethodCallException: Call to undefined method App\Models\UserModel::getUserCountByRole
in SYSTEMPATH\Model.php on line 879.
 1 APPPATH\Controllers\Analytics.php(14): CodeIgniter\Model->__call('getUserCountByRole', [])
 2 SYSTEMPATH\CodeIgniter.php(943): App\Controllers\Analytics->index()
 3 SYSTEMPATH\CodeIgniter.php(503): CodeIgniter\CodeIgniter->runController(Object(App\Controllers\Analytics))
 4 SYSTEMPATH\CodeIgniter.php(361): CodeIgniter\CodeIgniter->handleRequest(null, Object(Config\Cache), false)
 5 FCPATH\index.php(79): CodeIgniter\CodeIgniter->run()
 6 SYSTEMPATH\Commands\Server\rewrite.php(47): require_once('C:\\laragon\\www\\cappppp\\public\\index.php')
CRITICAL - 2024-09-29 17:04:58 --> ErrorException: Undefined variable $cars
in APPPATH\Views\admin\payment_management.php on line 223.
 1 APPPATH\Views\admin\payment_management.php(223): CodeIgniter\Debug\Exceptions->errorHandler(2, 'Undefined variable $cars', 'C:\\laragon\\www\\cappppp\\app\\Views\\admin\\payment_management.php', 223)
 2 SYSTEMPATH\View\View.php(228): include('C:\\laragon\\www\\cappppp\\app\\Views\\admin\\payment_management.php')
 3 SYSTEMPATH\View\View.php(231): CodeIgniter\View\View->CodeIgniter\View\{closure}()
 4 SYSTEMPATH\Common.php(1178): CodeIgniter\View\View->render('admin/payment_management', [], true)
 5 APPPATH\Controllers\PaymentController.php(32): view('admin/payment_management', [...])
 6 SYSTEMPATH\CodeIgniter.php(943): App\Controllers\PaymentController->checkout()
 7 SYSTEMPATH\CodeIgniter.php(503): CodeIgniter\CodeIgniter->runController(Object(App\Controllers\PaymentController))
 8 SYSTEMPATH\CodeIgniter.php(361): CodeIgniter\CodeIgniter->handleRequest(null, Object(Config\Cache), false)
 9 FCPATH\index.php(79): CodeIgniter\CodeIgniter->run()
10 SYSTEMPATH\Commands\Server\rewrite.php(47): require_once('C:\\laragon\\www\\cappppp\\public\\index.php')
CRITICAL - 2024-09-29 17:08:50 --> ErrorException: Array to string conversion
in APPPATH\Views\admin\payment_management.php on line 218.
 1 APPPATH\Views\admin\payment_management.php(218): CodeIgniter\Debug\Exceptions->errorHandler(2, 'Array to string conversion', 'C:\\laragon\\www\\cappppp\\app\\Views\\admin\\payment_management.php', 218)
 2 SYSTEMPATH\View\View.php(228): include('C:\\laragon\\www\\cappppp\\app\\Views\\admin\\payment_management.php')
 3 SYSTEMPATH\View\View.php(231): CodeIgniter\View\View->CodeIgniter\View\{closure}()
 4 SYSTEMPATH\Common.php(1178): CodeIgniter\View\View->render('admin/payment_management', [], true)
 5 APPPATH\Controllers\PaymentController.php(32): view('admin/payment_management', [...])
 6 SYSTEMPATH\CodeIgniter.php(943): App\Controllers\PaymentController->checkout()
 7 SYSTEMPATH\CodeIgniter.php(503): CodeIgniter\CodeIgniter->runController(Object(App\Controllers\PaymentController))
 8 SYSTEMPATH\CodeIgniter.php(361): CodeIgniter\CodeIgniter->handleRequest(null, Object(Config\Cache), false)
 9 FCPATH\index.php(79): CodeIgniter\CodeIgniter->run()
10 SYSTEMPATH\Commands\Server\rewrite.php(47): require_once('C:\\laragon\\www\\cappppp\\public\\index.php')
CRITICAL - 2024-09-29 17:10:17 --> ErrorException: Array to string conversion
in APPPATH\Views\admin\payment_management.php on line 218.
 1 APPPATH\Views\admin\payment_management.php(218): CodeIgniter\Debug\Exceptions->errorHandler(2, 'Array to string conversion', 'C:\\laragon\\www\\cappppp\\app\\Views\\admin\\payment_management.php', 218)
 2 SYSTEMPATH\View\View.php(228): include('C:\\laragon\\www\\cappppp\\app\\Views\\admin\\payment_management.php')
 3 SYSTEMPATH\View\View.php(231): CodeIgniter\View\View->CodeIgniter\View\{closure}()
 4 SYSTEMPATH\Common.php(1178): CodeIgniter\View\View->render('admin/payment_management', [], true)
 5 APPPATH\Controllers\PaymentController.php(32): view('admin/payment_management', [...])
 6 SYSTEMPATH\CodeIgniter.php(943): App\Controllers\PaymentController->checkout()
 7 SYSTEMPATH\CodeIgniter.php(503): CodeIgniter\CodeIgniter->runController(Object(App\Controllers\PaymentController))
 8 SYSTEMPATH\CodeIgniter.php(361): CodeIgniter\CodeIgniter->handleRequest(null, Object(Config\Cache), false)
 9 FCPATH\index.php(79): CodeIgniter\CodeIgniter->run()
10 SYSTEMPATH\Commands\Server\rewrite.php(47): require_once('C:\\laragon\\www\\cappppp\\public\\index.php')
CRITICAL - 2024-09-29 17:53:12 --> ErrorException: Undefined array key "image"
in APPPATH\Views\user\cars.php on line 221.
 1 APPPATH\Views\user\cars.php(221): CodeIgniter\Debug\Exceptions->errorHandler(2, 'Undefined array key "image"', 'C:\\laragon\\www\\cappppp\\app\\Views\\user\\cars.php', 221)
 2 SYSTEMPATH\View\View.php(228): include('C:\\laragon\\www\\cappppp\\app\\Views\\user\\cars.php')
 3 SYSTEMPATH\View\View.php(231): CodeIgniter\View\View->CodeIgniter\View\{closure}()
 4 SYSTEMPATH\Common.php(1178): CodeIgniter\View\View->render('user/cars', [], true)
 5 APPPATH\Controllers\CarController.php(20): view('user/cars', [...])
 6 SYSTEMPATH\CodeIgniter.php(943): App\Controllers\CarController->index()
 7 SYSTEMPATH\CodeIgniter.php(503): CodeIgniter\CodeIgniter->runController(Object(App\Controllers\CarController))
 8 SYSTEMPATH\CodeIgniter.php(361): CodeIgniter\CodeIgniter->handleRequest(null, Object(Config\Cache), false)
 9 FCPATH\index.php(79): CodeIgniter\CodeIgniter->run()
10 SYSTEMPATH\Commands\Server\rewrite.php(47): require_once('C:\\laragon\\www\\cappppp\\public\\index.php')
CRITICAL - 2024-09-29 19:15:37 --> ErrorException: Array to string conversion
in APPPATH\Views\admin\payment_management.php on line 218.
 1 APPPATH\Views\admin\payment_management.php(218): CodeIgniter\Debug\Exceptions->errorHandler(2, 'Array to string conversion', 'C:\\laragon\\www\\cappppp\\app\\Views\\admin\\payment_management.php', 218)
 2 SYSTEMPATH\View\View.php(228): include('C:\\laragon\\www\\cappppp\\app\\Views\\admin\\payment_management.php')
 3 SYSTEMPATH\View\View.php(231): CodeIgniter\View\View->CodeIgniter\View\{closure}()
 4 SYSTEMPATH\Common.php(1178): CodeIgniter\View\View->render('admin/payment_management', [], true)
 5 APPPATH\Controllers\PaymentController.php(32): view('admin/payment_management', [...])
 6 SYSTEMPATH\CodeIgniter.php(943): App\Controllers\PaymentController->checkout()
 7 SYSTEMPATH\CodeIgniter.php(503): CodeIgniter\CodeIgniter->runController(Object(App\Controllers\PaymentController))
 8 SYSTEMPATH\CodeIgniter.php(361): CodeIgniter\CodeIgniter->handleRequest(null, Object(Config\Cache), false)
 9 FCPATH\index.php(79): CodeIgniter\CodeIgniter->run()
10 SYSTEMPATH\Commands\Server\rewrite.php(47): require_once('C:\\laragon\\www\\cappppp\\public\\index.php')
CRITICAL - 2024-09-29 20:20:30 --> ErrorException: Undefined array key "fuel_type"
in APPPATH\Views\user\car_list.php on line 279.
 1 APPPATH\Views\user\car_list.php(279): CodeIgniter\Debug\Exceptions->errorHandler(2, 'Undefined array key "fuel_type"', 'C:\\laragon\\www\\cappppp\\app\\Views\\user\\car_list.php', 279)
 2 SYSTEMPATH\View\View.php(228): include('C:\\laragon\\www\\cappppp\\app\\Views\\user\\car_list.php')
 3 SYSTEMPATH\View\View.php(231): CodeIgniter\View\View->CodeIgniter\View\{closure}()
 4 SYSTEMPATH\Common.php(1178): CodeIgniter\View\View->render('user/car_list', [], true)
 5 APPPATH\Controllers\ProductController.php(20): view('user/car_list', [...])
 6 SYSTEMPATH\CodeIgniter.php(943): App\Controllers\ProductController->indexs()
 7 SYSTEMPATH\CodeIgniter.php(503): CodeIgniter\CodeIgniter->runController(Object(App\Controllers\ProductController))
 8 SYSTEMPATH\CodeIgniter.php(361): CodeIgniter\CodeIgniter->handleRequest(null, Object(Config\Cache), false)
 9 FCPATH\index.php(79): CodeIgniter\CodeIgniter->run()
10 SYSTEMPATH\Commands\Server\rewrite.php(47): require_once('C:\\laragon\\www\\cappppp\\public\\index.php')
CRITICAL - 2024-09-29 20:20:32 --> ErrorException: Undefined array key "fuel_type"
in APPPATH\Views\user\car_list.php on line 279.
 1 APPPATH\Views\user\car_list.php(279): CodeIgniter\Debug\Exceptions->errorHandler(2, 'Undefined array key "fuel_type"', 'C:\\laragon\\www\\cappppp\\app\\Views\\user\\car_list.php', 279)
 2 SYSTEMPATH\View\View.php(228): include('C:\\laragon\\www\\cappppp\\app\\Views\\user\\car_list.php')
 3 SYSTEMPATH\View\View.php(231): CodeIgniter\View\View->CodeIgniter\View\{closure}()
 4 SYSTEMPATH\Common.php(1178): CodeIgniter\View\View->render('user/car_list', [], true)
 5 APPPATH\Controllers\ProductController.php(20): view('user/car_list', [...])
 6 SYSTEMPATH\CodeIgniter.php(943): App\Controllers\ProductController->indexs()
 7 SYSTEMPATH\CodeIgniter.php(503): CodeIgniter\CodeIgniter->runController(Object(App\Controllers\ProductController))
 8 SYSTEMPATH\CodeIgniter.php(361): CodeIgniter\CodeIgniter->handleRequest(null, Object(Config\Cache), false)
 9 FCPATH\index.php(79): CodeIgniter\CodeIgniter->run()
10 SYSTEMPATH\Commands\Server\rewrite.php(47): require_once('C:\\laragon\\www\\cappppp\\public\\index.php')
CRITICAL - 2024-09-29 20:21:55 --> ErrorException: Undefined array key "fuel_type"
in APPPATH\Views\user\car_list.php on line 279.
 1 APPPATH\Views\user\car_list.php(279): CodeIgniter\Debug\Exceptions->errorHandler(2, 'Undefined array key "fuel_type"', 'C:\\laragon\\www\\cappppp\\app\\Views\\user\\car_list.php', 279)
 2 SYSTEMPATH\View\View.php(228): include('C:\\laragon\\www\\cappppp\\app\\Views\\user\\car_list.php')
 3 SYSTEMPATH\View\View.php(231): CodeIgniter\View\View->CodeIgniter\View\{closure}()
 4 SYSTEMPATH\Common.php(1178): CodeIgniter\View\View->render('user/car_list', [], true)
 5 APPPATH\Controllers\ProductController.php(20): view('user/car_list', [...])
 6 SYSTEMPATH\CodeIgniter.php(943): App\Controllers\ProductController->indexs()
 7 SYSTEMPATH\CodeIgniter.php(503): CodeIgniter\CodeIgniter->runController(Object(App\Controllers\ProductController))
 8 SYSTEMPATH\CodeIgniter.php(361): CodeIgniter\CodeIgniter->handleRequest(null, Object(Config\Cache), false)
 9 FCPATH\index.php(79): CodeIgniter\CodeIgniter->run()
10 SYSTEMPATH\Commands\Server\rewrite.php(47): require_once('C:\\laragon\\www\\cappppp\\public\\index.php')
CRITICAL - 2024-09-29 20:23:09 --> ErrorException: Undefined array key "year"
in APPPATH\Views\user\car_list.php on line 280.
 1 APPPATH\Views\user\car_list.php(280): CodeIgniter\Debug\Exceptions->errorHandler(2, 'Undefined array key "year"', 'C:\\laragon\\www\\cappppp\\app\\Views\\user\\car_list.php', 280)
 2 SYSTEMPATH\View\View.php(228): include('C:\\laragon\\www\\cappppp\\app\\Views\\user\\car_list.php')
 3 SYSTEMPATH\View\View.php(231): CodeIgniter\View\View->CodeIgniter\View\{closure}()
 4 SYSTEMPATH\Common.php(1178): CodeIgniter\View\View->render('user/car_list', [], true)
 5 APPPATH\Controllers\ProductController.php(20): view('user/car_list', [...])
 6 SYSTEMPATH\CodeIgniter.php(943): App\Controllers\ProductController->indexs()
 7 SYSTEMPATH\CodeIgniter.php(503): CodeIgniter\CodeIgniter->runController(Object(App\Controllers\ProductController))
 8 SYSTEMPATH\CodeIgniter.php(361): CodeIgniter\CodeIgniter->handleRequest(null, Object(Config\Cache), false)
 9 FCPATH\index.php(79): CodeIgniter\CodeIgniter->run()
10 SYSTEMPATH\Commands\Server\rewrite.php(47): require_once('C:\\laragon\\www\\cappppp\\public\\index.php')
CRITICAL - 2024-09-29 20:23:11 --> ErrorException: Undefined array key "year"
in APPPATH\Views\user\car_list.php on line 280.
 1 APPPATH\Views\user\car_list.php(280): CodeIgniter\Debug\Exceptions->errorHandler(2, 'Undefined array key "year"', 'C:\\laragon\\www\\cappppp\\app\\Views\\user\\car_list.php', 280)
 2 SYSTEMPATH\View\View.php(228): include('C:\\laragon\\www\\cappppp\\app\\Views\\user\\car_list.php')
 3 SYSTEMPATH\View\View.php(231): CodeIgniter\View\View->CodeIgniter\View\{closure}()
 4 SYSTEMPATH\Common.php(1178): CodeIgniter\View\View->render('user/car_list', [], true)
 5 APPPATH\Controllers\ProductController.php(20): view('user/car_list', [...])
 6 SYSTEMPATH\CodeIgniter.php(943): App\Controllers\ProductController->indexs()
 7 SYSTEMPATH\CodeIgniter.php(503): CodeIgniter\CodeIgniter->runController(Object(App\Controllers\ProductController))
 8 SYSTEMPATH\CodeIgniter.php(361): CodeIgniter\CodeIgniter->handleRequest(null, Object(Config\Cache), false)
 9 FCPATH\index.php(79): CodeIgniter\CodeIgniter->run()
10 SYSTEMPATH\Commands\Server\rewrite.php(47): require_once('C:\\laragon\\www\\cappppp\\public\\index.php')
CRITICAL - 2024-09-29 20:23:36 --> ErrorException: Undefined array key "fuel_type"
in APPPATH\Views\user\car_list.php on line 279.
 1 APPPATH\Views\user\car_list.php(279): CodeIgniter\Debug\Exceptions->errorHandler(2, 'Undefined array key "fuel_type"', 'C:\\laragon\\www\\cappppp\\app\\Views\\user\\car_list.php', 279)
 2 SYSTEMPATH\View\View.php(228): include('C:\\laragon\\www\\cappppp\\app\\Views\\user\\car_list.php')
 3 SYSTEMPATH\View\View.php(231): CodeIgniter\View\View->CodeIgniter\View\{closure}()
 4 SYSTEMPATH\Common.php(1178): CodeIgniter\View\View->render('user/car_list', [], true)
 5 APPPATH\Controllers\ProductController.php(20): view('user/car_list', [...])
 6 SYSTEMPATH\CodeIgniter.php(943): App\Controllers\ProductController->indexs()
 7 SYSTEMPATH\CodeIgniter.php(503): CodeIgniter\CodeIgniter->runController(Object(App\Controllers\ProductController))
 8 SYSTEMPATH\CodeIgniter.php(361): CodeIgniter\CodeIgniter->handleRequest(null, Object(Config\Cache), false)
 9 FCPATH\index.php(79): CodeIgniter\CodeIgniter->run()
10 SYSTEMPATH\Commands\Server\rewrite.php(47): require_once('C:\\laragon\\www\\cappppp\\public\\index.php')
