CRITICAL - 2024-10-20 11:09:21 --> ErrorException: Undefined array key "status"
in APPPATH\Controllers\PaymentController.php on line 70.
 1 APPPATH\Controllers\PaymentController.php(70): CodeIgniter\Debug\Exceptions->errorHandler(2, 'Undefined array key "status"', 'C:\\laragon\\www\\cappppp-main\\app\\Controllers\\PaymentController.php', 70)
 2 SYSTEMPATH\CodeIgniter.php(943): App\Controllers\PaymentController->index()
 3 SYSTEMPATH\CodeIgniter.php(503): CodeIgniter\CodeIgniter->runController(Object(App\Controllers\PaymentController))
 4 SYSTEMPATH\CodeIgniter.php(361): CodeIgniter\CodeIgniter->handleRequest(null, Object(Config\Cache), false)
 5 FCPATH\index.php(79): CodeIgniter\CodeIgniter->run()
 6 SYSTEMPATH\Commands\Server\rewrite.php(47): require_once('C:\\laragon\\www\\cappppp-main\\public\\index.php')
CRITICAL - 2024-10-20 11:14:42 --> ErrorException: Undefined array key "status"
in APPPATH\Controllers\PaymentController.php on line 70.
 1 APPPATH\Controllers\PaymentController.php(70): CodeIgniter\Debug\Exceptions->errorHandler(2, 'Undefined array key "status"', 'C:\\laragon\\www\\cappppp-main\\app\\Controllers\\PaymentController.php', 70)
 2 SYSTEMPATH\CodeIgniter.php(943): App\Controllers\PaymentController->index()
 3 SYSTEMPATH\CodeIgniter.php(503): CodeIgniter\CodeIgniter->runController(Object(App\Controllers\PaymentController))
 4 SYSTEMPATH\CodeIgniter.php(361): CodeIgniter\CodeIgniter->handleRequest(null, Object(Config\Cache), false)
 5 FCPATH\index.php(79): CodeIgniter\CodeIgniter->run()
 6 SYSTEMPATH\Commands\Server\rewrite.php(47): require_once('C:\\laragon\\www\\cappppp-main\\public\\index.php')
CRITICAL - 2024-10-20 11:14:49 --> ErrorException: Undefined array key "status"
in APPPATH\Controllers\PaymentController.php on line 70.
 1 APPPATH\Controllers\PaymentController.php(70): CodeIgniter\Debug\Exceptions->errorHandler(2, 'Undefined array key "status"', 'C:\\laragon\\www\\cappppp-main\\app\\Controllers\\PaymentController.php', 70)
 2 SYSTEMPATH\CodeIgniter.php(943): App\Controllers\PaymentController->index()
 3 SYSTEMPATH\CodeIgniter.php(503): CodeIgniter\CodeIgniter->runController(Object(App\Controllers\PaymentController))
 4 SYSTEMPATH\CodeIgniter.php(361): CodeIgniter\CodeIgniter->handleRequest(null, Object(Config\Cache), false)
 5 FCPATH\index.php(79): CodeIgniter\CodeIgniter->run()
 6 SYSTEMPATH\Commands\Server\rewrite.php(47): require_once('C:\\laragon\\www\\cappppp-main\\public\\index.php')
CRITICAL - 2024-10-20 11:16:21 --> ErrorException: Undefined array key "status"
in APPPATH\Views\admin\payment_management.php on line 143.
 1 APPPATH\Views\admin\payment_management.php(143): CodeIgniter\Debug\Exceptions->errorHandler(2, 'Undefined array key "status"', 'C:\\laragon\\www\\cappppp-main\\app\\Views\\admin\\payment_management.php', 143)
 2 SYSTEMPATH\View\View.php(228): include('C:\\laragon\\www\\cappppp-main\\app\\Views\\admin\\payment_management.php')
 3 SYSTEMPATH\View\View.php(231): CodeIgniter\View\View->CodeIgniter\View\{closure}()
 4 SYSTEMPATH\Common.php(1178): CodeIgniter\View\View->render('admin/payment_management', [], true)
 5 APPPATH\Controllers\PaymentController.php(64): view('admin/payment_management', [...])
 6 SYSTEMPATH\CodeIgniter.php(943): App\Controllers\PaymentController->index()
 7 SYSTEMPATH\CodeIgniter.php(503): CodeIgniter\CodeIgniter->runController(Object(App\Controllers\PaymentController))
 8 SYSTEMPATH\CodeIgniter.php(361): CodeIgniter\CodeIgniter->handleRequest(null, Object(Config\Cache), false)
 9 FCPATH\index.php(79): CodeIgniter\CodeIgniter->run()
10 SYSTEMPATH\Commands\Server\rewrite.php(47): require_once('C:\\laragon\\www\\cappppp-main\\public\\index.php')
