CRITICAL - 2024-04-06 07:00:23 --> CodeIgniter\View\Exceptions\ViewException: Invalid file: "dashboard/home.php"
in SYSTEMPATH\Exceptions\FrameworkException.php on line 39.
 1 SYSTEMPATH\View\View.php(216): CodeIgniter\Exceptions\FrameworkException::forInvalidFile('dashboard/home.php')
 2 SYSTEMPATH\Common.php(1178): CodeIgniter\View\View->render('dashboard/home', [], true)
 3 APPPATH\Controllers\UserController.php(22): view('dashboard/home')
 4 SYSTEMPATH\CodeIgniter.php(943): App\Controllers\UserController->home()
 5 SYSTEMPATH\CodeIgniter.php(503): CodeIgniter\CodeIgniter->runController(Object(App\Controllers\UserController))
 6 SYSTEMPATH\CodeIgniter.php(361): CodeIgniter\CodeIgniter->handleRequest(null, Object(Config\Cache), false)
 7 FCPATH\index.php(79): CodeIgniter\CodeIgniter->run()
 8 SYSTEMPATH\Commands\Server\rewrite.php(47): require_once('C:\\laragon\\www\\CAPST\\public\\index.php')
CRITICAL - 2024-04-06 07:01:33 --> CodeIgniter\View\Exceptions\ViewException: Invalid file: "dashboard/home.php"
in SYSTEMPATH\Exceptions\FrameworkException.php on line 39.
 1 SYSTEMPATH\View\View.php(216): CodeIgniter\Exceptions\FrameworkException::forInvalidFile('dashboard/home.php')
 2 SYSTEMPATH\Common.php(1178): CodeIgniter\View\View->render('dashboard/home', [], true)
 3 APPPATH\Controllers\ProfileController.php(9): view('dashboard/home')
 4 SYSTEMPATH\CodeIgniter.php(943): App\Controllers\ProfileController->index()
 5 SYSTEMPATH\CodeIgniter.php(503): CodeIgniter\CodeIgniter->runController(Object(App\Controllers\ProfileController))
 6 SYSTEMPATH\CodeIgniter.php(361): CodeIgniter\CodeIgniter->handleRequest(null, Object(Config\Cache), false)
 7 FCPATH\index.php(79): CodeIgniter\CodeIgniter->run()
 8 SYSTEMPATH\Commands\Server\rewrite.php(47): require_once('C:\\laragon\\www\\CAPST\\public\\index.php')
CRITICAL - 2024-04-06 07:14:58 --> CodeIgniter\View\Exceptions\ViewException: Invalid file: "layouts/header.php"
in SYSTEMPATH\Exceptions\FrameworkException.php on line 39.
 1 SYSTEMPATH\View\View.php(216): CodeIgniter\Exceptions\FrameworkException::forInvalidFile('layouts/header.php')
 2 SYSTEMPATH\Common.php(1178): CodeIgniter\View\View->render('layouts/header', [], true)
 3 APPPATH\Controllers\ProfileController.php(9): view('layouts/header')
 4 SYSTEMPATH\CodeIgniter.php(943): App\Controllers\ProfileController->index()
 5 SYSTEMPATH\CodeIgniter.php(503): CodeIgniter\CodeIgniter->runController(Object(App\Controllers\ProfileController))
 6 SYSTEMPATH\CodeIgniter.php(361): CodeIgniter\CodeIgniter->handleRequest(null, Object(Config\Cache), false)
 7 FCPATH\index.php(79): CodeIgniter\CodeIgniter->run()
 8 SYSTEMPATH\Commands\Server\rewrite.php(47): require_once('C:\\laragon\\www\\CAPST\\public\\index.php')
CRITICAL - 2024-04-06 07:16:42 --> CodeIgniter\View\Exceptions\ViewException: Invalid file: "layouts/header.php"
in SYSTEMPATH\Exceptions\FrameworkException.php on line 39.
 1 SYSTEMPATH\View\View.php(216): CodeIgniter\Exceptions\FrameworkException::forInvalidFile('layouts/header.php')
 2 SYSTEMPATH\Common.php(1178): CodeIgniter\View\View->render('layouts/header', [], true)
 3 APPPATH\Controllers\ProfileController.php(9): view('layouts/header')
 4 SYSTEMPATH\CodeIgniter.php(943): App\Controllers\ProfileController->index()
 5 SYSTEMPATH\CodeIgniter.php(503): CodeIgniter\CodeIgniter->runController(Object(App\Controllers\ProfileController))
 6 SYSTEMPATH\CodeIgniter.php(361): CodeIgniter\CodeIgniter->handleRequest(null, Object(Config\Cache), false)
 7 FCPATH\index.php(79): CodeIgniter\CodeIgniter->run()
 8 SYSTEMPATH\Commands\Server\rewrite.php(47): require_once('C:\\laragon\\www\\CAPST\\public\\index.php')
CRITICAL - 2024-04-06 07:47:58 --> CodeIgniter\View\Exceptions\ViewException: Invalid file: "layouts/header.php"
in SYSTEMPATH\Exceptions\FrameworkException.php on line 39.
 1 SYSTEMPATH\View\View.php(216): CodeIgniter\Exceptions\FrameworkException::forInvalidFile('layouts/header.php')
 2 SYSTEMPATH\View\View.php(469): CodeIgniter\View\View->render('layouts/header', null, true)
 3 APPPATH\Views\user\ecom.php(11): CodeIgniter\View\View->include('layouts/header')
 4 SYSTEMPATH\View\View.php(228): include('C:\\laragon\\www\\CAPST\\app\\Views\\user\\ecom.php')
 5 SYSTEMPATH\View\View.php(231): CodeIgniter\View\View->CodeIgniter\View\{closure}()
 6 SYSTEMPATH\Common.php(1178): CodeIgniter\View\View->render('user/ecom', [], true)
 7 APPPATH\Controllers\HomeController.php(14): view('user/ecom')
 8 SYSTEMPATH\CodeIgniter.php(943): App\Controllers\HomeController->ecommerce()
 9 SYSTEMPATH\CodeIgniter.php(503): CodeIgniter\CodeIgniter->runController(Object(App\Controllers\HomeController))
10 SYSTEMPATH\CodeIgniter.php(361): CodeIgniter\CodeIgniter->handleRequest(null, Object(Config\Cache), false)
11 FCPATH\index.php(79): CodeIgniter\CodeIgniter->run()
12 SYSTEMPATH\Commands\Server\rewrite.php(47): require_once('C:\\laragon\\www\\CAPST\\public\\index.php')
CRITICAL - 2024-04-06 07:49:42 --> CodeIgniter\View\Exceptions\ViewException: Invalid file: "layouts/default.php"
in SYSTEMPATH\Exceptions\FrameworkException.php on line 39.
 1 SYSTEMPATH\View\View.php(216): CodeIgniter\Exceptions\FrameworkException::forInvalidFile('layouts/default.php')
 2 SYSTEMPATH\View\View.php(244): CodeIgniter\View\View->render('layouts/default', [], true)
 3 SYSTEMPATH\Common.php(1178): CodeIgniter\View\View->render('user/ecom', [], true)
 4 APPPATH\Controllers\HomeController.php(14): view('user/ecom')
 5 SYSTEMPATH\CodeIgniter.php(943): App\Controllers\HomeController->ecommerce()
 6 SYSTEMPATH\CodeIgniter.php(503): CodeIgniter\CodeIgniter->runController(Object(App\Controllers\HomeController))
 7 SYSTEMPATH\CodeIgniter.php(361): CodeIgniter\CodeIgniter->handleRequest(null, Object(Config\Cache), false)
 8 FCPATH\index.php(79): CodeIgniter\CodeIgniter->run()
 9 SYSTEMPATH\Commands\Server\rewrite.php(47): require_once('C:\\laragon\\www\\CAPST\\public\\index.php')
CRITICAL - 2024-04-06 07:50:39 --> RuntimeException: View themes, no current section.
in SYSTEMPATH\View\View.php on line 425.
 1 APPPATH\Views\user\ecom.php(14): CodeIgniter\View\View->endSection()
 2 SYSTEMPATH\View\View.php(228): include('C:\\laragon\\www\\CAPST\\app\\Views\\user\\ecom.php')
 3 SYSTEMPATH\View\View.php(231): CodeIgniter\View\View->CodeIgniter\View\{closure}()
 4 SYSTEMPATH\Common.php(1178): CodeIgniter\View\View->render('user/ecom', [], true)
 5 APPPATH\Controllers\HomeController.php(14): view('user/ecom')
 6 SYSTEMPATH\CodeIgniter.php(943): App\Controllers\HomeController->ecommerce()
 7 SYSTEMPATH\CodeIgniter.php(503): CodeIgniter\CodeIgniter->runController(Object(App\Controllers\HomeController))
 8 SYSTEMPATH\CodeIgniter.php(361): CodeIgniter\CodeIgniter->handleRequest(null, Object(Config\Cache), false)
 9 FCPATH\index.php(79): CodeIgniter\CodeIgniter->run()
10 SYSTEMPATH\Commands\Server\rewrite.php(47): require_once('C:\\laragon\\www\\CAPST\\public\\index.php')
CRITICAL - 2024-04-06 08:04:37 --> RuntimeException: View themes, no current section.
in SYSTEMPATH\View\View.php on line 425.
 1 APPPATH\Views\user\ecom.php(5): CodeIgniter\View\View->endSection()
 2 SYSTEMPATH\View\View.php(228): include('C:\\laragon\\www\\CAPST\\app\\Views\\user\\ecom.php')
 3 SYSTEMPATH\View\View.php(231): CodeIgniter\View\View->CodeIgniter\View\{closure}()
 4 SYSTEMPATH\Common.php(1178): CodeIgniter\View\View->render('user/ecom', [], true)
 5 APPPATH\Controllers\EcommerceController.php(9): view('user/ecom')
 6 SYSTEMPATH\CodeIgniter.php(943): App\Controllers\EcommerceController->index()
 7 SYSTEMPATH\CodeIgniter.php(503): CodeIgniter\CodeIgniter->runController(Object(App\Controllers\EcommerceController))
 8 SYSTEMPATH\CodeIgniter.php(361): CodeIgniter\CodeIgniter->handleRequest(null, Object(Config\Cache), false)
 9 FCPATH\index.php(79): CodeIgniter\CodeIgniter->run()
10 SYSTEMPATH\Commands\Server\rewrite.php(47): require_once('C:\\laragon\\www\\CAPST\\public\\index.php')
CRITICAL - 2024-04-06 08:05:40 --> ErrorException: Undefined variable $cars
in APPPATH\Views\user\ecom.php on line 5.
 1 APPPATH\Views\user\ecom.php(5): CodeIgniter\Debug\Exceptions->errorHandler(2, 'Undefined variable $cars', 'C:\\laragon\\www\\CAPST\\app\\Views\\user\\ecom.php', 5)
 2 SYSTEMPATH\View\View.php(228): include('C:\\laragon\\www\\CAPST\\app\\Views\\user\\ecom.php')
 3 SYSTEMPATH\View\View.php(231): CodeIgniter\View\View->CodeIgniter\View\{closure}()
 4 SYSTEMPATH\Common.php(1178): CodeIgniter\View\View->render('user/ecom', [], true)
 5 APPPATH\Controllers\EcommerceController.php(9): view('user/ecom')
 6 SYSTEMPATH\CodeIgniter.php(943): App\Controllers\EcommerceController->index()
 7 SYSTEMPATH\CodeIgniter.php(503): CodeIgniter\CodeIgniter->runController(Object(App\Controllers\EcommerceController))
 8 SYSTEMPATH\CodeIgniter.php(361): CodeIgniter\CodeIgniter->handleRequest(null, Object(Config\Cache), false)
 9 FCPATH\index.php(79): CodeIgniter\CodeIgniter->run()
10 SYSTEMPATH\Commands\Server\rewrite.php(47): require_once('C:\\laragon\\www\\CAPST\\public\\index.php')
CRITICAL - 2024-04-06 08:05:42 --> ErrorException: Undefined variable $cars
in APPPATH\Views\user\ecom.php on line 5.
 1 APPPATH\Views\user\ecom.php(5): CodeIgniter\Debug\Exceptions->errorHandler(2, 'Undefined variable $cars', 'C:\\laragon\\www\\CAPST\\app\\Views\\user\\ecom.php', 5)
 2 SYSTEMPATH\View\View.php(228): include('C:\\laragon\\www\\CAPST\\app\\Views\\user\\ecom.php')
 3 SYSTEMPATH\View\View.php(231): CodeIgniter\View\View->CodeIgniter\View\{closure}()
 4 SYSTEMPATH\Common.php(1178): CodeIgniter\View\View->render('user/ecom', [], true)
 5 APPPATH\Controllers\EcommerceController.php(9): view('user/ecom')
 6 SYSTEMPATH\CodeIgniter.php(943): App\Controllers\EcommerceController->index()
 7 SYSTEMPATH\CodeIgniter.php(503): CodeIgniter\CodeIgniter->runController(Object(App\Controllers\EcommerceController))
 8 SYSTEMPATH\CodeIgniter.php(361): CodeIgniter\CodeIgniter->handleRequest(null, Object(Config\Cache), false)
 9 FCPATH\index.php(79): CodeIgniter\CodeIgniter->run()
10 SYSTEMPATH\Commands\Server\rewrite.php(47): require_once('C:\\laragon\\www\\CAPST\\public\\index.php')
