CRITICAL - 2024-09-26 02:46:41 --> CodeIgniter\View\Exceptions\ViewException: Invalid file: "/checkout.php"
in SYSTEMPATH\Exceptions\FrameworkException.php on line 39.
 1 SYSTEMPATH\View\View.php(216): CodeIgniter\Exceptions\FrameworkException::forInvalidFile('/checkout.php')
 2 SYSTEMPATH\Common.php(1178): CodeIgniter\View\View->render('/checkout', [], true)
 3 APPPATH\Controllers\CheckoutController.php(24): view('/checkout', [...])
 4 SYSTEMPATH\CodeIgniter.php(943): App\Controllers\CheckoutController->index()
 5 SYSTEMPATH\CodeIgniter.php(503): CodeIgniter\CodeIgniter->runController(Object(App\Controllers\CheckoutController))
 6 SYSTEMPATH\CodeIgniter.php(361): CodeIgniter\CodeIgniter->handleRequest(null, Object(Config\Cache), false)
 7 FCPATH\index.php(79): CodeIgniter\CodeIgniter->run()
 8 SYSTEMPATH\Commands\Server\rewrite.php(47): require_once('C:\\laragon\\www\\Backup\\public\\index.php')
CRITICAL - 2024-09-26 03:11:22 --> ErrorException: Undefined variable $model
in APPPATH\Views\user\checkout.php on line 83.
 1 APPPATH\Views\user\checkout.php(83): CodeIgniter\Debug\Exceptions->errorHandler(2, 'Undefined variable $model', 'C:\\laragon\\www\\Backup\\app\\Views\\user\\checkout.php', 83)
 2 SYSTEMPATH\View\View.php(228): include('C:\\laragon\\www\\Backup\\app\\Views\\user\\checkout.php')
 3 SYSTEMPATH\View\View.php(231): CodeIgniter\View\View->CodeIgniter\View\{closure}()
 4 SYSTEMPATH\Common.php(1178): CodeIgniter\View\View->render('user/checkout', [], true)
 5 APPPATH\Controllers\CheckoutController.php(20): view('user/checkout')
 6 SYSTEMPATH\CodeIgniter.php(943): App\Controllers\CheckoutController->checkout()
 7 SYSTEMPATH\CodeIgniter.php(503): CodeIgniter\CodeIgniter->runController(Object(App\Controllers\CheckoutController))
 8 SYSTEMPATH\CodeIgniter.php(361): CodeIgniter\CodeIgniter->handleRequest(null, Object(Config\Cache), false)
 9 FCPATH\index.php(79): CodeIgniter\CodeIgniter->run()
10 SYSTEMPATH\Commands\Server\rewrite.php(47): require_once('C:\\laragon\\www\\Backup\\public\\index.php')
CRITICAL - 2024-09-26 03:12:12 --> ErrorException: Undefined variable $model
in APPPATH\Views\user\checkout.php on line 121.
 1 APPPATH\Views\user\checkout.php(121): CodeIgniter\Debug\Exceptions->errorHandler(2, 'Undefined variable $model', 'C:\\laragon\\www\\Backup\\app\\Views\\user\\checkout.php', 121)
 2 SYSTEMPATH\View\View.php(228): include('C:\\laragon\\www\\Backup\\app\\Views\\user\\checkout.php')
 3 SYSTEMPATH\View\View.php(231): CodeIgniter\View\View->CodeIgniter\View\{closure}()
 4 SYSTEMPATH\Common.php(1178): CodeIgniter\View\View->render('user/checkout', [], true)
 5 APPPATH\Controllers\CheckoutController.php(20): view('user/checkout')
 6 SYSTEMPATH\CodeIgniter.php(943): App\Controllers\CheckoutController->checkout()
 7 SYSTEMPATH\CodeIgniter.php(503): CodeIgniter\CodeIgniter->runController(Object(App\Controllers\CheckoutController))
 8 SYSTEMPATH\CodeIgniter.php(361): CodeIgniter\CodeIgniter->handleRequest(null, Object(Config\Cache), false)
 9 FCPATH\index.php(79): CodeIgniter\CodeIgniter->run()
10 SYSTEMPATH\Commands\Server\rewrite.php(47): require_once('C:\\laragon\\www\\Backup\\public\\index.php')
CRITICAL - 2024-09-26 03:12:18 --> ErrorException: Undefined variable $model
in APPPATH\Views\user\checkout.php on line 121.
 1 APPPATH\Views\user\checkout.php(121): CodeIgniter\Debug\Exceptions->errorHandler(2, 'Undefined variable $model', 'C:\\laragon\\www\\Backup\\app\\Views\\user\\checkout.php', 121)
 2 SYSTEMPATH\View\View.php(228): include('C:\\laragon\\www\\Backup\\app\\Views\\user\\checkout.php')
 3 SYSTEMPATH\View\View.php(231): CodeIgniter\View\View->CodeIgniter\View\{closure}()
 4 SYSTEMPATH\Common.php(1178): CodeIgniter\View\View->render('user/checkout', [], true)
 5 APPPATH\Controllers\CheckoutController.php(20): view('user/checkout')
 6 SYSTEMPATH\CodeIgniter.php(943): App\Controllers\CheckoutController->checkout()
 7 SYSTEMPATH\CodeIgniter.php(503): CodeIgniter\CodeIgniter->runController(Object(App\Controllers\CheckoutController))
 8 SYSTEMPATH\CodeIgniter.php(361): CodeIgniter\CodeIgniter->handleRequest(null, Object(Config\Cache), false)
 9 FCPATH\index.php(79): CodeIgniter\CodeIgniter->run()
10 SYSTEMPATH\Commands\Server\rewrite.php(47): require_once('C:\\laragon\\www\\Backup\\public\\index.php')
CRITICAL - 2024-09-26 03:12:20 --> ErrorException: Undefined variable $model
in APPPATH\Views\user\checkout.php on line 121.
 1 APPPATH\Views\user\checkout.php(121): CodeIgniter\Debug\Exceptions->errorHandler(2, 'Undefined variable $model', 'C:\\laragon\\www\\Backup\\app\\Views\\user\\checkout.php', 121)
 2 SYSTEMPATH\View\View.php(228): include('C:\\laragon\\www\\Backup\\app\\Views\\user\\checkout.php')
 3 SYSTEMPATH\View\View.php(231): CodeIgniter\View\View->CodeIgniter\View\{closure}()
 4 SYSTEMPATH\Common.php(1178): CodeIgniter\View\View->render('user/checkout', [], true)
 5 APPPATH\Controllers\CheckoutController.php(20): view('user/checkout')
 6 SYSTEMPATH\CodeIgniter.php(943): App\Controllers\CheckoutController->checkout()
 7 SYSTEMPATH\CodeIgniter.php(503): CodeIgniter\CodeIgniter->runController(Object(App\Controllers\CheckoutController))
 8 SYSTEMPATH\CodeIgniter.php(361): CodeIgniter\CodeIgniter->handleRequest(null, Object(Config\Cache), false)
 9 FCPATH\index.php(79): CodeIgniter\CodeIgniter->run()
10 SYSTEMPATH\Commands\Server\rewrite.php(47): require_once('C:\\laragon\\www\\Backup\\public\\index.php')
CRITICAL - 2024-09-26 03:12:33 --> ErrorException: Undefined variable $model
in APPPATH\Views\user\checkout.php on line 121.
 1 APPPATH\Views\user\checkout.php(121): CodeIgniter\Debug\Exceptions->errorHandler(2, 'Undefined variable $model', 'C:\\laragon\\www\\Backup\\app\\Views\\user\\checkout.php', 121)
 2 SYSTEMPATH\View\View.php(228): include('C:\\laragon\\www\\Backup\\app\\Views\\user\\checkout.php')
 3 SYSTEMPATH\View\View.php(231): CodeIgniter\View\View->CodeIgniter\View\{closure}()
 4 SYSTEMPATH\Common.php(1178): CodeIgniter\View\View->render('user/checkout', [], true)
 5 APPPATH\Controllers\CheckoutController.php(20): view('user/checkout')
 6 SYSTEMPATH\CodeIgniter.php(943): App\Controllers\CheckoutController->checkout()
 7 SYSTEMPATH\CodeIgniter.php(503): CodeIgniter\CodeIgniter->runController(Object(App\Controllers\CheckoutController))
 8 SYSTEMPATH\CodeIgniter.php(361): CodeIgniter\CodeIgniter->handleRequest(null, Object(Config\Cache), false)
 9 FCPATH\index.php(79): CodeIgniter\CodeIgniter->run()
10 SYSTEMPATH\Commands\Server\rewrite.php(47): require_once('C:\\laragon\\www\\Backup\\public\\index.php')
CRITICAL - 2024-09-26 03:13:40 --> ErrorException: Undefined variable $model
in APPPATH\Views\user\checkout.php on line 121.
 1 APPPATH\Views\user\checkout.php(121): CodeIgniter\Debug\Exceptions->errorHandler(2, 'Undefined variable $model', 'C:\\laragon\\www\\Backup\\app\\Views\\user\\checkout.php', 121)
 2 SYSTEMPATH\View\View.php(228): include('C:\\laragon\\www\\Backup\\app\\Views\\user\\checkout.php')
 3 SYSTEMPATH\View\View.php(231): CodeIgniter\View\View->CodeIgniter\View\{closure}()
 4 SYSTEMPATH\Common.php(1178): CodeIgniter\View\View->render('user/checkout', [], true)
 5 APPPATH\Controllers\CheckoutController.php(20): view('user/checkout')
 6 SYSTEMPATH\CodeIgniter.php(943): App\Controllers\CheckoutController->checkout()
 7 SYSTEMPATH\CodeIgniter.php(503): CodeIgniter\CodeIgniter->runController(Object(App\Controllers\CheckoutController))
 8 SYSTEMPATH\CodeIgniter.php(361): CodeIgniter\CodeIgniter->handleRequest(null, Object(Config\Cache), false)
 9 FCPATH\index.php(79): CodeIgniter\CodeIgniter->run()
10 SYSTEMPATH\Commands\Server\rewrite.php(47): require_once('C:\\laragon\\www\\Backup\\public\\index.php')
ERROR - 2024-09-26 07:44:22 --> Error connecting to the database: mysqli_sql_exception: No connection could be made because the target machine actively refused it in C:\laragon\www\Backup\system\Database\MySQLi\Connection.php:185
Stack trace:
#0 C:\laragon\www\Backup\system\Database\MySQLi\Connection.php(185): mysqli->real_connect('localhost', 'root', '', 'caps_db', 3306, '', 0)
#1 C:\laragon\www\Backup\system\Database\BaseConnection.php(392): CodeIgniter\Database\MySQLi\Connection->connect(false)
#2 C:\laragon\www\Backup\system\Database\BaseConnection.php(575): CodeIgniter\Database\BaseConnection->initialize()
#3 C:\laragon\www\Backup\system\Database\BaseBuilder.php(1616): CodeIgniter\Database\BaseConnection->query('SELECT *\nFROM `...', Array, false)
#4 C:\laragon\www\Backup\system\Model.php(243): CodeIgniter\Database\BaseBuilder->get()
#5 C:\laragon\www\Backup\system\BaseModel.php(638): CodeIgniter\Model->doFindAll(0, 0)
#6 C:\laragon\www\Backup\app\Controllers\Admin.php(22): CodeIgniter\BaseModel->findAll()
#7 C:\laragon\www\Backup\system\CodeIgniter.php(943): App\Controllers\Admin->index()
#8 C:\laragon\www\Backup\system\CodeIgniter.php(503): CodeIgniter\CodeIgniter->runController(Object(App\Controllers\Admin))
#9 C:\laragon\www\Backup\system\CodeIgniter.php(361): CodeIgniter\CodeIgniter->handleRequest(NULL, Object(Config\Cache), false)
#10 C:\laragon\www\Backup\public\index.php(79): CodeIgniter\CodeIgniter->run()
#11 C:\laragon\www\Backup\system\Commands\Server\rewrite.php(47): require_once('C:\\laragon\\www\\...')
#12 {main}

Next CodeIgniter\Database\Exceptions\DatabaseException: No connection could be made because the target machine actively refused it in C:\laragon\www\Backup\system\Database\MySQLi\Connection.php:229
Stack trace:
#0 C:\laragon\www\Backup\system\Database\BaseConnection.php(392): CodeIgniter\Database\MySQLi\Connection->connect(false)
#1 C:\laragon\www\Backup\system\Database\BaseConnection.php(575): CodeIgniter\Database\BaseConnection->initialize()
#2 C:\laragon\www\Backup\system\Database\BaseBuilder.php(1616): CodeIgniter\Database\BaseConnection->query('SELECT *\nFROM `...', Array, false)
#3 C:\laragon\www\Backup\system\Model.php(243): CodeIgniter\Database\BaseBuilder->get()
#4 C:\laragon\www\Backup\system\BaseModel.php(638): CodeIgniter\Model->doFindAll(0, 0)
#5 C:\laragon\www\Backup\app\Controllers\Admin.php(22): CodeIgniter\BaseModel->findAll()
#6 C:\laragon\www\Backup\system\CodeIgniter.php(943): App\Controllers\Admin->index()
#7 C:\laragon\www\Backup\system\CodeIgniter.php(503): CodeIgniter\CodeIgniter->runController(Object(App\Controllers\Admin))
#8 C:\laragon\www\Backup\system\CodeIgniter.php(361): CodeIgniter\CodeIgniter->handleRequest(NULL, Object(Config\Cache), false)
#9 C:\laragon\www\Backup\public\index.php(79): CodeIgniter\CodeIgniter->run()
#10 C:\laragon\www\Backup\system\Commands\Server\rewrite.php(47): require_once('C:\\laragon\\www\\...')
#11 {main}
CRITICAL - 2024-09-26 07:44:22 --> CodeIgniter\Database\Exceptions\DatabaseException: Unable to connect to the database.
Main connection [MySQLi]: No connection could be made because the target machine actively refused it
in SYSTEMPATH\Database\BaseConnection.php on line 428.
 1 SYSTEMPATH\Database\BaseConnection.php(575): CodeIgniter\Database\BaseConnection->initialize()
 2 SYSTEMPATH\Database\BaseBuilder.php(1616): CodeIgniter\Database\BaseConnection->query('SELECT *
FROM `users`', [], false)
 3 SYSTEMPATH\Model.php(243): CodeIgniter\Database\BaseBuilder->get()
 4 SYSTEMPATH\BaseModel.php(638): CodeIgniter\Model->doFindAll(0, 0)
 5 APPPATH\Controllers\Admin.php(22): CodeIgniter\BaseModel->findAll()
 6 SYSTEMPATH\CodeIgniter.php(943): App\Controllers\Admin->index()
 7 SYSTEMPATH\CodeIgniter.php(503): CodeIgniter\CodeIgniter->runController(Object(App\Controllers\Admin))
 8 SYSTEMPATH\CodeIgniter.php(361): CodeIgniter\CodeIgniter->handleRequest(null, Object(Config\Cache), false)
 9 FCPATH\index.php(79): CodeIgniter\CodeIgniter->run()
10 SYSTEMPATH\Commands\Server\rewrite.php(47): require_once('C:\\laragon\\www\\Backup\\public\\index.php')
CRITICAL - 2024-09-26 17:01:17 --> ErrorException: Undefined variable $image
in APPPATH\Views\user\checkouts.php on line 78.
 1 APPPATH\Views\user\checkouts.php(78): CodeIgniter\Debug\Exceptions->errorHandler(2, 'Undefined variable $image', 'C:\\laragon\\www\\Backup\\app\\Views\\user\\checkouts.php', 78)
 2 SYSTEMPATH\View\View.php(228): include('C:\\laragon\\www\\Backup\\app\\Views\\user\\checkouts.php')
 3 SYSTEMPATH\View\View.php(231): CodeIgniter\View\View->CodeIgniter\View\{closure}()
 4 SYSTEMPATH\Common.php(1178): CodeIgniter\View\View->render('user/checkouts', [], true)
 5 APPPATH\Controllers\CheckoutController.php(12): view('user/checkouts')
 6 SYSTEMPATH\CodeIgniter.php(943): App\Controllers\CheckoutController->checkout()
 7 SYSTEMPATH\CodeIgniter.php(503): CodeIgniter\CodeIgniter->runController(Object(App\Controllers\CheckoutController))
 8 SYSTEMPATH\CodeIgniter.php(361): CodeIgniter\CodeIgniter->handleRequest(null, Object(Config\Cache), false)
 9 FCPATH\index.php(79): CodeIgniter\CodeIgniter->run()
10 SYSTEMPATH\Commands\Server\rewrite.php(47): require_once('C:\\laragon\\www\\Backup\\public\\index.php')
CRITICAL - 2024-09-26 17:03:35 --> ErrorException: Undefined variable $image
in APPPATH\Views\user\checkouts.php on line 78.
 1 APPPATH\Views\user\checkouts.php(78): CodeIgniter\Debug\Exceptions->errorHandler(2, 'Undefined variable $image', 'C:\\laragon\\www\\Backup\\app\\Views\\user\\checkouts.php', 78)
 2 SYSTEMPATH\View\View.php(228): include('C:\\laragon\\www\\Backup\\app\\Views\\user\\checkouts.php')
 3 SYSTEMPATH\View\View.php(231): CodeIgniter\View\View->CodeIgniter\View\{closure}()
 4 SYSTEMPATH\Common.php(1178): CodeIgniter\View\View->render('user/checkouts', [], true)
 5 APPPATH\Controllers\CheckoutController.php(12): view('user/checkouts')
 6 SYSTEMPATH\CodeIgniter.php(943): App\Controllers\CheckoutController->checkout()
 7 SYSTEMPATH\CodeIgniter.php(503): CodeIgniter\CodeIgniter->runController(Object(App\Controllers\CheckoutController))
 8 SYSTEMPATH\CodeIgniter.php(361): CodeIgniter\CodeIgniter->handleRequest(null, Object(Config\Cache), false)
 9 FCPATH\index.php(79): CodeIgniter\CodeIgniter->run()
10 SYSTEMPATH\Commands\Server\rewrite.php(47): require_once('C:\\laragon\\www\\Backup\\public\\index.php')
CRITICAL - 2024-09-26 17:03:40 --> ErrorException: Undefined variable $image
in APPPATH\Views\user\checkouts.php on line 78.
 1 APPPATH\Views\user\checkouts.php(78): CodeIgniter\Debug\Exceptions->errorHandler(2, 'Undefined variable $image', 'C:\\laragon\\www\\Backup\\app\\Views\\user\\checkouts.php', 78)
 2 SYSTEMPATH\View\View.php(228): include('C:\\laragon\\www\\Backup\\app\\Views\\user\\checkouts.php')
 3 SYSTEMPATH\View\View.php(231): CodeIgniter\View\View->CodeIgniter\View\{closure}()
 4 SYSTEMPATH\Common.php(1178): CodeIgniter\View\View->render('user/checkouts', [], true)
 5 APPPATH\Controllers\CheckoutController.php(12): view('user/checkouts')
 6 SYSTEMPATH\CodeIgniter.php(943): App\Controllers\CheckoutController->checkout()
 7 SYSTEMPATH\CodeIgniter.php(503): CodeIgniter\CodeIgniter->runController(Object(App\Controllers\CheckoutController))
 8 SYSTEMPATH\CodeIgniter.php(361): CodeIgniter\CodeIgniter->handleRequest(null, Object(Config\Cache), false)
 9 FCPATH\index.php(79): CodeIgniter\CodeIgniter->run()
10 SYSTEMPATH\Commands\Server\rewrite.php(47): require_once('C:\\laragon\\www\\Backup\\public\\index.php')
CRITICAL - 2024-09-26 17:04:33 --> ErrorException: Undefined variable $image
in APPPATH\Views\user\checkouts.php on line 78.
 1 APPPATH\Views\user\checkouts.php(78): CodeIgniter\Debug\Exceptions->errorHandler(2, 'Undefined variable $image', 'C:\\laragon\\www\\Backup\\app\\Views\\user\\checkouts.php', 78)
 2 SYSTEMPATH\View\View.php(228): include('C:\\laragon\\www\\Backup\\app\\Views\\user\\checkouts.php')
 3 SYSTEMPATH\View\View.php(231): CodeIgniter\View\View->CodeIgniter\View\{closure}()
 4 SYSTEMPATH\Common.php(1178): CodeIgniter\View\View->render('user/checkouts', [], true)
 5 APPPATH\Controllers\CheckoutController.php(12): view('user/checkouts')
 6 SYSTEMPATH\CodeIgniter.php(943): App\Controllers\CheckoutController->checkout()
 7 SYSTEMPATH\CodeIgniter.php(503): CodeIgniter\CodeIgniter->runController(Object(App\Controllers\CheckoutController))
 8 SYSTEMPATH\CodeIgniter.php(361): CodeIgniter\CodeIgniter->handleRequest(null, Object(Config\Cache), false)
 9 FCPATH\index.php(79): CodeIgniter\CodeIgniter->run()
10 SYSTEMPATH\Commands\Server\rewrite.php(47): require_once('C:\\laragon\\www\\Backup\\public\\index.php')
CRITICAL - 2024-09-26 17:05:42 --> ErrorException: Undefined variable $image
in APPPATH\Views\user\checkouts.php on line 81.
 1 APPPATH\Views\user\checkouts.php(81): CodeIgniter\Debug\Exceptions->errorHandler(2, 'Undefined variable $image', 'C:\\laragon\\www\\Backup\\app\\Views\\user\\checkouts.php', 81)
 2 SYSTEMPATH\View\View.php(228): include('C:\\laragon\\www\\Backup\\app\\Views\\user\\checkouts.php')
 3 SYSTEMPATH\View\View.php(231): CodeIgniter\View\View->CodeIgniter\View\{closure}()
 4 SYSTEMPATH\Common.php(1178): CodeIgniter\View\View->render('user/checkouts', [], true)
 5 APPPATH\Controllers\CheckoutController.php(12): view('user/checkouts')
 6 SYSTEMPATH\CodeIgniter.php(943): App\Controllers\CheckoutController->checkout()
 7 SYSTEMPATH\CodeIgniter.php(503): CodeIgniter\CodeIgniter->runController(Object(App\Controllers\CheckoutController))
 8 SYSTEMPATH\CodeIgniter.php(361): CodeIgniter\CodeIgniter->handleRequest(null, Object(Config\Cache), false)
 9 FCPATH\index.php(79): CodeIgniter\CodeIgniter->run()
10 SYSTEMPATH\Commands\Server\rewrite.php(47): require_once('C:\\laragon\\www\\Backup\\public\\index.php')
CRITICAL - 2024-09-26 17:05:44 --> ErrorException: Undefined variable $image
in APPPATH\Views\user\checkouts.php on line 81.
 1 APPPATH\Views\user\checkouts.php(81): CodeIgniter\Debug\Exceptions->errorHandler(2, 'Undefined variable $image', 'C:\\laragon\\www\\Backup\\app\\Views\\user\\checkouts.php', 81)
 2 SYSTEMPATH\View\View.php(228): include('C:\\laragon\\www\\Backup\\app\\Views\\user\\checkouts.php')
 3 SYSTEMPATH\View\View.php(231): CodeIgniter\View\View->CodeIgniter\View\{closure}()
 4 SYSTEMPATH\Common.php(1178): CodeIgniter\View\View->render('user/checkouts', [], true)
 5 APPPATH\Controllers\CheckoutController.php(12): view('user/checkouts')
 6 SYSTEMPATH\CodeIgniter.php(943): App\Controllers\CheckoutController->checkout()
 7 SYSTEMPATH\CodeIgniter.php(503): CodeIgniter\CodeIgniter->runController(Object(App\Controllers\CheckoutController))
 8 SYSTEMPATH\CodeIgniter.php(361): CodeIgniter\CodeIgniter->handleRequest(null, Object(Config\Cache), false)
 9 FCPATH\index.php(79): CodeIgniter\CodeIgniter->run()
10 SYSTEMPATH\Commands\Server\rewrite.php(47): require_once('C:\\laragon\\www\\Backup\\public\\index.php')
CRITICAL - 2024-09-26 17:15:19 --> ErrorException: Undefined variable $image
in APPPATH\Views\user\checkouts.php on line 81.
 1 APPPATH\Views\user\checkouts.php(81): CodeIgniter\Debug\Exceptions->errorHandler(2, 'Undefined variable $image', 'C:\\laragon\\www\\Backup\\app\\Views\\user\\checkouts.php', 81)
 2 SYSTEMPATH\View\View.php(228): include('C:\\laragon\\www\\Backup\\app\\Views\\user\\checkouts.php')
 3 SYSTEMPATH\View\View.php(231): CodeIgniter\View\View->CodeIgniter\View\{closure}()
 4 SYSTEMPATH\Common.php(1178): CodeIgniter\View\View->render('user/checkouts', [], true)
 5 APPPATH\Controllers\CheckoutController.php(12): view('user/checkouts')
 6 SYSTEMPATH\CodeIgniter.php(943): App\Controllers\CheckoutController->checkout()
 7 SYSTEMPATH\CodeIgniter.php(503): CodeIgniter\CodeIgniter->runController(Object(App\Controllers\CheckoutController))
 8 SYSTEMPATH\CodeIgniter.php(361): CodeIgniter\CodeIgniter->handleRequest(null, Object(Config\Cache), false)
 9 FCPATH\index.php(79): CodeIgniter\CodeIgniter->run()
10 SYSTEMPATH\Commands\Server\rewrite.php(47): require_once('C:\\laragon\\www\\Backup\\public\\index.php')
CRITICAL - 2024-09-26 17:16:19 --> ErrorException: Undefined variable $image
in APPPATH\Views\user\checkouts.php on line 81.
 1 APPPATH\Views\user\checkouts.php(81): CodeIgniter\Debug\Exceptions->errorHandler(2, 'Undefined variable $image', 'C:\\laragon\\www\\Backup\\app\\Views\\user\\checkouts.php', 81)
 2 SYSTEMPATH\View\View.php(228): include('C:\\laragon\\www\\Backup\\app\\Views\\user\\checkouts.php')
 3 SYSTEMPATH\View\View.php(231): CodeIgniter\View\View->CodeIgniter\View\{closure}()
 4 SYSTEMPATH\Common.php(1178): CodeIgniter\View\View->render('user/checkouts', [], true)
 5 APPPATH\Controllers\CheckoutController.php(12): view('user/checkouts')
 6 SYSTEMPATH\CodeIgniter.php(943): App\Controllers\CheckoutController->checkout()
 7 SYSTEMPATH\CodeIgniter.php(503): CodeIgniter\CodeIgniter->runController(Object(App\Controllers\CheckoutController))
 8 SYSTEMPATH\CodeIgniter.php(361): CodeIgniter\CodeIgniter->handleRequest(null, Object(Config\Cache), false)
 9 FCPATH\index.php(79): CodeIgniter\CodeIgniter->run()
10 SYSTEMPATH\Commands\Server\rewrite.php(47): require_once('C:\\laragon\\www\\Backup\\public\\index.php')
CRITICAL - 2024-09-26 17:17:07 --> ErrorException: Undefined variable $image
in APPPATH\Views\user\checkouts.php on line 81.
 1 APPPATH\Views\user\checkouts.php(81): CodeIgniter\Debug\Exceptions->errorHandler(2, 'Undefined variable $image', 'C:\\laragon\\www\\Backup\\app\\Views\\user\\checkouts.php', 81)
 2 SYSTEMPATH\View\View.php(228): include('C:\\laragon\\www\\Backup\\app\\Views\\user\\checkouts.php')
 3 SYSTEMPATH\View\View.php(231): CodeIgniter\View\View->CodeIgniter\View\{closure}()
 4 SYSTEMPATH\Common.php(1178): CodeIgniter\View\View->render('user/checkouts', [], true)
 5 APPPATH\Controllers\CheckoutController.php(12): view('user/checkouts')
 6 SYSTEMPATH\CodeIgniter.php(943): App\Controllers\CheckoutController->checkout()
 7 SYSTEMPATH\CodeIgniter.php(503): CodeIgniter\CodeIgniter->runController(Object(App\Controllers\CheckoutController))
 8 SYSTEMPATH\CodeIgniter.php(361): CodeIgniter\CodeIgniter->handleRequest(null, Object(Config\Cache), false)
 9 FCPATH\index.php(79): CodeIgniter\CodeIgniter->run()
10 SYSTEMPATH\Commands\Server\rewrite.php(47): require_once('C:\\laragon\\www\\Backup\\public\\index.php')
CRITICAL - 2024-09-26 17:33:17 --> ErrorException: Undefined variable $image
in APPPATH\Views\user\checkouts.php on line 81.
 1 APPPATH\Views\user\checkouts.php(81): CodeIgniter\Debug\Exceptions->errorHandler(2, 'Undefined variable $image', 'C:\\laragon\\www\\Backup\\app\\Views\\user\\checkouts.php', 81)
 2 SYSTEMPATH\View\View.php(228): include('C:\\laragon\\www\\Backup\\app\\Views\\user\\checkouts.php')
 3 SYSTEMPATH\View\View.php(231): CodeIgniter\View\View->CodeIgniter\View\{closure}()
 4 SYSTEMPATH\Common.php(1178): CodeIgniter\View\View->render('user/checkouts', [], true)
 5 APPPATH\Controllers\CheckoutController.php(12): view('user/checkouts')
 6 SYSTEMPATH\CodeIgniter.php(943): App\Controllers\CheckoutController->checkout()
 7 SYSTEMPATH\CodeIgniter.php(503): CodeIgniter\CodeIgniter->runController(Object(App\Controllers\CheckoutController))
 8 SYSTEMPATH\CodeIgniter.php(361): CodeIgniter\CodeIgniter->handleRequest(null, Object(Config\Cache), false)
 9 FCPATH\index.php(79): CodeIgniter\CodeIgniter->run()
10 SYSTEMPATH\Commands\Server\rewrite.php(47): require_once('C:\\laragon\\www\\Backup\\public\\index.php')
CRITICAL - 2024-09-26 17:34:14 --> ErrorException: Undefined variable $image
in APPPATH\Views\user\checkouts.php on line 81.
 1 APPPATH\Views\user\checkouts.php(81): CodeIgniter\Debug\Exceptions->errorHandler(2, 'Undefined variable $image', 'C:\\laragon\\www\\Backup\\app\\Views\\user\\checkouts.php', 81)
 2 SYSTEMPATH\View\View.php(228): include('C:\\laragon\\www\\Backup\\app\\Views\\user\\checkouts.php')
 3 SYSTEMPATH\View\View.php(231): CodeIgniter\View\View->CodeIgniter\View\{closure}()
 4 SYSTEMPATH\Common.php(1178): CodeIgniter\View\View->render('user/checkouts', [], true)
 5 APPPATH\Controllers\CheckoutController.php(12): view('user/checkouts')
 6 SYSTEMPATH\CodeIgniter.php(943): App\Controllers\CheckoutController->checkout()
 7 SYSTEMPATH\CodeIgniter.php(503): CodeIgniter\CodeIgniter->runController(Object(App\Controllers\CheckoutController))
 8 SYSTEMPATH\CodeIgniter.php(361): CodeIgniter\CodeIgniter->handleRequest(null, Object(Config\Cache), false)
 9 FCPATH\index.php(79): CodeIgniter\CodeIgniter->run()
10 SYSTEMPATH\Commands\Server\rewrite.php(47): require_once('C:\\laragon\\www\\Backup\\public\\index.php')
CRITICAL - 2024-09-26 20:06:04 --> ErrorException: Undefined array key "id"
in APPPATH\Views\admin\car_management.php on line 178.
 1 APPPATH\Views\admin\car_management.php(178): CodeIgniter\Debug\Exceptions->errorHandler(2, 'Undefined array key "id"', 'C:\\laragon\\www\\Backup\\app\\Views\\admin\\car_management.php', 178)
 2 SYSTEMPATH\View\View.php(228): include('C:\\laragon\\www\\Backup\\app\\Views\\admin\\car_management.php')
 3 SYSTEMPATH\View\View.php(231): CodeIgniter\View\View->CodeIgniter\View\{closure}()
 4 SYSTEMPATH\Common.php(1178): CodeIgniter\View\View->render('admin/car_management', [], true)
 5 APPPATH\Controllers\Admin.php(42): view('admin/car_management', [...])
 6 SYSTEMPATH\CodeIgniter.php(943): App\Controllers\Admin->carinfo()
 7 SYSTEMPATH\CodeIgniter.php(503): CodeIgniter\CodeIgniter->runController(Object(App\Controllers\Admin))
 8 SYSTEMPATH\CodeIgniter.php(361): CodeIgniter\CodeIgniter->handleRequest(null, Object(Config\Cache), false)
 9 FCPATH\index.php(79): CodeIgniter\CodeIgniter->run()
10 SYSTEMPATH\Commands\Server\rewrite.php(47): require_once('C:\\laragon\\www\\Backup\\public\\index.php')
CRITICAL - 2024-09-26 20:07:54 --> ErrorException: Undefined array key "id"
in APPPATH\Views\admin\car_management.php on line 178.
 1 APPPATH\Views\admin\car_management.php(178): CodeIgniter\Debug\Exceptions->errorHandler(2, 'Undefined array key "id"', 'C:\\laragon\\www\\Backup\\app\\Views\\admin\\car_management.php', 178)
 2 SYSTEMPATH\View\View.php(228): include('C:\\laragon\\www\\Backup\\app\\Views\\admin\\car_management.php')
 3 SYSTEMPATH\View\View.php(231): CodeIgniter\View\View->CodeIgniter\View\{closure}()
 4 SYSTEMPATH\Common.php(1178): CodeIgniter\View\View->render('admin/car_management', [], true)
 5 APPPATH\Controllers\Admin.php(115): view('admin/car_management', [...])
 6 SYSTEMPATH\CodeIgniter.php(943): App\Controllers\Admin->usercar()
 7 SYSTEMPATH\CodeIgniter.php(503): CodeIgniter\CodeIgniter->runController(Object(App\Controllers\Admin))
 8 SYSTEMPATH\CodeIgniter.php(361): CodeIgniter\CodeIgniter->handleRequest(null, Object(Config\Cache), false)
 9 FCPATH\index.php(79): CodeIgniter\CodeIgniter->run()
10 SYSTEMPATH\Commands\Server\rewrite.php(47): require_once('C:\\laragon\\www\\Backup\\public\\index.php')
CRITICAL - 2024-09-26 20:07:58 --> ErrorException: Undefined array key "id"
in APPPATH\Views\admin\car_management.php on line 178.
 1 APPPATH\Views\admin\car_management.php(178): CodeIgniter\Debug\Exceptions->errorHandler(2, 'Undefined array key "id"', 'C:\\laragon\\www\\Backup\\app\\Views\\admin\\car_management.php', 178)
 2 SYSTEMPATH\View\View.php(228): include('C:\\laragon\\www\\Backup\\app\\Views\\admin\\car_management.php')
 3 SYSTEMPATH\View\View.php(231): CodeIgniter\View\View->CodeIgniter\View\{closure}()
 4 SYSTEMPATH\Common.php(1178): CodeIgniter\View\View->render('admin/car_management', [], true)
 5 APPPATH\Controllers\Admin.php(115): view('admin/car_management', [...])
 6 SYSTEMPATH\CodeIgniter.php(943): App\Controllers\Admin->usercar()
 7 SYSTEMPATH\CodeIgniter.php(503): CodeIgniter\CodeIgniter->runController(Object(App\Controllers\Admin))
 8 SYSTEMPATH\CodeIgniter.php(361): CodeIgniter\CodeIgniter->handleRequest(null, Object(Config\Cache), false)
 9 FCPATH\index.php(79): CodeIgniter\CodeIgniter->run()
10 SYSTEMPATH\Commands\Server\rewrite.php(47): require_once('C:\\laragon\\www\\Backup\\public\\index.php')
CRITICAL - 2024-09-26 20:09:40 --> ErrorException: Undefined array key "id"
in APPPATH\Views\admin\car_management.php on line 178.
 1 APPPATH\Views\admin\car_management.php(178): CodeIgniter\Debug\Exceptions->errorHandler(2, 'Undefined array key "id"', 'C:\\laragon\\www\\Backup\\app\\Views\\admin\\car_management.php', 178)
 2 SYSTEMPATH\View\View.php(228): include('C:\\laragon\\www\\Backup\\app\\Views\\admin\\car_management.php')
 3 SYSTEMPATH\View\View.php(231): CodeIgniter\View\View->CodeIgniter\View\{closure}()
 4 SYSTEMPATH\Common.php(1178): CodeIgniter\View\View->render('admin/car_management', [], true)
 5 APPPATH\Controllers\Admin.php(115): view('admin/car_management', [...])
 6 SYSTEMPATH\CodeIgniter.php(943): App\Controllers\Admin->usercar()
 7 SYSTEMPATH\CodeIgniter.php(503): CodeIgniter\CodeIgniter->runController(Object(App\Controllers\Admin))
 8 SYSTEMPATH\CodeIgniter.php(361): CodeIgniter\CodeIgniter->handleRequest(null, Object(Config\Cache), false)
 9 FCPATH\index.php(79): CodeIgniter\CodeIgniter->run()
10 SYSTEMPATH\Commands\Server\rewrite.php(47): require_once('C:\\laragon\\www\\Backup\\public\\index.php')
CRITICAL - 2024-09-26 20:09:42 --> ErrorException: Undefined array key "id"
in APPPATH\Views\admin\car_management.php on line 178.
 1 APPPATH\Views\admin\car_management.php(178): CodeIgniter\Debug\Exceptions->errorHandler(2, 'Undefined array key "id"', 'C:\\laragon\\www\\Backup\\app\\Views\\admin\\car_management.php', 178)
 2 SYSTEMPATH\View\View.php(228): include('C:\\laragon\\www\\Backup\\app\\Views\\admin\\car_management.php')
 3 SYSTEMPATH\View\View.php(231): CodeIgniter\View\View->CodeIgniter\View\{closure}()
 4 SYSTEMPATH\Common.php(1178): CodeIgniter\View\View->render('admin/car_management', [], true)
 5 APPPATH\Controllers\Admin.php(43): view('admin/car_management', [...])
 6 SYSTEMPATH\CodeIgniter.php(943): App\Controllers\Admin->carinfo()
 7 SYSTEMPATH\CodeIgniter.php(503): CodeIgniter\CodeIgniter->runController(Object(App\Controllers\Admin))
 8 SYSTEMPATH\CodeIgniter.php(361): CodeIgniter\CodeIgniter->handleRequest(null, Object(Config\Cache), false)
 9 FCPATH\index.php(79): CodeIgniter\CodeIgniter->run()
10 SYSTEMPATH\Commands\Server\rewrite.php(47): require_once('C:\\laragon\\www\\Backup\\public\\index.php')
CRITICAL - 2024-09-26 20:13:02 --> ErrorException: Undefined array key "id"
in APPPATH\Views\admin\car_management.php on line 178.
 1 APPPATH\Views\admin\car_management.php(178): CodeIgniter\Debug\Exceptions->errorHandler(2, 'Undefined array key "id"', 'C:\\laragon\\www\\Backup\\app\\Views\\admin\\car_management.php', 178)
 2 SYSTEMPATH\View\View.php(228): include('C:\\laragon\\www\\Backup\\app\\Views\\admin\\car_management.php')
 3 SYSTEMPATH\View\View.php(231): CodeIgniter\View\View->CodeIgniter\View\{closure}()
 4 SYSTEMPATH\Common.php(1178): CodeIgniter\View\View->render('admin/car_management', [], true)
 5 APPPATH\Controllers\Admin.php(115): view('admin/car_management', [...])
 6 SYSTEMPATH\CodeIgniter.php(943): App\Controllers\Admin->usercar()
 7 SYSTEMPATH\CodeIgniter.php(503): CodeIgniter\CodeIgniter->runController(Object(App\Controllers\Admin))
 8 SYSTEMPATH\CodeIgniter.php(361): CodeIgniter\CodeIgniter->handleRequest(null, Object(Config\Cache), false)
 9 FCPATH\index.php(79): CodeIgniter\CodeIgniter->run()
10 SYSTEMPATH\Commands\Server\rewrite.php(47): require_once('C:\\laragon\\www\\Backup\\public\\index.php')
CRITICAL - 2024-09-26 20:13:19 --> ErrorException: Undefined array key "id"
in APPPATH\Views\admin\car_management.php on line 178.
 1 APPPATH\Views\admin\car_management.php(178): CodeIgniter\Debug\Exceptions->errorHandler(2, 'Undefined array key "id"', 'C:\\laragon\\www\\Backup\\app\\Views\\admin\\car_management.php', 178)
 2 SYSTEMPATH\View\View.php(228): include('C:\\laragon\\www\\Backup\\app\\Views\\admin\\car_management.php')
 3 SYSTEMPATH\View\View.php(231): CodeIgniter\View\View->CodeIgniter\View\{closure}()
 4 SYSTEMPATH\Common.php(1178): CodeIgniter\View\View->render('admin/car_management', [], true)
 5 APPPATH\Controllers\Admin.php(115): view('admin/car_management', [...])
 6 SYSTEMPATH\CodeIgniter.php(943): App\Controllers\Admin->usercar()
 7 SYSTEMPATH\CodeIgniter.php(503): CodeIgniter\CodeIgniter->runController(Object(App\Controllers\Admin))
 8 SYSTEMPATH\CodeIgniter.php(361): CodeIgniter\CodeIgniter->handleRequest(null, Object(Config\Cache), false)
 9 FCPATH\index.php(79): CodeIgniter\CodeIgniter->run()
10 SYSTEMPATH\Commands\Server\rewrite.php(47): require_once('C:\\laragon\\www\\Backup\\public\\index.php')
CRITICAL - 2024-09-26 20:13:20 --> ErrorException: Undefined array key "id"
in APPPATH\Views\admin\car_management.php on line 178.
 1 APPPATH\Views\admin\car_management.php(178): CodeIgniter\Debug\Exceptions->errorHandler(2, 'Undefined array key "id"', 'C:\\laragon\\www\\Backup\\app\\Views\\admin\\car_management.php', 178)
 2 SYSTEMPATH\View\View.php(228): include('C:\\laragon\\www\\Backup\\app\\Views\\admin\\car_management.php')
 3 SYSTEMPATH\View\View.php(231): CodeIgniter\View\View->CodeIgniter\View\{closure}()
 4 SYSTEMPATH\Common.php(1178): CodeIgniter\View\View->render('admin/car_management', [], true)
 5 APPPATH\Controllers\Admin.php(115): view('admin/car_management', [...])
 6 SYSTEMPATH\CodeIgniter.php(943): App\Controllers\Admin->usercar()
 7 SYSTEMPATH\CodeIgniter.php(503): CodeIgniter\CodeIgniter->runController(Object(App\Controllers\Admin))
 8 SYSTEMPATH\CodeIgniter.php(361): CodeIgniter\CodeIgniter->handleRequest(null, Object(Config\Cache), false)
 9 FCPATH\index.php(79): CodeIgniter\CodeIgniter->run()
10 SYSTEMPATH\Commands\Server\rewrite.php(47): require_once('C:\\laragon\\www\\Backup\\public\\index.php')
CRITICAL - 2024-09-26 20:14:03 --> ErrorException: Undefined array key "id"
in APPPATH\Views\admin\car_management.php on line 178.
 1 APPPATH\Views\admin\car_management.php(178): CodeIgniter\Debug\Exceptions->errorHandler(2, 'Undefined array key "id"', 'C:\\laragon\\www\\Backup\\app\\Views\\admin\\car_management.php', 178)
 2 SYSTEMPATH\View\View.php(228): include('C:\\laragon\\www\\Backup\\app\\Views\\admin\\car_management.php')
 3 SYSTEMPATH\View\View.php(231): CodeIgniter\View\View->CodeIgniter\View\{closure}()
 4 SYSTEMPATH\Common.php(1178): CodeIgniter\View\View->render('admin/car_management', [], true)
 5 APPPATH\Controllers\Admin.php(115): view('admin/car_management', [...])
 6 SYSTEMPATH\CodeIgniter.php(943): App\Controllers\Admin->usercar()
 7 SYSTEMPATH\CodeIgniter.php(503): CodeIgniter\CodeIgniter->runController(Object(App\Controllers\Admin))
 8 SYSTEMPATH\CodeIgniter.php(361): CodeIgniter\CodeIgniter->handleRequest(null, Object(Config\Cache), false)
 9 FCPATH\index.php(79): CodeIgniter\CodeIgniter->run()
10 SYSTEMPATH\Commands\Server\rewrite.php(47): require_once('C:\\laragon\\www\\Backup\\public\\index.php')
CRITICAL - 2024-09-26 20:15:07 --> ErrorException: Undefined array key "id"
in APPPATH\Views\admin\car_management.php on line 178.
 1 APPPATH\Views\admin\car_management.php(178): CodeIgniter\Debug\Exceptions->errorHandler(2, 'Undefined array key "id"', 'C:\\laragon\\www\\Backup\\app\\Views\\admin\\car_management.php', 178)
 2 SYSTEMPATH\View\View.php(228): include('C:\\laragon\\www\\Backup\\app\\Views\\admin\\car_management.php')
 3 SYSTEMPATH\View\View.php(231): CodeIgniter\View\View->CodeIgniter\View\{closure}()
 4 SYSTEMPATH\Common.php(1178): CodeIgniter\View\View->render('admin/car_management', [], true)
 5 APPPATH\Controllers\Admin.php(115): view('admin/car_management', [...])
 6 SYSTEMPATH\CodeIgniter.php(943): App\Controllers\Admin->usercar()
 7 SYSTEMPATH\CodeIgniter.php(503): CodeIgniter\CodeIgniter->runController(Object(App\Controllers\Admin))
 8 SYSTEMPATH\CodeIgniter.php(361): CodeIgniter\CodeIgniter->handleRequest(null, Object(Config\Cache), false)
 9 FCPATH\index.php(79): CodeIgniter\CodeIgniter->run()
10 SYSTEMPATH\Commands\Server\rewrite.php(47): require_once('C:\\laragon\\www\\Backup\\public\\index.php')
CRITICAL - 2024-09-26 20:18:31 --> ErrorException: Undefined array key "id"
in APPPATH\Views\admin\car_management.php on line 178.
 1 APPPATH\Views\admin\car_management.php(178): CodeIgniter\Debug\Exceptions->errorHandler(2, 'Undefined array key "id"', 'C:\\laragon\\www\\Backup\\app\\Views\\admin\\car_management.php', 178)
 2 SYSTEMPATH\View\View.php(228): include('C:\\laragon\\www\\Backup\\app\\Views\\admin\\car_management.php')
 3 SYSTEMPATH\View\View.php(231): CodeIgniter\View\View->CodeIgniter\View\{closure}()
 4 SYSTEMPATH\Common.php(1178): CodeIgniter\View\View->render('admin/car_management', [], true)
 5 APPPATH\Controllers\Admin.php(115): view('admin/car_management', [...])
 6 SYSTEMPATH\CodeIgniter.php(943): App\Controllers\Admin->usercar()
 7 SYSTEMPATH\CodeIgniter.php(503): CodeIgniter\CodeIgniter->runController(Object(App\Controllers\Admin))
 8 SYSTEMPATH\CodeIgniter.php(361): CodeIgniter\CodeIgniter->handleRequest(null, Object(Config\Cache), false)
 9 FCPATH\index.php(79): CodeIgniter\CodeIgniter->run()
10 SYSTEMPATH\Commands\Server\rewrite.php(47): require_once('C:\\laragon\\www\\Backup\\public\\index.php')
CRITICAL - 2024-09-26 20:18:35 --> ErrorException: Undefined array key "id"
in APPPATH\Views\admin\car_management.php on line 178.
 1 APPPATH\Views\admin\car_management.php(178): CodeIgniter\Debug\Exceptions->errorHandler(2, 'Undefined array key "id"', 'C:\\laragon\\www\\Backup\\app\\Views\\admin\\car_management.php', 178)
 2 SYSTEMPATH\View\View.php(228): include('C:\\laragon\\www\\Backup\\app\\Views\\admin\\car_management.php')
 3 SYSTEMPATH\View\View.php(231): CodeIgniter\View\View->CodeIgniter\View\{closure}()
 4 SYSTEMPATH\Common.php(1178): CodeIgniter\View\View->render('admin/car_management', [], true)
 5 APPPATH\Controllers\Admin.php(115): view('admin/car_management', [...])
 6 SYSTEMPATH\CodeIgniter.php(943): App\Controllers\Admin->usercar()
 7 SYSTEMPATH\CodeIgniter.php(503): CodeIgniter\CodeIgniter->runController(Object(App\Controllers\Admin))
 8 SYSTEMPATH\CodeIgniter.php(361): CodeIgniter\CodeIgniter->handleRequest(null, Object(Config\Cache), false)
 9 FCPATH\index.php(79): CodeIgniter\CodeIgniter->run()
10 SYSTEMPATH\Commands\Server\rewrite.php(47): require_once('C:\\laragon\\www\\Backup\\public\\index.php')
CRITICAL - 2024-09-26 20:18:57 --> ErrorException: Undefined array key "id"
in APPPATH\Views\admin\car_management.php on line 178.
 1 APPPATH\Views\admin\car_management.php(178): CodeIgniter\Debug\Exceptions->errorHandler(2, 'Undefined array key "id"', 'C:\\laragon\\www\\Backup\\app\\Views\\admin\\car_management.php', 178)
 2 SYSTEMPATH\View\View.php(228): include('C:\\laragon\\www\\Backup\\app\\Views\\admin\\car_management.php')
 3 SYSTEMPATH\View\View.php(231): CodeIgniter\View\View->CodeIgniter\View\{closure}()
 4 SYSTEMPATH\Common.php(1178): CodeIgniter\View\View->render('admin/car_management', [], true)
 5 APPPATH\Controllers\Admin.php(43): view('admin/car_management', [...])
 6 SYSTEMPATH\CodeIgniter.php(943): App\Controllers\Admin->carinfo()
 7 SYSTEMPATH\CodeIgniter.php(503): CodeIgniter\CodeIgniter->runController(Object(App\Controllers\Admin))
 8 SYSTEMPATH\CodeIgniter.php(361): CodeIgniter\CodeIgniter->handleRequest(null, Object(Config\Cache), false)
 9 FCPATH\index.php(79): CodeIgniter\CodeIgniter->run()
10 SYSTEMPATH\Commands\Server\rewrite.php(47): require_once('C:\\laragon\\www\\Backup\\public\\index.php')
CRITICAL - 2024-09-26 20:19:34 --> ErrorException: Undefined array key "id"
in APPPATH\Views\admin\car_management.php on line 178.
 1 APPPATH\Views\admin\car_management.php(178): CodeIgniter\Debug\Exceptions->errorHandler(2, 'Undefined array key "id"', 'C:\\laragon\\www\\Backup\\app\\Views\\admin\\car_management.php', 178)
 2 SYSTEMPATH\View\View.php(228): include('C:\\laragon\\www\\Backup\\app\\Views\\admin\\car_management.php')
 3 SYSTEMPATH\View\View.php(231): CodeIgniter\View\View->CodeIgniter\View\{closure}()
 4 SYSTEMPATH\Common.php(1178): CodeIgniter\View\View->render('admin/car_management', [], true)
 5 APPPATH\Controllers\Admin.php(115): view('admin/car_management', [...])
 6 SYSTEMPATH\CodeIgniter.php(943): App\Controllers\Admin->usercar()
 7 SYSTEMPATH\CodeIgniter.php(503): CodeIgniter\CodeIgniter->runController(Object(App\Controllers\Admin))
 8 SYSTEMPATH\CodeIgniter.php(361): CodeIgniter\CodeIgniter->handleRequest(null, Object(Config\Cache), false)
 9 FCPATH\index.php(79): CodeIgniter\CodeIgniter->run()
10 SYSTEMPATH\Commands\Server\rewrite.php(47): require_once('C:\\laragon\\www\\Backup\\public\\index.php')
