CRITICAL - 2024-10-15 07:12:09 --> ErrorException: Undefined array key "statusColor"
in APPPATH\Views\user\renting_history.php on line 79.
 1 APPPATH\Views\user\renting_history.php(79): CodeIgniter\Debug\Exceptions->errorHandler(2, 'Undefined array key "statusColor"', 'C:\\laragon\\www\\cappppp-main\\app\\Views\\user\\renting_history.php', 79)
 2 SYSTEMPATH\View\View.php(228): include('C:\\laragon\\www\\cappppp-main\\app\\Views\\user\\renting_history.php')
 3 SYSTEMPATH\View\View.php(231): CodeIgniter\View\View->CodeIgniter\View\{closure}()
 4 SYSTEMPATH\Common.php(1178): CodeIgniter\View\View->render('user/renting_history', [], true)
 5 APPPATH\Controllers\Rental.php(182): view('user/renting_history', [...])
 6 SYSTEMPATH\CodeIgniter.php(943): App\Controllers\Rental->show()
 7 SYSTEMPATH\CodeIgniter.php(503): CodeIgniter\CodeIgniter->runController(Object(App\Controllers\Rental))
 8 SYSTEMPATH\CodeIgniter.php(361): CodeIgniter\CodeIgniter->handleRequest(null, Object(Config\Cache), false)
 9 FCPATH\index.php(79): CodeIgniter\CodeIgniter->run()
10 SYSTEMPATH\Commands\Server\rewrite.php(47): require_once('C:\\laragon\\www\\cappppp-main\\public\\index.php')
CRITICAL - 2024-10-15 07:14:49 --> CodeIgniter\HTTP\Exceptions\BadRequestException: The URI you submitted has disallowed characters: "Historyx`"
in SYSTEMPATH\Router\Router.php on line 704.
 1 SYSTEMPATH\Router\Router.php(195): CodeIgniter\Router\Router->checkDisallowedChars('Historyx`')
 2 SYSTEMPATH\CodeIgniter.php(825): CodeIgniter\Router\Router->handle('Historyx`')
 3 SYSTEMPATH\CodeIgniter.php(450): CodeIgniter\CodeIgniter->tryToRouteIt(Object(CodeIgniter\Router\RouteCollection))
 4 SYSTEMPATH\CodeIgniter.php(361): CodeIgniter\CodeIgniter->handleRequest(null, Object(Config\Cache), false)
 5 FCPATH\index.php(79): CodeIgniter\CodeIgniter->run()
 6 SYSTEMPATH\Commands\Server\rewrite.php(47): require_once('C:\\laragon\\www\\cappppp-main\\public\\index.php')
CRITICAL - 2024-10-15 07:15:09 --> CodeIgniter\HTTP\Exceptions\BadRequestException: The URI you submitted has disallowed characters: "Historyx`"
in SYSTEMPATH\Router\Router.php on line 704.
 1 SYSTEMPATH\Router\Router.php(195): CodeIgniter\Router\Router->checkDisallowedChars('Historyx`')
 2 SYSTEMPATH\CodeIgniter.php(825): CodeIgniter\Router\Router->handle('Historyx`')
 3 SYSTEMPATH\CodeIgniter.php(450): CodeIgniter\CodeIgniter->tryToRouteIt(Object(CodeIgniter\Router\RouteCollection))
 4 SYSTEMPATH\CodeIgniter.php(361): CodeIgniter\CodeIgniter->handleRequest(null, Object(Config\Cache), false)
 5 FCPATH\index.php(79): CodeIgniter\CodeIgniter->run()
 6 SYSTEMPATH\Commands\Server\rewrite.php(47): require_once('C:\\laragon\\www\\cappppp-main\\public\\index.php')
CRITICAL - 2024-10-15 07:17:26 --> CodeIgniter\HTTP\Exceptions\BadRequestException: The URI you submitted has disallowed characters: "Historyx`"
in SYSTEMPATH\Router\Router.php on line 704.
 1 SYSTEMPATH\Router\Router.php(195): CodeIgniter\Router\Router->checkDisallowedChars('Historyx`')
 2 SYSTEMPATH\CodeIgniter.php(825): CodeIgniter\Router\Router->handle('Historyx`')
 3 SYSTEMPATH\CodeIgniter.php(450): CodeIgniter\CodeIgniter->tryToRouteIt(Object(CodeIgniter\Router\RouteCollection))
 4 SYSTEMPATH\CodeIgniter.php(361): CodeIgniter\CodeIgniter->handleRequest(null, Object(Config\Cache), false)
 5 FCPATH\index.php(79): CodeIgniter\CodeIgniter->run()
 6 SYSTEMPATH\Commands\Server\rewrite.php(47): require_once('C:\\laragon\\www\\cappppp-main\\public\\index.php')
CRITICAL - 2024-10-15 07:17:58 --> CodeIgniter\HTTP\Exceptions\BadRequestException: The URI you submitted has disallowed characters: "Historyx`"
in SYSTEMPATH\Router\Router.php on line 704.
 1 SYSTEMPATH\Router\Router.php(195): CodeIgniter\Router\Router->checkDisallowedChars('Historyx`')
 2 SYSTEMPATH\CodeIgniter.php(825): CodeIgniter\Router\Router->handle('Historyx`')
 3 SYSTEMPATH\CodeIgniter.php(450): CodeIgniter\CodeIgniter->tryToRouteIt(Object(CodeIgniter\Router\RouteCollection))
 4 SYSTEMPATH\CodeIgniter.php(361): CodeIgniter\CodeIgniter->handleRequest(null, Object(Config\Cache), false)
 5 FCPATH\index.php(79): CodeIgniter\CodeIgniter->run()
 6 SYSTEMPATH\Commands\Server\rewrite.php(47): require_once('C:\\laragon\\www\\cappppp-main\\public\\index.php')
