CRITICAL - 2024-10-12 15:09:08 --> Error: Class "App\Controllers\PurchaseHistoryModel" not found
in APPPATH\Controllers\ProductController.php on line 119.
 1 SYSTEMPATH\CodeIgniter.php(943): App\Controllers\ProductController->History()
 2 SYSTEMPATH\CodeIgniter.php(503): CodeIgniter\CodeIgniter->runController(Object(App\Controllers\ProductController))
 3 SYSTEMPATH\CodeIgniter.php(361): CodeIgniter\CodeIgniter->handleRequest(null, Object(Config\Cache), false)
 4 FCPATH\index.php(79): CodeIgniter\CodeIgniter->run()
 5 SYSTEMPATH\Commands\Server\rewrite.php(47): require_once('C:\\laragon\\www\\cappppp-main\\public\\index.php')
CRITICAL - 2024-10-12 15:45:14 --> ErrorException: Undefined variable $car
in APPPATH\Views\purchase_history.php on line 98.
 1 APPPATH\Views\purchase_history.php(98): CodeIgniter\Debug\Exceptions->errorHandler(2, 'Undefined variable $car', 'C:\\laragon\\www\\cappppp-main\\app\\Views\\purchase_history.php', 98)
 2 SYSTEMPATH\View\View.php(228): include('C:\\laragon\\www\\cappppp-main\\app\\Views\\purchase_history.php')
 3 SYSTEMPATH\View\View.php(231): CodeIgniter\View\View->CodeIgniter\View\{closure}()
 4 SYSTEMPATH\Common.php(1178): CodeIgniter\View\View->render('purchase_history', [], true)
 5 APPPATH\Controllers\ProductController.php(123): view('purchase_history', [...])
 6 SYSTEMPATH\CodeIgniter.php(943): App\Controllers\ProductController->History()
 7 SYSTEMPATH\CodeIgniter.php(503): CodeIgniter\CodeIgniter->runController(Object(App\Controllers\ProductController))
 8 SYSTEMPATH\CodeIgniter.php(361): CodeIgniter\CodeIgniter->handleRequest(null, Object(Config\Cache), false)
 9 FCPATH\index.php(79): CodeIgniter\CodeIgniter->run()
10 SYSTEMPATH\Commands\Server\rewrite.php(47): require_once('C:\\laragon\\www\\cappppp-main\\public\\index.php')
CRITICAL - 2024-10-12 15:46:04 --> ErrorException: Undefined array key "image"
in APPPATH\Views\purchase_history.php on line 92.
 1 APPPATH\Views\purchase_history.php(92): CodeIgniter\Debug\Exceptions->errorHandler(2, 'Undefined array key "image"', 'C:\\laragon\\www\\cappppp-main\\app\\Views\\purchase_history.php', 92)
 2 SYSTEMPATH\View\View.php(228): include('C:\\laragon\\www\\cappppp-main\\app\\Views\\purchase_history.php')
 3 SYSTEMPATH\View\View.php(231): CodeIgniter\View\View->CodeIgniter\View\{closure}()
 4 SYSTEMPATH\Common.php(1178): CodeIgniter\View\View->render('purchase_history', [], true)
 5 APPPATH\Controllers\ProductController.php(123): view('purchase_history', [...])
 6 SYSTEMPATH\CodeIgniter.php(943): App\Controllers\ProductController->History()
 7 SYSTEMPATH\CodeIgniter.php(503): CodeIgniter\CodeIgniter->runController(Object(App\Controllers\ProductController))
 8 SYSTEMPATH\CodeIgniter.php(361): CodeIgniter\CodeIgniter->handleRequest(null, Object(Config\Cache), false)
 9 FCPATH\index.php(79): CodeIgniter\CodeIgniter->run()
10 SYSTEMPATH\Commands\Server\rewrite.php(47): require_once('C:\\laragon\\www\\cappppp-main\\public\\index.php')
CRITICAL - 2024-10-12 15:50:33 --> ErrorException: Undefined array key "image"
in APPPATH\Views\user\cars.php on line 221.
 1 APPPATH\Views\user\cars.php(221): CodeIgniter\Debug\Exceptions->errorHandler(2, 'Undefined array key "image"', 'C:\\laragon\\www\\cappppp-main\\app\\Views\\user\\cars.php', 221)
 2 SYSTEMPATH\View\View.php(228): include('C:\\laragon\\www\\cappppp-main\\app\\Views\\user\\cars.php')
 3 SYSTEMPATH\View\View.php(231): CodeIgniter\View\View->CodeIgniter\View\{closure}()
 4 SYSTEMPATH\Common.php(1178): CodeIgniter\View\View->render('user/cars', [], true)
 5 APPPATH\Controllers\CarController.php(20): view('user/cars', [...])
 6 SYSTEMPATH\CodeIgniter.php(943): App\Controllers\CarController->index()
 7 SYSTEMPATH\CodeIgniter.php(503): CodeIgniter\CodeIgniter->runController(Object(App\Controllers\CarController))
 8 SYSTEMPATH\CodeIgniter.php(361): CodeIgniter\CodeIgniter->handleRequest(null, Object(Config\Cache), false)
 9 FCPATH\index.php(79): CodeIgniter\CodeIgniter->run()
10 SYSTEMPATH\Commands\Server\rewrite.php(47): require_once('C:\\laragon\\www\\cappppp-main\\public\\index.php')
CRITICAL - 2024-10-12 16:01:10 --> ErrorException: Undefined variable $purchases
in APPPATH\Views\admin\payment_management.php on line 84.
 1 APPPATH\Views\admin\payment_management.php(84): CodeIgniter\Debug\Exceptions->errorHandler(2, 'Undefined variable $purchases', 'C:\\laragon\\www\\cappppp-main\\app\\Views\\admin\\payment_management.php', 84)
 2 SYSTEMPATH\View\View.php(228): include('C:\\laragon\\www\\cappppp-main\\app\\Views\\admin\\payment_management.php')
 3 SYSTEMPATH\View\View.php(231): CodeIgniter\View\View->CodeIgniter\View\{closure}()
 4 SYSTEMPATH\Common.php(1178): CodeIgniter\View\View->render('admin/payment_management', [], true)
 5 APPPATH\Controllers\PaymentController.php(62): view('admin/payment_management', [...])
 6 SYSTEMPATH\CodeIgniter.php(943): App\Controllers\PaymentController->index()
 7 SYSTEMPATH\CodeIgniter.php(503): CodeIgniter\CodeIgniter->runController(Object(App\Controllers\PaymentController))
 8 SYSTEMPATH\CodeIgniter.php(361): CodeIgniter\CodeIgniter->handleRequest(null, Object(Config\Cache), false)
 9 FCPATH\index.php(79): CodeIgniter\CodeIgniter->run()
10 SYSTEMPATH\Commands\Server\rewrite.php(47): require_once('C:\\laragon\\www\\cappppp-main\\public\\index.php')
CRITICAL - 2024-10-12 16:03:35 --> ErrorException: Undefined variable $purchases
in APPPATH\Views\admin\payment_management.php on line 84.
 1 APPPATH\Views\admin\payment_management.php(84): CodeIgniter\Debug\Exceptions->errorHandler(2, 'Undefined variable $purchases', 'C:\\laragon\\www\\cappppp-main\\app\\Views\\admin\\payment_management.php', 84)
 2 SYSTEMPATH\View\View.php(228): include('C:\\laragon\\www\\cappppp-main\\app\\Views\\admin\\payment_management.php')
 3 SYSTEMPATH\View\View.php(231): CodeIgniter\View\View->CodeIgniter\View\{closure}()
 4 SYSTEMPATH\Common.php(1178): CodeIgniter\View\View->render('admin/payment_management', [], true)
 5 APPPATH\Controllers\PaymentController.php(62): view('admin/payment_management', [...])
 6 SYSTEMPATH\CodeIgniter.php(943): App\Controllers\PaymentController->index()
 7 SYSTEMPATH\CodeIgniter.php(503): CodeIgniter\CodeIgniter->runController(Object(App\Controllers\PaymentController))
 8 SYSTEMPATH\CodeIgniter.php(361): CodeIgniter\CodeIgniter->handleRequest(null, Object(Config\Cache), false)
 9 FCPATH\index.php(79): CodeIgniter\CodeIgniter->run()
10 SYSTEMPATH\Commands\Server\rewrite.php(47): require_once('C:\\laragon\\www\\cappppp-main\\public\\index.php')
CRITICAL - 2024-10-12 16:08:00 --> ParseError: syntax error, unexpected token "public", expecting end of file
in APPPATH\Controllers\PaymentController.php on line 66.
 1 SYSTEMPATH\Autoloader\Autoloader.php(290): CodeIgniter\Autoloader\Autoloader->includeFile('C:\\laragon\\www\\cappppp-main\\app\\Controllers\\PaymentController.php')
 2 SYSTEMPATH\Autoloader\Autoloader.php(266): CodeIgniter\Autoloader\Autoloader->loadInNamespace('App\\Controllers\\PaymentController')
 3 [internal function]: CodeIgniter\Autoloader\Autoloader->loadClass('App\\Controllers\\PaymentController')
 4 SYSTEMPATH\CodeIgniter.php(901): class_exists('\\App\\Controllers\\PaymentController', true)
 5 SYSTEMPATH\CodeIgniter.php(490): CodeIgniter\CodeIgniter->startController()
 6 SYSTEMPATH\CodeIgniter.php(361): CodeIgniter\CodeIgniter->handleRequest(null, Object(Config\Cache), false)
 7 FCPATH\index.php(79): CodeIgniter\CodeIgniter->run()
 8 SYSTEMPATH\Commands\Server\rewrite.php(47): require_once('C:\\laragon\\www\\cappppp-main\\public\\index.php')
CRITICAL - 2024-10-12 16:09:21 --> Error: Class "App\Controllers\PurchaseHistoryModel" not found
in APPPATH\Controllers\PaymentController.php on line 60.
 1 SYSTEMPATH\CodeIgniter.php(943): App\Controllers\PaymentController->index()
 2 SYSTEMPATH\CodeIgniter.php(503): CodeIgniter\CodeIgniter->runController(Object(App\Controllers\PaymentController))
 3 SYSTEMPATH\CodeIgniter.php(361): CodeIgniter\CodeIgniter->handleRequest(null, Object(Config\Cache), false)
 4 FCPATH\index.php(79): CodeIgniter\CodeIgniter->run()
 5 SYSTEMPATH\Commands\Server\rewrite.php(47): require_once('C:\\laragon\\www\\cappppp-main\\public\\index.php')
CRITICAL - 2024-10-12 16:12:23 --> CodeIgniter\View\Exceptions\ViewException: Invalid file: "layouts/footer.php"
in SYSTEMPATH\Exceptions\FrameworkException.php on line 39.
 1 SYSTEMPATH\View\View.php(216): CodeIgniter\Exceptions\FrameworkException::forInvalidFile('layouts/footer.php')
 2 SYSTEMPATH\View\View.php(469): CodeIgniter\View\View->render('layouts/footer', null, true)
 3 APPPATH\Views\admin\payment_management.php(94): CodeIgniter\View\View->include('layouts/footer')
 4 SYSTEMPATH\View\View.php(228): include('C:\\laragon\\www\\cappppp-main\\app\\Views\\admin\\payment_management.php')
 5 SYSTEMPATH\View\View.php(231): CodeIgniter\View\View->CodeIgniter\View\{closure}()
 6 SYSTEMPATH\Common.php(1178): CodeIgniter\View\View->render('admin/payment_management', [], true)
 7 APPPATH\Controllers\PaymentController.php(64): view('admin/payment_management', [...])
 8 SYSTEMPATH\CodeIgniter.php(943): App\Controllers\PaymentController->index()
 9 SYSTEMPATH\CodeIgniter.php(503): CodeIgniter\CodeIgniter->runController(Object(App\Controllers\PaymentController))
10 SYSTEMPATH\CodeIgniter.php(361): CodeIgniter\CodeIgniter->handleRequest(null, Object(Config\Cache), false)
11 FCPATH\index.php(79): CodeIgniter\CodeIgniter->run()
12 SYSTEMPATH\Commands\Server\rewrite.php(47): require_once('C:\\laragon\\www\\cappppp-main\\public\\index.php')
CRITICAL - 2024-10-12 16:35:48 --> CodeIgniter\Database\Exceptions\DataException: There is no data to update.
in SYSTEMPATH\BaseModel.php on line 970.
 1 SYSTEMPATH\BaseModel.php(970): CodeIgniter\Database\Exceptions\DataException::forEmptyDataset('update')
 2 SYSTEMPATH\Model.php(812): CodeIgniter\BaseModel->update(null, [])
 3 APPPATH\Controllers\ProductController.php(119): CodeIgniter\Model->update()
 4 SYSTEMPATH\CodeIgniter.php(943): App\Controllers\ProductController->submitPayment()
 5 SYSTEMPATH\CodeIgniter.php(503): CodeIgniter\CodeIgniter->runController(Object(App\Controllers\ProductController))
 6 SYSTEMPATH\CodeIgniter.php(361): CodeIgniter\CodeIgniter->handleRequest(null, Object(Config\Cache), false)
 7 FCPATH\index.php(79): CodeIgniter\CodeIgniter->run()
 8 SYSTEMPATH\Commands\Server\rewrite.php(47): require_once('C:\\laragon\\www\\cappppp-main\\public\\index.php')
CRITICAL - 2024-10-12 16:42:20 --> ErrorException: Undefined array key "total_price"
in APPPATH\Views\admin\payment_management.php on line 92.
 1 APPPATH\Views\admin\payment_management.php(92): CodeIgniter\Debug\Exceptions->errorHandler(2, 'Undefined array key "total_price"', 'C:\\laragon\\www\\cappppp-main\\app\\Views\\admin\\payment_management.php', 92)
 2 SYSTEMPATH\View\View.php(228): include('C:\\laragon\\www\\cappppp-main\\app\\Views\\admin\\payment_management.php')
 3 SYSTEMPATH\View\View.php(231): CodeIgniter\View\View->CodeIgniter\View\{closure}()
 4 SYSTEMPATH\Common.php(1178): CodeIgniter\View\View->render('admin/payment_management', [], true)
 5 APPPATH\Controllers\PaymentController.php(64): view('admin/payment_management', [...])
 6 SYSTEMPATH\CodeIgniter.php(943): App\Controllers\PaymentController->index()
 7 SYSTEMPATH\CodeIgniter.php(503): CodeIgniter\CodeIgniter->runController(Object(App\Controllers\PaymentController))
 8 SYSTEMPATH\CodeIgniter.php(361): CodeIgniter\CodeIgniter->handleRequest(null, Object(Config\Cache), false)
 9 FCPATH\index.php(79): CodeIgniter\CodeIgniter->run()
10 SYSTEMPATH\Commands\Server\rewrite.php(47): require_once('C:\\laragon\\www\\cappppp-main\\public\\index.php')
CRITICAL - 2024-10-12 16:48:49 --> ErrorException: Undefined array key "total_price"
in APPPATH\Views\admin\payment_management.php on line 107.
 1 APPPATH\Views\admin\payment_management.php(107): CodeIgniter\Debug\Exceptions->errorHandler(2, 'Undefined array key "total_price"', 'C:\\laragon\\www\\cappppp-main\\app\\Views\\admin\\payment_management.php', 107)
 2 SYSTEMPATH\View\View.php(228): include('C:\\laragon\\www\\cappppp-main\\app\\Views\\admin\\payment_management.php')
 3 SYSTEMPATH\View\View.php(231): CodeIgniter\View\View->CodeIgniter\View\{closure}()
 4 SYSTEMPATH\Common.php(1178): CodeIgniter\View\View->render('admin/payment_management', [], true)
 5 APPPATH\Controllers\PaymentController.php(64): view('admin/payment_management', [...])
 6 SYSTEMPATH\CodeIgniter.php(943): App\Controllers\PaymentController->index()
 7 SYSTEMPATH\CodeIgniter.php(503): CodeIgniter\CodeIgniter->runController(Object(App\Controllers\PaymentController))
 8 SYSTEMPATH\CodeIgniter.php(361): CodeIgniter\CodeIgniter->handleRequest(null, Object(Config\Cache), false)
 9 FCPATH\index.php(79): CodeIgniter\CodeIgniter->run()
10 SYSTEMPATH\Commands\Server\rewrite.php(47): require_once('C:\\laragon\\www\\cappppp-main\\public\\index.php')
CRITICAL - 2024-10-12 16:59:34 --> ErrorException: Undefined array key "status"
in APPPATH\Views\admin\payment_management.php on line 110.
 1 APPPATH\Views\admin\payment_management.php(110): CodeIgniter\Debug\Exceptions->errorHandler(2, 'Undefined array key "status"', 'C:\\laragon\\www\\cappppp-main\\app\\Views\\admin\\payment_management.php', 110)
 2 SYSTEMPATH\View\View.php(228): include('C:\\laragon\\www\\cappppp-main\\app\\Views\\admin\\payment_management.php')
 3 SYSTEMPATH\View\View.php(231): CodeIgniter\View\View->CodeIgniter\View\{closure}()
 4 SYSTEMPATH\Common.php(1178): CodeIgniter\View\View->render('admin/payment_management', [], true)
 5 APPPATH\Controllers\PaymentController.php(64): view('admin/payment_management', [...])
 6 SYSTEMPATH\CodeIgniter.php(943): App\Controllers\PaymentController->index()
 7 SYSTEMPATH\CodeIgniter.php(503): CodeIgniter\CodeIgniter->runController(Object(App\Controllers\PaymentController))
 8 SYSTEMPATH\CodeIgniter.php(361): CodeIgniter\CodeIgniter->handleRequest(null, Object(Config\Cache), false)
 9 FCPATH\index.php(79): CodeIgniter\CodeIgniter->run()
10 SYSTEMPATH\Commands\Server\rewrite.php(47): require_once('C:\\laragon\\www\\cappppp-main\\public\\index.php')
CRITICAL - 2024-10-12 17:00:20 --> ErrorException: Undefined array key "status"
in APPPATH\Views\admin\payment_management.php on line 110.
 1 APPPATH\Views\admin\payment_management.php(110): CodeIgniter\Debug\Exceptions->errorHandler(2, 'Undefined array key "status"', 'C:\\laragon\\www\\cappppp-main\\app\\Views\\admin\\payment_management.php', 110)
 2 SYSTEMPATH\View\View.php(228): include('C:\\laragon\\www\\cappppp-main\\app\\Views\\admin\\payment_management.php')
 3 SYSTEMPATH\View\View.php(231): CodeIgniter\View\View->CodeIgniter\View\{closure}()
 4 SYSTEMPATH\Common.php(1178): CodeIgniter\View\View->render('admin/payment_management', [], true)
 5 APPPATH\Controllers\PaymentController.php(64): view('admin/payment_management', [...])
 6 SYSTEMPATH\CodeIgniter.php(943): App\Controllers\PaymentController->index()
 7 SYSTEMPATH\CodeIgniter.php(503): CodeIgniter\CodeIgniter->runController(Object(App\Controllers\PaymentController))
 8 SYSTEMPATH\CodeIgniter.php(361): CodeIgniter\CodeIgniter->handleRequest(null, Object(Config\Cache), false)
 9 FCPATH\index.php(79): CodeIgniter\CodeIgniter->run()
10 SYSTEMPATH\Commands\Server\rewrite.php(47): require_once('C:\\laragon\\www\\cappppp-main\\public\\index.php')
CRITICAL - 2024-10-12 17:19:00 --> ErrorException: Attempt to read property "image" on array
in APPPATH\Views\user\car_list.php on line 305.
 1 APPPATH\Views\user\car_list.php(305): CodeIgniter\Debug\Exceptions->errorHandler(2, 'Attempt to read property "image" on array', 'C:\\laragon\\www\\cappppp-main\\app\\Views\\user\\car_list.php', 305)
 2 SYSTEMPATH\View\View.php(228): include('C:\\laragon\\www\\cappppp-main\\app\\Views\\user\\car_list.php')
 3 SYSTEMPATH\View\View.php(231): CodeIgniter\View\View->CodeIgniter\View\{closure}()
 4 SYSTEMPATH\Common.php(1178): CodeIgniter\View\View->render('user/car_list', [], true)
 5 APPPATH\Controllers\ProductController.php(22): view('user/car_list', [...])
 6 SYSTEMPATH\CodeIgniter.php(943): App\Controllers\ProductController->indexs()
 7 SYSTEMPATH\CodeIgniter.php(503): CodeIgniter\CodeIgniter->runController(Object(App\Controllers\ProductController))
 8 SYSTEMPATH\CodeIgniter.php(361): CodeIgniter\CodeIgniter->handleRequest(null, Object(Config\Cache), false)
 9 FCPATH\index.php(79): CodeIgniter\CodeIgniter->run()
10 SYSTEMPATH\Commands\Server\rewrite.php(47): require_once('C:\\laragon\\www\\cappppp-main\\public\\index.php')
CRITICAL - 2024-10-12 17:27:43 --> ErrorException: Undefined array key "name"
in APPPATH\Views\user\car_list.php on line 315.
 1 APPPATH\Views\user\car_list.php(315): CodeIgniter\Debug\Exceptions->errorHandler(2, 'Undefined array key "name"', 'C:\\laragon\\www\\cappppp-main\\app\\Views\\user\\car_list.php', 315)
 2 SYSTEMPATH\View\View.php(228): include('C:\\laragon\\www\\cappppp-main\\app\\Views\\user\\car_list.php')
 3 SYSTEMPATH\View\View.php(231): CodeIgniter\View\View->CodeIgniter\View\{closure}()
 4 SYSTEMPATH\Common.php(1178): CodeIgniter\View\View->render('user/car_list', [], true)
 5 APPPATH\Controllers\ProductController.php(22): view('user/car_list', [...])
 6 SYSTEMPATH\CodeIgniter.php(943): App\Controllers\ProductController->indexs()
 7 SYSTEMPATH\CodeIgniter.php(503): CodeIgniter\CodeIgniter->runController(Object(App\Controllers\ProductController))
 8 SYSTEMPATH\CodeIgniter.php(361): CodeIgniter\CodeIgniter->handleRequest(null, Object(Config\Cache), false)
 9 FCPATH\index.php(79): CodeIgniter\CodeIgniter->run()
10 SYSTEMPATH\Commands\Server\rewrite.php(47): require_once('C:\\laragon\\www\\cappppp-main\\public\\index.php')
