ERROR - 2024-10-28 16:06:16 --> mysqli_sql_exception: Unknown column 'CarID' in 'field list' in C:\laragon\www\Final_Capstone\system\Database\MySQLi\Connection.php:306
Stack trace:
#0 C:\laragon\www\Final_Capstone\system\Database\MySQLi\Connection.php(306): mysqli->query('INSERT INTO `re...', 0)
#1 C:\laragon\www\Final_Capstone\system\Database\BaseConnection.php(693): CodeIgniter\Database\MySQLi\Connection->execute('INSERT INTO `re...')
#2 C:\laragon\www\Final_Capstone\system\Database\BaseConnection.php(607): CodeIgniter\Database\BaseConnection->simpleQuery('INSERT INTO `re...')
#3 C:\laragon\www\Final_Capstone\system\Database\BaseBuilder.php(2307): CodeIgniter\Database\BaseConnection->query('INSERT INTO `re...', Array, false)
#4 C:\laragon\www\Final_Capstone\system\Model.php(327): CodeIgniter\Database\BaseBuilder->insert()
#5 C:\laragon\www\Final_Capstone\system\BaseModel.php(802): CodeIgniter\Model->doInsert(Array)
#6 C:\laragon\www\Final_Capstone\system\Model.php(749): CodeIgniter\BaseModel->insert(Array, true)
#7 C:\laragon\www\Final_Capstone\app\Controllers\Rental.php(163): CodeIgniter\Model->insert(Array)
#8 C:\laragon\www\Final_Capstone\system\CodeIgniter.php(943): App\Controllers\Rental->submit()
#9 C:\laragon\www\Final_Capstone\system\CodeIgniter.php(503): CodeIgniter\CodeIgniter->runController(Object(App\Controllers\Rental))
#10 C:\laragon\www\Final_Capstone\system\CodeIgniter.php(361): CodeIgniter\CodeIgniter->handleRequest(NULL, Object(Config\Cache), false)
#11 C:\laragon\www\Final_Capstone\public\index.php(79): CodeIgniter\CodeIgniter->run()
#12 C:\laragon\www\Final_Capstone\system\Commands\Server\rewrite.php(47): require_once('C:\\laragon\\www\\...')
#13 {main}
CRITICAL - 2024-10-28 16:06:16 --> CodeIgniter\Database\Exceptions\DatabaseException: Unknown column 'CarID' in 'field list'
in SYSTEMPATH\Database\BaseConnection.php on line 647.
 1 SYSTEMPATH\Database\BaseBuilder.php(2307): CodeIgniter\Database\BaseConnection->query('INSERT INTO `rental` (`UserID`, `CarID`, `FirstLocation`, `SecondLocation`, `Name`, `Phone`, `StartDate`, `EndDate`, `StartTime`, `EndTime`, `price`, `Status`, `created_at`, `updated_at`) VALUES (:UserID:, :CarID:, :FirstLocation:, :SecondLocation:, :Name:, :Phone:, :StartDate:, :EndDate:, :StartTime:, :EndTime:, :price:, :Status:, :created_at:, :updated_at:)', [...], false)
 2 SYSTEMPATH\Model.php(327): CodeIgniter\Database\BaseBuilder->insert()
 3 SYSTEMPATH\BaseModel.php(802): CodeIgniter\Model->doInsert([...])
 4 SYSTEMPATH\Model.php(749): CodeIgniter\BaseModel->insert([...], true)
 5 APPPATH\Controllers\Rental.php(163): CodeIgniter\Model->insert([...])
 6 SYSTEMPATH\CodeIgniter.php(943): App\Controllers\Rental->submit()
 7 SYSTEMPATH\CodeIgniter.php(503): CodeIgniter\CodeIgniter->runController(Object(App\Controllers\Rental))
 8 SYSTEMPATH\CodeIgniter.php(361): CodeIgniter\CodeIgniter->handleRequest(null, Object(Config\Cache), false)
 9 FCPATH\index.php(79): CodeIgniter\CodeIgniter->run()
10 SYSTEMPATH\Commands\Server\rewrite.php(47): require_once('C:\\laragon\\www\\Final_Capstone\\public\\index.php')
CRITICAL - 2024-10-28 16:06:16 --> [Caused by] CodeIgniter\Database\Exceptions\DatabaseException: Unknown column 'CarID' in 'field list'
in SYSTEMPATH\Database\MySQLi\Connection.php on line 311.
 1 SYSTEMPATH\Database\BaseConnection.php(693): CodeIgniter\Database\MySQLi\Connection->execute('INSERT INTO `rental` (`UserID`, `CarID`, `FirstLocation`, `SecondLocation`, `Name`, `Phone`, `StartDate`, `EndDate`, `StartTime`, `EndTime`, `price`, `Status`, `created_at`, `updated_at`) VALUES (\'5\', 1, \'Nacoco Highway, Calapan City, Oriental Mindoro, National High School\', \'Durian Street, Calapan, Oriental Mindoro, Philippines\', \'jovan\', \'09166234834\', \'2024-11-01\', \'2024-11-01\', \'12:00\', \'22:00\', \'226.34\', \'pending\', \'2024-10-28 16:06:15\', \'2024-10-28 16:06:15\')')
 2 SYSTEMPATH\Database\BaseConnection.php(607): CodeIgniter\Database\BaseConnection->simpleQuery('INSERT INTO `rental` (`UserID`, `CarID`, `FirstLocation`, `SecondLocation`, `Name`, `Phone`, `StartDate`, `EndDate`, `StartTime`, `EndTime`, `price`, `Status`, `created_at`, `updated_at`) VALUES (\'5\', 1, \'Nacoco Highway, Calapan City, Oriental Mindoro, National High School\', \'Durian Street, Calapan, Oriental Mindoro, Philippines\', \'jovan\', \'09166234834\', \'2024-11-01\', \'2024-11-01\', \'12:00\', \'22:00\', \'226.34\', \'pending\', \'2024-10-28 16:06:15\', \'2024-10-28 16:06:15\')')
 3 SYSTEMPATH\Database\BaseBuilder.php(2307): CodeIgniter\Database\BaseConnection->query('INSERT INTO `rental` (`UserID`, `CarID`, `FirstLocation`, `SecondLocation`, `Name`, `Phone`, `StartDate`, `EndDate`, `StartTime`, `EndTime`, `price`, `Status`, `created_at`, `updated_at`) VALUES (:UserID:, :CarID:, :FirstLocation:, :SecondLocation:, :Name:, :Phone:, :StartDate:, :EndDate:, :StartTime:, :EndTime:, :price:, :Status:, :created_at:, :updated_at:)', [...], false)
 4 SYSTEMPATH\Model.php(327): CodeIgniter\Database\BaseBuilder->insert()
 5 SYSTEMPATH\BaseModel.php(802): CodeIgniter\Model->doInsert([...])
 6 SYSTEMPATH\Model.php(749): CodeIgniter\BaseModel->insert([...], true)
 7 APPPATH\Controllers\Rental.php(163): CodeIgniter\Model->insert([...])
 8 SYSTEMPATH\CodeIgniter.php(943): App\Controllers\Rental->submit()
 9 SYSTEMPATH\CodeIgniter.php(503): CodeIgniter\CodeIgniter->runController(Object(App\Controllers\Rental))
10 SYSTEMPATH\CodeIgniter.php(361): CodeIgniter\CodeIgniter->handleRequest(null, Object(Config\Cache), false)
11 FCPATH\index.php(79): CodeIgniter\CodeIgniter->run()
12 SYSTEMPATH\Commands\Server\rewrite.php(47): require_once('C:\\laragon\\www\\Final_Capstone\\public\\index.php')
CRITICAL - 2024-10-28 16:06:16 --> [Caused by] mysqli_sql_exception: Unknown column 'CarID' in 'field list'
in SYSTEMPATH\Database\MySQLi\Connection.php on line 306.
 1 SYSTEMPATH\Database\MySQLi\Connection.php(306): mysqli->query('INSERT INTO `rental` (`UserID`, `CarID`, `FirstLocation`, `SecondLocation`, `Name`, `Phone`, `StartDate`, `EndDate`, `StartTime`, `EndTime`, `price`, `Status`, `created_at`, `updated_at`) VALUES (\'5\', 1, \'Nacoco Highway, Calapan City, Oriental Mindoro, National High School\', \'Durian Street, Calapan, Oriental Mindoro, Philippines\', \'jovan\', \'09166234834\', \'2024-11-01\', \'2024-11-01\', \'12:00\', \'22:00\', \'226.34\', \'pending\', \'2024-10-28 16:06:15\', \'2024-10-28 16:06:15\')', 0)
 2 SYSTEMPATH\Database\BaseConnection.php(693): CodeIgniter\Database\MySQLi\Connection->execute('INSERT INTO `rental` (`UserID`, `CarID`, `FirstLocation`, `SecondLocation`, `Name`, `Phone`, `StartDate`, `EndDate`, `StartTime`, `EndTime`, `price`, `Status`, `created_at`, `updated_at`) VALUES (\'5\', 1, \'Nacoco Highway, Calapan City, Oriental Mindoro, National High School\', \'Durian Street, Calapan, Oriental Mindoro, Philippines\', \'jovan\', \'09166234834\', \'2024-11-01\', \'2024-11-01\', \'12:00\', \'22:00\', \'226.34\', \'pending\', \'2024-10-28 16:06:15\', \'2024-10-28 16:06:15\')')
 3 SYSTEMPATH\Database\BaseConnection.php(607): CodeIgniter\Database\BaseConnection->simpleQuery('INSERT INTO `rental` (`UserID`, `CarID`, `FirstLocation`, `SecondLocation`, `Name`, `Phone`, `StartDate`, `EndDate`, `StartTime`, `EndTime`, `price`, `Status`, `created_at`, `updated_at`) VALUES (\'5\', 1, \'Nacoco Highway, Calapan City, Oriental Mindoro, National High School\', \'Durian Street, Calapan, Oriental Mindoro, Philippines\', \'jovan\', \'09166234834\', \'2024-11-01\', \'2024-11-01\', \'12:00\', \'22:00\', \'226.34\', \'pending\', \'2024-10-28 16:06:15\', \'2024-10-28 16:06:15\')')
 4 SYSTEMPATH\Database\BaseBuilder.php(2307): CodeIgniter\Database\BaseConnection->query('INSERT INTO `rental` (`UserID`, `CarID`, `FirstLocation`, `SecondLocation`, `Name`, `Phone`, `StartDate`, `EndDate`, `StartTime`, `EndTime`, `price`, `Status`, `created_at`, `updated_at`) VALUES (:UserID:, :CarID:, :FirstLocation:, :SecondLocation:, :Name:, :Phone:, :StartDate:, :EndDate:, :StartTime:, :EndTime:, :price:, :Status:, :created_at:, :updated_at:)', [...], false)
 5 SYSTEMPATH\Model.php(327): CodeIgniter\Database\BaseBuilder->insert()
 6 SYSTEMPATH\BaseModel.php(802): CodeIgniter\Model->doInsert([...])
 7 SYSTEMPATH\Model.php(749): CodeIgniter\BaseModel->insert([...], true)
 8 APPPATH\Controllers\Rental.php(163): CodeIgniter\Model->insert([...])
 9 SYSTEMPATH\CodeIgniter.php(943): App\Controllers\Rental->submit()
10 SYSTEMPATH\CodeIgniter.php(503): CodeIgniter\CodeIgniter->runController(Object(App\Controllers\Rental))
11 SYSTEMPATH\CodeIgniter.php(361): CodeIgniter\CodeIgniter->handleRequest(null, Object(Config\Cache), false)
12 FCPATH\index.php(79): CodeIgniter\CodeIgniter->run()
13 SYSTEMPATH\Commands\Server\rewrite.php(47): require_once('C:\\laragon\\www\\Final_Capstone\\public\\index.php')
ERROR - 2024-10-28 16:06:16 --> mysqli_sql_exception: Unknown column 'CarID' in 'field list' in C:\laragon\www\Final_Capstone\system\Database\MySQLi\Connection.php:306
Stack trace:
#0 C:\laragon\www\Final_Capstone\system\Database\MySQLi\Connection.php(306): mysqli->query('INSERT INTO `re...', 0)
#1 C:\laragon\www\Final_Capstone\system\Database\BaseConnection.php(693): CodeIgniter\Database\MySQLi\Connection->execute('INSERT INTO `re...')
#2 C:\laragon\www\Final_Capstone\system\Database\BaseConnection.php(607): CodeIgniter\Database\BaseConnection->simpleQuery('INSERT INTO `re...')
#3 C:\laragon\www\Final_Capstone\system\Database\BaseBuilder.php(2307): CodeIgniter\Database\BaseConnection->query('INSERT INTO `re...', Array, false)
#4 C:\laragon\www\Final_Capstone\system\Model.php(327): CodeIgniter\Database\BaseBuilder->insert()
#5 C:\laragon\www\Final_Capstone\system\BaseModel.php(802): CodeIgniter\Model->doInsert(Array)
#6 C:\laragon\www\Final_Capstone\system\Model.php(749): CodeIgniter\BaseModel->insert(Array, true)
#7 C:\laragon\www\Final_Capstone\app\Controllers\Rental.php(163): CodeIgniter\Model->insert(Array)
#8 C:\laragon\www\Final_Capstone\system\CodeIgniter.php(943): App\Controllers\Rental->submit()
#9 C:\laragon\www\Final_Capstone\system\CodeIgniter.php(503): CodeIgniter\CodeIgniter->runController(Object(App\Controllers\Rental))
#10 C:\laragon\www\Final_Capstone\system\CodeIgniter.php(361): CodeIgniter\CodeIgniter->handleRequest(NULL, Object(Config\Cache), false)
#11 C:\laragon\www\Final_Capstone\public\index.php(79): CodeIgniter\CodeIgniter->run()
#12 C:\laragon\www\Final_Capstone\system\Commands\Server\rewrite.php(47): require_once('C:\\laragon\\www\\...')
#13 {main}
CRITICAL - 2024-10-28 16:06:16 --> CodeIgniter\Database\Exceptions\DatabaseException: Unknown column 'CarID' in 'field list'
in SYSTEMPATH\Database\BaseConnection.php on line 647.
 1 SYSTEMPATH\Database\BaseBuilder.php(2307): CodeIgniter\Database\BaseConnection->query('INSERT INTO `rental` (`UserID`, `CarID`, `FirstLocation`, `SecondLocation`, `Name`, `Phone`, `StartDate`, `EndDate`, `StartTime`, `EndTime`, `price`, `Status`, `created_at`, `updated_at`) VALUES (:UserID:, :CarID:, :FirstLocation:, :SecondLocation:, :Name:, :Phone:, :StartDate:, :EndDate:, :StartTime:, :EndTime:, :price:, :Status:, :created_at:, :updated_at:)', [...], false)
 2 SYSTEMPATH\Model.php(327): CodeIgniter\Database\BaseBuilder->insert()
 3 SYSTEMPATH\BaseModel.php(802): CodeIgniter\Model->doInsert([...])
 4 SYSTEMPATH\Model.php(749): CodeIgniter\BaseModel->insert([...], true)
 5 APPPATH\Controllers\Rental.php(163): CodeIgniter\Model->insert([...])
 6 SYSTEMPATH\CodeIgniter.php(943): App\Controllers\Rental->submit()
 7 SYSTEMPATH\CodeIgniter.php(503): CodeIgniter\CodeIgniter->runController(Object(App\Controllers\Rental))
 8 SYSTEMPATH\CodeIgniter.php(361): CodeIgniter\CodeIgniter->handleRequest(null, Object(Config\Cache), false)
 9 FCPATH\index.php(79): CodeIgniter\CodeIgniter->run()
10 SYSTEMPATH\Commands\Server\rewrite.php(47): require_once('C:\\laragon\\www\\Final_Capstone\\public\\index.php')
CRITICAL - 2024-10-28 16:06:16 --> [Caused by] CodeIgniter\Database\Exceptions\DatabaseException: Unknown column 'CarID' in 'field list'
in SYSTEMPATH\Database\MySQLi\Connection.php on line 311.
 1 SYSTEMPATH\Database\BaseConnection.php(693): CodeIgniter\Database\MySQLi\Connection->execute('INSERT INTO `rental` (`UserID`, `CarID`, `FirstLocation`, `SecondLocation`, `Name`, `Phone`, `StartDate`, `EndDate`, `StartTime`, `EndTime`, `price`, `Status`, `created_at`, `updated_at`) VALUES (\'5\', 1, \'Nacoco Highway, Calapan City, Oriental Mindoro, National High School\', \'Durian Street, Calapan, Oriental Mindoro, Philippines\', \'jovan\', \'09166234834\', \'2024-11-01\', \'2024-11-01\', \'12:00\', \'22:00\', \'226.34\', \'pending\', \'2024-10-28 16:06:16\', \'2024-10-28 16:06:16\')')
 2 SYSTEMPATH\Database\BaseConnection.php(607): CodeIgniter\Database\BaseConnection->simpleQuery('INSERT INTO `rental` (`UserID`, `CarID`, `FirstLocation`, `SecondLocation`, `Name`, `Phone`, `StartDate`, `EndDate`, `StartTime`, `EndTime`, `price`, `Status`, `created_at`, `updated_at`) VALUES (\'5\', 1, \'Nacoco Highway, Calapan City, Oriental Mindoro, National High School\', \'Durian Street, Calapan, Oriental Mindoro, Philippines\', \'jovan\', \'09166234834\', \'2024-11-01\', \'2024-11-01\', \'12:00\', \'22:00\', \'226.34\', \'pending\', \'2024-10-28 16:06:16\', \'2024-10-28 16:06:16\')')
 3 SYSTEMPATH\Database\BaseBuilder.php(2307): CodeIgniter\Database\BaseConnection->query('INSERT INTO `rental` (`UserID`, `CarID`, `FirstLocation`, `SecondLocation`, `Name`, `Phone`, `StartDate`, `EndDate`, `StartTime`, `EndTime`, `price`, `Status`, `created_at`, `updated_at`) VALUES (:UserID:, :CarID:, :FirstLocation:, :SecondLocation:, :Name:, :Phone:, :StartDate:, :EndDate:, :StartTime:, :EndTime:, :price:, :Status:, :created_at:, :updated_at:)', [...], false)
 4 SYSTEMPATH\Model.php(327): CodeIgniter\Database\BaseBuilder->insert()
 5 SYSTEMPATH\BaseModel.php(802): CodeIgniter\Model->doInsert([...])
 6 SYSTEMPATH\Model.php(749): CodeIgniter\BaseModel->insert([...], true)
 7 APPPATH\Controllers\Rental.php(163): CodeIgniter\Model->insert([...])
 8 SYSTEMPATH\CodeIgniter.php(943): App\Controllers\Rental->submit()
 9 SYSTEMPATH\CodeIgniter.php(503): CodeIgniter\CodeIgniter->runController(Object(App\Controllers\Rental))
10 SYSTEMPATH\CodeIgniter.php(361): CodeIgniter\CodeIgniter->handleRequest(null, Object(Config\Cache), false)
11 FCPATH\index.php(79): CodeIgniter\CodeIgniter->run()
12 SYSTEMPATH\Commands\Server\rewrite.php(47): require_once('C:\\laragon\\www\\Final_Capstone\\public\\index.php')
CRITICAL - 2024-10-28 16:06:16 --> [Caused by] mysqli_sql_exception: Unknown column 'CarID' in 'field list'
in SYSTEMPATH\Database\MySQLi\Connection.php on line 306.
 1 SYSTEMPATH\Database\MySQLi\Connection.php(306): mysqli->query('INSERT INTO `rental` (`UserID`, `CarID`, `FirstLocation`, `SecondLocation`, `Name`, `Phone`, `StartDate`, `EndDate`, `StartTime`, `EndTime`, `price`, `Status`, `created_at`, `updated_at`) VALUES (\'5\', 1, \'Nacoco Highway, Calapan City, Oriental Mindoro, National High School\', \'Durian Street, Calapan, Oriental Mindoro, Philippines\', \'jovan\', \'09166234834\', \'2024-11-01\', \'2024-11-01\', \'12:00\', \'22:00\', \'226.34\', \'pending\', \'2024-10-28 16:06:16\', \'2024-10-28 16:06:16\')', 0)
 2 SYSTEMPATH\Database\BaseConnection.php(693): CodeIgniter\Database\MySQLi\Connection->execute('INSERT INTO `rental` (`UserID`, `CarID`, `FirstLocation`, `SecondLocation`, `Name`, `Phone`, `StartDate`, `EndDate`, `StartTime`, `EndTime`, `price`, `Status`, `created_at`, `updated_at`) VALUES (\'5\', 1, \'Nacoco Highway, Calapan City, Oriental Mindoro, National High School\', \'Durian Street, Calapan, Oriental Mindoro, Philippines\', \'jovan\', \'09166234834\', \'2024-11-01\', \'2024-11-01\', \'12:00\', \'22:00\', \'226.34\', \'pending\', \'2024-10-28 16:06:16\', \'2024-10-28 16:06:16\')')
 3 SYSTEMPATH\Database\BaseConnection.php(607): CodeIgniter\Database\BaseConnection->simpleQuery('INSERT INTO `rental` (`UserID`, `CarID`, `FirstLocation`, `SecondLocation`, `Name`, `Phone`, `StartDate`, `EndDate`, `StartTime`, `EndTime`, `price`, `Status`, `created_at`, `updated_at`) VALUES (\'5\', 1, \'Nacoco Highway, Calapan City, Oriental Mindoro, National High School\', \'Durian Street, Calapan, Oriental Mindoro, Philippines\', \'jovan\', \'09166234834\', \'2024-11-01\', \'2024-11-01\', \'12:00\', \'22:00\', \'226.34\', \'pending\', \'2024-10-28 16:06:16\', \'2024-10-28 16:06:16\')')
 4 SYSTEMPATH\Database\BaseBuilder.php(2307): CodeIgniter\Database\BaseConnection->query('INSERT INTO `rental` (`UserID`, `CarID`, `FirstLocation`, `SecondLocation`, `Name`, `Phone`, `StartDate`, `EndDate`, `StartTime`, `EndTime`, `price`, `Status`, `created_at`, `updated_at`) VALUES (:UserID:, :CarID:, :FirstLocation:, :SecondLocation:, :Name:, :Phone:, :StartDate:, :EndDate:, :StartTime:, :EndTime:, :price:, :Status:, :created_at:, :updated_at:)', [...], false)
 5 SYSTEMPATH\Model.php(327): CodeIgniter\Database\BaseBuilder->insert()
 6 SYSTEMPATH\BaseModel.php(802): CodeIgniter\Model->doInsert([...])
 7 SYSTEMPATH\Model.php(749): CodeIgniter\BaseModel->insert([...], true)
 8 APPPATH\Controllers\Rental.php(163): CodeIgniter\Model->insert([...])
 9 SYSTEMPATH\CodeIgniter.php(943): App\Controllers\Rental->submit()
10 SYSTEMPATH\CodeIgniter.php(503): CodeIgniter\CodeIgniter->runController(Object(App\Controllers\Rental))
11 SYSTEMPATH\CodeIgniter.php(361): CodeIgniter\CodeIgniter->handleRequest(null, Object(Config\Cache), false)
12 FCPATH\index.php(79): CodeIgniter\CodeIgniter->run()
13 SYSTEMPATH\Commands\Server\rewrite.php(47): require_once('C:\\laragon\\www\\Final_Capstone\\public\\index.php')
ERROR - 2024-10-28 16:08:28 --> mysqli_sql_exception: Unknown column 'CarID' in 'field list' in C:\laragon\www\Final_Capstone\system\Database\MySQLi\Connection.php:306
Stack trace:
#0 C:\laragon\www\Final_Capstone\system\Database\MySQLi\Connection.php(306): mysqli->query('INSERT INTO `re...', 0)
#1 C:\laragon\www\Final_Capstone\system\Database\BaseConnection.php(693): CodeIgniter\Database\MySQLi\Connection->execute('INSERT INTO `re...')
#2 C:\laragon\www\Final_Capstone\system\Database\BaseConnection.php(607): CodeIgniter\Database\BaseConnection->simpleQuery('INSERT INTO `re...')
#3 C:\laragon\www\Final_Capstone\system\Database\BaseBuilder.php(2307): CodeIgniter\Database\BaseConnection->query('INSERT INTO `re...', Array, false)
#4 C:\laragon\www\Final_Capstone\system\Model.php(327): CodeIgniter\Database\BaseBuilder->insert()
#5 C:\laragon\www\Final_Capstone\system\BaseModel.php(802): CodeIgniter\Model->doInsert(Array)
#6 C:\laragon\www\Final_Capstone\system\Model.php(749): CodeIgniter\BaseModel->insert(Array, true)
#7 C:\laragon\www\Final_Capstone\app\Controllers\Rental.php(163): CodeIgniter\Model->insert(Array)
#8 C:\laragon\www\Final_Capstone\system\CodeIgniter.php(943): App\Controllers\Rental->submit()
#9 C:\laragon\www\Final_Capstone\system\CodeIgniter.php(503): CodeIgniter\CodeIgniter->runController(Object(App\Controllers\Rental))
#10 C:\laragon\www\Final_Capstone\system\CodeIgniter.php(361): CodeIgniter\CodeIgniter->handleRequest(NULL, Object(Config\Cache), false)
#11 C:\laragon\www\Final_Capstone\public\index.php(79): CodeIgniter\CodeIgniter->run()
#12 C:\laragon\www\Final_Capstone\system\Commands\Server\rewrite.php(47): require_once('C:\\laragon\\www\\...')
#13 {main}
CRITICAL - 2024-10-28 16:08:28 --> CodeIgniter\Database\Exceptions\DatabaseException: Unknown column 'CarID' in 'field list'
in SYSTEMPATH\Database\BaseConnection.php on line 647.
 1 SYSTEMPATH\Database\BaseBuilder.php(2307): CodeIgniter\Database\BaseConnection->query('INSERT INTO `rental` (`UserID`, `CarID`, `FirstLocation`, `SecondLocation`, `Name`, `Phone`, `StartDate`, `EndDate`, `StartTime`, `EndTime`, `price`, `Status`, `created_at`, `updated_at`) VALUES (:UserID:, :CarID:, :FirstLocation:, :SecondLocation:, :Name:, :Phone:, :StartDate:, :EndDate:, :StartTime:, :EndTime:, :price:, :Status:, :created_at:, :updated_at:)', [...], false)
 2 SYSTEMPATH\Model.php(327): CodeIgniter\Database\BaseBuilder->insert()
 3 SYSTEMPATH\BaseModel.php(802): CodeIgniter\Model->doInsert([...])
 4 SYSTEMPATH\Model.php(749): CodeIgniter\BaseModel->insert([...], true)
 5 APPPATH\Controllers\Rental.php(163): CodeIgniter\Model->insert([...])
 6 SYSTEMPATH\CodeIgniter.php(943): App\Controllers\Rental->submit()
 7 SYSTEMPATH\CodeIgniter.php(503): CodeIgniter\CodeIgniter->runController(Object(App\Controllers\Rental))
 8 SYSTEMPATH\CodeIgniter.php(361): CodeIgniter\CodeIgniter->handleRequest(null, Object(Config\Cache), false)
 9 FCPATH\index.php(79): CodeIgniter\CodeIgniter->run()
10 SYSTEMPATH\Commands\Server\rewrite.php(47): require_once('C:\\laragon\\www\\Final_Capstone\\public\\index.php')
CRITICAL - 2024-10-28 16:08:28 --> [Caused by] CodeIgniter\Database\Exceptions\DatabaseException: Unknown column 'CarID' in 'field list'
in SYSTEMPATH\Database\MySQLi\Connection.php on line 311.
 1 SYSTEMPATH\Database\BaseConnection.php(693): CodeIgniter\Database\MySQLi\Connection->execute('INSERT INTO `rental` (`UserID`, `CarID`, `FirstLocation`, `SecondLocation`, `Name`, `Phone`, `StartDate`, `EndDate`, `StartTime`, `EndTime`, `price`, `Status`, `created_at`, `updated_at`) VALUES (\'5\', 1, \'Nacoco Highway, Calapan City, Oriental Mindoro, National High School\', \'Guinobatan, Calapan, Oriental Mindoro, Philippines\', \'Jovan\', \'09759148717\', \'2024-11-01\', \'2024-11-02\', \'12:00\', \'00:00\', \'445.20\', \'pending\', \'2024-10-28 16:08:28\', \'2024-10-28 16:08:28\')')
 2 SYSTEMPATH\Database\BaseConnection.php(607): CodeIgniter\Database\BaseConnection->simpleQuery('INSERT INTO `rental` (`UserID`, `CarID`, `FirstLocation`, `SecondLocation`, `Name`, `Phone`, `StartDate`, `EndDate`, `StartTime`, `EndTime`, `price`, `Status`, `created_at`, `updated_at`) VALUES (\'5\', 1, \'Nacoco Highway, Calapan City, Oriental Mindoro, National High School\', \'Guinobatan, Calapan, Oriental Mindoro, Philippines\', \'Jovan\', \'09759148717\', \'2024-11-01\', \'2024-11-02\', \'12:00\', \'00:00\', \'445.20\', \'pending\', \'2024-10-28 16:08:28\', \'2024-10-28 16:08:28\')')
 3 SYSTEMPATH\Database\BaseBuilder.php(2307): CodeIgniter\Database\BaseConnection->query('INSERT INTO `rental` (`UserID`, `CarID`, `FirstLocation`, `SecondLocation`, `Name`, `Phone`, `StartDate`, `EndDate`, `StartTime`, `EndTime`, `price`, `Status`, `created_at`, `updated_at`) VALUES (:UserID:, :CarID:, :FirstLocation:, :SecondLocation:, :Name:, :Phone:, :StartDate:, :EndDate:, :StartTime:, :EndTime:, :price:, :Status:, :created_at:, :updated_at:)', [...], false)
 4 SYSTEMPATH\Model.php(327): CodeIgniter\Database\BaseBuilder->insert()
 5 SYSTEMPATH\BaseModel.php(802): CodeIgniter\Model->doInsert([...])
 6 SYSTEMPATH\Model.php(749): CodeIgniter\BaseModel->insert([...], true)
 7 APPPATH\Controllers\Rental.php(163): CodeIgniter\Model->insert([...])
 8 SYSTEMPATH\CodeIgniter.php(943): App\Controllers\Rental->submit()
 9 SYSTEMPATH\CodeIgniter.php(503): CodeIgniter\CodeIgniter->runController(Object(App\Controllers\Rental))
10 SYSTEMPATH\CodeIgniter.php(361): CodeIgniter\CodeIgniter->handleRequest(null, Object(Config\Cache), false)
11 FCPATH\index.php(79): CodeIgniter\CodeIgniter->run()
12 SYSTEMPATH\Commands\Server\rewrite.php(47): require_once('C:\\laragon\\www\\Final_Capstone\\public\\index.php')
CRITICAL - 2024-10-28 16:08:28 --> [Caused by] mysqli_sql_exception: Unknown column 'CarID' in 'field list'
in SYSTEMPATH\Database\MySQLi\Connection.php on line 306.
 1 SYSTEMPATH\Database\MySQLi\Connection.php(306): mysqli->query('INSERT INTO `rental` (`UserID`, `CarID`, `FirstLocation`, `SecondLocation`, `Name`, `Phone`, `StartDate`, `EndDate`, `StartTime`, `EndTime`, `price`, `Status`, `created_at`, `updated_at`) VALUES (\'5\', 1, \'Nacoco Highway, Calapan City, Oriental Mindoro, National High School\', \'Guinobatan, Calapan, Oriental Mindoro, Philippines\', \'Jovan\', \'09759148717\', \'2024-11-01\', \'2024-11-02\', \'12:00\', \'00:00\', \'445.20\', \'pending\', \'2024-10-28 16:08:28\', \'2024-10-28 16:08:28\')', 0)
 2 SYSTEMPATH\Database\BaseConnection.php(693): CodeIgniter\Database\MySQLi\Connection->execute('INSERT INTO `rental` (`UserID`, `CarID`, `FirstLocation`, `SecondLocation`, `Name`, `Phone`, `StartDate`, `EndDate`, `StartTime`, `EndTime`, `price`, `Status`, `created_at`, `updated_at`) VALUES (\'5\', 1, \'Nacoco Highway, Calapan City, Oriental Mindoro, National High School\', \'Guinobatan, Calapan, Oriental Mindoro, Philippines\', \'Jovan\', \'09759148717\', \'2024-11-01\', \'2024-11-02\', \'12:00\', \'00:00\', \'445.20\', \'pending\', \'2024-10-28 16:08:28\', \'2024-10-28 16:08:28\')')
 3 SYSTEMPATH\Database\BaseConnection.php(607): CodeIgniter\Database\BaseConnection->simpleQuery('INSERT INTO `rental` (`UserID`, `CarID`, `FirstLocation`, `SecondLocation`, `Name`, `Phone`, `StartDate`, `EndDate`, `StartTime`, `EndTime`, `price`, `Status`, `created_at`, `updated_at`) VALUES (\'5\', 1, \'Nacoco Highway, Calapan City, Oriental Mindoro, National High School\', \'Guinobatan, Calapan, Oriental Mindoro, Philippines\', \'Jovan\', \'09759148717\', \'2024-11-01\', \'2024-11-02\', \'12:00\', \'00:00\', \'445.20\', \'pending\', \'2024-10-28 16:08:28\', \'2024-10-28 16:08:28\')')
 4 SYSTEMPATH\Database\BaseBuilder.php(2307): CodeIgniter\Database\BaseConnection->query('INSERT INTO `rental` (`UserID`, `CarID`, `FirstLocation`, `SecondLocation`, `Name`, `Phone`, `StartDate`, `EndDate`, `StartTime`, `EndTime`, `price`, `Status`, `created_at`, `updated_at`) VALUES (:UserID:, :CarID:, :FirstLocation:, :SecondLocation:, :Name:, :Phone:, :StartDate:, :EndDate:, :StartTime:, :EndTime:, :price:, :Status:, :created_at:, :updated_at:)', [...], false)
 5 SYSTEMPATH\Model.php(327): CodeIgniter\Database\BaseBuilder->insert()
 6 SYSTEMPATH\BaseModel.php(802): CodeIgniter\Model->doInsert([...])
 7 SYSTEMPATH\Model.php(749): CodeIgniter\BaseModel->insert([...], true)
 8 APPPATH\Controllers\Rental.php(163): CodeIgniter\Model->insert([...])
 9 SYSTEMPATH\CodeIgniter.php(943): App\Controllers\Rental->submit()
10 SYSTEMPATH\CodeIgniter.php(503): CodeIgniter\CodeIgniter->runController(Object(App\Controllers\Rental))
11 SYSTEMPATH\CodeIgniter.php(361): CodeIgniter\CodeIgniter->handleRequest(null, Object(Config\Cache), false)
12 FCPATH\index.php(79): CodeIgniter\CodeIgniter->run()
13 SYSTEMPATH\Commands\Server\rewrite.php(47): require_once('C:\\laragon\\www\\Final_Capstone\\public\\index.php')
ERROR - 2024-10-28 16:08:28 --> mysqli_sql_exception: Unknown column 'CarID' in 'field list' in C:\laragon\www\Final_Capstone\system\Database\MySQLi\Connection.php:306
Stack trace:
#0 C:\laragon\www\Final_Capstone\system\Database\MySQLi\Connection.php(306): mysqli->query('INSERT INTO `re...', 0)
#1 C:\laragon\www\Final_Capstone\system\Database\BaseConnection.php(693): CodeIgniter\Database\MySQLi\Connection->execute('INSERT INTO `re...')
#2 C:\laragon\www\Final_Capstone\system\Database\BaseConnection.php(607): CodeIgniter\Database\BaseConnection->simpleQuery('INSERT INTO `re...')
#3 C:\laragon\www\Final_Capstone\system\Database\BaseBuilder.php(2307): CodeIgniter\Database\BaseConnection->query('INSERT INTO `re...', Array, false)
#4 C:\laragon\www\Final_Capstone\system\Model.php(327): CodeIgniter\Database\BaseBuilder->insert()
#5 C:\laragon\www\Final_Capstone\system\BaseModel.php(802): CodeIgniter\Model->doInsert(Array)
#6 C:\laragon\www\Final_Capstone\system\Model.php(749): CodeIgniter\BaseModel->insert(Array, true)
#7 C:\laragon\www\Final_Capstone\app\Controllers\Rental.php(163): CodeIgniter\Model->insert(Array)
#8 C:\laragon\www\Final_Capstone\system\CodeIgniter.php(943): App\Controllers\Rental->submit()
#9 C:\laragon\www\Final_Capstone\system\CodeIgniter.php(503): CodeIgniter\CodeIgniter->runController(Object(App\Controllers\Rental))
#10 C:\laragon\www\Final_Capstone\system\CodeIgniter.php(361): CodeIgniter\CodeIgniter->handleRequest(NULL, Object(Config\Cache), false)
#11 C:\laragon\www\Final_Capstone\public\index.php(79): CodeIgniter\CodeIgniter->run()
#12 C:\laragon\www\Final_Capstone\system\Commands\Server\rewrite.php(47): require_once('C:\\laragon\\www\\...')
#13 {main}
CRITICAL - 2024-10-28 16:08:28 --> CodeIgniter\Database\Exceptions\DatabaseException: Unknown column 'CarID' in 'field list'
in SYSTEMPATH\Database\BaseConnection.php on line 647.
 1 SYSTEMPATH\Database\BaseBuilder.php(2307): CodeIgniter\Database\BaseConnection->query('INSERT INTO `rental` (`UserID`, `CarID`, `FirstLocation`, `SecondLocation`, `Name`, `Phone`, `StartDate`, `EndDate`, `StartTime`, `EndTime`, `price`, `Status`, `created_at`, `updated_at`) VALUES (:UserID:, :CarID:, :FirstLocation:, :SecondLocation:, :Name:, :Phone:, :StartDate:, :EndDate:, :StartTime:, :EndTime:, :price:, :Status:, :created_at:, :updated_at:)', [...], false)
 2 SYSTEMPATH\Model.php(327): CodeIgniter\Database\BaseBuilder->insert()
 3 SYSTEMPATH\BaseModel.php(802): CodeIgniter\Model->doInsert([...])
 4 SYSTEMPATH\Model.php(749): CodeIgniter\BaseModel->insert([...], true)
 5 APPPATH\Controllers\Rental.php(163): CodeIgniter\Model->insert([...])
 6 SYSTEMPATH\CodeIgniter.php(943): App\Controllers\Rental->submit()
 7 SYSTEMPATH\CodeIgniter.php(503): CodeIgniter\CodeIgniter->runController(Object(App\Controllers\Rental))
 8 SYSTEMPATH\CodeIgniter.php(361): CodeIgniter\CodeIgniter->handleRequest(null, Object(Config\Cache), false)
 9 FCPATH\index.php(79): CodeIgniter\CodeIgniter->run()
10 SYSTEMPATH\Commands\Server\rewrite.php(47): require_once('C:\\laragon\\www\\Final_Capstone\\public\\index.php')
CRITICAL - 2024-10-28 16:08:28 --> [Caused by] CodeIgniter\Database\Exceptions\DatabaseException: Unknown column 'CarID' in 'field list'
in SYSTEMPATH\Database\MySQLi\Connection.php on line 311.
 1 SYSTEMPATH\Database\BaseConnection.php(693): CodeIgniter\Database\MySQLi\Connection->execute('INSERT INTO `rental` (`UserID`, `CarID`, `FirstLocation`, `SecondLocation`, `Name`, `Phone`, `StartDate`, `EndDate`, `StartTime`, `EndTime`, `price`, `Status`, `created_at`, `updated_at`) VALUES (\'5\', 1, \'Nacoco Highway, Calapan City, Oriental Mindoro, National High School\', \'Guinobatan, Calapan, Oriental Mindoro, Philippines\', \'Jovan\', \'09759148717\', \'2024-11-01\', \'2024-11-02\', \'12:00\', \'00:00\', \'445.20\', \'pending\', \'2024-10-28 16:08:28\', \'2024-10-28 16:08:28\')')
 2 SYSTEMPATH\Database\BaseConnection.php(607): CodeIgniter\Database\BaseConnection->simpleQuery('INSERT INTO `rental` (`UserID`, `CarID`, `FirstLocation`, `SecondLocation`, `Name`, `Phone`, `StartDate`, `EndDate`, `StartTime`, `EndTime`, `price`, `Status`, `created_at`, `updated_at`) VALUES (\'5\', 1, \'Nacoco Highway, Calapan City, Oriental Mindoro, National High School\', \'Guinobatan, Calapan, Oriental Mindoro, Philippines\', \'Jovan\', \'09759148717\', \'2024-11-01\', \'2024-11-02\', \'12:00\', \'00:00\', \'445.20\', \'pending\', \'2024-10-28 16:08:28\', \'2024-10-28 16:08:28\')')
 3 SYSTEMPATH\Database\BaseBuilder.php(2307): CodeIgniter\Database\BaseConnection->query('INSERT INTO `rental` (`UserID`, `CarID`, `FirstLocation`, `SecondLocation`, `Name`, `Phone`, `StartDate`, `EndDate`, `StartTime`, `EndTime`, `price`, `Status`, `created_at`, `updated_at`) VALUES (:UserID:, :CarID:, :FirstLocation:, :SecondLocation:, :Name:, :Phone:, :StartDate:, :EndDate:, :StartTime:, :EndTime:, :price:, :Status:, :created_at:, :updated_at:)', [...], false)
 4 SYSTEMPATH\Model.php(327): CodeIgniter\Database\BaseBuilder->insert()
 5 SYSTEMPATH\BaseModel.php(802): CodeIgniter\Model->doInsert([...])
 6 SYSTEMPATH\Model.php(749): CodeIgniter\BaseModel->insert([...], true)
 7 APPPATH\Controllers\Rental.php(163): CodeIgniter\Model->insert([...])
 8 SYSTEMPATH\CodeIgniter.php(943): App\Controllers\Rental->submit()
 9 SYSTEMPATH\CodeIgniter.php(503): CodeIgniter\CodeIgniter->runController(Object(App\Controllers\Rental))
10 SYSTEMPATH\CodeIgniter.php(361): CodeIgniter\CodeIgniter->handleRequest(null, Object(Config\Cache), false)
11 FCPATH\index.php(79): CodeIgniter\CodeIgniter->run()
12 SYSTEMPATH\Commands\Server\rewrite.php(47): require_once('C:\\laragon\\www\\Final_Capstone\\public\\index.php')
CRITICAL - 2024-10-28 16:08:28 --> [Caused by] mysqli_sql_exception: Unknown column 'CarID' in 'field list'
in SYSTEMPATH\Database\MySQLi\Connection.php on line 306.
 1 SYSTEMPATH\Database\MySQLi\Connection.php(306): mysqli->query('INSERT INTO `rental` (`UserID`, `CarID`, `FirstLocation`, `SecondLocation`, `Name`, `Phone`, `StartDate`, `EndDate`, `StartTime`, `EndTime`, `price`, `Status`, `created_at`, `updated_at`) VALUES (\'5\', 1, \'Nacoco Highway, Calapan City, Oriental Mindoro, National High School\', \'Guinobatan, Calapan, Oriental Mindoro, Philippines\', \'Jovan\', \'09759148717\', \'2024-11-01\', \'2024-11-02\', \'12:00\', \'00:00\', \'445.20\', \'pending\', \'2024-10-28 16:08:28\', \'2024-10-28 16:08:28\')', 0)
 2 SYSTEMPATH\Database\BaseConnection.php(693): CodeIgniter\Database\MySQLi\Connection->execute('INSERT INTO `rental` (`UserID`, `CarID`, `FirstLocation`, `SecondLocation`, `Name`, `Phone`, `StartDate`, `EndDate`, `StartTime`, `EndTime`, `price`, `Status`, `created_at`, `updated_at`) VALUES (\'5\', 1, \'Nacoco Highway, Calapan City, Oriental Mindoro, National High School\', \'Guinobatan, Calapan, Oriental Mindoro, Philippines\', \'Jovan\', \'09759148717\', \'2024-11-01\', \'2024-11-02\', \'12:00\', \'00:00\', \'445.20\', \'pending\', \'2024-10-28 16:08:28\', \'2024-10-28 16:08:28\')')
 3 SYSTEMPATH\Database\BaseConnection.php(607): CodeIgniter\Database\BaseConnection->simpleQuery('INSERT INTO `rental` (`UserID`, `CarID`, `FirstLocation`, `SecondLocation`, `Name`, `Phone`, `StartDate`, `EndDate`, `StartTime`, `EndTime`, `price`, `Status`, `created_at`, `updated_at`) VALUES (\'5\', 1, \'Nacoco Highway, Calapan City, Oriental Mindoro, National High School\', \'Guinobatan, Calapan, Oriental Mindoro, Philippines\', \'Jovan\', \'09759148717\', \'2024-11-01\', \'2024-11-02\', \'12:00\', \'00:00\', \'445.20\', \'pending\', \'2024-10-28 16:08:28\', \'2024-10-28 16:08:28\')')
 4 SYSTEMPATH\Database\BaseBuilder.php(2307): CodeIgniter\Database\BaseConnection->query('INSERT INTO `rental` (`UserID`, `CarID`, `FirstLocation`, `SecondLocation`, `Name`, `Phone`, `StartDate`, `EndDate`, `StartTime`, `EndTime`, `price`, `Status`, `created_at`, `updated_at`) VALUES (:UserID:, :CarID:, :FirstLocation:, :SecondLocation:, :Name:, :Phone:, :StartDate:, :EndDate:, :StartTime:, :EndTime:, :price:, :Status:, :created_at:, :updated_at:)', [...], false)
 5 SYSTEMPATH\Model.php(327): CodeIgniter\Database\BaseBuilder->insert()
 6 SYSTEMPATH\BaseModel.php(802): CodeIgniter\Model->doInsert([...])
 7 SYSTEMPATH\Model.php(749): CodeIgniter\BaseModel->insert([...], true)
 8 APPPATH\Controllers\Rental.php(163): CodeIgniter\Model->insert([...])
 9 SYSTEMPATH\CodeIgniter.php(943): App\Controllers\Rental->submit()
10 SYSTEMPATH\CodeIgniter.php(503): CodeIgniter\CodeIgniter->runController(Object(App\Controllers\Rental))
11 SYSTEMPATH\CodeIgniter.php(361): CodeIgniter\CodeIgniter->handleRequest(null, Object(Config\Cache), false)
12 FCPATH\index.php(79): CodeIgniter\CodeIgniter->run()
13 SYSTEMPATH\Commands\Server\rewrite.php(47): require_once('C:\\laragon\\www\\Final_Capstone\\public\\index.php')
ERROR - 2024-10-28 16:12:54 --> Rental submission error: Call to undefined method App\Models\RentingModel::insertRental
ERROR - 2024-10-28 16:12:54 --> Rental submission error: Call to undefined method App\Models\RentingModel::insertRental
ERROR - 2024-10-28 16:18:03 --> mysqli_sql_exception: Cannot add or update a child row: a foreign key constraint fails (`caps_db`.`rental`, CONSTRAINT `rental_ibfk_1` FOREIGN KEY (`UserID`) REFERENCES `users` (`id`)) in C:\laragon\www\Final_Capstone\system\Database\MySQLi\Connection.php:306
Stack trace:
#0 C:\laragon\www\Final_Capstone\system\Database\MySQLi\Connection.php(306): mysqli->query('INSERT INTO `re...', 0)
#1 C:\laragon\www\Final_Capstone\system\Database\BaseConnection.php(693): CodeIgniter\Database\MySQLi\Connection->execute('INSERT INTO `re...')
#2 C:\laragon\www\Final_Capstone\system\Database\BaseConnection.php(607): CodeIgniter\Database\BaseConnection->simpleQuery('INSERT INTO `re...')
#3 C:\laragon\www\Final_Capstone\system\Database\BaseBuilder.php(2307): CodeIgniter\Database\BaseConnection->query('INSERT INTO `re...', Array, false)
#4 C:\laragon\www\Final_Capstone\system\Model.php(327): CodeIgniter\Database\BaseBuilder->insert()
#5 C:\laragon\www\Final_Capstone\system\BaseModel.php(802): CodeIgniter\Model->doInsert(Array)
#6 C:\laragon\www\Final_Capstone\system\Model.php(749): CodeIgniter\BaseModel->insert(Array, true)
#7 C:\laragon\www\Final_Capstone\app\Controllers\Rental.php(128): CodeIgniter\Model->insert(Array)
#8 C:\laragon\www\Final_Capstone\system\CodeIgniter.php(943): App\Controllers\Rental->submit()
#9 C:\laragon\www\Final_Capstone\system\CodeIgniter.php(503): CodeIgniter\CodeIgniter->runController(Object(App\Controllers\Rental))
#10 C:\laragon\www\Final_Capstone\system\CodeIgniter.php(361): CodeIgniter\CodeIgniter->handleRequest(NULL, Object(Config\Cache), false)
#11 C:\laragon\www\Final_Capstone\public\index.php(79): CodeIgniter\CodeIgniter->run()
#12 C:\laragon\www\Final_Capstone\system\Commands\Server\rewrite.php(47): require_once('C:\\laragon\\www\\...')
#13 {main}
ERROR - 2024-10-28 16:18:03 --> Insert failed. Model errors: []
ERROR - 2024-10-28 16:18:03 --> Rental submission error: Failed to insert rental
ERROR - 2024-10-28 16:18:03 --> Stack trace: #0 C:\laragon\www\Final_Capstone\system\CodeIgniter.php(943): App\Controllers\Rental->submit()
#1 C:\laragon\www\Final_Capstone\system\CodeIgniter.php(503): CodeIgniter\CodeIgniter->runController(Object(App\Controllers\Rental))
#2 C:\laragon\www\Final_Capstone\system\CodeIgniter.php(361): CodeIgniter\CodeIgniter->handleRequest(NULL, Object(Config\Cache), false)
#3 C:\laragon\www\Final_Capstone\public\index.php(79): CodeIgniter\CodeIgniter->run()
#4 C:\laragon\www\Final_Capstone\system\Commands\Server\rewrite.php(47): require_once('C:\\laragon\\www\\...')
#5 {main}
ERROR - 2024-10-28 16:18:04 --> mysqli_sql_exception: Cannot add or update a child row: a foreign key constraint fails (`caps_db`.`rental`, CONSTRAINT `rental_ibfk_1` FOREIGN KEY (`UserID`) REFERENCES `users` (`id`)) in C:\laragon\www\Final_Capstone\system\Database\MySQLi\Connection.php:306
Stack trace:
#0 C:\laragon\www\Final_Capstone\system\Database\MySQLi\Connection.php(306): mysqli->query('INSERT INTO `re...', 0)
#1 C:\laragon\www\Final_Capstone\system\Database\BaseConnection.php(693): CodeIgniter\Database\MySQLi\Connection->execute('INSERT INTO `re...')
#2 C:\laragon\www\Final_Capstone\system\Database\BaseConnection.php(607): CodeIgniter\Database\BaseConnection->simpleQuery('INSERT INTO `re...')
#3 C:\laragon\www\Final_Capstone\system\Database\BaseBuilder.php(2307): CodeIgniter\Database\BaseConnection->query('INSERT INTO `re...', Array, false)
#4 C:\laragon\www\Final_Capstone\system\Model.php(327): CodeIgniter\Database\BaseBuilder->insert()
#5 C:\laragon\www\Final_Capstone\system\BaseModel.php(802): CodeIgniter\Model->doInsert(Array)
#6 C:\laragon\www\Final_Capstone\system\Model.php(749): CodeIgniter\BaseModel->insert(Array, true)
#7 C:\laragon\www\Final_Capstone\app\Controllers\Rental.php(128): CodeIgniter\Model->insert(Array)
#8 C:\laragon\www\Final_Capstone\system\CodeIgniter.php(943): App\Controllers\Rental->submit()
#9 C:\laragon\www\Final_Capstone\system\CodeIgniter.php(503): CodeIgniter\CodeIgniter->runController(Object(App\Controllers\Rental))
#10 C:\laragon\www\Final_Capstone\system\CodeIgniter.php(361): CodeIgniter\CodeIgniter->handleRequest(NULL, Object(Config\Cache), false)
#11 C:\laragon\www\Final_Capstone\public\index.php(79): CodeIgniter\CodeIgniter->run()
#12 C:\laragon\www\Final_Capstone\system\Commands\Server\rewrite.php(47): require_once('C:\\laragon\\www\\...')
#13 {main}
ERROR - 2024-10-28 16:18:04 --> Insert failed. Model errors: []
ERROR - 2024-10-28 16:18:04 --> Rental submission error: Failed to insert rental
ERROR - 2024-10-28 16:18:04 --> Stack trace: #0 C:\laragon\www\Final_Capstone\system\CodeIgniter.php(943): App\Controllers\Rental->submit()
#1 C:\laragon\www\Final_Capstone\system\CodeIgniter.php(503): CodeIgniter\CodeIgniter->runController(Object(App\Controllers\Rental))
#2 C:\laragon\www\Final_Capstone\system\CodeIgniter.php(361): CodeIgniter\CodeIgniter->handleRequest(NULL, Object(Config\Cache), false)
#3 C:\laragon\www\Final_Capstone\public\index.php(79): CodeIgniter\CodeIgniter->run()
#4 C:\laragon\www\Final_Capstone\system\Commands\Server\rewrite.php(47): require_once('C:\\laragon\\www\\...')
#5 {main}
ERROR - 2024-10-28 16:19:02 --> Validation failed: {"phone":"The phone field is not in the correct format."}
ERROR - 2024-10-28 16:19:03 --> Validation failed: {"phone":"The phone field is not in the correct format."}
ERROR - 2024-10-28 16:19:17 --> mysqli_sql_exception: Cannot add or update a child row: a foreign key constraint fails (`caps_db`.`rental`, CONSTRAINT `rental_ibfk_1` FOREIGN KEY (`UserID`) REFERENCES `users` (`id`)) in C:\laragon\www\Final_Capstone\system\Database\MySQLi\Connection.php:306
Stack trace:
#0 C:\laragon\www\Final_Capstone\system\Database\MySQLi\Connection.php(306): mysqli->query('INSERT INTO `re...', 0)
#1 C:\laragon\www\Final_Capstone\system\Database\BaseConnection.php(693): CodeIgniter\Database\MySQLi\Connection->execute('INSERT INTO `re...')
#2 C:\laragon\www\Final_Capstone\system\Database\BaseConnection.php(607): CodeIgniter\Database\BaseConnection->simpleQuery('INSERT INTO `re...')
#3 C:\laragon\www\Final_Capstone\system\Database\BaseBuilder.php(2307): CodeIgniter\Database\BaseConnection->query('INSERT INTO `re...', Array, false)
#4 C:\laragon\www\Final_Capstone\system\Model.php(327): CodeIgniter\Database\BaseBuilder->insert()
#5 C:\laragon\www\Final_Capstone\system\BaseModel.php(802): CodeIgniter\Model->doInsert(Array)
#6 C:\laragon\www\Final_Capstone\system\Model.php(749): CodeIgniter\BaseModel->insert(Array, true)
#7 C:\laragon\www\Final_Capstone\app\Controllers\Rental.php(128): CodeIgniter\Model->insert(Array)
#8 C:\laragon\www\Final_Capstone\system\CodeIgniter.php(943): App\Controllers\Rental->submit()
#9 C:\laragon\www\Final_Capstone\system\CodeIgniter.php(503): CodeIgniter\CodeIgniter->runController(Object(App\Controllers\Rental))
#10 C:\laragon\www\Final_Capstone\system\CodeIgniter.php(361): CodeIgniter\CodeIgniter->handleRequest(NULL, Object(Config\Cache), false)
#11 C:\laragon\www\Final_Capstone\public\index.php(79): CodeIgniter\CodeIgniter->run()
#12 C:\laragon\www\Final_Capstone\system\Commands\Server\rewrite.php(47): require_once('C:\\laragon\\www\\...')
#13 {main}
ERROR - 2024-10-28 16:19:17 --> Insert failed. Model errors: []
ERROR - 2024-10-28 16:19:17 --> Rental submission error: Failed to insert rental
ERROR - 2024-10-28 16:19:17 --> Stack trace: #0 C:\laragon\www\Final_Capstone\system\CodeIgniter.php(943): App\Controllers\Rental->submit()
#1 C:\laragon\www\Final_Capstone\system\CodeIgniter.php(503): CodeIgniter\CodeIgniter->runController(Object(App\Controllers\Rental))
#2 C:\laragon\www\Final_Capstone\system\CodeIgniter.php(361): CodeIgniter\CodeIgniter->handleRequest(NULL, Object(Config\Cache), false)
#3 C:\laragon\www\Final_Capstone\public\index.php(79): CodeIgniter\CodeIgniter->run()
#4 C:\laragon\www\Final_Capstone\system\Commands\Server\rewrite.php(47): require_once('C:\\laragon\\www\\...')
#5 {main}
ERROR - 2024-10-28 16:19:17 --> mysqli_sql_exception: Cannot add or update a child row: a foreign key constraint fails (`caps_db`.`rental`, CONSTRAINT `rental_ibfk_1` FOREIGN KEY (`UserID`) REFERENCES `users` (`id`)) in C:\laragon\www\Final_Capstone\system\Database\MySQLi\Connection.php:306
Stack trace:
#0 C:\laragon\www\Final_Capstone\system\Database\MySQLi\Connection.php(306): mysqli->query('INSERT INTO `re...', 0)
#1 C:\laragon\www\Final_Capstone\system\Database\BaseConnection.php(693): CodeIgniter\Database\MySQLi\Connection->execute('INSERT INTO `re...')
#2 C:\laragon\www\Final_Capstone\system\Database\BaseConnection.php(607): CodeIgniter\Database\BaseConnection->simpleQuery('INSERT INTO `re...')
#3 C:\laragon\www\Final_Capstone\system\Database\BaseBuilder.php(2307): CodeIgniter\Database\BaseConnection->query('INSERT INTO `re...', Array, false)
#4 C:\laragon\www\Final_Capstone\system\Model.php(327): CodeIgniter\Database\BaseBuilder->insert()
#5 C:\laragon\www\Final_Capstone\system\BaseModel.php(802): CodeIgniter\Model->doInsert(Array)
#6 C:\laragon\www\Final_Capstone\system\Model.php(749): CodeIgniter\BaseModel->insert(Array, true)
#7 C:\laragon\www\Final_Capstone\app\Controllers\Rental.php(128): CodeIgniter\Model->insert(Array)
#8 C:\laragon\www\Final_Capstone\system\CodeIgniter.php(943): App\Controllers\Rental->submit()
#9 C:\laragon\www\Final_Capstone\system\CodeIgniter.php(503): CodeIgniter\CodeIgniter->runController(Object(App\Controllers\Rental))
#10 C:\laragon\www\Final_Capstone\system\CodeIgniter.php(361): CodeIgniter\CodeIgniter->handleRequest(NULL, Object(Config\Cache), false)
#11 C:\laragon\www\Final_Capstone\public\index.php(79): CodeIgniter\CodeIgniter->run()
#12 C:\laragon\www\Final_Capstone\system\Commands\Server\rewrite.php(47): require_once('C:\\laragon\\www\\...')
#13 {main}
ERROR - 2024-10-28 16:19:17 --> Insert failed. Model errors: []
ERROR - 2024-10-28 16:19:17 --> Rental submission error: Failed to insert rental
ERROR - 2024-10-28 16:19:17 --> Stack trace: #0 C:\laragon\www\Final_Capstone\system\CodeIgniter.php(943): App\Controllers\Rental->submit()
#1 C:\laragon\www\Final_Capstone\system\CodeIgniter.php(503): CodeIgniter\CodeIgniter->runController(Object(App\Controllers\Rental))
#2 C:\laragon\www\Final_Capstone\system\CodeIgniter.php(361): CodeIgniter\CodeIgniter->handleRequest(NULL, Object(Config\Cache), false)
#3 C:\laragon\www\Final_Capstone\public\index.php(79): CodeIgniter\CodeIgniter->run()
#4 C:\laragon\www\Final_Capstone\system\Commands\Server\rewrite.php(47): require_once('C:\\laragon\\www\\...')
#5 {main}
ERROR - 2024-10-28 16:37:26 --> mysqli_sql_exception: Unknown column 'CarID' in 'field list' in C:\laragon\www\Final_Capstone\system\Database\MySQLi\Connection.php:306
Stack trace:
#0 C:\laragon\www\Final_Capstone\system\Database\MySQLi\Connection.php(306): mysqli->query('INSERT INTO `re...', 0)
#1 C:\laragon\www\Final_Capstone\system\Database\BaseConnection.php(693): CodeIgniter\Database\MySQLi\Connection->execute('INSERT INTO `re...')
#2 C:\laragon\www\Final_Capstone\system\Database\BaseConnection.php(607): CodeIgniter\Database\BaseConnection->simpleQuery('INSERT INTO `re...')
#3 C:\laragon\www\Final_Capstone\system\Database\BaseBuilder.php(2307): CodeIgniter\Database\BaseConnection->query('INSERT INTO `re...', Array, false)
#4 C:\laragon\www\Final_Capstone\system\Model.php(327): CodeIgniter\Database\BaseBuilder->insert()
#5 C:\laragon\www\Final_Capstone\system\BaseModel.php(802): CodeIgniter\Model->doInsert(Array)
#6 C:\laragon\www\Final_Capstone\system\Model.php(749): CodeIgniter\BaseModel->insert(Array, true)
#7 C:\laragon\www\Final_Capstone\app\Controllers\Rental.php(88): CodeIgniter\Model->insert(Array)
#8 C:\laragon\www\Final_Capstone\system\CodeIgniter.php(943): App\Controllers\Rental->submit()
#9 C:\laragon\www\Final_Capstone\system\CodeIgniter.php(503): CodeIgniter\CodeIgniter->runController(Object(App\Controllers\Rental))
#10 C:\laragon\www\Final_Capstone\system\CodeIgniter.php(361): CodeIgniter\CodeIgniter->handleRequest(NULL, Object(Config\Cache), false)
#11 C:\laragon\www\Final_Capstone\public\index.php(79): CodeIgniter\CodeIgniter->run()
#12 C:\laragon\www\Final_Capstone\system\Commands\Server\rewrite.php(47): require_once('C:\\laragon\\www\\...')
#13 {main}
CRITICAL - 2024-10-28 16:37:26 --> CodeIgniter\Database\Exceptions\DatabaseException: Unknown column 'CarID' in 'field list'
in SYSTEMPATH\Database\BaseConnection.php on line 647.
 1 SYSTEMPATH\Database\BaseBuilder.php(2307): CodeIgniter\Database\BaseConnection->query('INSERT INTO `rental` (`UserID`, `CarID`, `FirstLocation`, `SecondLocation`, `Name`, `Phone`, `StartDate`, `EndDate`, `StartTime`, `EndTime`, `price`, `Status`, `created_at`, `updated_at`) VALUES (:UserID:, :CarID:, :FirstLocation:, :SecondLocation:, :Name:, :Phone:, :StartDate:, :EndDate:, :StartTime:, :EndTime:, :price:, :Status:, :created_at:, :updated_at:)', [...], false)
 2 SYSTEMPATH\Model.php(327): CodeIgniter\Database\BaseBuilder->insert()
 3 SYSTEMPATH\BaseModel.php(802): CodeIgniter\Model->doInsert([...])
 4 SYSTEMPATH\Model.php(749): CodeIgniter\BaseModel->insert([...], true)
 5 APPPATH\Controllers\Rental.php(88): CodeIgniter\Model->insert([...])
 6 SYSTEMPATH\CodeIgniter.php(943): App\Controllers\Rental->submit()
 7 SYSTEMPATH\CodeIgniter.php(503): CodeIgniter\CodeIgniter->runController(Object(App\Controllers\Rental))
 8 SYSTEMPATH\CodeIgniter.php(361): CodeIgniter\CodeIgniter->handleRequest(null, Object(Config\Cache), false)
 9 FCPATH\index.php(79): CodeIgniter\CodeIgniter->run()
10 SYSTEMPATH\Commands\Server\rewrite.php(47): require_once('C:\\laragon\\www\\Final_Capstone\\public\\index.php')
CRITICAL - 2024-10-28 16:37:26 --> [Caused by] CodeIgniter\Database\Exceptions\DatabaseException: Unknown column 'CarID' in 'field list'
in SYSTEMPATH\Database\MySQLi\Connection.php on line 311.
 1 SYSTEMPATH\Database\BaseConnection.php(693): CodeIgniter\Database\MySQLi\Connection->execute('INSERT INTO `rental` (`UserID`, `CarID`, `FirstLocation`, `SecondLocation`, `Name`, `Phone`, `StartDate`, `EndDate`, `StartTime`, `EndTime`, `price`, `Status`, `created_at`, `updated_at`) VALUES (\'6\', 1, \'Nacoco Highway, Calapan City, Oriental Mindoro, National High School\', \'Ramirez Street, Calapan, Oriental Mindoro, Philippines\', \'michael\', \'09166234834\', \'2024-11-02\', \'2024-11-05\', \'12:00\', \'11:00\', \'347.19\', \'pending\', \'2024-10-28 16:37:26\', \'2024-10-28 16:37:26\')')
 2 SYSTEMPATH\Database\BaseConnection.php(607): CodeIgniter\Database\BaseConnection->simpleQuery('INSERT INTO `rental` (`UserID`, `CarID`, `FirstLocation`, `SecondLocation`, `Name`, `Phone`, `StartDate`, `EndDate`, `StartTime`, `EndTime`, `price`, `Status`, `created_at`, `updated_at`) VALUES (\'6\', 1, \'Nacoco Highway, Calapan City, Oriental Mindoro, National High School\', \'Ramirez Street, Calapan, Oriental Mindoro, Philippines\', \'michael\', \'09166234834\', \'2024-11-02\', \'2024-11-05\', \'12:00\', \'11:00\', \'347.19\', \'pending\', \'2024-10-28 16:37:26\', \'2024-10-28 16:37:26\')')
 3 SYSTEMPATH\Database\BaseBuilder.php(2307): CodeIgniter\Database\BaseConnection->query('INSERT INTO `rental` (`UserID`, `CarID`, `FirstLocation`, `SecondLocation`, `Name`, `Phone`, `StartDate`, `EndDate`, `StartTime`, `EndTime`, `price`, `Status`, `created_at`, `updated_at`) VALUES (:UserID:, :CarID:, :FirstLocation:, :SecondLocation:, :Name:, :Phone:, :StartDate:, :EndDate:, :StartTime:, :EndTime:, :price:, :Status:, :created_at:, :updated_at:)', [...], false)
 4 SYSTEMPATH\Model.php(327): CodeIgniter\Database\BaseBuilder->insert()
 5 SYSTEMPATH\BaseModel.php(802): CodeIgniter\Model->doInsert([...])
 6 SYSTEMPATH\Model.php(749): CodeIgniter\BaseModel->insert([...], true)
 7 APPPATH\Controllers\Rental.php(88): CodeIgniter\Model->insert([...])
 8 SYSTEMPATH\CodeIgniter.php(943): App\Controllers\Rental->submit()
 9 SYSTEMPATH\CodeIgniter.php(503): CodeIgniter\CodeIgniter->runController(Object(App\Controllers\Rental))
10 SYSTEMPATH\CodeIgniter.php(361): CodeIgniter\CodeIgniter->handleRequest(null, Object(Config\Cache), false)
11 FCPATH\index.php(79): CodeIgniter\CodeIgniter->run()
12 SYSTEMPATH\Commands\Server\rewrite.php(47): require_once('C:\\laragon\\www\\Final_Capstone\\public\\index.php')
CRITICAL - 2024-10-28 16:37:26 --> [Caused by] mysqli_sql_exception: Unknown column 'CarID' in 'field list'
in SYSTEMPATH\Database\MySQLi\Connection.php on line 306.
 1 SYSTEMPATH\Database\MySQLi\Connection.php(306): mysqli->query('INSERT INTO `rental` (`UserID`, `CarID`, `FirstLocation`, `SecondLocation`, `Name`, `Phone`, `StartDate`, `EndDate`, `StartTime`, `EndTime`, `price`, `Status`, `created_at`, `updated_at`) VALUES (\'6\', 1, \'Nacoco Highway, Calapan City, Oriental Mindoro, National High School\', \'Ramirez Street, Calapan, Oriental Mindoro, Philippines\', \'michael\', \'09166234834\', \'2024-11-02\', \'2024-11-05\', \'12:00\', \'11:00\', \'347.19\', \'pending\', \'2024-10-28 16:37:26\', \'2024-10-28 16:37:26\')', 0)
 2 SYSTEMPATH\Database\BaseConnection.php(693): CodeIgniter\Database\MySQLi\Connection->execute('INSERT INTO `rental` (`UserID`, `CarID`, `FirstLocation`, `SecondLocation`, `Name`, `Phone`, `StartDate`, `EndDate`, `StartTime`, `EndTime`, `price`, `Status`, `created_at`, `updated_at`) VALUES (\'6\', 1, \'Nacoco Highway, Calapan City, Oriental Mindoro, National High School\', \'Ramirez Street, Calapan, Oriental Mindoro, Philippines\', \'michael\', \'09166234834\', \'2024-11-02\', \'2024-11-05\', \'12:00\', \'11:00\', \'347.19\', \'pending\', \'2024-10-28 16:37:26\', \'2024-10-28 16:37:26\')')
 3 SYSTEMPATH\Database\BaseConnection.php(607): CodeIgniter\Database\BaseConnection->simpleQuery('INSERT INTO `rental` (`UserID`, `CarID`, `FirstLocation`, `SecondLocation`, `Name`, `Phone`, `StartDate`, `EndDate`, `StartTime`, `EndTime`, `price`, `Status`, `created_at`, `updated_at`) VALUES (\'6\', 1, \'Nacoco Highway, Calapan City, Oriental Mindoro, National High School\', \'Ramirez Street, Calapan, Oriental Mindoro, Philippines\', \'michael\', \'09166234834\', \'2024-11-02\', \'2024-11-05\', \'12:00\', \'11:00\', \'347.19\', \'pending\', \'2024-10-28 16:37:26\', \'2024-10-28 16:37:26\')')
 4 SYSTEMPATH\Database\BaseBuilder.php(2307): CodeIgniter\Database\BaseConnection->query('INSERT INTO `rental` (`UserID`, `CarID`, `FirstLocation`, `SecondLocation`, `Name`, `Phone`, `StartDate`, `EndDate`, `StartTime`, `EndTime`, `price`, `Status`, `created_at`, `updated_at`) VALUES (:UserID:, :CarID:, :FirstLocation:, :SecondLocation:, :Name:, :Phone:, :StartDate:, :EndDate:, :StartTime:, :EndTime:, :price:, :Status:, :created_at:, :updated_at:)', [...], false)
 5 SYSTEMPATH\Model.php(327): CodeIgniter\Database\BaseBuilder->insert()
 6 SYSTEMPATH\BaseModel.php(802): CodeIgniter\Model->doInsert([...])
 7 SYSTEMPATH\Model.php(749): CodeIgniter\BaseModel->insert([...], true)
 8 APPPATH\Controllers\Rental.php(88): CodeIgniter\Model->insert([...])
 9 SYSTEMPATH\CodeIgniter.php(943): App\Controllers\Rental->submit()
10 SYSTEMPATH\CodeIgniter.php(503): CodeIgniter\CodeIgniter->runController(Object(App\Controllers\Rental))
11 SYSTEMPATH\CodeIgniter.php(361): CodeIgniter\CodeIgniter->handleRequest(null, Object(Config\Cache), false)
12 FCPATH\index.php(79): CodeIgniter\CodeIgniter->run()
13 SYSTEMPATH\Commands\Server\rewrite.php(47): require_once('C:\\laragon\\www\\Final_Capstone\\public\\index.php')
ERROR - 2024-10-28 17:17:55 --> mysqli_sql_exception: Column 'product_id' cannot be null in C:\laragon\www\Final_Capstone\system\Database\MySQLi\Connection.php:306
Stack trace:
#0 C:\laragon\www\Final_Capstone\system\Database\MySQLi\Connection.php(306): mysqli->query('INSERT INTO `re...', 0)
#1 C:\laragon\www\Final_Capstone\system\Database\BaseConnection.php(693): CodeIgniter\Database\MySQLi\Connection->execute('INSERT INTO `re...')
#2 C:\laragon\www\Final_Capstone\system\Database\BaseConnection.php(607): CodeIgniter\Database\BaseConnection->simpleQuery('INSERT INTO `re...')
#3 C:\laragon\www\Final_Capstone\system\Database\BaseBuilder.php(2307): CodeIgniter\Database\BaseConnection->query('INSERT INTO `re...', Array, false)
#4 C:\laragon\www\Final_Capstone\system\Model.php(327): CodeIgniter\Database\BaseBuilder->insert()
#5 C:\laragon\www\Final_Capstone\system\BaseModel.php(802): CodeIgniter\Model->doInsert(Array)
#6 C:\laragon\www\Final_Capstone\system\Model.php(749): CodeIgniter\BaseModel->insert(Array, true)
#7 C:\laragon\www\Final_Capstone\app\Controllers\Rental.php(91): CodeIgniter\Model->insert(Array)
#8 C:\laragon\www\Final_Capstone\system\CodeIgniter.php(943): App\Controllers\Rental->submit()
#9 C:\laragon\www\Final_Capstone\system\CodeIgniter.php(503): CodeIgniter\CodeIgniter->runController(Object(App\Controllers\Rental))
#10 C:\laragon\www\Final_Capstone\system\CodeIgniter.php(361): CodeIgniter\CodeIgniter->handleRequest(NULL, Object(Config\Cache), false)
#11 C:\laragon\www\Final_Capstone\public\index.php(79): CodeIgniter\CodeIgniter->run()
#12 C:\laragon\www\Final_Capstone\system\Commands\Server\rewrite.php(47): require_once('C:\\laragon\\www\\...')
#13 {main}
CRITICAL - 2024-10-28 17:17:55 --> CodeIgniter\Database\Exceptions\DatabaseException: Column 'product_id' cannot be null
in SYSTEMPATH\Database\BaseConnection.php on line 647.
 1 SYSTEMPATH\Database\BaseBuilder.php(2307): CodeIgniter\Database\BaseConnection->query('INSERT INTO `renting` (`user_id`, `product_id`, `FirstLocation`, `SecondLocation`, `Name`, `Phone`, `StartDate`, `EndDate`, `StartTime`, `EndTime`, `price`, `Status`, `created_at`) VALUES (:user_id:, :product_id:, :FirstLocation:, :SecondLocation:, :Name:, :Phone:, :StartDate:, :EndDate:, :StartTime:, :EndTime:, :price:, :Status:, :created_at:)', [...], false)
 2 SYSTEMPATH\Model.php(327): CodeIgniter\Database\BaseBuilder->insert()
 3 SYSTEMPATH\BaseModel.php(802): CodeIgniter\Model->doInsert([...])
 4 SYSTEMPATH\Model.php(749): CodeIgniter\BaseModel->insert([...], true)
 5 APPPATH\Controllers\Rental.php(91): CodeIgniter\Model->insert([...])
 6 SYSTEMPATH\CodeIgniter.php(943): App\Controllers\Rental->submit()
 7 SYSTEMPATH\CodeIgniter.php(503): CodeIgniter\CodeIgniter->runController(Object(App\Controllers\Rental))
 8 SYSTEMPATH\CodeIgniter.php(361): CodeIgniter\CodeIgniter->handleRequest(null, Object(Config\Cache), false)
 9 FCPATH\index.php(79): CodeIgniter\CodeIgniter->run()
10 SYSTEMPATH\Commands\Server\rewrite.php(47): require_once('C:\\laragon\\www\\Final_Capstone\\public\\index.php')
CRITICAL - 2024-10-28 17:17:55 --> [Caused by] CodeIgniter\Database\Exceptions\DatabaseException: Column 'product_id' cannot be null
in SYSTEMPATH\Database\MySQLi\Connection.php on line 311.
 1 SYSTEMPATH\Database\BaseConnection.php(693): CodeIgniter\Database\MySQLi\Connection->execute('INSERT INTO `renting` (`user_id`, `product_id`, `FirstLocation`, `SecondLocation`, `Name`, `Phone`, `StartDate`, `EndDate`, `StartTime`, `EndTime`, `price`, `Status`, `created_at`) VALUES (\'6\', NULL, \'Nacoco Highway, Calapan City, Oriental Mindoro, National High School\', \'Baruyan, Calapan, Oriental Mindoro, Philippines\', \'Michael John Maliksi\', \'02392350211\', \'2024-11-09\', \'2024-11-30\', \'00:00\', \'09:00\', \'69140.60\', \'pending\', \'2024-10-28 17:17:55\')')
 2 SYSTEMPATH\Database\BaseConnection.php(607): CodeIgniter\Database\BaseConnection->simpleQuery('INSERT INTO `renting` (`user_id`, `product_id`, `FirstLocation`, `SecondLocation`, `Name`, `Phone`, `StartDate`, `EndDate`, `StartTime`, `EndTime`, `price`, `Status`, `created_at`) VALUES (\'6\', NULL, \'Nacoco Highway, Calapan City, Oriental Mindoro, National High School\', \'Baruyan, Calapan, Oriental Mindoro, Philippines\', \'Michael John Maliksi\', \'02392350211\', \'2024-11-09\', \'2024-11-30\', \'00:00\', \'09:00\', \'69140.60\', \'pending\', \'2024-10-28 17:17:55\')')
 3 SYSTEMPATH\Database\BaseBuilder.php(2307): CodeIgniter\Database\BaseConnection->query('INSERT INTO `renting` (`user_id`, `product_id`, `FirstLocation`, `SecondLocation`, `Name`, `Phone`, `StartDate`, `EndDate`, `StartTime`, `EndTime`, `price`, `Status`, `created_at`) VALUES (:user_id:, :product_id:, :FirstLocation:, :SecondLocation:, :Name:, :Phone:, :StartDate:, :EndDate:, :StartTime:, :EndTime:, :price:, :Status:, :created_at:)', [...], false)
 4 SYSTEMPATH\Model.php(327): CodeIgniter\Database\BaseBuilder->insert()
 5 SYSTEMPATH\BaseModel.php(802): CodeIgniter\Model->doInsert([...])
 6 SYSTEMPATH\Model.php(749): CodeIgniter\BaseModel->insert([...], true)
 7 APPPATH\Controllers\Rental.php(91): CodeIgniter\Model->insert([...])
 8 SYSTEMPATH\CodeIgniter.php(943): App\Controllers\Rental->submit()
 9 SYSTEMPATH\CodeIgniter.php(503): CodeIgniter\CodeIgniter->runController(Object(App\Controllers\Rental))
10 SYSTEMPATH\CodeIgniter.php(361): CodeIgniter\CodeIgniter->handleRequest(null, Object(Config\Cache), false)
11 FCPATH\index.php(79): CodeIgniter\CodeIgniter->run()
12 SYSTEMPATH\Commands\Server\rewrite.php(47): require_once('C:\\laragon\\www\\Final_Capstone\\public\\index.php')
CRITICAL - 2024-10-28 17:17:55 --> [Caused by] mysqli_sql_exception: Column 'product_id' cannot be null
in SYSTEMPATH\Database\MySQLi\Connection.php on line 306.
 1 SYSTEMPATH\Database\MySQLi\Connection.php(306): mysqli->query('INSERT INTO `renting` (`user_id`, `product_id`, `FirstLocation`, `SecondLocation`, `Name`, `Phone`, `StartDate`, `EndDate`, `StartTime`, `EndTime`, `price`, `Status`, `created_at`) VALUES (\'6\', NULL, \'Nacoco Highway, Calapan City, Oriental Mindoro, National High School\', \'Baruyan, Calapan, Oriental Mindoro, Philippines\', \'Michael John Maliksi\', \'02392350211\', \'2024-11-09\', \'2024-11-30\', \'00:00\', \'09:00\', \'69140.60\', \'pending\', \'2024-10-28 17:17:55\')', 0)
 2 SYSTEMPATH\Database\BaseConnection.php(693): CodeIgniter\Database\MySQLi\Connection->execute('INSERT INTO `renting` (`user_id`, `product_id`, `FirstLocation`, `SecondLocation`, `Name`, `Phone`, `StartDate`, `EndDate`, `StartTime`, `EndTime`, `price`, `Status`, `created_at`) VALUES (\'6\', NULL, \'Nacoco Highway, Calapan City, Oriental Mindoro, National High School\', \'Baruyan, Calapan, Oriental Mindoro, Philippines\', \'Michael John Maliksi\', \'02392350211\', \'2024-11-09\', \'2024-11-30\', \'00:00\', \'09:00\', \'69140.60\', \'pending\', \'2024-10-28 17:17:55\')')
 3 SYSTEMPATH\Database\BaseConnection.php(607): CodeIgniter\Database\BaseConnection->simpleQuery('INSERT INTO `renting` (`user_id`, `product_id`, `FirstLocation`, `SecondLocation`, `Name`, `Phone`, `StartDate`, `EndDate`, `StartTime`, `EndTime`, `price`, `Status`, `created_at`) VALUES (\'6\', NULL, \'Nacoco Highway, Calapan City, Oriental Mindoro, National High School\', \'Baruyan, Calapan, Oriental Mindoro, Philippines\', \'Michael John Maliksi\', \'02392350211\', \'2024-11-09\', \'2024-11-30\', \'00:00\', \'09:00\', \'69140.60\', \'pending\', \'2024-10-28 17:17:55\')')
 4 SYSTEMPATH\Database\BaseBuilder.php(2307): CodeIgniter\Database\BaseConnection->query('INSERT INTO `renting` (`user_id`, `product_id`, `FirstLocation`, `SecondLocation`, `Name`, `Phone`, `StartDate`, `EndDate`, `StartTime`, `EndTime`, `price`, `Status`, `created_at`) VALUES (:user_id:, :product_id:, :FirstLocation:, :SecondLocation:, :Name:, :Phone:, :StartDate:, :EndDate:, :StartTime:, :EndTime:, :price:, :Status:, :created_at:)', [...], false)
 5 SYSTEMPATH\Model.php(327): CodeIgniter\Database\BaseBuilder->insert()
 6 SYSTEMPATH\BaseModel.php(802): CodeIgniter\Model->doInsert([...])
 7 SYSTEMPATH\Model.php(749): CodeIgniter\BaseModel->insert([...], true)
 8 APPPATH\Controllers\Rental.php(91): CodeIgniter\Model->insert([...])
 9 SYSTEMPATH\CodeIgniter.php(943): App\Controllers\Rental->submit()
10 SYSTEMPATH\CodeIgniter.php(503): CodeIgniter\CodeIgniter->runController(Object(App\Controllers\Rental))
11 SYSTEMPATH\CodeIgniter.php(361): CodeIgniter\CodeIgniter->handleRequest(null, Object(Config\Cache), false)
12 FCPATH\index.php(79): CodeIgniter\CodeIgniter->run()
13 SYSTEMPATH\Commands\Server\rewrite.php(47): require_once('C:\\laragon\\www\\Final_Capstone\\public\\index.php')
ERROR - 2024-10-28 17:18:36 --> mysqli_sql_exception: Column 'product_id' cannot be null in C:\laragon\www\Final_Capstone\system\Database\MySQLi\Connection.php:306
Stack trace:
#0 C:\laragon\www\Final_Capstone\system\Database\MySQLi\Connection.php(306): mysqli->query('INSERT INTO `re...', 0)
#1 C:\laragon\www\Final_Capstone\system\Database\BaseConnection.php(693): CodeIgniter\Database\MySQLi\Connection->execute('INSERT INTO `re...')
#2 C:\laragon\www\Final_Capstone\system\Database\BaseConnection.php(607): CodeIgniter\Database\BaseConnection->simpleQuery('INSERT INTO `re...')
#3 C:\laragon\www\Final_Capstone\system\Database\BaseBuilder.php(2307): CodeIgniter\Database\BaseConnection->query('INSERT INTO `re...', Array, false)
#4 C:\laragon\www\Final_Capstone\system\Model.php(327): CodeIgniter\Database\BaseBuilder->insert()
#5 C:\laragon\www\Final_Capstone\system\BaseModel.php(802): CodeIgniter\Model->doInsert(Array)
#6 C:\laragon\www\Final_Capstone\system\Model.php(749): CodeIgniter\BaseModel->insert(Array, true)
#7 C:\laragon\www\Final_Capstone\app\Controllers\Rental.php(91): CodeIgniter\Model->insert(Array)
#8 C:\laragon\www\Final_Capstone\system\CodeIgniter.php(943): App\Controllers\Rental->submit()
#9 C:\laragon\www\Final_Capstone\system\CodeIgniter.php(503): CodeIgniter\CodeIgniter->runController(Object(App\Controllers\Rental))
#10 C:\laragon\www\Final_Capstone\system\CodeIgniter.php(361): CodeIgniter\CodeIgniter->handleRequest(NULL, Object(Config\Cache), false)
#11 C:\laragon\www\Final_Capstone\public\index.php(79): CodeIgniter\CodeIgniter->run()
#12 C:\laragon\www\Final_Capstone\system\Commands\Server\rewrite.php(47): require_once('C:\\laragon\\www\\...')
#13 {main}
CRITICAL - 2024-10-28 17:18:36 --> CodeIgniter\Database\Exceptions\DatabaseException: Column 'product_id' cannot be null
in SYSTEMPATH\Database\BaseConnection.php on line 647.
 1 SYSTEMPATH\Database\BaseBuilder.php(2307): CodeIgniter\Database\BaseConnection->query('INSERT INTO `renting` (`user_id`, `product_id`, `FirstLocation`, `SecondLocation`, `Name`, `Phone`, `StartDate`, `EndDate`, `StartTime`, `EndTime`, `price`, `Status`, `created_at`) VALUES (:user_id:, :product_id:, :FirstLocation:, :SecondLocation:, :Name:, :Phone:, :StartDate:, :EndDate:, :StartTime:, :EndTime:, :price:, :Status:, :created_at:)', [...], false)
 2 SYSTEMPATH\Model.php(327): CodeIgniter\Database\BaseBuilder->insert()
 3 SYSTEMPATH\BaseModel.php(802): CodeIgniter\Model->doInsert([...])
 4 SYSTEMPATH\Model.php(749): CodeIgniter\BaseModel->insert([...], true)
 5 APPPATH\Controllers\Rental.php(91): CodeIgniter\Model->insert([...])
 6 SYSTEMPATH\CodeIgniter.php(943): App\Controllers\Rental->submit()
 7 SYSTEMPATH\CodeIgniter.php(503): CodeIgniter\CodeIgniter->runController(Object(App\Controllers\Rental))
 8 SYSTEMPATH\CodeIgniter.php(361): CodeIgniter\CodeIgniter->handleRequest(null, Object(Config\Cache), false)
 9 FCPATH\index.php(79): CodeIgniter\CodeIgniter->run()
10 SYSTEMPATH\Commands\Server\rewrite.php(47): require_once('C:\\laragon\\www\\Final_Capstone\\public\\index.php')
CRITICAL - 2024-10-28 17:18:36 --> [Caused by] CodeIgniter\Database\Exceptions\DatabaseException: Column 'product_id' cannot be null
in SYSTEMPATH\Database\MySQLi\Connection.php on line 311.
 1 SYSTEMPATH\Database\BaseConnection.php(693): CodeIgniter\Database\MySQLi\Connection->execute('INSERT INTO `renting` (`user_id`, `product_id`, `FirstLocation`, `SecondLocation`, `Name`, `Phone`, `StartDate`, `EndDate`, `StartTime`, `EndTime`, `price`, `Status`, `created_at`) VALUES (\'6\', NULL, \'Nacoco Highway, Calapan City, Oriental Mindoro, National High School\', \'J.P. Rizal Street, Calapan, Oriental Mindoro, Philippines\', \'jovan\', \'09166234834\', \'2024-11-01\', \'2024-11-01\', \'12:00\', \'23:00\', \'193.41\', \'pending\', \'2024-10-28 17:18:36\')')
 2 SYSTEMPATH\Database\BaseConnection.php(607): CodeIgniter\Database\BaseConnection->simpleQuery('INSERT INTO `renting` (`user_id`, `product_id`, `FirstLocation`, `SecondLocation`, `Name`, `Phone`, `StartDate`, `EndDate`, `StartTime`, `EndTime`, `price`, `Status`, `created_at`) VALUES (\'6\', NULL, \'Nacoco Highway, Calapan City, Oriental Mindoro, National High School\', \'J.P. Rizal Street, Calapan, Oriental Mindoro, Philippines\', \'jovan\', \'09166234834\', \'2024-11-01\', \'2024-11-01\', \'12:00\', \'23:00\', \'193.41\', \'pending\', \'2024-10-28 17:18:36\')')
 3 SYSTEMPATH\Database\BaseBuilder.php(2307): CodeIgniter\Database\BaseConnection->query('INSERT INTO `renting` (`user_id`, `product_id`, `FirstLocation`, `SecondLocation`, `Name`, `Phone`, `StartDate`, `EndDate`, `StartTime`, `EndTime`, `price`, `Status`, `created_at`) VALUES (:user_id:, :product_id:, :FirstLocation:, :SecondLocation:, :Name:, :Phone:, :StartDate:, :EndDate:, :StartTime:, :EndTime:, :price:, :Status:, :created_at:)', [...], false)
 4 SYSTEMPATH\Model.php(327): CodeIgniter\Database\BaseBuilder->insert()
 5 SYSTEMPATH\BaseModel.php(802): CodeIgniter\Model->doInsert([...])
 6 SYSTEMPATH\Model.php(749): CodeIgniter\BaseModel->insert([...], true)
 7 APPPATH\Controllers\Rental.php(91): CodeIgniter\Model->insert([...])
 8 SYSTEMPATH\CodeIgniter.php(943): App\Controllers\Rental->submit()
 9 SYSTEMPATH\CodeIgniter.php(503): CodeIgniter\CodeIgniter->runController(Object(App\Controllers\Rental))
10 SYSTEMPATH\CodeIgniter.php(361): CodeIgniter\CodeIgniter->handleRequest(null, Object(Config\Cache), false)
11 FCPATH\index.php(79): CodeIgniter\CodeIgniter->run()
12 SYSTEMPATH\Commands\Server\rewrite.php(47): require_once('C:\\laragon\\www\\Final_Capstone\\public\\index.php')
CRITICAL - 2024-10-28 17:18:36 --> [Caused by] mysqli_sql_exception: Column 'product_id' cannot be null
in SYSTEMPATH\Database\MySQLi\Connection.php on line 306.
 1 SYSTEMPATH\Database\MySQLi\Connection.php(306): mysqli->query('INSERT INTO `renting` (`user_id`, `product_id`, `FirstLocation`, `SecondLocation`, `Name`, `Phone`, `StartDate`, `EndDate`, `StartTime`, `EndTime`, `price`, `Status`, `created_at`) VALUES (\'6\', NULL, \'Nacoco Highway, Calapan City, Oriental Mindoro, National High School\', \'J.P. Rizal Street, Calapan, Oriental Mindoro, Philippines\', \'jovan\', \'09166234834\', \'2024-11-01\', \'2024-11-01\', \'12:00\', \'23:00\', \'193.41\', \'pending\', \'2024-10-28 17:18:36\')', 0)
 2 SYSTEMPATH\Database\BaseConnection.php(693): CodeIgniter\Database\MySQLi\Connection->execute('INSERT INTO `renting` (`user_id`, `product_id`, `FirstLocation`, `SecondLocation`, `Name`, `Phone`, `StartDate`, `EndDate`, `StartTime`, `EndTime`, `price`, `Status`, `created_at`) VALUES (\'6\', NULL, \'Nacoco Highway, Calapan City, Oriental Mindoro, National High School\', \'J.P. Rizal Street, Calapan, Oriental Mindoro, Philippines\', \'jovan\', \'09166234834\', \'2024-11-01\', \'2024-11-01\', \'12:00\', \'23:00\', \'193.41\', \'pending\', \'2024-10-28 17:18:36\')')
 3 SYSTEMPATH\Database\BaseConnection.php(607): CodeIgniter\Database\BaseConnection->simpleQuery('INSERT INTO `renting` (`user_id`, `product_id`, `FirstLocation`, `SecondLocation`, `Name`, `Phone`, `StartDate`, `EndDate`, `StartTime`, `EndTime`, `price`, `Status`, `created_at`) VALUES (\'6\', NULL, \'Nacoco Highway, Calapan City, Oriental Mindoro, National High School\', \'J.P. Rizal Street, Calapan, Oriental Mindoro, Philippines\', \'jovan\', \'09166234834\', \'2024-11-01\', \'2024-11-01\', \'12:00\', \'23:00\', \'193.41\', \'pending\', \'2024-10-28 17:18:36\')')
 4 SYSTEMPATH\Database\BaseBuilder.php(2307): CodeIgniter\Database\BaseConnection->query('INSERT INTO `renting` (`user_id`, `product_id`, `FirstLocation`, `SecondLocation`, `Name`, `Phone`, `StartDate`, `EndDate`, `StartTime`, `EndTime`, `price`, `Status`, `created_at`) VALUES (:user_id:, :product_id:, :FirstLocation:, :SecondLocation:, :Name:, :Phone:, :StartDate:, :EndDate:, :StartTime:, :EndTime:, :price:, :Status:, :created_at:)', [...], false)
 5 SYSTEMPATH\Model.php(327): CodeIgniter\Database\BaseBuilder->insert()
 6 SYSTEMPATH\BaseModel.php(802): CodeIgniter\Model->doInsert([...])
 7 SYSTEMPATH\Model.php(749): CodeIgniter\BaseModel->insert([...], true)
 8 APPPATH\Controllers\Rental.php(91): CodeIgniter\Model->insert([...])
 9 SYSTEMPATH\CodeIgniter.php(943): App\Controllers\Rental->submit()
10 SYSTEMPATH\CodeIgniter.php(503): CodeIgniter\CodeIgniter->runController(Object(App\Controllers\Rental))
11 SYSTEMPATH\CodeIgniter.php(361): CodeIgniter\CodeIgniter->handleRequest(null, Object(Config\Cache), false)
12 FCPATH\index.php(79): CodeIgniter\CodeIgniter->run()
13 SYSTEMPATH\Commands\Server\rewrite.php(47): require_once('C:\\laragon\\www\\Final_Capstone\\public\\index.php')
ERROR - 2024-10-28 17:19:11 --> mysqli_sql_exception: Column 'product_id' cannot be null in C:\laragon\www\Final_Capstone\system\Database\MySQLi\Connection.php:306
Stack trace:
#0 C:\laragon\www\Final_Capstone\system\Database\MySQLi\Connection.php(306): mysqli->query('INSERT INTO `re...', 0)
#1 C:\laragon\www\Final_Capstone\system\Database\BaseConnection.php(693): CodeIgniter\Database\MySQLi\Connection->execute('INSERT INTO `re...')
#2 C:\laragon\www\Final_Capstone\system\Database\BaseConnection.php(607): CodeIgniter\Database\BaseConnection->simpleQuery('INSERT INTO `re...')
#3 C:\laragon\www\Final_Capstone\system\Database\BaseBuilder.php(2307): CodeIgniter\Database\BaseConnection->query('INSERT INTO `re...', Array, false)
#4 C:\laragon\www\Final_Capstone\system\Model.php(327): CodeIgniter\Database\BaseBuilder->insert()
#5 C:\laragon\www\Final_Capstone\system\BaseModel.php(802): CodeIgniter\Model->doInsert(Array)
#6 C:\laragon\www\Final_Capstone\system\Model.php(749): CodeIgniter\BaseModel->insert(Array, true)
#7 C:\laragon\www\Final_Capstone\app\Controllers\Rental.php(91): CodeIgniter\Model->insert(Array)
#8 C:\laragon\www\Final_Capstone\system\CodeIgniter.php(943): App\Controllers\Rental->submit()
#9 C:\laragon\www\Final_Capstone\system\CodeIgniter.php(503): CodeIgniter\CodeIgniter->runController(Object(App\Controllers\Rental))
#10 C:\laragon\www\Final_Capstone\system\CodeIgniter.php(361): CodeIgniter\CodeIgniter->handleRequest(NULL, Object(Config\Cache), false)
#11 C:\laragon\www\Final_Capstone\public\index.php(79): CodeIgniter\CodeIgniter->run()
#12 C:\laragon\www\Final_Capstone\system\Commands\Server\rewrite.php(47): require_once('C:\\laragon\\www\\...')
#13 {main}
CRITICAL - 2024-10-28 17:19:11 --> CodeIgniter\Database\Exceptions\DatabaseException: Column 'product_id' cannot be null
in SYSTEMPATH\Database\BaseConnection.php on line 647.
 1 SYSTEMPATH\Database\BaseBuilder.php(2307): CodeIgniter\Database\BaseConnection->query('INSERT INTO `renting` (`user_id`, `product_id`, `FirstLocation`, `SecondLocation`, `Name`, `Phone`, `StartDate`, `EndDate`, `StartTime`, `EndTime`, `price`, `Status`, `created_at`) VALUES (:user_id:, :product_id:, :FirstLocation:, :SecondLocation:, :Name:, :Phone:, :StartDate:, :EndDate:, :StartTime:, :EndTime:, :price:, :Status:, :created_at:)', [...], false)
 2 SYSTEMPATH\Model.php(327): CodeIgniter\Database\BaseBuilder->insert()
 3 SYSTEMPATH\BaseModel.php(802): CodeIgniter\Model->doInsert([...])
 4 SYSTEMPATH\Model.php(749): CodeIgniter\BaseModel->insert([...], true)
 5 APPPATH\Controllers\Rental.php(91): CodeIgniter\Model->insert([...])
 6 SYSTEMPATH\CodeIgniter.php(943): App\Controllers\Rental->submit()
 7 SYSTEMPATH\CodeIgniter.php(503): CodeIgniter\CodeIgniter->runController(Object(App\Controllers\Rental))
 8 SYSTEMPATH\CodeIgniter.php(361): CodeIgniter\CodeIgniter->handleRequest(null, Object(Config\Cache), false)
 9 FCPATH\index.php(79): CodeIgniter\CodeIgniter->run()
10 SYSTEMPATH\Commands\Server\rewrite.php(47): require_once('C:\\laragon\\www\\Final_Capstone\\public\\index.php')
CRITICAL - 2024-10-28 17:19:11 --> [Caused by] CodeIgniter\Database\Exceptions\DatabaseException: Column 'product_id' cannot be null
in SYSTEMPATH\Database\MySQLi\Connection.php on line 311.
 1 SYSTEMPATH\Database\BaseConnection.php(693): CodeIgniter\Database\MySQLi\Connection->execute('INSERT INTO `renting` (`user_id`, `product_id`, `FirstLocation`, `SecondLocation`, `Name`, `Phone`, `StartDate`, `EndDate`, `StartTime`, `EndTime`, `price`, `Status`, `created_at`) VALUES (\'6\', NULL, \'Nacoco Highway, Calapan City, Oriental Mindoro, National High School\', \'J.P. Rizal Street, Calapan, Oriental Mindoro, Philippines\', \'jovan\', \'09166234834\', \'2024-11-01\', \'2024-11-01\', \'12:00\', \'23:00\', \'193.41\', \'pending\', \'2024-10-28 17:19:11\')')
 2 SYSTEMPATH\Database\BaseConnection.php(607): CodeIgniter\Database\BaseConnection->simpleQuery('INSERT INTO `renting` (`user_id`, `product_id`, `FirstLocation`, `SecondLocation`, `Name`, `Phone`, `StartDate`, `EndDate`, `StartTime`, `EndTime`, `price`, `Status`, `created_at`) VALUES (\'6\', NULL, \'Nacoco Highway, Calapan City, Oriental Mindoro, National High School\', \'J.P. Rizal Street, Calapan, Oriental Mindoro, Philippines\', \'jovan\', \'09166234834\', \'2024-11-01\', \'2024-11-01\', \'12:00\', \'23:00\', \'193.41\', \'pending\', \'2024-10-28 17:19:11\')')
 3 SYSTEMPATH\Database\BaseBuilder.php(2307): CodeIgniter\Database\BaseConnection->query('INSERT INTO `renting` (`user_id`, `product_id`, `FirstLocation`, `SecondLocation`, `Name`, `Phone`, `StartDate`, `EndDate`, `StartTime`, `EndTime`, `price`, `Status`, `created_at`) VALUES (:user_id:, :product_id:, :FirstLocation:, :SecondLocation:, :Name:, :Phone:, :StartDate:, :EndDate:, :StartTime:, :EndTime:, :price:, :Status:, :created_at:)', [...], false)
 4 SYSTEMPATH\Model.php(327): CodeIgniter\Database\BaseBuilder->insert()
 5 SYSTEMPATH\BaseModel.php(802): CodeIgniter\Model->doInsert([...])
 6 SYSTEMPATH\Model.php(749): CodeIgniter\BaseModel->insert([...], true)
 7 APPPATH\Controllers\Rental.php(91): CodeIgniter\Model->insert([...])
 8 SYSTEMPATH\CodeIgniter.php(943): App\Controllers\Rental->submit()
 9 SYSTEMPATH\CodeIgniter.php(503): CodeIgniter\CodeIgniter->runController(Object(App\Controllers\Rental))
10 SYSTEMPATH\CodeIgniter.php(361): CodeIgniter\CodeIgniter->handleRequest(null, Object(Config\Cache), false)
11 FCPATH\index.php(79): CodeIgniter\CodeIgniter->run()
12 SYSTEMPATH\Commands\Server\rewrite.php(47): require_once('C:\\laragon\\www\\Final_Capstone\\public\\index.php')
CRITICAL - 2024-10-28 17:19:11 --> [Caused by] mysqli_sql_exception: Column 'product_id' cannot be null
in SYSTEMPATH\Database\MySQLi\Connection.php on line 306.
 1 SYSTEMPATH\Database\MySQLi\Connection.php(306): mysqli->query('INSERT INTO `renting` (`user_id`, `product_id`, `FirstLocation`, `SecondLocation`, `Name`, `Phone`, `StartDate`, `EndDate`, `StartTime`, `EndTime`, `price`, `Status`, `created_at`) VALUES (\'6\', NULL, \'Nacoco Highway, Calapan City, Oriental Mindoro, National High School\', \'J.P. Rizal Street, Calapan, Oriental Mindoro, Philippines\', \'jovan\', \'09166234834\', \'2024-11-01\', \'2024-11-01\', \'12:00\', \'23:00\', \'193.41\', \'pending\', \'2024-10-28 17:19:11\')', 0)
 2 SYSTEMPATH\Database\BaseConnection.php(693): CodeIgniter\Database\MySQLi\Connection->execute('INSERT INTO `renting` (`user_id`, `product_id`, `FirstLocation`, `SecondLocation`, `Name`, `Phone`, `StartDate`, `EndDate`, `StartTime`, `EndTime`, `price`, `Status`, `created_at`) VALUES (\'6\', NULL, \'Nacoco Highway, Calapan City, Oriental Mindoro, National High School\', \'J.P. Rizal Street, Calapan, Oriental Mindoro, Philippines\', \'jovan\', \'09166234834\', \'2024-11-01\', \'2024-11-01\', \'12:00\', \'23:00\', \'193.41\', \'pending\', \'2024-10-28 17:19:11\')')
 3 SYSTEMPATH\Database\BaseConnection.php(607): CodeIgniter\Database\BaseConnection->simpleQuery('INSERT INTO `renting` (`user_id`, `product_id`, `FirstLocation`, `SecondLocation`, `Name`, `Phone`, `StartDate`, `EndDate`, `StartTime`, `EndTime`, `price`, `Status`, `created_at`) VALUES (\'6\', NULL, \'Nacoco Highway, Calapan City, Oriental Mindoro, National High School\', \'J.P. Rizal Street, Calapan, Oriental Mindoro, Philippines\', \'jovan\', \'09166234834\', \'2024-11-01\', \'2024-11-01\', \'12:00\', \'23:00\', \'193.41\', \'pending\', \'2024-10-28 17:19:11\')')
 4 SYSTEMPATH\Database\BaseBuilder.php(2307): CodeIgniter\Database\BaseConnection->query('INSERT INTO `renting` (`user_id`, `product_id`, `FirstLocation`, `SecondLocation`, `Name`, `Phone`, `StartDate`, `EndDate`, `StartTime`, `EndTime`, `price`, `Status`, `created_at`) VALUES (:user_id:, :product_id:, :FirstLocation:, :SecondLocation:, :Name:, :Phone:, :StartDate:, :EndDate:, :StartTime:, :EndTime:, :price:, :Status:, :created_at:)', [...], false)
 5 SYSTEMPATH\Model.php(327): CodeIgniter\Database\BaseBuilder->insert()
 6 SYSTEMPATH\BaseModel.php(802): CodeIgniter\Model->doInsert([...])
 7 SYSTEMPATH\Model.php(749): CodeIgniter\BaseModel->insert([...], true)
 8 APPPATH\Controllers\Rental.php(91): CodeIgniter\Model->insert([...])
 9 SYSTEMPATH\CodeIgniter.php(943): App\Controllers\Rental->submit()
10 SYSTEMPATH\CodeIgniter.php(503): CodeIgniter\CodeIgniter->runController(Object(App\Controllers\Rental))
11 SYSTEMPATH\CodeIgniter.php(361): CodeIgniter\CodeIgniter->handleRequest(null, Object(Config\Cache), false)
12 FCPATH\index.php(79): CodeIgniter\CodeIgniter->run()
13 SYSTEMPATH\Commands\Server\rewrite.php(47): require_once('C:\\laragon\\www\\Final_Capstone\\public\\index.php')
ERROR - 2024-10-28 17:21:24 --> Validation failed: {"product_id":"The product_id field is required."}
ERROR - 2024-10-28 17:21:42 --> mysqli_sql_exception: Column 'product_id' cannot be null in C:\laragon\www\Final_Capstone\system\Database\MySQLi\Connection.php:306
Stack trace:
#0 C:\laragon\www\Final_Capstone\system\Database\MySQLi\Connection.php(306): mysqli->query('INSERT INTO `re...', 0)
#1 C:\laragon\www\Final_Capstone\system\Database\BaseConnection.php(693): CodeIgniter\Database\MySQLi\Connection->execute('INSERT INTO `re...')
#2 C:\laragon\www\Final_Capstone\system\Database\BaseConnection.php(607): CodeIgniter\Database\BaseConnection->simpleQuery('INSERT INTO `re...')
#3 C:\laragon\www\Final_Capstone\system\Database\BaseBuilder.php(2307): CodeIgniter\Database\BaseConnection->query('INSERT INTO `re...', Array, false)
#4 C:\laragon\www\Final_Capstone\system\Model.php(327): CodeIgniter\Database\BaseBuilder->insert()
#5 C:\laragon\www\Final_Capstone\system\BaseModel.php(802): CodeIgniter\Model->doInsert(Array)
#6 C:\laragon\www\Final_Capstone\system\Model.php(749): CodeIgniter\BaseModel->insert(Array, true)
#7 C:\laragon\www\Final_Capstone\app\Controllers\Rental.php(95): CodeIgniter\Model->insert(Array)
#8 C:\laragon\www\Final_Capstone\system\CodeIgniter.php(943): App\Controllers\Rental->submit()
#9 C:\laragon\www\Final_Capstone\system\CodeIgniter.php(503): CodeIgniter\CodeIgniter->runController(Object(App\Controllers\Rental))
#10 C:\laragon\www\Final_Capstone\system\CodeIgniter.php(361): CodeIgniter\CodeIgniter->handleRequest(NULL, Object(Config\Cache), false)
#11 C:\laragon\www\Final_Capstone\public\index.php(79): CodeIgniter\CodeIgniter->run()
#12 C:\laragon\www\Final_Capstone\system\Commands\Server\rewrite.php(47): require_once('C:\\laragon\\www\\...')
#13 {main}
CRITICAL - 2024-10-28 17:21:42 --> CodeIgniter\Database\Exceptions\DatabaseException: Column 'product_id' cannot be null
in SYSTEMPATH\Database\BaseConnection.php on line 647.
 1 SYSTEMPATH\Database\BaseBuilder.php(2307): CodeIgniter\Database\BaseConnection->query('INSERT INTO `renting` (`user_id`, `product_id`, `FirstLocation`, `SecondLocation`, `Name`, `Phone`, `StartDate`, `EndDate`, `StartTime`, `EndTime`, `price`, `Status`, `created_at`) VALUES (:user_id:, :product_id:, :FirstLocation:, :SecondLocation:, :Name:, :Phone:, :StartDate:, :EndDate:, :StartTime:, :EndTime:, :price:, :Status:, :created_at:)', [...], false)
 2 SYSTEMPATH\Model.php(327): CodeIgniter\Database\BaseBuilder->insert()
 3 SYSTEMPATH\BaseModel.php(802): CodeIgniter\Model->doInsert([...])
 4 SYSTEMPATH\Model.php(749): CodeIgniter\BaseModel->insert([...], true)
 5 APPPATH\Controllers\Rental.php(95): CodeIgniter\Model->insert([...])
 6 SYSTEMPATH\CodeIgniter.php(943): App\Controllers\Rental->submit()
 7 SYSTEMPATH\CodeIgniter.php(503): CodeIgniter\CodeIgniter->runController(Object(App\Controllers\Rental))
 8 SYSTEMPATH\CodeIgniter.php(361): CodeIgniter\CodeIgniter->handleRequest(null, Object(Config\Cache), false)
 9 FCPATH\index.php(79): CodeIgniter\CodeIgniter->run()
10 SYSTEMPATH\Commands\Server\rewrite.php(47): require_once('C:\\laragon\\www\\Final_Capstone\\public\\index.php')
CRITICAL - 2024-10-28 17:21:42 --> [Caused by] CodeIgniter\Database\Exceptions\DatabaseException: Column 'product_id' cannot be null
in SYSTEMPATH\Database\MySQLi\Connection.php on line 311.
 1 SYSTEMPATH\Database\BaseConnection.php(693): CodeIgniter\Database\MySQLi\Connection->execute('INSERT INTO `renting` (`user_id`, `product_id`, `FirstLocation`, `SecondLocation`, `Name`, `Phone`, `StartDate`, `EndDate`, `StartTime`, `EndTime`, `price`, `Status`, `created_at`) VALUES (\'6\', NULL, \'Nacoco Highway, Calapan City, Oriental Mindoro, National High School\', \', Calapan, Oriental Mindoro, Philippines\', \'coke\', \'09166234834\', \'2024-11-01\', \'2024-11-02\', \'00:00\', \'23:00\', \'1052.33\', \'pending\', \'2024-10-28 17:21:42\')')
 2 SYSTEMPATH\Database\BaseConnection.php(607): CodeIgniter\Database\BaseConnection->simpleQuery('INSERT INTO `renting` (`user_id`, `product_id`, `FirstLocation`, `SecondLocation`, `Name`, `Phone`, `StartDate`, `EndDate`, `StartTime`, `EndTime`, `price`, `Status`, `created_at`) VALUES (\'6\', NULL, \'Nacoco Highway, Calapan City, Oriental Mindoro, National High School\', \', Calapan, Oriental Mindoro, Philippines\', \'coke\', \'09166234834\', \'2024-11-01\', \'2024-11-02\', \'00:00\', \'23:00\', \'1052.33\', \'pending\', \'2024-10-28 17:21:42\')')
 3 SYSTEMPATH\Database\BaseBuilder.php(2307): CodeIgniter\Database\BaseConnection->query('INSERT INTO `renting` (`user_id`, `product_id`, `FirstLocation`, `SecondLocation`, `Name`, `Phone`, `StartDate`, `EndDate`, `StartTime`, `EndTime`, `price`, `Status`, `created_at`) VALUES (:user_id:, :product_id:, :FirstLocation:, :SecondLocation:, :Name:, :Phone:, :StartDate:, :EndDate:, :StartTime:, :EndTime:, :price:, :Status:, :created_at:)', [...], false)
 4 SYSTEMPATH\Model.php(327): CodeIgniter\Database\BaseBuilder->insert()
 5 SYSTEMPATH\BaseModel.php(802): CodeIgniter\Model->doInsert([...])
 6 SYSTEMPATH\Model.php(749): CodeIgniter\BaseModel->insert([...], true)
 7 APPPATH\Controllers\Rental.php(95): CodeIgniter\Model->insert([...])
 8 SYSTEMPATH\CodeIgniter.php(943): App\Controllers\Rental->submit()
 9 SYSTEMPATH\CodeIgniter.php(503): CodeIgniter\CodeIgniter->runController(Object(App\Controllers\Rental))
10 SYSTEMPATH\CodeIgniter.php(361): CodeIgniter\CodeIgniter->handleRequest(null, Object(Config\Cache), false)
11 FCPATH\index.php(79): CodeIgniter\CodeIgniter->run()
12 SYSTEMPATH\Commands\Server\rewrite.php(47): require_once('C:\\laragon\\www\\Final_Capstone\\public\\index.php')
CRITICAL - 2024-10-28 17:21:42 --> [Caused by] mysqli_sql_exception: Column 'product_id' cannot be null
in SYSTEMPATH\Database\MySQLi\Connection.php on line 306.
 1 SYSTEMPATH\Database\MySQLi\Connection.php(306): mysqli->query('INSERT INTO `renting` (`user_id`, `product_id`, `FirstLocation`, `SecondLocation`, `Name`, `Phone`, `StartDate`, `EndDate`, `StartTime`, `EndTime`, `price`, `Status`, `created_at`) VALUES (\'6\', NULL, \'Nacoco Highway, Calapan City, Oriental Mindoro, National High School\', \', Calapan, Oriental Mindoro, Philippines\', \'coke\', \'09166234834\', \'2024-11-01\', \'2024-11-02\', \'00:00\', \'23:00\', \'1052.33\', \'pending\', \'2024-10-28 17:21:42\')', 0)
 2 SYSTEMPATH\Database\BaseConnection.php(693): CodeIgniter\Database\MySQLi\Connection->execute('INSERT INTO `renting` (`user_id`, `product_id`, `FirstLocation`, `SecondLocation`, `Name`, `Phone`, `StartDate`, `EndDate`, `StartTime`, `EndTime`, `price`, `Status`, `created_at`) VALUES (\'6\', NULL, \'Nacoco Highway, Calapan City, Oriental Mindoro, National High School\', \', Calapan, Oriental Mindoro, Philippines\', \'coke\', \'09166234834\', \'2024-11-01\', \'2024-11-02\', \'00:00\', \'23:00\', \'1052.33\', \'pending\', \'2024-10-28 17:21:42\')')
 3 SYSTEMPATH\Database\BaseConnection.php(607): CodeIgniter\Database\BaseConnection->simpleQuery('INSERT INTO `renting` (`user_id`, `product_id`, `FirstLocation`, `SecondLocation`, `Name`, `Phone`, `StartDate`, `EndDate`, `StartTime`, `EndTime`, `price`, `Status`, `created_at`) VALUES (\'6\', NULL, \'Nacoco Highway, Calapan City, Oriental Mindoro, National High School\', \', Calapan, Oriental Mindoro, Philippines\', \'coke\', \'09166234834\', \'2024-11-01\', \'2024-11-02\', \'00:00\', \'23:00\', \'1052.33\', \'pending\', \'2024-10-28 17:21:42\')')
 4 SYSTEMPATH\Database\BaseBuilder.php(2307): CodeIgniter\Database\BaseConnection->query('INSERT INTO `renting` (`user_id`, `product_id`, `FirstLocation`, `SecondLocation`, `Name`, `Phone`, `StartDate`, `EndDate`, `StartTime`, `EndTime`, `price`, `Status`, `created_at`) VALUES (:user_id:, :product_id:, :FirstLocation:, :SecondLocation:, :Name:, :Phone:, :StartDate:, :EndDate:, :StartTime:, :EndTime:, :price:, :Status:, :created_at:)', [...], false)
 5 SYSTEMPATH\Model.php(327): CodeIgniter\Database\BaseBuilder->insert()
 6 SYSTEMPATH\BaseModel.php(802): CodeIgniter\Model->doInsert([...])
 7 SYSTEMPATH\Model.php(749): CodeIgniter\BaseModel->insert([...], true)
 8 APPPATH\Controllers\Rental.php(95): CodeIgniter\Model->insert([...])
 9 SYSTEMPATH\CodeIgniter.php(943): App\Controllers\Rental->submit()
10 SYSTEMPATH\CodeIgniter.php(503): CodeIgniter\CodeIgniter->runController(Object(App\Controllers\Rental))
11 SYSTEMPATH\CodeIgniter.php(361): CodeIgniter\CodeIgniter->handleRequest(null, Object(Config\Cache), false)
12 FCPATH\index.php(79): CodeIgniter\CodeIgniter->run()
13 SYSTEMPATH\Commands\Server\rewrite.php(47): require_once('C:\\laragon\\www\\Final_Capstone\\public\\index.php')
ERROR - 2024-10-28 17:21:54 --> Rental submission error: Undefined array key "user_id"
ERROR - 2024-10-28 17:22:13 --> Rental submission error: Undefined array key "user_id"
CRITICAL - 2024-10-28 18:54:08 --> ErrorException: Undefined array key "rentals"
in APPPATH\Views\admin\user_management.php on line 251.
 1 APPPATH\Views\admin\user_management.php(251): CodeIgniter\Debug\Exceptions->errorHandler(2, 'Undefined array key "rentals"', 'C:\\laragon\\www\\Final_Capstone\\app\\Views\\admin\\user_management.php', 251)
 2 SYSTEMPATH\View\View.php(228): include('C:\\laragon\\www\\Final_Capstone\\app\\Views\\admin\\user_management.php')
 3 SYSTEMPATH\View\View.php(231): CodeIgniter\View\View->CodeIgniter\View\{closure}()
 4 SYSTEMPATH\Common.php(1178): CodeIgniter\View\View->render('admin/user_management', [], true)
 5 APPPATH\Controllers\Admin.php(31): view('admin/user_management', [...])
 6 SYSTEMPATH\CodeIgniter.php(943): App\Controllers\Admin->index()
 7 SYSTEMPATH\CodeIgniter.php(503): CodeIgniter\CodeIgniter->runController(Object(App\Controllers\Admin))
 8 SYSTEMPATH\CodeIgniter.php(361): CodeIgniter\CodeIgniter->handleRequest(null, Object(Config\Cache), false)
 9 FCPATH\index.php(79): CodeIgniter\CodeIgniter->run()
10 SYSTEMPATH\Commands\Server\rewrite.php(47): require_once('C:\\laragon\\www\\Final_Capstone\\public\\index.php')
CRITICAL - 2024-10-28 18:56:02 --> ErrorException: Undefined array key "rentals"
in APPPATH\Views\admin\user_management.php on line 251.
 1 APPPATH\Views\admin\user_management.php(251): CodeIgniter\Debug\Exceptions->errorHandler(2, 'Undefined array key "rentals"', 'C:\\laragon\\www\\Final_Capstone\\app\\Views\\admin\\user_management.php', 251)
 2 SYSTEMPATH\View\View.php(228): include('C:\\laragon\\www\\Final_Capstone\\app\\Views\\admin\\user_management.php')
 3 SYSTEMPATH\View\View.php(231): CodeIgniter\View\View->CodeIgniter\View\{closure}()
 4 SYSTEMPATH\Common.php(1178): CodeIgniter\View\View->render('admin/user_management', [], true)
 5 APPPATH\Controllers\Admin.php(31): view('admin/user_management', [...])
 6 SYSTEMPATH\CodeIgniter.php(943): App\Controllers\Admin->index()
 7 SYSTEMPATH\CodeIgniter.php(503): CodeIgniter\CodeIgniter->runController(Object(App\Controllers\Admin))
 8 SYSTEMPATH\CodeIgniter.php(361): CodeIgniter\CodeIgniter->handleRequest(null, Object(Config\Cache), false)
 9 FCPATH\index.php(79): CodeIgniter\CodeIgniter->run()
10 SYSTEMPATH\Commands\Server\rewrite.php(47): require_once('C:\\laragon\\www\\Final_Capstone\\public\\index.php')
CRITICAL - 2024-10-28 18:56:04 --> ErrorException: Undefined array key "rentals"
in APPPATH\Views\admin\user_management.php on line 251.
 1 APPPATH\Views\admin\user_management.php(251): CodeIgniter\Debug\Exceptions->errorHandler(2, 'Undefined array key "rentals"', 'C:\\laragon\\www\\Final_Capstone\\app\\Views\\admin\\user_management.php', 251)
 2 SYSTEMPATH\View\View.php(228): include('C:\\laragon\\www\\Final_Capstone\\app\\Views\\admin\\user_management.php')
 3 SYSTEMPATH\View\View.php(231): CodeIgniter\View\View->CodeIgniter\View\{closure}()
 4 SYSTEMPATH\Common.php(1178): CodeIgniter\View\View->render('admin/user_management', [], true)
 5 APPPATH\Controllers\Admin.php(31): view('admin/user_management', [...])
 6 SYSTEMPATH\CodeIgniter.php(943): App\Controllers\Admin->index()
 7 SYSTEMPATH\CodeIgniter.php(503): CodeIgniter\CodeIgniter->runController(Object(App\Controllers\Admin))
 8 SYSTEMPATH\CodeIgniter.php(361): CodeIgniter\CodeIgniter->handleRequest(null, Object(Config\Cache), false)
 9 FCPATH\index.php(79): CodeIgniter\CodeIgniter->run()
10 SYSTEMPATH\Commands\Server\rewrite.php(47): require_once('C:\\laragon\\www\\Final_Capstone\\public\\index.php')
CRITICAL - 2024-10-28 18:56:05 --> ErrorException: Undefined array key "rentals"
in APPPATH\Views\admin\user_management.php on line 251.
 1 APPPATH\Views\admin\user_management.php(251): CodeIgniter\Debug\Exceptions->errorHandler(2, 'Undefined array key "rentals"', 'C:\\laragon\\www\\Final_Capstone\\app\\Views\\admin\\user_management.php', 251)
 2 SYSTEMPATH\View\View.php(228): include('C:\\laragon\\www\\Final_Capstone\\app\\Views\\admin\\user_management.php')
 3 SYSTEMPATH\View\View.php(231): CodeIgniter\View\View->CodeIgniter\View\{closure}()
 4 SYSTEMPATH\Common.php(1178): CodeIgniter\View\View->render('admin/user_management', [], true)
 5 APPPATH\Controllers\Admin.php(31): view('admin/user_management', [...])
 6 SYSTEMPATH\CodeIgniter.php(943): App\Controllers\Admin->index()
 7 SYSTEMPATH\CodeIgniter.php(503): CodeIgniter\CodeIgniter->runController(Object(App\Controllers\Admin))
 8 SYSTEMPATH\CodeIgniter.php(361): CodeIgniter\CodeIgniter->handleRequest(null, Object(Config\Cache), false)
 9 FCPATH\index.php(79): CodeIgniter\CodeIgniter->run()
10 SYSTEMPATH\Commands\Server\rewrite.php(47): require_once('C:\\laragon\\www\\Final_Capstone\\public\\index.php')
CRITICAL - 2024-10-28 18:56:06 --> ErrorException: Undefined array key "rentals"
in APPPATH\Views\admin\user_management.php on line 251.
 1 APPPATH\Views\admin\user_management.php(251): CodeIgniter\Debug\Exceptions->errorHandler(2, 'Undefined array key "rentals"', 'C:\\laragon\\www\\Final_Capstone\\app\\Views\\admin\\user_management.php', 251)
 2 SYSTEMPATH\View\View.php(228): include('C:\\laragon\\www\\Final_Capstone\\app\\Views\\admin\\user_management.php')
 3 SYSTEMPATH\View\View.php(231): CodeIgniter\View\View->CodeIgniter\View\{closure}()
 4 SYSTEMPATH\Common.php(1178): CodeIgniter\View\View->render('admin/user_management', [], true)
 5 APPPATH\Controllers\Admin.php(31): view('admin/user_management', [...])
 6 SYSTEMPATH\CodeIgniter.php(943): App\Controllers\Admin->index()
 7 SYSTEMPATH\CodeIgniter.php(503): CodeIgniter\CodeIgniter->runController(Object(App\Controllers\Admin))
 8 SYSTEMPATH\CodeIgniter.php(361): CodeIgniter\CodeIgniter->handleRequest(null, Object(Config\Cache), false)
 9 FCPATH\index.php(79): CodeIgniter\CodeIgniter->run()
10 SYSTEMPATH\Commands\Server\rewrite.php(47): require_once('C:\\laragon\\www\\Final_Capstone\\public\\index.php')
CRITICAL - 2024-10-28 18:56:07 --> ErrorException: Undefined array key "rentals"
in APPPATH\Views\admin\user_management.php on line 251.
 1 APPPATH\Views\admin\user_management.php(251): CodeIgniter\Debug\Exceptions->errorHandler(2, 'Undefined array key "rentals"', 'C:\\laragon\\www\\Final_Capstone\\app\\Views\\admin\\user_management.php', 251)
 2 SYSTEMPATH\View\View.php(228): include('C:\\laragon\\www\\Final_Capstone\\app\\Views\\admin\\user_management.php')
 3 SYSTEMPATH\View\View.php(231): CodeIgniter\View\View->CodeIgniter\View\{closure}()
 4 SYSTEMPATH\Common.php(1178): CodeIgniter\View\View->render('admin/user_management', [], true)
 5 APPPATH\Controllers\Admin.php(31): view('admin/user_management', [...])
 6 SYSTEMPATH\CodeIgniter.php(943): App\Controllers\Admin->index()
 7 SYSTEMPATH\CodeIgniter.php(503): CodeIgniter\CodeIgniter->runController(Object(App\Controllers\Admin))
 8 SYSTEMPATH\CodeIgniter.php(361): CodeIgniter\CodeIgniter->handleRequest(null, Object(Config\Cache), false)
 9 FCPATH\index.php(79): CodeIgniter\CodeIgniter->run()
10 SYSTEMPATH\Commands\Server\rewrite.php(47): require_once('C:\\laragon\\www\\Final_Capstone\\public\\index.php')
CRITICAL - 2024-10-28 18:56:08 --> ErrorException: Undefined array key "rentals"
in APPPATH\Views\admin\user_management.php on line 251.
 1 APPPATH\Views\admin\user_management.php(251): CodeIgniter\Debug\Exceptions->errorHandler(2, 'Undefined array key "rentals"', 'C:\\laragon\\www\\Final_Capstone\\app\\Views\\admin\\user_management.php', 251)
 2 SYSTEMPATH\View\View.php(228): include('C:\\laragon\\www\\Final_Capstone\\app\\Views\\admin\\user_management.php')
 3 SYSTEMPATH\View\View.php(231): CodeIgniter\View\View->CodeIgniter\View\{closure}()
 4 SYSTEMPATH\Common.php(1178): CodeIgniter\View\View->render('admin/user_management', [], true)
 5 APPPATH\Controllers\Admin.php(31): view('admin/user_management', [...])
 6 SYSTEMPATH\CodeIgniter.php(943): App\Controllers\Admin->index()
 7 SYSTEMPATH\CodeIgniter.php(503): CodeIgniter\CodeIgniter->runController(Object(App\Controllers\Admin))
 8 SYSTEMPATH\CodeIgniter.php(361): CodeIgniter\CodeIgniter->handleRequest(null, Object(Config\Cache), false)
 9 FCPATH\index.php(79): CodeIgniter\CodeIgniter->run()
10 SYSTEMPATH\Commands\Server\rewrite.php(47): require_once('C:\\laragon\\www\\Final_Capstone\\public\\index.php')
CRITICAL - 2024-10-28 18:57:32 --> ParseError: syntax error, unexpected token "endforeach", expecting end of file
in APPPATH\Views\admin\user_management.php on line 351.
 1 SYSTEMPATH\View\View.php(231): CodeIgniter\View\View->CodeIgniter\View\{closure}()
 2 SYSTEMPATH\Common.php(1178): CodeIgniter\View\View->render('admin/user_management', [], true)
 3 APPPATH\Controllers\Admin.php(31): view('admin/user_management', [...])
 4 SYSTEMPATH\CodeIgniter.php(943): App\Controllers\Admin->index()
 5 SYSTEMPATH\CodeIgniter.php(503): CodeIgniter\CodeIgniter->runController(Object(App\Controllers\Admin))
 6 SYSTEMPATH\CodeIgniter.php(361): CodeIgniter\CodeIgniter->handleRequest(null, Object(Config\Cache), false)
 7 FCPATH\index.php(79): CodeIgniter\CodeIgniter->run()
 8 SYSTEMPATH\Commands\Server\rewrite.php(47): require_once('C:\\laragon\\www\\Final_Capstone\\public\\index.php')
