ERROR - 2024-10-14 01:33:39 --> mysqli_sql_exception: Unknown column 'UserID' in 'where clause' in C:\laragon\www\cappppp-main\system\Database\MySQLi\Connection.php:306
Stack trace:
#0 C:\laragon\www\cappppp-main\system\Database\MySQLi\Connection.php(306): mysqli->query('SELECT *\nFROM `...', 0)
#1 C:\laragon\www\cappppp-main\system\Database\BaseConnection.php(693): CodeIgniter\Database\MySQLi\Connection->execute('SELECT *\nFROM `...')
#2 C:\laragon\www\cappppp-main\system\Database\BaseConnection.php(607): CodeIgniter\Database\BaseConnection->simpleQuery('SELECT *\nFROM `...')
#3 C:\laragon\www\cappppp-main\system\Database\BaseBuilder.php(1616): CodeIgniter\Database\BaseConnection->query('SELECT *\nFROM `...', Array, false)
#4 C:\laragon\www\cappppp-main\system\Model.php(243): CodeIgniter\Database\BaseBuilder->get()
#5 C:\laragon\www\cappppp-main\system\BaseModel.php(638): CodeIgniter\Model->doFindAll(0, 0)
#6 C:\laragon\www\cappppp-main\app\Controllers\Rental.php(140): CodeIgniter\BaseModel->findAll()
#7 C:\laragon\www\cappppp-main\system\CodeIgniter.php(943): App\Controllers\Rental->history()
#8 C:\laragon\www\cappppp-main\system\CodeIgniter.php(503): CodeIgniter\CodeIgniter->runController(Object(App\Controllers\Rental))
#9 C:\laragon\www\cappppp-main\system\CodeIgniter.php(361): CodeIgniter\CodeIgniter->handleRequest(NULL, Object(Config\Cache), false)
#10 C:\laragon\www\cappppp-main\public\index.php(79): CodeIgniter\CodeIgniter->run()
#11 C:\laragon\www\cappppp-main\system\Commands\Server\rewrite.php(47): require_once('C:\\laragon\\www\\...')
#12 {main}
CRITICAL - 2024-10-14 01:33:39 --> CodeIgniter\Database\Exceptions\DatabaseException: Unknown column 'UserID' in 'where clause'
in SYSTEMPATH\Database\BaseConnection.php on line 647.
 1 SYSTEMPATH\Database\BaseBuilder.php(1616): CodeIgniter\Database\BaseConnection->query('SELECT *
FROM `renting`
WHERE `UserID` IS NULL', [], false)
 2 SYSTEMPATH\Model.php(243): CodeIgniter\Database\BaseBuilder->get()
 3 SYSTEMPATH\BaseModel.php(638): CodeIgniter\Model->doFindAll(0, 0)
 4 APPPATH\Controllers\Rental.php(140): CodeIgniter\BaseModel->findAll()
 5 SYSTEMPATH\CodeIgniter.php(943): App\Controllers\Rental->history()
 6 SYSTEMPATH\CodeIgniter.php(503): CodeIgniter\CodeIgniter->runController(Object(App\Controllers\Rental))
 7 SYSTEMPATH\CodeIgniter.php(361): CodeIgniter\CodeIgniter->handleRequest(null, Object(Config\Cache), false)
 8 FCPATH\index.php(79): CodeIgniter\CodeIgniter->run()
 9 SYSTEMPATH\Commands\Server\rewrite.php(47): require_once('C:\\laragon\\www\\cappppp-main\\public\\index.php')
CRITICAL - 2024-10-14 01:33:39 --> [Caused by] CodeIgniter\Database\Exceptions\DatabaseException: Unknown column 'UserID' in 'where clause'
in SYSTEMPATH\Database\MySQLi\Connection.php on line 311.
 1 SYSTEMPATH\Database\BaseConnection.php(693): CodeIgniter\Database\MySQLi\Connection->execute('SELECT *
FROM `renting`
WHERE `UserID` IS NULL')
 2 SYSTEMPATH\Database\BaseConnection.php(607): CodeIgniter\Database\BaseConnection->simpleQuery('SELECT *
FROM `renting`
WHERE `UserID` IS NULL')
 3 SYSTEMPATH\Database\BaseBuilder.php(1616): CodeIgniter\Database\BaseConnection->query('SELECT *
FROM `renting`
WHERE `UserID` IS NULL', [], false)
 4 SYSTEMPATH\Model.php(243): CodeIgniter\Database\BaseBuilder->get()
 5 SYSTEMPATH\BaseModel.php(638): CodeIgniter\Model->doFindAll(0, 0)
 6 APPPATH\Controllers\Rental.php(140): CodeIgniter\BaseModel->findAll()
 7 SYSTEMPATH\CodeIgniter.php(943): App\Controllers\Rental->history()
 8 SYSTEMPATH\CodeIgniter.php(503): CodeIgniter\CodeIgniter->runController(Object(App\Controllers\Rental))
 9 SYSTEMPATH\CodeIgniter.php(361): CodeIgniter\CodeIgniter->handleRequest(null, Object(Config\Cache), false)
10 FCPATH\index.php(79): CodeIgniter\CodeIgniter->run()
11 SYSTEMPATH\Commands\Server\rewrite.php(47): require_once('C:\\laragon\\www\\cappppp-main\\public\\index.php')
CRITICAL - 2024-10-14 01:33:39 --> [Caused by] mysqli_sql_exception: Unknown column 'UserID' in 'where clause'
in SYSTEMPATH\Database\MySQLi\Connection.php on line 306.
 1 SYSTEMPATH\Database\MySQLi\Connection.php(306): mysqli->query('SELECT *
FROM `renting`
WHERE `UserID` IS NULL', 0)
 2 SYSTEMPATH\Database\BaseConnection.php(693): CodeIgniter\Database\MySQLi\Connection->execute('SELECT *
FROM `renting`
WHERE `UserID` IS NULL')
 3 SYSTEMPATH\Database\BaseConnection.php(607): CodeIgniter\Database\BaseConnection->simpleQuery('SELECT *
FROM `renting`
WHERE `UserID` IS NULL')
 4 SYSTEMPATH\Database\BaseBuilder.php(1616): CodeIgniter\Database\BaseConnection->query('SELECT *
FROM `renting`
WHERE `UserID` IS NULL', [], false)
 5 SYSTEMPATH\Model.php(243): CodeIgniter\Database\BaseBuilder->get()
 6 SYSTEMPATH\BaseModel.php(638): CodeIgniter\Model->doFindAll(0, 0)
 7 APPPATH\Controllers\Rental.php(140): CodeIgniter\BaseModel->findAll()
 8 SYSTEMPATH\CodeIgniter.php(943): App\Controllers\Rental->history()
 9 SYSTEMPATH\CodeIgniter.php(503): CodeIgniter\CodeIgniter->runController(Object(App\Controllers\Rental))
10 SYSTEMPATH\CodeIgniter.php(361): CodeIgniter\CodeIgniter->handleRequest(null, Object(Config\Cache), false)
11 FCPATH\index.php(79): CodeIgniter\CodeIgniter->run()
12 SYSTEMPATH\Commands\Server\rewrite.php(47): require_once('C:\\laragon\\www\\cappppp-main\\public\\index.php')
CRITICAL - 2024-10-14 01:35:59 --> ErrorException: Undefined variable $userId
in APPPATH\Controllers\Rental.php on line 138.
 1 APPPATH\Controllers\Rental.php(138): CodeIgniter\Debug\Exceptions->errorHandler(2, 'Undefined variable $userId', 'C:\\laragon\\www\\cappppp-main\\app\\Controllers\\Rental.php', 138)
 2 SYSTEMPATH\CodeIgniter.php(943): App\Controllers\Rental->history()
 3 SYSTEMPATH\CodeIgniter.php(503): CodeIgniter\CodeIgniter->runController(Object(App\Controllers\Rental))
 4 SYSTEMPATH\CodeIgniter.php(361): CodeIgniter\CodeIgniter->handleRequest(null, Object(Config\Cache), false)
 5 FCPATH\index.php(79): CodeIgniter\CodeIgniter->run()
 6 SYSTEMPATH\Commands\Server\rewrite.php(47): require_once('C:\\laragon\\www\\cappppp-main\\public\\index.php')
CRITICAL - 2024-10-14 01:36:16 --> CodeIgniter\View\Exceptions\ViewException: Invalid file: "user/rental_history.php"
in SYSTEMPATH\Exceptions\FrameworkException.php on line 39.
 1 SYSTEMPATH\View\View.php(216): CodeIgniter\Exceptions\FrameworkException::forInvalidFile('user/rental_history.php')
 2 SYSTEMPATH\Common.php(1178): CodeIgniter\View\View->render('user/rental_history', [], true)
 3 APPPATH\Controllers\Rental.php(144): view('user/rental_history', [...])
 4 SYSTEMPATH\CodeIgniter.php(943): App\Controllers\Rental->history()
 5 SYSTEMPATH\CodeIgniter.php(503): CodeIgniter\CodeIgniter->runController(Object(App\Controllers\Rental))
 6 SYSTEMPATH\CodeIgniter.php(361): CodeIgniter\CodeIgniter->handleRequest(null, Object(Config\Cache), false)
 7 FCPATH\index.php(79): CodeIgniter\CodeIgniter->run()
 8 SYSTEMPATH\Commands\Server\rewrite.php(47): require_once('C:\\laragon\\www\\cappppp-main\\public\\index.php')
CRITICAL - 2024-10-14 01:36:34 --> ErrorException: Undefined array key "CarID"
in APPPATH\Views\rental_history.php on line 24.
 1 APPPATH\Views\rental_history.php(24): CodeIgniter\Debug\Exceptions->errorHandler(2, 'Undefined array key "CarID"', 'C:\\laragon\\www\\cappppp-main\\app\\Views\\rental_history.php', 24)
 2 SYSTEMPATH\View\View.php(228): include('C:\\laragon\\www\\cappppp-main\\app\\Views\\rental_history.php')
 3 SYSTEMPATH\View\View.php(231): CodeIgniter\View\View->CodeIgniter\View\{closure}()
 4 SYSTEMPATH\Common.php(1178): CodeIgniter\View\View->render('rental_history', [], true)
 5 APPPATH\Controllers\Rental.php(144): view('rental_history', [...])
 6 SYSTEMPATH\CodeIgniter.php(943): App\Controllers\Rental->history()
 7 SYSTEMPATH\CodeIgniter.php(503): CodeIgniter\CodeIgniter->runController(Object(App\Controllers\Rental))
 8 SYSTEMPATH\CodeIgniter.php(361): CodeIgniter\CodeIgniter->handleRequest(null, Object(Config\Cache), false)
 9 FCPATH\index.php(79): CodeIgniter\CodeIgniter->run()
10 SYSTEMPATH\Commands\Server\rewrite.php(47): require_once('C:\\laragon\\www\\cappppp-main\\public\\index.php')
CRITICAL - 2024-10-14 01:37:14 --> TypeError: number_format(): Argument #1 ($num) must be of type float, string given
in APPPATH\Views\rental_history.php on line 28.
 1 APPPATH\Views\rental_history.php(28): number_format('', 2)
 2 SYSTEMPATH\View\View.php(228): include('C:\\laragon\\www\\cappppp-main\\app\\Views\\rental_history.php')
 3 SYSTEMPATH\View\View.php(231): CodeIgniter\View\View->CodeIgniter\View\{closure}()
 4 SYSTEMPATH\Common.php(1178): CodeIgniter\View\View->render('rental_history', [], true)
 5 APPPATH\Controllers\Rental.php(144): view('rental_history', [...])
 6 SYSTEMPATH\CodeIgniter.php(943): App\Controllers\Rental->history()
 7 SYSTEMPATH\CodeIgniter.php(503): CodeIgniter\CodeIgniter->runController(Object(App\Controllers\Rental))
 8 SYSTEMPATH\CodeIgniter.php(361): CodeIgniter\CodeIgniter->handleRequest(null, Object(Config\Cache), false)
 9 FCPATH\index.php(79): CodeIgniter\CodeIgniter->run()
10 SYSTEMPATH\Commands\Server\rewrite.php(47): require_once('C:\\laragon\\www\\cappppp-main\\public\\index.php')
CRITICAL - 2024-10-14 01:39:01 --> Error: Call to undefined method CodeIgniter\View\View::getStatusColor()
in APPPATH\Views\rental_history.php on line 31.
 1 SYSTEMPATH\View\View.php(228): include()
 2 SYSTEMPATH\View\View.php(231): CodeIgniter\View\View->CodeIgniter\View\{closure}()
 3 SYSTEMPATH\Common.php(1178): CodeIgniter\View\View->render('rental_history', [], true)
 4 APPPATH\Controllers\Rental.php(144): view('rental_history', [...])
 5 SYSTEMPATH\CodeIgniter.php(943): App\Controllers\Rental->history()
 6 SYSTEMPATH\CodeIgniter.php(503): CodeIgniter\CodeIgniter->runController(Object(App\Controllers\Rental))
 7 SYSTEMPATH\CodeIgniter.php(361): CodeIgniter\CodeIgniter->handleRequest(null, Object(Config\Cache), false)
 8 FCPATH\index.php(79): CodeIgniter\CodeIgniter->run()
 9 SYSTEMPATH\Commands\Server\rewrite.php(47): require_once('C:\\laragon\\www\\cappppp-main\\public\\index.php')
CRITICAL - 2024-10-14 01:40:57 --> Error: Call to undefined method App\Controllers\Rental::calculateRentalStatus()
in APPPATH\Controllers\Rental.php on line 141.
 1 SYSTEMPATH\CodeIgniter.php(943): App\Controllers\Rental->history()
 2 SYSTEMPATH\CodeIgniter.php(503): CodeIgniter\CodeIgniter->runController(Object(App\Controllers\Rental))
 3 SYSTEMPATH\CodeIgniter.php(361): CodeIgniter\CodeIgniter->handleRequest(null, Object(Config\Cache), false)
 4 FCPATH\index.php(79): CodeIgniter\CodeIgniter->run()
 5 SYSTEMPATH\Commands\Server\rewrite.php(47): require_once('C:\\laragon\\www\\cappppp-main\\public\\index.php')
CRITICAL - 2024-10-14 01:43:09 --> Error: Call to undefined method CodeIgniter\View\View::getStatusColor()
in APPPATH\Views\rental_history.php on line 31.
 1 SYSTEMPATH\View\View.php(228): include()
 2 SYSTEMPATH\View\View.php(231): CodeIgniter\View\View->CodeIgniter\View\{closure}()
 3 SYSTEMPATH\Common.php(1178): CodeIgniter\View\View->render('rental_history', [], true)
 4 APPPATH\Controllers\Rental.php(145): view('rental_history', [...])
 5 SYSTEMPATH\CodeIgniter.php(943): App\Controllers\Rental->history()
 6 SYSTEMPATH\CodeIgniter.php(503): CodeIgniter\CodeIgniter->runController(Object(App\Controllers\Rental))
 7 SYSTEMPATH\CodeIgniter.php(361): CodeIgniter\CodeIgniter->handleRequest(null, Object(Config\Cache), false)
 8 FCPATH\index.php(79): CodeIgniter\CodeIgniter->run()
 9 SYSTEMPATH\Commands\Server\rewrite.php(47): require_once('C:\\laragon\\www\\cappppp-main\\public\\index.php')
CRITICAL - 2024-10-14 01:43:47 --> CodeIgniter\View\Exceptions\ViewException: Invalid file: "layout/default.php"
in SYSTEMPATH\Exceptions\FrameworkException.php on line 39.
 1 SYSTEMPATH\View\View.php(216): CodeIgniter\Exceptions\FrameworkException::forInvalidFile('layout/default.php')
 2 SYSTEMPATH\View\View.php(244): CodeIgniter\View\View->render('layout/default', [], true)
 3 SYSTEMPATH\Common.php(1178): CodeIgniter\View\View->render('rental_history', [], true)
 4 APPPATH\Controllers\Rental.php(145): view('rental_history', [...])
 5 SYSTEMPATH\CodeIgniter.php(943): App\Controllers\Rental->history()
 6 SYSTEMPATH\CodeIgniter.php(503): CodeIgniter\CodeIgniter->runController(Object(App\Controllers\Rental))
 7 SYSTEMPATH\CodeIgniter.php(361): CodeIgniter\CodeIgniter->handleRequest(null, Object(Config\Cache), false)
 8 FCPATH\index.php(79): CodeIgniter\CodeIgniter->run()
 9 SYSTEMPATH\Commands\Server\rewrite.php(47): require_once('C:\\laragon\\www\\cappppp-main\\public\\index.php')
CRITICAL - 2024-10-14 01:47:16 --> RuntimeException: View themes, no current section.
in SYSTEMPATH\View\View.php on line 425.
 1 APPPATH\Views\rental_history.php(54): CodeIgniter\View\View->endSection()
 2 SYSTEMPATH\View\View.php(228): include('C:\\laragon\\www\\cappppp-main\\app\\Views\\rental_history.php')
 3 SYSTEMPATH\View\View.php(231): CodeIgniter\View\View->CodeIgniter\View\{closure}()
 4 SYSTEMPATH\Common.php(1178): CodeIgniter\View\View->render('rental_history', [], true)
 5 APPPATH\Controllers\Rental.php(145): view('rental_history', [...])
 6 SYSTEMPATH\CodeIgniter.php(943): App\Controllers\Rental->history()
 7 SYSTEMPATH\CodeIgniter.php(503): CodeIgniter\CodeIgniter->runController(Object(App\Controllers\Rental))
 8 SYSTEMPATH\CodeIgniter.php(361): CodeIgniter\CodeIgniter->handleRequest(null, Object(Config\Cache), false)
 9 FCPATH\index.php(79): CodeIgniter\CodeIgniter->run()
10 SYSTEMPATH\Commands\Server\rewrite.php(47): require_once('C:\\laragon\\www\\cappppp-main\\public\\index.php')
CRITICAL - 2024-10-14 01:48:19 --> RuntimeException: View themes, no current section.
in SYSTEMPATH\View\View.php on line 425.
 1 APPPATH\Views\rental_history.php(39): CodeIgniter\View\View->endSection()
 2 SYSTEMPATH\View\View.php(228): include('C:\\laragon\\www\\cappppp-main\\app\\Views\\rental_history.php')
 3 SYSTEMPATH\View\View.php(231): CodeIgniter\View\View->CodeIgniter\View\{closure}()
 4 SYSTEMPATH\Common.php(1178): CodeIgniter\View\View->render('rental_history', [], true)
 5 APPPATH\Controllers\Rental.php(145): view('rental_history', [...])
 6 SYSTEMPATH\CodeIgniter.php(943): App\Controllers\Rental->history()
 7 SYSTEMPATH\CodeIgniter.php(503): CodeIgniter\CodeIgniter->runController(Object(App\Controllers\Rental))
 8 SYSTEMPATH\CodeIgniter.php(361): CodeIgniter\CodeIgniter->handleRequest(null, Object(Config\Cache), false)
 9 FCPATH\index.php(79): CodeIgniter\CodeIgniter->run()
10 SYSTEMPATH\Commands\Server\rewrite.php(47): require_once('C:\\laragon\\www\\cappppp-main\\public\\index.php')
CRITICAL - 2024-10-14 01:56:38 --> TypeError: number_format(): Argument #1 ($num) must be of type float, string given
in APPPATH\Views\rental_history.php on line 78.
 1 APPPATH\Views\rental_history.php(78): number_format('', 2)
 2 SYSTEMPATH\View\View.php(228): include('C:\\laragon\\www\\cappppp-main\\app\\Views\\rental_history.php')
 3 SYSTEMPATH\View\View.php(231): CodeIgniter\View\View->CodeIgniter\View\{closure}()
 4 SYSTEMPATH\Common.php(1178): CodeIgniter\View\View->render('rental_history', [], true)
 5 APPPATH\Controllers\Rental.php(145): view('rental_history', [...])
 6 SYSTEMPATH\CodeIgniter.php(943): App\Controllers\Rental->history()
 7 SYSTEMPATH\CodeIgniter.php(503): CodeIgniter\CodeIgniter->runController(Object(App\Controllers\Rental))
 8 SYSTEMPATH\CodeIgniter.php(361): CodeIgniter\CodeIgniter->handleRequest(null, Object(Config\Cache), false)
 9 FCPATH\index.php(79): CodeIgniter\CodeIgniter->run()
10 SYSTEMPATH\Commands\Server\rewrite.php(47): require_once('C:\\laragon\\www\\cappppp-main\\public\\index.php')
