CRITICAL - 2024-10-01 15:46:44 --> ErrorException: Undefined array key "image"
in APPPATH\Views\user\cars.php on line 221.
 1 APPPATH\Views\user\cars.php(221): CodeIgniter\Debug\Exceptions->errorHandler(2, 'Undefined array key "image"', 'C:\\laragon\\www\\cappppp\\app\\Views\\user\\cars.php', 221)
 2 SYSTEMPATH\View\View.php(228): include('C:\\laragon\\www\\cappppp\\app\\Views\\user\\cars.php')
 3 SYSTEMPATH\View\View.php(231): CodeIgniter\View\View->CodeIgniter\View\{closure}()
 4 SYSTEMPATH\Common.php(1178): CodeIgniter\View\View->render('user/cars', [], true)
 5 APPPATH\Controllers\CarController.php(20): view('user/cars', [...])
 6 SYSTEMPATH\CodeIgniter.php(943): App\Controllers\CarController->index()
 7 SYSTEMPATH\CodeIgniter.php(503): CodeIgniter\CodeIgniter->runController(Object(App\Controllers\CarController))
 8 SYSTEMPATH\CodeIgniter.php(361): CodeIgniter\CodeIgniter->handleRequest(null, Object(Config\Cache), false)
 9 FCPATH\index.php(79): CodeIgniter\CodeIgniter->run()
10 SYSTEMPATH\Commands\Server\rewrite.php(47): require_once('C:\\laragon\\www\\cappppp\\public\\index.php')
CRITICAL - 2024-10-01 15:48:39 --> ErrorException: Undefined array key "image"
in APPPATH\Views\user\cars.php on line 221.
 1 APPPATH\Views\user\cars.php(221): CodeIgniter\Debug\Exceptions->errorHandler(2, 'Undefined array key "image"', 'C:\\laragon\\www\\cappppp\\app\\Views\\user\\cars.php', 221)
 2 SYSTEMPATH\View\View.php(228): include('C:\\laragon\\www\\cappppp\\app\\Views\\user\\cars.php')
 3 SYSTEMPATH\View\View.php(231): CodeIgniter\View\View->CodeIgniter\View\{closure}()
 4 SYSTEMPATH\Common.php(1178): CodeIgniter\View\View->render('user/cars', [], true)
 5 APPPATH\Controllers\CarController.php(20): view('user/cars', [...])
 6 SYSTEMPATH\CodeIgniter.php(943): App\Controllers\CarController->index()
 7 SYSTEMPATH\CodeIgniter.php(503): CodeIgniter\CodeIgniter->runController(Object(App\Controllers\CarController))
 8 SYSTEMPATH\CodeIgniter.php(361): CodeIgniter\CodeIgniter->handleRequest(null, Object(Config\Cache), false)
 9 FCPATH\index.php(79): CodeIgniter\CodeIgniter->run()
10 SYSTEMPATH\Commands\Server\rewrite.php(47): require_once('C:\\laragon\\www\\cappppp\\public\\index.php')
CRITICAL - 2024-10-01 16:14:08 --> ErrorException: Undefined array key "is_fully_paid"
in APPPATH\Views\admin\payment_management.php on line 238.
 1 APPPATH\Views\admin\payment_management.php(238): CodeIgniter\Debug\Exceptions->errorHandler(2, 'Undefined array key "is_fully_paid"', 'C:\\laragon\\www\\cappppp\\app\\Views\\admin\\payment_management.php', 238)
 2 SYSTEMPATH\View\View.php(228): include('C:\\laragon\\www\\cappppp\\app\\Views\\admin\\payment_management.php')
 3 SYSTEMPATH\View\View.php(231): CodeIgniter\View\View->CodeIgniter\View\{closure}()
 4 SYSTEMPATH\Common.php(1178): CodeIgniter\View\View->render('admin/payment_management', [], true)
 5 APPPATH\Controllers\PaymentController.php(32): view('admin/payment_management', [...])
 6 SYSTEMPATH\CodeIgniter.php(943): App\Controllers\PaymentController->checkout()
 7 SYSTEMPATH\CodeIgniter.php(503): CodeIgniter\CodeIgniter->runController(Object(App\Controllers\PaymentController))
 8 SYSTEMPATH\CodeIgniter.php(361): CodeIgniter\CodeIgniter->handleRequest(null, Object(Config\Cache), false)
 9 FCPATH\index.php(79): CodeIgniter\CodeIgniter->run()
10 SYSTEMPATH\Commands\Server\rewrite.php(47): require_once('C:\\laragon\\www\\cappppp\\public\\index.php')
CRITICAL - 2024-10-01 16:14:09 --> ErrorException: Undefined array key "is_fully_paid"
in APPPATH\Views\admin\payment_management.php on line 238.
 1 APPPATH\Views\admin\payment_management.php(238): CodeIgniter\Debug\Exceptions->errorHandler(2, 'Undefined array key "is_fully_paid"', 'C:\\laragon\\www\\cappppp\\app\\Views\\admin\\payment_management.php', 238)
 2 SYSTEMPATH\View\View.php(228): include('C:\\laragon\\www\\cappppp\\app\\Views\\admin\\payment_management.php')
 3 SYSTEMPATH\View\View.php(231): CodeIgniter\View\View->CodeIgniter\View\{closure}()
 4 SYSTEMPATH\Common.php(1178): CodeIgniter\View\View->render('admin/payment_management', [], true)
 5 APPPATH\Controllers\PaymentController.php(32): view('admin/payment_management', [...])
 6 SYSTEMPATH\CodeIgniter.php(943): App\Controllers\PaymentController->checkout()
 7 SYSTEMPATH\CodeIgniter.php(503): CodeIgniter\CodeIgniter->runController(Object(App\Controllers\PaymentController))
 8 SYSTEMPATH\CodeIgniter.php(361): CodeIgniter\CodeIgniter->handleRequest(null, Object(Config\Cache), false)
 9 FCPATH\index.php(79): CodeIgniter\CodeIgniter->run()
10 SYSTEMPATH\Commands\Server\rewrite.php(47): require_once('C:\\laragon\\www\\cappppp\\public\\index.php')
CRITICAL - 2024-10-01 16:14:47 --> ErrorException: Undefined array key "is_fully_paid"
in APPPATH\Views\admin\payment_management.php on line 238.
 1 APPPATH\Views\admin\payment_management.php(238): CodeIgniter\Debug\Exceptions->errorHandler(2, 'Undefined array key "is_fully_paid"', 'C:\\laragon\\www\\cappppp\\app\\Views\\admin\\payment_management.php', 238)
 2 SYSTEMPATH\View\View.php(228): include('C:\\laragon\\www\\cappppp\\app\\Views\\admin\\payment_management.php')
 3 SYSTEMPATH\View\View.php(231): CodeIgniter\View\View->CodeIgniter\View\{closure}()
 4 SYSTEMPATH\Common.php(1178): CodeIgniter\View\View->render('admin/payment_management', [], true)
 5 APPPATH\Controllers\PaymentController.php(32): view('admin/payment_management', [...])
 6 SYSTEMPATH\CodeIgniter.php(943): App\Controllers\PaymentController->checkout()
 7 SYSTEMPATH\CodeIgniter.php(503): CodeIgniter\CodeIgniter->runController(Object(App\Controllers\PaymentController))
 8 SYSTEMPATH\CodeIgniter.php(361): CodeIgniter\CodeIgniter->handleRequest(null, Object(Config\Cache), false)
 9 FCPATH\index.php(79): CodeIgniter\CodeIgniter->run()
10 SYSTEMPATH\Commands\Server\rewrite.php(47): require_once('C:\\laragon\\www\\cappppp\\public\\index.php')
CRITICAL - 2024-10-01 16:15:08 --> ErrorException: Undefined array key "is_fully_paid"
in APPPATH\Views\admin\payment_management.php on line 240.
 1 APPPATH\Views\admin\payment_management.php(240): CodeIgniter\Debug\Exceptions->errorHandler(2, 'Undefined array key "is_fully_paid"', 'C:\\laragon\\www\\cappppp\\app\\Views\\admin\\payment_management.php', 240)
 2 SYSTEMPATH\View\View.php(228): include('C:\\laragon\\www\\cappppp\\app\\Views\\admin\\payment_management.php')
 3 SYSTEMPATH\View\View.php(231): CodeIgniter\View\View->CodeIgniter\View\{closure}()
 4 SYSTEMPATH\Common.php(1178): CodeIgniter\View\View->render('admin/payment_management', [], true)
 5 APPPATH\Controllers\PaymentController.php(32): view('admin/payment_management', [...])
 6 SYSTEMPATH\CodeIgniter.php(943): App\Controllers\PaymentController->checkout()
 7 SYSTEMPATH\CodeIgniter.php(503): CodeIgniter\CodeIgniter->runController(Object(App\Controllers\PaymentController))
 8 SYSTEMPATH\CodeIgniter.php(361): CodeIgniter\CodeIgniter->handleRequest(null, Object(Config\Cache), false)
 9 FCPATH\index.php(79): CodeIgniter\CodeIgniter->run()
10 SYSTEMPATH\Commands\Server\rewrite.php(47): require_once('C:\\laragon\\www\\cappppp\\public\\index.php')
CRITICAL - 2024-10-01 16:36:03 --> ErrorException: Undefined property: App\Controllers\PaymentController::$paymentModel
in APPPATH\Controllers\PaymentController.php on line 63.
 1 APPPATH\Controllers\PaymentController.php(63): CodeIgniter\Debug\Exceptions->errorHandler(2, 'Undefined property: App\\Controllers\\PaymentController::$paymentModel', 'C:\\laragon\\www\\cappppp\\app\\Controllers\\PaymentController.php', 63)
 2 SYSTEMPATH\CodeIgniter.php(943): App\Controllers\PaymentController->update('3')
 3 SYSTEMPATH\CodeIgniter.php(503): CodeIgniter\CodeIgniter->runController(Object(App\Controllers\PaymentController))
 4 SYSTEMPATH\CodeIgniter.php(361): CodeIgniter\CodeIgniter->handleRequest(null, Object(Config\Cache), false)
 5 FCPATH\index.php(79): CodeIgniter\CodeIgniter->run()
 6 SYSTEMPATH\Commands\Server\rewrite.php(47): require_once('C:\\laragon\\www\\cappppp\\public\\index.php')
