CRITICAL - 2024-09-23 13:59:41 --> ErrorException: Undefined array key "hiddenModel"
in APPPATH\Views\user\checkout.php on line 57.
 1 APPPATH\Views\user\checkout.php(57): CodeIgniter\Debug\Exceptions->errorHandler(2, 'Undefined array key "hiddenModel"', 'C:\\laragon\\www\\Backup\\app\\Views\\user\\checkout.php', 57)
 2 SYSTEMPATH\View\View.php(228): include('C:\\laragon\\www\\Backup\\app\\Views\\user\\checkout.php')
 3 SYSTEMPATH\View\View.php(231): CodeIgniter\View\View->CodeIgniter\View\{closure}()
 4 SYSTEMPATH\Common.php(1178): CodeIgniter\View\View->render('user/checkout', [], true)
 5 APPPATH\Controllers\CarController.php(151): view('user/checkout')
 6 SYSTEMPATH\CodeIgniter.php(943): App\Controllers\CarController->checkout()
 7 SYSTEMPATH\CodeIgniter.php(503): CodeIgniter\CodeIgniter->runController(Object(App\Controllers\CarController))
 8 SYSTEMPATH\CodeIgniter.php(361): CodeIgniter\CodeIgniter->handleRequest(null, Object(Config\Cache), false)
 9 FCPATH\index.php(79): CodeIgniter\CodeIgniter->run()
10 SYSTEMPATH\Commands\Server\rewrite.php(47): require_once('C:\\laragon\\www\\Backup\\public\\index.php')
CRITICAL - 2024-09-23 14:35:07 --> ErrorException: ini_set(): Session ini settings cannot be changed when a session is active
in SYSTEMPATH\Session\Handlers\FileHandler.php on line 72.
 1 [internal function]: CodeIgniter\Debug\Exceptions->errorHandler(2, 'ini_set(): Session ini settings cannot be changed when a session is active', 'C:\\laragon\\www\\Backup\\system\\Session\\Handlers\\FileHandler.php', 72)
 2 SYSTEMPATH\Session\Handlers\FileHandler.php(72): ini_set('session.save_path', 'C:\\laragon\\www\\Backup\\writable\\session')
 3 SYSTEMPATH\Config\Services.php(686): CodeIgniter\Session\Handlers\FileHandler->__construct(Object(Config\Session), '::1')
 4 SYSTEMPATH\Config\BaseService.php(258): CodeIgniter\Config\Services::session(Object(Config\Session), false)
 5 SYSTEMPATH\Config\BaseService.php(199): CodeIgniter\Config\BaseService::__callStatic('session', [...])
 6 SYSTEMPATH\Config\Services.php(664): CodeIgniter\Config\BaseService::getSharedInstance('session', null)
 7 SYSTEMPATH\Config\BaseService.php(258): CodeIgniter\Config\Services::session()
 8 SYSTEMPATH\Common.php(982): CodeIgniter\Config\BaseService::__callStatic('session', [])
 9 APPPATH\Views\layout\header.php(45): session()
10 SYSTEMPATH\View\View.php(228): include('C:\\laragon\\www\\Backup\\app\\Views\\layout\\header.php')
11 SYSTEMPATH\View\View.php(231): CodeIgniter\View\View->CodeIgniter\View\{closure}()
12 SYSTEMPATH\View\View.php(469): CodeIgniter\View\View->render('layout/header', null, true)
13 APPPATH\Views\user\checkout.php(8): CodeIgniter\View\View->include('layout/header')
14 SYSTEMPATH\View\View.php(228): include('C:\\laragon\\www\\Backup\\app\\Views\\user\\checkout.php')
15 SYSTEMPATH\View\View.php(231): CodeIgniter\View\View->CodeIgniter\View\{closure}()
16 SYSTEMPATH\Common.php(1178): CodeIgniter\View\View->render('user/checkout', [], true)
17 APPPATH\Controllers\CarController.php(151): view('user/checkout')
18 SYSTEMPATH\CodeIgniter.php(943): App\Controllers\CarController->checkout()
19 SYSTEMPATH\CodeIgniter.php(503): CodeIgniter\CodeIgniter->runController(Object(App\Controllers\CarController))
20 SYSTEMPATH\CodeIgniter.php(361): CodeIgniter\CodeIgniter->handleRequest(null, Object(Config\Cache), false)
21 FCPATH\index.php(79): CodeIgniter\CodeIgniter->run()
22 SYSTEMPATH\Commands\Server\rewrite.php(47): require_once('C:\\laragon\\www\\Backup\\public\\index.php')
CRITICAL - 2024-09-23 14:39:46 --> ErrorException: ini_set(): Session ini settings cannot be changed when a session is active
in SYSTEMPATH\Session\Handlers\FileHandler.php on line 72.
 1 [internal function]: CodeIgniter\Debug\Exceptions->errorHandler(2, 'ini_set(): Session ini settings cannot be changed when a session is active', 'C:\\laragon\\www\\Backup\\system\\Session\\Handlers\\FileHandler.php', 72)
 2 SYSTEMPATH\Session\Handlers\FileHandler.php(72): ini_set('session.save_path', 'C:\\laragon\\www\\Backup\\writable\\session')
 3 SYSTEMPATH\Config\Services.php(686): CodeIgniter\Session\Handlers\FileHandler->__construct(Object(Config\Session), '::1')
 4 SYSTEMPATH\Config\BaseService.php(258): CodeIgniter\Config\Services::session(Object(Config\Session), false)
 5 SYSTEMPATH\Config\BaseService.php(199): CodeIgniter\Config\BaseService::__callStatic('session', [...])
 6 SYSTEMPATH\Config\Services.php(664): CodeIgniter\Config\BaseService::getSharedInstance('session', null)
 7 SYSTEMPATH\Config\BaseService.php(258): CodeIgniter\Config\Services::session()
 8 SYSTEMPATH\Common.php(982): CodeIgniter\Config\BaseService::__callStatic('session', [])
 9 APPPATH\Views\layout\header.php(45): session()
10 SYSTEMPATH\View\View.php(228): include('C:\\laragon\\www\\Backup\\app\\Views\\layout\\header.php')
11 SYSTEMPATH\View\View.php(231): CodeIgniter\View\View->CodeIgniter\View\{closure}()
12 SYSTEMPATH\View\View.php(469): CodeIgniter\View\View->render('layout/header', null, true)
13 APPPATH\Views\user\checkout.php(8): CodeIgniter\View\View->include('layout/header')
14 SYSTEMPATH\View\View.php(228): include('C:\\laragon\\www\\Backup\\app\\Views\\user\\checkout.php')
15 SYSTEMPATH\View\View.php(231): CodeIgniter\View\View->CodeIgniter\View\{closure}()
16 SYSTEMPATH\Common.php(1178): CodeIgniter\View\View->render('user/checkout', [], true)
17 APPPATH\Controllers\CarController.php(151): view('user/checkout')
18 SYSTEMPATH\CodeIgniter.php(943): App\Controllers\CarController->checkout()
19 SYSTEMPATH\CodeIgniter.php(503): CodeIgniter\CodeIgniter->runController(Object(App\Controllers\CarController))
20 SYSTEMPATH\CodeIgniter.php(361): CodeIgniter\CodeIgniter->handleRequest(null, Object(Config\Cache), false)
21 FCPATH\index.php(79): CodeIgniter\CodeIgniter->run()
22 SYSTEMPATH\Commands\Server\rewrite.php(47): require_once('C:\\laragon\\www\\Backup\\public\\index.php')
