CRITICAL - 2024-09-22 16:29:41 --> ErrorException: Undefined variable $MenuCategory
in APPPATH\Views\layouts\sidebar.php on line 7.
 1 APPPATH\Views\layouts\sidebar.php(7): CodeIgniter\Debug\Exceptions->errorHandler(2, 'Undefined variable $MenuCategory', 'C:\\laragon\\www\\Backup\\app\\Views\\layouts\\sidebar.php', 7)
 2 SYSTEMPATH\View\View.php(228): include('C:\\laragon\\www\\Backup\\app\\Views\\layouts\\sidebar.php')
 3 SYSTEMPATH\View\View.php(231): CodeIgniter\View\View->CodeIgniter\View\{closure}()
 4 SYSTEMPATH\View\View.php(469): CodeIgniter\View\View->render('layouts/sidebar', null, true)
 5 APPPATH\Views\layouts\main.php(24): CodeIgniter\View\View->include('layouts/sidebar')
 6 SYSTEMPATH\View\View.php(228): include('C:\\laragon\\www\\Backup\\app\\Views\\layouts\\main.php')
 7 SYSTEMPATH\View\View.php(231): CodeIgniter\View\View->CodeIgniter\View\{closure}()
 8 SYSTEMPATH\View\View.php(244): CodeIgniter\View\View->render('layouts/main', [], true)
 9 SYSTEMPATH\Common.php(1178): CodeIgniter\View\View->render('try', [], true)
10 APPPATH\Controllers\Admin.php(179): view('try')
11 SYSTEMPATH\CodeIgniter.php(943): App\Controllers\Admin->calendar()
12 SYSTEMPATH\CodeIgniter.php(503): CodeIgniter\CodeIgniter->runController(Object(App\Controllers\Admin))
13 SYSTEMPATH\CodeIgniter.php(361): CodeIgniter\CodeIgniter->handleRequest(null, Object(Config\Cache), false)
14 FCPATH\index.php(79): CodeIgniter\CodeIgniter->run()
15 SYSTEMPATH\Commands\Server\rewrite.php(47): require_once('C:\\laragon\\www\\Backup\\public\\index.php')
CRITICAL - 2024-09-22 16:59:20 --> CodeIgniter\View\Exceptions\ViewException: Invalid file: "dashboard/index.php"
in SYSTEMPATH\Exceptions\FrameworkException.php on line 39.
 1 SYSTEMPATH\View\View.php(216): CodeIgniter\Exceptions\FrameworkException::forInvalidFile('dashboard/index.php')
 2 SYSTEMPATH\Common.php(1178): CodeIgniter\View\View->render('dashboard/index', [], true)
 3 APPPATH\Controllers\Admin.php(181): view('dashboard/index', [...])
 4 SYSTEMPATH\CodeIgniter.php(943): App\Controllers\Admin->calendar()
 5 SYSTEMPATH\CodeIgniter.php(503): CodeIgniter\CodeIgniter->runController(Object(App\Controllers\Admin))
 6 SYSTEMPATH\CodeIgniter.php(361): CodeIgniter\CodeIgniter->handleRequest(null, Object(Config\Cache), false)
 7 FCPATH\index.php(79): CodeIgniter\CodeIgniter->run()
 8 SYSTEMPATH\Commands\Server\rewrite.php(47): require_once('C:\\laragon\\www\\Backup\\public\\index.php')
CRITICAL - 2024-09-22 17:00:04 --> ErrorException: Undefined variable $MenuCategory
in APPPATH\Views\layouts\sidebar.php on line 7.
 1 APPPATH\Views\layouts\sidebar.php(7): CodeIgniter\Debug\Exceptions->errorHandler(2, 'Undefined variable $MenuCategory', 'C:\\laragon\\www\\Backup\\app\\Views\\layouts\\sidebar.php', 7)
 2 SYSTEMPATH\View\View.php(228): include('C:\\laragon\\www\\Backup\\app\\Views\\layouts\\sidebar.php')
 3 SYSTEMPATH\View\View.php(231): CodeIgniter\View\View->CodeIgniter\View\{closure}()
 4 SYSTEMPATH\View\View.php(469): CodeIgniter\View\View->render('layouts/sidebar', null, true)
 5 APPPATH\Views\layouts\main.php(24): CodeIgniter\View\View->include('layouts/sidebar')
 6 SYSTEMPATH\View\View.php(228): include('C:\\laragon\\www\\Backup\\app\\Views\\layouts\\main.php')
 7 SYSTEMPATH\View\View.php(231): CodeIgniter\View\View->CodeIgniter\View\{closure}()
 8 SYSTEMPATH\Common.php(1178): CodeIgniter\View\View->render('layouts/main', [], true)
 9 APPPATH\Controllers\Admin.php(181): view('layouts/main', [...])
10 SYSTEMPATH\CodeIgniter.php(943): App\Controllers\Admin->calendar()
11 SYSTEMPATH\CodeIgniter.php(503): CodeIgniter\CodeIgniter->runController(Object(App\Controllers\Admin))
12 SYSTEMPATH\CodeIgniter.php(361): CodeIgniter\CodeIgniter->handleRequest(null, Object(Config\Cache), false)
13 FCPATH\index.php(79): CodeIgniter\CodeIgniter->run()
14 SYSTEMPATH\Commands\Server\rewrite.php(47): require_once('C:\\laragon\\www\\Backup\\public\\index.php')
CRITICAL - 2024-09-22 17:00:34 --> CodeIgniter\View\Exceptions\ViewException: Invalid file: "layouts/sidebar.php"
in SYSTEMPATH\Exceptions\FrameworkException.php on line 39.
 1 SYSTEMPATH\View\View.php(216): CodeIgniter\Exceptions\FrameworkException::forInvalidFile('layouts/sidebar.php')
 2 SYSTEMPATH\View\View.php(469): CodeIgniter\View\View->render('layouts/sidebar', null, true)
 3 APPPATH\Views\layouts\main.php(24): CodeIgniter\View\View->include('layouts/sidebar')
 4 SYSTEMPATH\View\View.php(228): include('C:\\laragon\\www\\Backup\\app\\Views\\layouts\\main.php')
 5 SYSTEMPATH\View\View.php(231): CodeIgniter\View\View->CodeIgniter\View\{closure}()
 6 SYSTEMPATH\Common.php(1178): CodeIgniter\View\View->render('layouts/main', [], true)
 7 APPPATH\Controllers\Admin.php(181): view('layouts/main', [...])
 8 SYSTEMPATH\CodeIgniter.php(943): App\Controllers\Admin->calendar()
 9 SYSTEMPATH\CodeIgniter.php(503): CodeIgniter\CodeIgniter->runController(Object(App\Controllers\Admin))
10 SYSTEMPATH\CodeIgniter.php(361): CodeIgniter\CodeIgniter->handleRequest(null, Object(Config\Cache), false)
11 FCPATH\index.php(79): CodeIgniter\CodeIgniter->run()
12 SYSTEMPATH\Commands\Server\rewrite.php(47): require_once('C:\\laragon\\www\\Backup\\public\\index.php')
CRITICAL - 2024-09-22 21:04:30 --> ErrorException: Undefined variable $users
in APPPATH\Views\layouts\dashboard.php on line 37.
 1 APPPATH\Views\layouts\dashboard.php(37): CodeIgniter\Debug\Exceptions->errorHandler(2, 'Undefined variable $users', 'C:\\laragon\\www\\Backup\\app\\Views\\layouts\\dashboard.php', 37)
 2 SYSTEMPATH\View\View.php(228): include('C:\\laragon\\www\\Backup\\app\\Views\\layouts\\dashboard.php')
 3 SYSTEMPATH\View\View.php(231): CodeIgniter\View\View->CodeIgniter\View\{closure}()
 4 SYSTEMPATH\Common.php(1178): CodeIgniter\View\View->render('layouts/dashboard', [], true)
 5 APPPATH\Controllers\Admin.php(178): view('layouts/dashboard', [...])
 6 SYSTEMPATH\CodeIgniter.php(943): App\Controllers\Admin->design()
 7 SYSTEMPATH\CodeIgniter.php(503): CodeIgniter\CodeIgniter->runController(Object(App\Controllers\Admin))
 8 SYSTEMPATH\CodeIgniter.php(361): CodeIgniter\CodeIgniter->handleRequest(null, Object(Config\Cache), false)
 9 FCPATH\index.php(79): CodeIgniter\CodeIgniter->run()
10 SYSTEMPATH\Commands\Server\rewrite.php(47): require_once('C:\\laragon\\www\\Backup\\public\\index.php')
CRITICAL - 2024-09-22 21:05:26 --> ErrorException: Undefined variable $users
in APPPATH\Views\layouts\dashboard.php on line 37.
 1 APPPATH\Views\layouts\dashboard.php(37): CodeIgniter\Debug\Exceptions->errorHandler(2, 'Undefined variable $users', 'C:\\laragon\\www\\Backup\\app\\Views\\layouts\\dashboard.php', 37)
 2 SYSTEMPATH\View\View.php(228): include('C:\\laragon\\www\\Backup\\app\\Views\\layouts\\dashboard.php')
 3 SYSTEMPATH\View\View.php(231): CodeIgniter\View\View->CodeIgniter\View\{closure}()
 4 SYSTEMPATH\Common.php(1178): CodeIgniter\View\View->render('layouts/dashboard', [], true)
 5 APPPATH\Controllers\Admin.php(178): view('layouts/dashboard', [...])
 6 SYSTEMPATH\CodeIgniter.php(943): App\Controllers\Admin->design()
 7 SYSTEMPATH\CodeIgniter.php(503): CodeIgniter\CodeIgniter->runController(Object(App\Controllers\Admin))
 8 SYSTEMPATH\CodeIgniter.php(361): CodeIgniter\CodeIgniter->handleRequest(null, Object(Config\Cache), false)
 9 FCPATH\index.php(79): CodeIgniter\CodeIgniter->run()
10 SYSTEMPATH\Commands\Server\rewrite.php(47): require_once('C:\\laragon\\www\\Backup\\public\\index.php')
CRITICAL - 2024-09-22 21:15:13 --> ErrorException: Undefined variable $rentals
in APPPATH\Views\layouts\dashboard.php on line 61.
 1 APPPATH\Views\layouts\dashboard.php(61): CodeIgniter\Debug\Exceptions->errorHandler(2, 'Undefined variable $rentals', 'C:\\laragon\\www\\Backup\\app\\Views\\layouts\\dashboard.php', 61)
 2 SYSTEMPATH\View\View.php(228): include('C:\\laragon\\www\\Backup\\app\\Views\\layouts\\dashboard.php')
 3 SYSTEMPATH\View\View.php(231): CodeIgniter\View\View->CodeIgniter\View\{closure}()
 4 SYSTEMPATH\Common.php(1178): CodeIgniter\View\View->render('layouts/dashboard', [], true)
 5 APPPATH\Controllers\Admin.php(180): view('layouts/dashboard', [...])
 6 SYSTEMPATH\CodeIgniter.php(943): App\Controllers\Admin->design()
 7 SYSTEMPATH\CodeIgniter.php(503): CodeIgniter\CodeIgniter->runController(Object(App\Controllers\Admin))
 8 SYSTEMPATH\CodeIgniter.php(361): CodeIgniter\CodeIgniter->handleRequest(null, Object(Config\Cache), false)
 9 FCPATH\index.php(79): CodeIgniter\CodeIgniter->run()
10 SYSTEMPATH\Commands\Server\rewrite.php(47): require_once('C:\\laragon\\www\\Backup\\public\\index.php')
CRITICAL - 2024-09-22 21:15:49 --> ErrorException: Undefined variable $rentals
in APPPATH\Views\layouts\dashboard.php on line 61.
 1 APPPATH\Views\layouts\dashboard.php(61): CodeIgniter\Debug\Exceptions->errorHandler(2, 'Undefined variable $rentals', 'C:\\laragon\\www\\Backup\\app\\Views\\layouts\\dashboard.php', 61)
 2 SYSTEMPATH\View\View.php(228): include('C:\\laragon\\www\\Backup\\app\\Views\\layouts\\dashboard.php')
 3 SYSTEMPATH\View\View.php(231): CodeIgniter\View\View->CodeIgniter\View\{closure}()
 4 SYSTEMPATH\Common.php(1178): CodeIgniter\View\View->render('layouts/dashboard', [], true)
 5 APPPATH\Controllers\Admin.php(180): view('layouts/dashboard', [...])
 6 SYSTEMPATH\CodeIgniter.php(943): App\Controllers\Admin->design()
 7 SYSTEMPATH\CodeIgniter.php(503): CodeIgniter\CodeIgniter->runController(Object(App\Controllers\Admin))
 8 SYSTEMPATH\CodeIgniter.php(361): CodeIgniter\CodeIgniter->handleRequest(null, Object(Config\Cache), false)
 9 FCPATH\index.php(79): CodeIgniter\CodeIgniter->run()
10 SYSTEMPATH\Commands\Server\rewrite.php(47): require_once('C:\\laragon\\www\\Backup\\public\\index.php')
CRITICAL - 2024-09-22 21:18:16 --> ErrorException: Undefined variable $rentals
in APPPATH\Views\layouts\dashboard.php on line 61.
 1 APPPATH\Views\layouts\dashboard.php(61): CodeIgniter\Debug\Exceptions->errorHandler(2, 'Undefined variable $rentals', 'C:\\laragon\\www\\Backup\\app\\Views\\layouts\\dashboard.php', 61)
 2 SYSTEMPATH\View\View.php(228): include('C:\\laragon\\www\\Backup\\app\\Views\\layouts\\dashboard.php')
 3 SYSTEMPATH\View\View.php(231): CodeIgniter\View\View->CodeIgniter\View\{closure}()
 4 SYSTEMPATH\Common.php(1178): CodeIgniter\View\View->render('layouts/dashboard', [], true)
 5 APPPATH\Controllers\Admin.php(180): view('layouts/dashboard', [...])
 6 SYSTEMPATH\CodeIgniter.php(943): App\Controllers\Admin->design()
 7 SYSTEMPATH\CodeIgniter.php(503): CodeIgniter\CodeIgniter->runController(Object(App\Controllers\Admin))
 8 SYSTEMPATH\CodeIgniter.php(361): CodeIgniter\CodeIgniter->handleRequest(null, Object(Config\Cache), false)
 9 FCPATH\index.php(79): CodeIgniter\CodeIgniter->run()
10 SYSTEMPATH\Commands\Server\rewrite.php(47): require_once('C:\\laragon\\www\\Backup\\public\\index.php')
CRITICAL - 2024-09-22 21:19:44 --> ErrorException: Undefined variable $rentals
in APPPATH\Views\layouts\dashboard.php on line 61.
 1 APPPATH\Views\layouts\dashboard.php(61): CodeIgniter\Debug\Exceptions->errorHandler(2, 'Undefined variable $rentals', 'C:\\laragon\\www\\Backup\\app\\Views\\layouts\\dashboard.php', 61)
 2 SYSTEMPATH\View\View.php(228): include('C:\\laragon\\www\\Backup\\app\\Views\\layouts\\dashboard.php')
 3 SYSTEMPATH\View\View.php(231): CodeIgniter\View\View->CodeIgniter\View\{closure}()
 4 SYSTEMPATH\Common.php(1178): CodeIgniter\View\View->render('layouts/dashboard', [], true)
 5 APPPATH\Controllers\Admin.php(180): view('layouts/dashboard', [...])
 6 SYSTEMPATH\CodeIgniter.php(943): App\Controllers\Admin->design()
 7 SYSTEMPATH\CodeIgniter.php(503): CodeIgniter\CodeIgniter->runController(Object(App\Controllers\Admin))
 8 SYSTEMPATH\CodeIgniter.php(361): CodeIgniter\CodeIgniter->handleRequest(null, Object(Config\Cache), false)
 9 FCPATH\index.php(79): CodeIgniter\CodeIgniter->run()
10 SYSTEMPATH\Commands\Server\rewrite.php(47): require_once('C:\\laragon\\www\\Backup\\public\\index.php')
CRITICAL - 2024-09-22 21:20:07 --> ErrorException: Undefined variable $rentals
in APPPATH\Views\layouts\dashboard.php on line 61.
 1 APPPATH\Views\layouts\dashboard.php(61): CodeIgniter\Debug\Exceptions->errorHandler(2, 'Undefined variable $rentals', 'C:\\laragon\\www\\Backup\\app\\Views\\layouts\\dashboard.php', 61)
 2 SYSTEMPATH\View\View.php(228): include('C:\\laragon\\www\\Backup\\app\\Views\\layouts\\dashboard.php')
 3 SYSTEMPATH\View\View.php(231): CodeIgniter\View\View->CodeIgniter\View\{closure}()
 4 SYSTEMPATH\Common.php(1178): CodeIgniter\View\View->render('layouts/dashboard', [], true)
 5 APPPATH\Controllers\Admin.php(180): view('layouts/dashboard', [...])
 6 SYSTEMPATH\CodeIgniter.php(943): App\Controllers\Admin->design()
 7 SYSTEMPATH\CodeIgniter.php(503): CodeIgniter\CodeIgniter->runController(Object(App\Controllers\Admin))
 8 SYSTEMPATH\CodeIgniter.php(361): CodeIgniter\CodeIgniter->handleRequest(null, Object(Config\Cache), false)
 9 FCPATH\index.php(79): CodeIgniter\CodeIgniter->run()
10 SYSTEMPATH\Commands\Server\rewrite.php(47): require_once('C:\\laragon\\www\\Backup\\public\\index.php')
